6.508858685482393050e-25
4.722170418059085171e-17
5.886285025084516934e-16
1.267750561257796548e-15
2.707701128024419735e-15
4.208362602603150996e-15
5.733264325262219348e-15
8.376318626834318394e-15
1.444339970165761412e-14
2.649248148882757820e-14
4.741517993557567824e-14
6.842908266629682928e-14
8.953416351533530095e-14
1.107310618452683129e-13
1.320198342866960030e-13
1.823333488133585019e-13
2.331524494828969276e-13
2.844770369397889230e-13
3.363069676036849634e-13
3.886420703401893273e-13
5.128927869966844698e-13
6.398975001848419498e-13
7.696527089231892502e-13
9.021541951768489393e-13
1.037396972782186882e-12
1.258907320346728791e-12
1.487357859699540266e-12
1.722715921411899948e-12
1.964943751652706914e-12
2.213997897822936214e-12
2.641411876764224808e-12
3.087161921422912618e-12
3.550948767618773388e-12
4.032429473059800733e-12
4.852135775141226496e-12
5.715677184946521851e-12
6.620836664840154518e-12
7.565107479510331556e-12
8.545703395323920706e-12
9.559594468243853532e-12
1.060352579653660664e-11
1.167406850766555513e-11
1.276763774043770793e-11
1.388056594572140846e-11
1.500911606459816131e-11
1.614955962457468769e-11
1.787457813166158687e-11
1.960597512538769208e-11
2.133241114350915557e-11
2.304349150207521324e-11
2.473017166433251523e-11
2.638430608883764804e-11
2.799988620375281422e-11
2.957110580514357666e-11
3.109470730960662940e-11
3.256746122121106785e-11
3.398819509910939034e-11
3.535621028966621459e-11
3.667231332653993037e-11
3.793617989037788167e-11
3.915041610182301527e-11
4.031505686038856523e-11
4.110957193284249776e-11
4.188147532875881807e-11
4.263187229823628684e-11
4.336157518637688861e-11
4.407137573917259063e-11
4.476213531919457491e-11
4.543470717184069266e-11
4.608989628656680094e-11
4.672847467184635673e-11
4.765834026963431122e-11
4.855494119724577834e-11
4.942063742243820010e-11
5.076754437054216019e-11
5.204718510216682959e-11
5.326717522560875413e-11
5.443420655681746082e-11
5.555415709880554835e-11
5.663219633697103179e-11
5.818698373476560167e-11
5.967023569598848699e-11
6.109327398181406804e-11
6.246547369073791622e-11
6.379502296638839937e-11
6.508893381168511844e-11
6.635334855611644947e-11
6.759355047257287555e-11
6.955455804090297229e-11
7.148083815041871084e-11
7.338605825273803469e-11
7.528097794789229353e-11
7.717515028540549079e-11
7.907571631978811079e-11
8.098946770749528640e-11
8.292092459222202744e-11
8.487550683921488747e-11
8.685570271116272675e-11
8.886649180569597534e-11
9.090930871589040226e-11
9.298759627217448955e-11
9.510228046648136975e-11
9.725752266436679446e-11
9.945236550695551789e-11
1.016931555397314517e-10
1.033327695844681229e-10
1.045328500568700408e-10
1.054277432709627592e-10
1.063293810968117528e-10
1.072379786534354789e-10
1.081538876060310170e-10
1.090769335602682407e-10
1.100074156855905728e-10
1.109453983021149054e-10
1.123896168042494959e-10
1.138516159125031245e-10
1.153317538968644154e-10
1.176882451250420734e-10
1.219166775856414101e-10
1.262935310130169410e-10
1.308254819275780028e-10
1.355197471027460978e-10
1.403835309322411514e-10
1.454246121607387708e-10
1.506509613768963904e-10
1.560711080983737503e-10
1.616939090283280544e-10
1.675288172864551771e-10
1.735857023470495767e-10
1.798750958413321695e-10
1.864080143931519494e-10
1.931962459532650000e-10
2.002521082262377316e-10
2.075888655069987348e-10
2.152202864911496343e-10
2.231614160484785723e-10
2.314275540837562432e-10
2.400360667191927745e-10
2.490037884077314979e-10
2.583504436727668483e-10
2.680953575828187533e-10
2.782614254768745531e-10
2.888687390543539693e-10
2.999457573798856774e-10
3.115159570138904172e-10
3.236058084843895653e-10
3.362521159770839004e-10
3.449329258541444969e-10
3.510241955686577891e-10
3.572450080318790702e-10
3.635929656899452555e-10
3.700811028710084731e-10
3.746208397731709086e-10
3.777519908082536209e-10
3.809153210682983338e-10
3.841094807330665252e-10
3.873364355235326592e-10
3.905942737547334171e-10
3.938869146306298184e-10
3.972105323962370273e-10
4.005703156341192945e-10
4.039621169362675635e-10
4.073902466360980408e-10
4.108524817563854931e-10
4.143500752643573019e-10
4.178850606811963746e-10
4.214536667350277930e-10
4.250634501389509284e-10
4.287051985737503015e-10
4.323911672874544143e-10
4.349707747098719187e-10
4.375708709565055118e-10
4.401899720671468683e-10
4.428281655767487397e-10
4.454855801330368915e-10
4.527559601533818163e-10
4.666967217845079823e-10
4.811664478763056042e-10
4.961913035663896459e-10
5.117987823361422781e-10
5.280184214420665569e-10
5.448814202383684324e-10
5.624211639056155721e-10
5.806731448205799460e-10
5.996752842821345392e-10
6.194680316358552765e-10
6.400946431759956338e-10
6.616013747234092021e-10
6.840377707969084284e-10
7.074569305593460740e-10
7.319158367596498891e-10
7.574756977899046443e-10
7.842023369423586319e-10
8.121666251288442972e-10
8.414449488028616879e-10
8.721197593013587562e-10
9.042806422441827344e-10
9.380230963656655417e-10
9.734513137769046377e-10
1.010680281132180173e-09
1.049830788530071603e-09
1.091040872280931655e-09
1.134448998065438206e-09
1.162609128194667593e-09
1.191718649581240104e-09
1.221822631020611170e-09
1.252973547675990327e-09
1.285207779782939728e-09
1.318595093023589801e-09
1.353178635109073167e-09
1.389011539251358304e-09
1.426175429282820390e-09
1.464709915836042752e-09
1.504699603633521392e-09
1.546229208290127244e-09
1.589344561405675433e-09
1.614467230285882693e-09
1.629985466097147585e-09
1.645708240665767601e-09
1.661646993727024561e-09
1.677800057515822346e-09
1.694177606653285081e-09
1.710776652320109608e-09
1.727606420441019584e-09
1.744669662873563068e-09
1.761966213798576470e-09
1.779513210651956896e-09
1.797293334249895635e-09
1.815342003370784442e-09
1.833627765627593797e-09
1.852190549779848528e-09
1.871012670217301006e-09
1.890094713911404721e-09
1.902251745980314843e-09
1.914505151615217740e-09
1.926870215047898940e-09
1.939349374707214185e-09
1.951943965517726933e-09
1.973334121607731398e-09
2.012588494068051577e-09
2.052961033727036526e-09
2.094495475542719776e-09
2.137237703941870112e-09
2.181235842835866188e-09
2.269561499378835575e-09
2.363108954845038175e-09
2.462303629393495361e-09
2.567620635404777427e-09
2.679585076387579688e-09
2.798784234331830459e-09
2.925867968918085192e-09
3.061568994851038809e-09
3.206700025626996812e-09
3.362187064009191485e-09
3.529058333404716364e-09
3.708497665331296593e-09
3.901831023264048444e-09
4.110562594414935980e-09
4.255024638778894107e-09
4.357834133222605947e-09
4.464401052080436927e-09
4.574978554432749448e-09
4.653526103136000681e-09
4.706673365537848798e-09
4.760748096284549885e-09
4.815758162813521261e-09
4.871737533100118181e-09
4.928676696668264730e-09
4.986690514860097900e-09
5.025266560011099872e-09
5.050552868009385164e-09
5.068159919263420952e-09
5.085859364445483364e-09
5.103647923274880515e-09
5.121540938706930305e-09
5.139521988811646715e-09
5.157603381756268446e-09
5.175777108135570713e-09
5.194049281413678515e-09
5.212421915792511021e-09
5.230887326047998020e-09
5.249461230712815123e-09
5.268123441135558738e-09
5.286900030862901934e-09
5.305764988784065372e-09
5.324743653574529375e-09
5.337756154256713199e-09
5.350817121432937722e-09
5.363926499788387994e-09
5.377084731713478980e-09
5.390292341735991219e-09
5.410328058835286179e-09
5.430477261620750646e-09
5.450740762600445961e-09
5.499794031795835219e-09
5.611404629356522167e-09
5.726501914898867632e-09
5.845237473142380224e-09
5.967772788138146908e-09
6.094277276470142447e-09
6.224930999812201709e-09
6.440759637694344933e-09
6.668286176832064805e-09
6.908407246910088000e-09
7.162106253228197904e-09
7.430475400952397921e-09
7.714713362390803644e-09
8.016157927468161277e-09
8.336284057447970354e-09
8.676744112701409620e-09
9.039379932665039204e-09
9.426238131411428675e-09
9.839666158938441954e-09
1.028222557889689523e-08
1.075697208962609733e-08
1.126709209485822263e-08
1.163257201235164609e-08
1.201718450105542978e-08
1.242232090875420136e-08
1.284957524852830376e-08
1.330061789405069378e-08
1.377750569772102538e-08
1.412627341162747243e-08
1.437307599846859765e-08
1.462685438828149683e-08
1.488788154638299743e-08
1.515643823484615881e-08
1.543284632329791478e-08
1.571743102288083430e-08
1.601053918377001055e-08
1.631253309221045700e-08
1.662379746168349233e-08
1.694473978650416479e-08
1.746276324462775349e-08
1.800684850018901744e-08
1.857888503753695678e-08
1.918095338216114189e-08
1.981533061603899428e-08
2.048453720744353281e-08
2.119134353298151374e-08
2.193882590921442264e-08
2.273039660390094381e-08
2.356983580308019484e-08
2.446140883153104407e-08
2.540977888481769002e-08
2.642037333985486477e-08
2.749904010206778095e-08
2.865273666520071577e-08
2.988897727196517967e-08
3.121653027248729292e-08
3.264538426245148000e-08
3.418719875838207922e-08
3.585500951611186417e-08
3.710275370791562283e-08
3.842541925814810005e-08
3.982967086750799080e-08
4.132297188829027391e-08
4.291371327958056277e-08
4.461137961483295326e-08
4.642662996398134395e-08
4.837172583214591935e-08
5.046038812708221371e-08
5.270880845838765278e-08
5.435791248680981402e-08
5.609796915564698641e-08
5.793641515404484629e-08
5.988154857589269273e-08
6.194246648724182881e-08
6.412971928571353604e-08
6.645473220096490866e-08
6.893050313640153445e-08
7.157178599702942091e-08
7.439515185950745685e-08
7.741950315567851287e-08
7.963031000787861598e-08
8.195449282106298841e-08
8.440070860523734924e-08
8.697862301207813043e-08
8.969876889751310018e-08
9.257292606777340972e-08
9.561418281669821937e-08
9.779455829425736117e-08
1.000647193547696280e-07
1.024301687673004640e-07
1.048968651889575024e-07
1.074712674822822024e-07
1.101603902171475902e-07
1.129718609569163303e-07
1.159139901835271233e-07
1.189958475313842300e-07
1.222273507314435480e-07
1.256193652163194384e-07
1.291838195912142857e-07
1.329338371838511568e-07
1.368838881899425466e-07
1.396683639856989875e-07
1.416336942302334660e-07
1.436493401288149779e-07
1.457172066250962463e-07
1.478392971878940330e-07
1.500177114475547369e-07
1.522546649748441653e-07
1.538283836655337506e-07
1.554316829306280545e-07
1.570653823728045250e-07
1.587303334037855917e-07
1.604274153256686646e-07
1.621575443331956320e-07
1.639216683213861812e-07
1.657207728288646718e-07
1.675558797536983664e-07
1.694280531964700404e-07
1.713383964996661675e-07
1.732880579682653365e-07
1.752782301872326924e-07
1.773101566224218070e-07
1.793851279599966215e-07
1.815044898846722151e-07
1.836696430787104621e-07
1.858820487836821473e-07
1.881432266069584704e-07
1.904547638718357736e-07
1.928183146002506928e-07
1.952356062683171303e-07
1.977084412638603162e-07
2.009322588403844253e-07
2.042527797771147863e-07
2.088463081231738587e-07
2.136309951514995692e-07
2.186186983027036317e-07
2.238221799858203725e-07
2.292554179710125520e-07
2.349333965891153164e-07
2.408726999561892980e-07
2.470909962198050341e-07
2.536081562256874690e-07
2.604452547460689182e-07
2.676257992205408857e-07
2.751755105443558593e-07
2.831227007147573809e-07
2.914985403236120419e-07
3.003375248100889894e-07
3.096778392224896152e-07
3.195619217795508558e-07
3.300369933866622358e-07
3.411558127926810341e-07
3.487606446878971759e-07
3.540115366076185998e-07
3.594084417205367520e-07
3.649573209844570281e-07
3.706644561943794793e-07
3.765364669034458185e-07
3.825803486140178565e-07
3.888034792348013526e-07
3.952136614254081585e-07
4.018191482962774216e-07
4.086286623854571034e-07
4.156514542570161865e-07
4.228973119597960031e-07
4.303766207571189054e-07
4.381004065257558675e-07
4.460803993596096902e-07
4.543290359051862186e-07
4.628595629063797841e-07
4.716860950443046735e-07
4.808236645527357869e-07
4.902883335476380542e-07
4.970410463423028406e-07
5.039647093843500439e-07
5.110656308593066793e-07
5.183504114973626999e-07
5.258259718055627307e-07
5.334995810269450923e-07
5.413788682667442451e-07
5.494718425427408287e-07
5.577869263206577556e-07
5.634574311427328231e-07
5.692332892218577699e-07
5.751173305536875243e-07
5.851061384494528833e-07
5.954135864043796642e-07
6.060544163346810697e-07
6.170442724498592614e-07
6.283997676807312537e-07
6.401385469750100764e-07
6.522793659406096410e-07
6.648421756953802392e-07
6.778482175273242679e-07
6.913201251728070058e-07
7.052820371288401738e-07
7.197597190862366038e-07
7.347806984088612254e-07
7.503744114435010266e-07
7.665723655303155930e-07
7.834083169781223910e-07
8.009185590271289979e-07
8.191416494847505114e-07
8.381197485422010651e-07
8.578974514533543116e-07
8.785235597834796954e-07
9.000497659484048551e-07
9.225323511703651077e-07
9.460325335688963234e-07
9.706157913689068537e-07
9.963536890305589763e-07
1.023323035368690180e-06
1.051608274904659315e-06
1.081299892137760969e-06
1.100476171246264611e-06
1.120257093348990058e-06
1.140669875436527779e-06
1.161742996328053678e-06
1.183506352461555601e-06
1.205991660335130704e-06
1.220248537665084524e-06
1.234801430917468731e-06
1.249658915482780632e-06
1.264829816217896365e-06
1.280323270886880100e-06
1.296148757678276363e-06
1.312316098073326234e-06
1.344760324806264077e-06
1.378614078610618485e-06
1.413962001487268669e-06
1.450895136937857418e-06
1.489511506137897505e-06
1.529916472319703895e-06
1.572223539884891832e-06
1.616554935423980239e-06
1.663042548896995794e-06
1.711828596014581076e-06
1.763066764289551898e-06
1.816922958436809997e-06
1.873576763821738038e-06
1.933222388721187862e-06
1.996069871723230944e-06
2.062346736669778869e-06
2.132300309582679535e-06
2.206198638420908967e-06
2.284331833075665929e-06
2.367016030178055088e-06
2.454594955495530142e-06
2.547443239252795497e-06
2.645969255394126673e-06
2.750620280540912546e-06
2.861886428706126448e-06
2.980307549978115782e-06
3.062338087934924136e-06
3.147901216083232986e-06
3.237196627573414038e-06
3.330439256600047468e-06
3.427864258091297425e-06
3.529724995308561813e-06
3.636300226478225904e-06
3.747899261019946259e-06
3.828862438201947264e-06
3.912559867550344230e-06
3.999129852185203585e-06
4.088722687941848280e-06
4.181502520963642641e-06
4.277650086634464232e-06
4.377363320031210348e-06
4.480861486692728109e-06
4.588387861018635457e-06
4.700213198853919463e-06
4.816639785525394610e-06
4.938006344980516999e-06
5.064693512590935234e-06
5.155833996238891999e-06
5.249892729533581319e-06
5.347042302669770273e-06
5.447470791049441702e-06
5.551384071697831734e-06
5.659007152947738442e-06
5.770586354184726571e-06
5.886391941983949441e-06
6.006721975330904651e-06
6.131902953000145393e-06
6.262294525557439686e-06
6.398294243142491040e-06
6.540341433442140753e-06
6.640939084327886586e-06
6.744743109029213722e-06
6.851934051141220248e-06
6.962706244378644529e-06
7.077268857873714472e-06
7.195847364729749448e-06
7.318685068193859114e-06
7.446045017976474489e-06
7.578211684615861730e-06
7.715493767334931244e-06
7.858225602412233053e-06
7.959629464519461735e-06
8.063902809361630887e-06
8.171180748970226104e-06
8.281607196979652783e-06
8.395333950094946912e-06
8.475959534050792960e-06
8.558295293199753712e-06
8.642401544846263980e-06
8.728337307392320941e-06
8.816168580653317705e-06
8.905963829428076815e-06
8.997791744143530764e-06
9.091728940838212023e-06
9.187851774563523738e-06
9.286240997321342788e-06
9.386984860886668801e-06
9.490172405265648968e-06
9.595899223846318196e-06
9.704263326950490973e-06
9.815372236409419042e-06
9.929335145139817892e-06
1.004626984870403404e-05
1.016629615966501458e-05
1.028954784494021571e-05
1.041616537772594491e-05
1.054629061433476879e-05
1.068007658969486022e-05
1.081768961908543040e-05
1.095930175791614974e-05
1.110509735179127532e-05
1.125527289211371330e-05
1.141003533617469831e-05
1.156960748854485416e-05
1.173422494048202239e-05
1.190413907880233816e-05
1.207961956665115951e-05
1.226095466155177566e-05
1.244845217338211642e-05
1.264244254126108808e-05
1.284328032959983361e-05
1.305134652133356366e-05
1.326705108644084191e-05
1.349083561166545468e-05
1.372317695498119132e-05
1.396458967025102171e-05
1.421563202940654017e-05
1.438662678952820733e-05
1.450428881901633967e-05
1.462410608659297530e-05
1.474613713186216462e-05
1.487044924352623274e-05
1.499710614871556562e-05
1.512617864687336715e-05
1.525773529760700845e-05
1.539185150042531706e-05
1.552860680814826210e-05
1.566807727775616454e-05
1.581034996609143831e-05
1.595550910983047755e-05
1.610364918696556227e-05
1.625486100275060650e-05
1.640924491440227419e-05
1.656690541767775955e-05
1.672794934075823786e-05
1.689248602806249597e-05
1.706063440596731326e-05
1.723251691990496898e-05
1.740826266894223727e-05
1.758800483000009311e-05
1.777188444730562564e-05
1.796004731027858986e-05
1.815264701145110097e-05
1.834984619056303053e-05
1.855181360464422001e-05
1.875872670248964619e-05
1.897077244180772469e-05
1.918814675955239003e-05
1.941105500425755837e-05
1.963971548704967609e-05
1.979694059894578876e-05
1.995694547857776403e-05
2.011980621685555891e-05
2.028560056717473639e-05
2.045440888824217121e-05
2.062631525914365569e-05
2.080140687730291663e-05
2.097977346103724959e-05
2.116150870257912085e-05
2.134670992615065403e-05
2.153547977711685552e-05
2.172791956574382334e-05
2.186396599552019830e-05
2.200187986068231341e-05
2.214169850518394770e-05
2.228346165005321716e-05
2.242721129883445142e-05
2.257298979037040935e-05
2.280010674771458203e-05
2.303223784176476217e-05
2.326955205452658416e-05
2.367803422051483527e-05
2.441934131638495326e-05
2.521262556168528236e-05
2.606355236178428992e-05
2.697864829708093706e-05
2.796544343502339511e-05
2.869846508296764698e-05
2.947369343308587874e-05
3.029487005024421721e-05
3.116617473526159195e-05
3.209231004334086500e-05
3.307857314929706999e-05
3.413096120703718245e-05
3.525627172374634351e-05
3.646226104756600744e-05
3.735288352108790603e-05
3.829011829537639131e-05
3.927767028834893760e-05
4.031963167448296176e-05
4.142055592849488207e-05
4.258550160820653613e-05
4.343412921821704337e-05
4.431833308650339132e-05
4.524035614140860083e-05
4.620262690327237221e-05
4.720778440104503017e-05
4.825870064272031905e-05
4.935850296114150298e-05
5.051060514420867813e-05
5.171874024785737099e-05
5.298699941529554113e-05
5.431987435396620902e-05
5.572230497319932235e-05
5.719973823353515353e-05
5.875819375310847593e-05
6.040433918603510017e-05
6.214557849217432488e-05
6.399015528590806302e-05
6.594727341460111044e-05
6.802723863699668312e-05
7.024162583345701849e-05
7.260347746654206185e-05
7.512753983239960803e-05
7.783054600856582613e-05
8.073155621599001103e-05
8.284449593851067161e-05
8.506840256408340628e-05
8.741193705404123426e-05
8.988466578528728906e-05
9.249718415186200505e-05
9.526124812841964761e-05
9.818992849387567516e-05
1.003183808984605833e-04
1.025377289312365763e-04
1.048536966531154107e-04
1.072724920630754923e-04
1.098008440520858460e-04
1.124460706269201114e-04
1.152161406804319874e-04
1.181197410005280799e-04
1.211663674251626404e-04
1.243664163224845380e-04
1.277312760135240082e-04
1.312734592726066279e-04
1.350067557140956730e-04
1.389463830396939377e-04
1.431091675942107954e-04
1.475137523659365553e-04
1.521808621308332185e-04
1.571335929761440728e-04
1.623977490247157838e-04
1.680022411812558971e-04
1.739795607136520456e-04
1.803663395515534603e-04
1.872040158932902971e-04
1.921691991171351702e-04
1.973844471792972734e-04
2.028681993766236463e-04
2.086406666520324949e-04
2.147240809678896054e-04
2.211429482144724535e-04
2.279243372364612313e-04
2.350981961829004280e-04
2.426977622110315929e-04
2.478322272175420039e-04
2.531691059017795618e-04
2.587200170971493151e-04
2.644973524096925588e-04
2.705144099693076532e-04
2.767856253037453474e-04
2.833266360883394757e-04
2.901541988312532610e-04
2.972864500481942540e-04
3.047430797971791244e-04
3.125454463205653145e-04
3.207167315812028681e-04
3.292821518000879849e-04
3.382691902663901369e-04
3.477078448281549668e-04
3.576309051262435441e-04
3.680742778915181463e-04
3.790773433734977290e-04
3.906833876422591257e-04
4.029400804034380455e-04
4.159000090528210190e-04
4.296213264467167031e-04
4.441684151779840537e-04
4.596129058461655235e-04
4.701263430056192060e-04
4.810725209035501978e-04
4.924768379235943804e-04
5.043666055889676602e-04
5.167711965364259847e-04
5.297222241264452078e-04
5.432538131911280937e-04
5.574028349089974344e-04
5.722092080876799635e-04
5.877160972579250839e-04
6.039703869420456851e-04
6.210227287629729734e-04
6.330910987506854857e-04
6.455719358189125449e-04
6.584848097326102606e-04
6.718505962520986792e-04
6.856914660046123855e-04
7.000308073921724652e-04
7.148936859274613968e-04
7.303065921786692843e-04
7.462977973131185638e-04
7.628972418355493184e-04
7.801369134077156334e-04
7.980508788051816384e-04
8.166754269233124537e-04
8.360492689673660162e-04
8.562137097444129635e-04
8.772128860760574059e-04
8.990939336965842474e-04
9.219072839108063445e-04
9.457067892730692529e-04
9.705502506269964068e-04
9.964991774991320116e-04
1.014131821210353338e-03
1.032287261642153044e-03
1.050985915479504861e-03
1.064289105874903626e-03
1.077871680600662628e-03
1.091741355770184385e-03
1.105906100595814697e-03
1.120374048850114211e-03
1.135153739713094670e-03
1.150254067282068665e-03
1.165684084291087512e-03
1.181453047105172904e-03
1.197570635313337760e-03
1.214046952739609303e-03
1.230892228507630493e-03
1.248117136134047371e-03
1.265732667700380544e-03
1.283750051417342991e-03
1.302181112235634326e-03
1.321037910315732032e-03
1.340332910226533321e-03
1.360079005033386617e-03
1.392143899342213314e-03
1.425416289825644049e-03
1.459953080991414909e-03
1.495813933625953808e-03
1.533061543023633280e-03
1.571761503064282367e-03
1.611982632015657125e-03
1.653796706170299882e-03
1.697279109458442632e-03
1.742508617455994571e-03
1.789566965971964557e-03
1.838539366423145877e-03
1.889514366729572615e-03
1.942583884778735200e-03
1.997842942628375203e-03
2.055389582073888569e-03
2.115324443417887067e-03
2.177750760756848140e-03
2.242773726710711561e-03
2.310500281208306261e-03
2.381038309806558263e-03
2.454495700885259667e-03
2.530979987282834087e-03
2.610596884785441711e-03
2.693449423991693421e-03
2.779636422123479226e-03
2.869250977600991317e-03
2.962378522631810979e-03
3.059095171891965462e-03
3.159464826845624370e-03
3.223575393588550865e-03
3.265842759719979772e-03
3.308712808381633879e-03
3.352186855373094024e-03
3.396265764754424158e-03
3.440949659753275453e-03
3.486238037357675124e-03
3.532129967245766725e-03
3.578623764257442014e-03
3.625717010993599349e-03
3.673406617271939012e-03
3.721688706927454415e-03
3.770558669637205738e-03
3.820011078488714552e-03
3.870039559772262862e-03
3.920636955345700031e-03
3.971795201236407932e-03
4.023505324926552815e-03
4.075757381588563863e-03
4.128540472504811307e-03
4.181842679593705814e-03
4.235651119678413012e-03
4.289951822320696093e-03
4.344729884161829120e-03
4.399969162697014817e-03
4.455652681143530518e-03
4.511762341055177046e-03
4.568278888386038614e-03
4.625182107427902763e-03
4.682450629969431982e-03
4.740062094569765828e-03
4.797993212214837246e-03
4.856219651413256830e-03
4.914716032923390106e-03
4.973456094613854309e-03
5.032412721670992926e-03
5.091557843531598765e-03
5.150862555031999503e-03
5.210297251708802257e-03
5.269831586480535138e-03
5.329434561556115925e-03
5.389074577515949767e-03
5.448719520668301314e-03
5.508336816038464194e-03
5.567893533915514205e-03
5.627356421854643256e-03
5.686692060642791272e-03
5.745866825752233599e-03
5.804847200550465255e-03
5.845437426714558855e-03
5.885907919455355720e-03
5.926247734267089777e-03
5.966446006211728430e-03
6.006491882627380124e-03
6.046374677034303813e-03
6.086083690565088564e-03
6.125608387294626325e-03
6.164938419494501651e-03
6.204063528585908663e-03
6.242973671744908581e-03
6.281658906323979268e-03
6.320109543339311013e-03
6.358316068778927140e-03
6.396269111909003331e-03
6.433959570396618338e-03
6.471378583780492549e-03
6.508517563669310134e-03
6.545368077715782787e-03
6.581922078170008260e-03
6.618171661669782282e-03
6.654109299380998356e-03
6.689727663962630015e-03
6.725019803821902752e-03
6.759978986039040169e-03
6.794598860552733890e-03
6.828873301032596481e-03
6.862796583428530314e-03
6.896363197825942232e-03
6.929568048402293123e-03
6.962406308078272071e-03
6.994873476038830293e-03
7.026965375597939503e-03
7.058678154343726689e-03
7.090008279830406317e-03
7.137473119999055912e-03
7.184013768266088278e-03
7.229621740171213694e-03
7.274290282084855570e-03
7.318014327384806186e-03
7.360790464739811606e-03
7.402616867966662836e-03
7.443493280441564747e-03
7.483420878106792316e-03
7.522402322927313444e-03
7.560441553361887772e-03
7.587824739757782766e-03
7.607125779674570737e-03
7.626169080318931544e-03
7.644955773822154077e-03
7.663487070550780572e-03
7.681764306312748383e-03
7.699788747721683126e-03
7.712077883704858763e-03
7.720469871288358939e-03
7.728805515918471189e-03
7.737085018742305767e-03
7.745308567854045263e-03
7.753476324381697316e-03
7.761588446967110713e-03
7.769645122138171475e-03
7.777646540796795405e-03
7.785592912618139079e-03
7.793484396128892537e-03
7.801321230533782118e-03
7.806967433204459010e-03
7.811115510267680959e-03
7.815248092201857594e-03
7.819365194380069328e-03
7.823466861162737748e-03
7.827553067972791573e-03
7.831623883681226514e-03
7.834615305230266044e-03
7.837598382125656946e-03
7.840573130459826956e-03
7.843539549948290099e-03
7.846497696476955122e-03
7.849447545746247520e-03
7.851613787621312263e-03
7.853775576048523457e-03
7.855932899338204101e-03
7.858085750274704240e-03
7.860234122176835286e-03
7.863903486247077537e-03
7.867559821575859091e-03
7.871203135909889473e-03
7.874833452203688910e-03
7.878450804526967999e-03
7.883866221857421114e-03
7.889252480219757432e-03
7.894609672316687046e-03
7.899937891852160804e-03
7.911844168815814968e-03
7.929585852760672252e-03
7.946997803969364088e-03
7.964083949032099707e-03
7.980848292051612516e-03
7.997294890160204506e-03
8.013427852310083671e-03
8.029251324337531928e-03
8.044769491751719431e-03
8.059986569445088192e-03
8.074906802326916461e-03
8.089534454235079025e-03
8.103873808448987595e-03
8.117929157027635109e-03
8.131704802807161042e-03
8.145205047959585068e-03
8.158434198083847066e-03
8.171396548582329777e-03
8.184096392604570461e-03
8.196538003039400069e-03
8.208725647456791355e-03
8.220663563792727363e-03
8.232355976864454139e-03
8.243807077257907234e-03
8.255021043708836437e-03
8.266002003580057850e-03
8.276754082401645285e-03
8.287281336369309651e-03
8.297587815648634069e-03
8.307677494026256826e-03
8.317554372093765094e-03
8.327222306249356179e-03
8.333625681771745716e-03
8.339937011428764577e-03
8.346157457353299211e-03
8.352288155700203845e-03
8.358330287206932468e-03
8.364284952233465298e-03
8.370153320100628264e-03
8.375936499798883328e-03
8.381635592525190498e-03
8.387251684136056915e-03
8.392785880813810606e-03
8.398239239113324678e-03
8.403612865042884086e-03
8.408907774127625037e-03
8.414125017933806946e-03
8.419265640977491999e-03
8.424330675005718694e-03
8.429321121738206357e-03
8.434237993214754175e-03
8.439082257948180704e-03
8.443854923683999716e-03
8.448556950303503718e-03
8.453189293266771820e-03
8.457752903807009073e-03
8.465435056297394151e-03
8.472921801037003667e-03
8.480217722264871139e-03
8.487327309551461960e-03
8.494254959979477548e-03
8.501004978006010751e-03
8.507581576281127156e-03
8.517647998565244100e-03
8.527306022963088150e-03
8.536570980560632960e-03
8.545457656042006536e-03
8.553980299222860989e-03
8.562152637181469003e-03
8.569987885675292918e-03
8.577498762874854674e-03
8.584697501569857336e-03
8.591595864954721176e-03
8.598205157138785748e-03
8.604536242149350353e-03
8.610599549010885395e-03
8.616405100610865717e-03
8.621962501336300974e-03
8.627280997482866462e-03
8.632369405501600160e-03
8.635869419274322736e-03
8.638251976814514260e-03
8.639958489466605801e-03
8.641637182019590996e-03
8.643288418478460924e-03
8.644912567452657168e-03
8.646509983829099924e-03
8.648081056006619652e-03
8.649626096907257061e-03
8.650694213344996622e-03
8.651440387582840646e-03
8.652180358552925832e-03
8.652914187625518685e-03
8.653641920800911325e-03
8.654363606681357915e-03
8.655079252879860699e-03
8.655788930154858715e-03
8.656298039694466234e-03
8.656804047178440556e-03
8.657306985605964927e-03
8.657806878774329876e-03
8.658303730454886687e-03
8.658797544567895313e-03
8.659288337677990832e-03
8.659776132284746630e-03
8.660260943593832764e-03
8.660742782151184885e-03
8.661221658414486324e-03
8.661989292577989760e-03
8.662749296561652809e-03
8.663501725963754924e-03
8.664246637772510598e-03
8.664984089894264482e-03
8.665714138129373967e-03
8.666436837651036659e-03
8.667152244070722850e-03
8.668594651891518149e-03
8.670007172963987291e-03
8.671390263071438939e-03
8.672744370236818226e-03
8.674069932460171106e-03
8.675367380166153566e-03
8.677382880236115745e-03
8.679329386284292264e-03
8.681208532786744564e-03
8.683021905921760319e-03
8.684771045685111060e-03
8.686457447324387460e-03
8.688082562363145384e-03
8.690645829977089107e-03
8.693050643053009188e-03
8.695302880395138975e-03
8.697408140153389117e-03
8.699371755000254169e-03
8.701198804422816818e-03
8.702894126475320749e-03
8.704462329961238504e-03
8.705907806841679114e-03
8.707234743311044120e-03
8.708447130506741934e-03
8.709548773811102984e-03
8.710543303344362928e-03
8.711434181691185205e-03
8.712224715027260674e-03
8.712918057125609850e-03
8.713517224350757207e-03
8.714025090382916672e-03
8.714444415995137652e-03
8.714777814424765415e-03
8.714965052223407754e-03
8.715070983562455548e-03
8.715135260760859676e-03
8.715189065649857000e-03
8.715232495449538874e-03
8.715265651835479507e-03
8.715288643727359466e-03
8.715304592963270605e-03
8.715294770254572096e-03
8.715259593172449901e-03
8.715199463506862962e-03
8.715114798386536937e-03
8.715005959838643956e-03
8.714917778401684231e-03
8.714850059741449315e-03
8.714777062038808059e-03
8.714698833472870471e-03
8.714615411783317722e-03
8.714526833373051340e-03
8.714361392030559386e-03
8.714180797529447187e-03
8.713985238269945921e-03
8.713774899084427220e-03
8.713349169561094773e-03
8.712874963997649727e-03
8.712353352732847209e-03
8.711785368076383276e-03
8.711172007166164896e-03
8.710514235578354497e-03
8.709812989288936297e-03
8.709069175595817239e-03
8.708283674017569878e-03
8.706866422705163144e-03
8.705336882383054795e-03
8.703698796821139616e-03
8.701955735471417208e-03
8.700111107682810541e-03
8.698168173414826815e-03
8.696130053048414452e-03
8.693999737716756604e-03
8.691780099323491784e-03
8.689473899255053743e-03
8.687083795919618365e-03
8.684612351704030023e-03
8.682062039625825997e-03
8.677815305480398103e-03
8.673381460109602301e-03
8.668769477494581849e-03
8.663987914454347045e-03
8.659044947396091554e-03
8.653948410503141744e-03
8.648705821569898505e-03
8.643324418915852500e-03
8.637811154334602837e-03
8.632172777252877099e-03
8.626415702607243344e-03
8.622328718402997097e-03
8.619532916578201420e-03
8.617554870823173480e-03
8.615565420641830771e-03
8.613564808286039431e-03
8.611553256582223440e-03
8.609530944193042115e-03
8.607498058607547520e-03
8.605454809505481972e-03
8.603401460489995198e-03
8.601338207337551681e-03
8.599265206225090857e-03
8.597182638708629476e-03
8.595090718851058215e-03
8.592989665517048251e-03
8.590879648121893877e-03
8.589372694839930017e-03
8.588261699301777755e-03
8.587148360090016141e-03
8.586032706920418422e-03
8.584337793358983587e-03
8.582637722313790976e-03
8.580932588254378685e-03
8.579222479850410338e-03
8.577507484351692274e-03
8.572491201851909978e-03
8.563521359777285374e-03
8.554442515892039800e-03
8.545265778815876179e-03
8.536001789274516929e-03
8.526660738032385348e-03
8.517252390602992121e-03
8.507786105531007365e-03
8.498270844525803933e-03
8.488715183439427686e-03
8.479127320852784810e-03
8.469515088650949805e-03
8.459885960504521726e-03
8.450247062000837764e-03
8.440605178993164370e-03
8.430966767535649428e-03
8.421337962182879472e-03
8.411724585838400992e-03
8.402132157987268757e-03
8.392565904512292591e-03
8.383030765822429425e-03
8.373531404455404961e-03
8.364072221398937551e-03
8.354657357686496449e-03
8.345290697645396313e-03
8.335975888838366432e-03
8.326716347652201797e-03
8.317515267463951312e-03
8.308375623536741125e-03
8.299300186223417669e-03
8.290291522635728078e-03
8.281352013903129153e-03
8.272483850635253821e-03
8.263689056297528548e-03
8.254969474827778680e-03
8.246326802276791879e-03
8.237762564616418759e-03
8.229278159052170333e-03
8.220874821487889408e-03
8.212553676260557142e-03
8.204315697416130274e-03
8.196161756593085476e-03
8.188092596708055476e-03
8.180108860346150396e-03
8.172211085885339177e-03
8.164399694232184895e-03
8.156675055991989207e-03
8.149037374924263111e-03
8.141486900990896336e-03
8.134023605446244129e-03
8.126647590172364835e-03
8.119358746151945916e-03
8.112157100040925245e-03
8.105042290150183196e-03
8.098014280241290844e-03
8.091072494837796975e-03
8.084216898557077674e-03
8.077446803655373431e-03
8.070761963207124384e-03
8.066568666965898832e-03
8.062409288496408602e-03
8.058283666576170415e-03
8.054191662903206761e-03
8.050133141789466568e-03
8.043384128710929712e-03
8.036728606362264146e-03
8.030165784538769586e-03
8.023694840142925333e-03
8.012820372035416722e-03
8.002208592681662666e-03
7.991854855416516759e-03
7.981754359635415824e-03
7.971902182356580685e-03
7.962293305947592409e-03
7.952922641640493631e-03
7.943785051835376351e-03
7.934875371381934842e-03
7.918957814651027965e-03
7.903771587232866908e-03
7.889284287761082204e-03
7.875464115760386075e-03
7.862280083424154006e-03
7.849702125669303157e-03
7.837701169010393223e-03
7.826249233523470059e-03
7.815319423945260233e-03
7.804886054174806596e-03
7.794924480436799669e-03
7.785411349007046247e-03
7.776324207060176553e-03
7.767641947928635368e-03
7.759344298630171423e-03
7.751411986867398282e-03
7.746009741184171210e-03
7.742433220712677255e-03
7.740007064106460728e-03
7.738296500746934779e-03
7.737043220519029992e-03
7.735799620920240371e-03
7.734565669091199649e-03
7.733341177096517485e-03
7.732126171646406046e-03
7.731264455818754114e-03
7.730652389426028066e-03
7.730042715008413057e-03
7.729435498898619243e-03
7.728830656817566383e-03
7.728228190642997229e-03
7.727823610847010111e-03
7.727549731438321592e-03
7.727355608401819363e-03
7.727161744479838640e-03
7.726968128869581530e-03
7.726774757654985247e-03
7.726581631263084934e-03
7.726388750739596190e-03
7.726196116578623770e-03
7.726003727430187651e-03
7.725811581894522981e-03
7.725434631753439266e-03
7.725058620314658939e-03
7.724683546587124937e-03
7.724309407093245781e-03
7.723670495029384860e-03
7.722715356533643542e-03
7.721766309680425967e-03
7.720004368398474849e-03
7.718801163914440142e-03
7.717607818300025423e-03
7.716424261133735668e-03
7.715250400366359743e-03
7.714086133147907837e-03
7.712931364216738493e-03
7.711786008103216003e-03
7.710649979515018550e-03
7.709523188244142740e-03
7.707295458761085835e-03
7.705103692673813745e-03
7.702947209433829573e-03
7.700825329937016628e-03
7.698737429768527825e-03
7.696682890455132202e-03
7.694661082603469412e-03
7.692671392780515462e-03
7.690713225079852389e-03
7.688785998084865687e-03
7.685559564455003365e-03
7.682419199824093263e-03
7.679362226532950725e-03
7.676386052851952302e-03
7.670364252148465997e-03
7.660797677465479988e-03
7.652085431971482332e-03
7.644137915031222301e-03
7.636875414868829828e-03
7.630227214676378079e-03
7.624130350191792027e-03
7.618528775285738665e-03
7.613372521052749753e-03
7.608616992113467238e-03
7.604222327053980143e-03
7.600152823508223195e-03
7.596376501199105825e-03
7.592864653827605288e-03
7.589591529495326623e-03
7.586533966639059934e-03
7.583671152439744149e-03
7.580984339474276627e-03
7.577182293827417273e-03
7.573698976476084255e-03
7.570489412775654493e-03
7.567515098725386725e-03
7.564743006144973927e-03
7.562144821850030549e-03
7.559696296810584221e-03
7.555946349397074657e-03
7.552469284074499190e-03
7.549206907663155719e-03
7.546113557322894558e-03
7.543153178411990400e-03
7.540297541461265206e-03
7.537524857147404576e-03
7.534818310640860675e-03
7.532164721490875771e-03
7.528088915696452312e-03
7.524089079200060870e-03
7.520144579936919975e-03
7.516241692528993247e-03
7.512371422920612052e-03
7.508527800459859937e-03
7.504706622637094537e-03
7.500904824835849007e-03
7.497120332829847363e-03
7.493351866188656916e-03
7.489598576535735908e-03
7.483516782095000694e-03
7.477471803597316585e-03
7.471462776880201558e-03
7.465489295215257254e-03
7.455904122213005518e-03
7.446410786049261800e-03
7.437009199851150887e-03
7.421325221396515154e-03
7.405902448298343557e-03
7.390740328724189172e-03
7.375838102956232094e-03
7.353364676230682816e-03
7.331501887119007410e-03
7.310243928053900345e-03
7.289583817423375169e-03
7.269513723495861328e-03
7.250025069335271251e-03
7.231108575194454546e-03
7.212754392449510429e-03
7.194952193120630717e-03
7.177691245720702398e-03
7.160960472756060929e-03
7.136189520388676842e-03
7.112608320440325614e-03
7.090173673891949149e-03
7.068842199715289973e-03
7.048570398299221391e-03
7.029315057349535233e-03
7.011033541624999907e-03
6.993683969100111461e-03
6.977225264822108780e-03
6.961617283130030510e-03
6.946820984361456314e-03
6.932798556760656240e-03
6.919513364084479978e-03
6.906930040125111928e-03
6.895014449362996990e-03
6.883733879049944333e-03
6.873056667931716664e-03
6.862952822626315445e-03
6.853393314958684292e-03
6.844350140229119028e-03
6.835796913936827146e-03
6.827708434522883861e-03
6.820060540914861698e-03
6.812830199016755954e-03
6.805995470758814322e-03
6.799535469724086664e-03
6.793430324022454309e-03
6.781589865867162885e-03
6.771092080276905172e-03
6.761786342150103053e-03
6.753539568182181235e-03
6.746233810735910615e-03
6.739763835915839330e-03
6.734035493290159782e-03
6.728964641646339832e-03
6.724476471085884775e-03
6.720504589607371147e-03
6.716990075490205173e-03
6.713880628363758790e-03
6.711129847435850365e-03
6.708696567214783059e-03
6.706544307371405285e-03
6.703682043229399097e-03
6.701316949339676012e-03
6.699363249240673085e-03
6.697749691351223035e-03
6.696417187258507826e-03
6.695316846942039705e-03
6.694408175179248494e-03
6.693657848713950240e-03
6.693038291486274466e-03
6.692526745595447218e-03
6.692104378386494815e-03
6.691755670483034296e-03
6.691467751656794520e-03
6.691230055018990500e-03
6.691033798704112273e-03
6.690871782875413079e-03
6.690738010946000944e-03
6.690627585060324178e-03
6.690536404860840565e-03
6.690461143518675220e-03
6.690398994526633100e-03
6.690347701580985282e-03
6.690305339901983853e-03
6.690270383646203245e-03
6.690241508357009682e-03
6.690217686936159036e-03
6.690198003400810514e-03
6.690181771223691586e-03
6.690168352316859524e-03
6.690157292824816006e-03
6.690148143437883894e-03
6.690140609614684056e-03
6.690134369957882396e-03
6.690129207275330968e-03
6.690124928876084107e-03
6.690121429730468486e-03
6.690118542240178212e-03
6.690116173115518740e-03
6.690114201000259449e-03
6.690112583837167642e-03
6.690111256011544751e-03
6.690110153471300752e-03
6.690109237059373506e-03
6.690108478545691954e-03
6.690107000577791979e-03
6.690105816693099443e-03
6.690105398797166307e-03
6.690105197421302406e-03
6.690105008293737235e-03
6.690104895161589488e-03
6.690104835542240100e-03
6.690104884155788183e-03
6.690104898320625888e-03
6.690104897921746174e-03
6.690104897911590236e-03
6.690104897911495693e-03
