1.803453236333956988e-01
1.760021672685442296e-01
1.609296249264766943e-01
1.474682004750167696e-01
1.355798241595367604e-01
1.149240309684187999e-01
9.917170850506051849e-02
8.723341016116413493e-02
7.821264363950518328e-02
7.140562702741092005e-02
6.627165137225943248e-02
6.239953681063972746e-02
5.947816693914939612e-02
5.727272361918056554e-02
5.560619942887461836e-02
5.380701621474377749e-02
5.266443562081229296e-02
5.190219562172415646e-02
5.118105718119130704e-02
5.088240157300256278e-02
5.075873895440446287e-02
5.039505654826079845e-02
4.998566173195466422e-02
4.974104714677692052e-02
4.928351255887129106e-02
4.902394835183725846e-02
4.879208713001696729e-02
4.849652113693577599e-02
4.795471027235548300e-02
4.739318846780106453e-02
4.617691538603131002e-02
4.493864139185033135e-02
4.367326419679967708e-02
4.130753530511545313e-02
3.885590689297298284e-02
3.632056362351360201e-02
3.370565165165682192e-02
2.865390307019175659e-02
2.335956651098410400e-02
1.784112700010853994e-02
1.211439255596227435e-02
6.193523280725555039e-03
9.123903695311427297e-05
-6.181098497928811351e-03
-1.261336663128052350e-02
-2.304429663390642272e-02
-3.382024809191135073e-02
-4.491452679794693398e-02
-5.630729376564906630e-02
-6.798266139267329644e-02
-7.992728356731750028e-02
-9.213023356680795362e-02
-1.109122048595785615e-01
-1.302361725383472113e-01
-1.500891039690525341e-01
-1.704635586134287673e-01
-1.913563259196393307e-01
-2.127675199230130154e-01
-2.346998698606842237e-01
-2.571581238556773785e-01
-2.979381956676482868e-01
-3.404059330510460502e-01
-3.846116988346735543e-01
-4.306106584764028966e-01
-4.784611788922478182e-01
-5.282248268290543614e-01
-5.799664410348754906e-01
-6.337536769287313021e-01
-7.217039918624710282e-01
-8.814348617264426977e-01
-9.997105041488030253e-01
-1.126172242342253993e+00
-1.261336164292348849e+00
-1.405750923786772910e+00
-1.559999574589060467e+00
-1.724704379217381067e+00
-1.900530369669290121e+00
-2.088186882255776755e+00
-2.288429453838498162e+00
-2.502063291596690053e+00
-2.729947242017667808e+00
-3.105848928444205015e+00
-3.520324416194651196e+00
-3.977221425944485134e+00
-4.480778919734301979e+00
-5.035667432608220473e+00
-5.647032954244320280e+00
-6.320544412523490863e+00
-7.062446056129442873e+00
-7.879615717696117017e+00
-8.779629091266485830e+00
-9.770830197866812838e+00
-1.086240883420730974e+01
-1.206448601782305552e+01
-1.338820820679774037e+01
-1.484585098859025720e+01
-1.645093317483132367e+01
-1.821834247151617703e+01
-2.016447393502966889e+01
-2.230738244569466744e+01
-2.466695058384065575e+01
-2.726507350401170626e+01
-3.012586256130467888e+01
-3.327586957695670833e+01
-3.674433381614318961e+01
-4.056345399043557620e+01
-4.476868784318521222e+01
-4.939908212110022845e+01
-5.449763601195886054e+01
-6.011170145243553264e+01
-6.629342406714540914e+01
-7.310022888206569291e+01
-8.059535537480105916e+01
-8.884844689509893101e+01
-9.793620001247626305e+01
-1.079430799220983488e+02
-1.189621086718139935e+02
-1.310957336742809787e+02
-1.444567847462421355e+02
-1.591695287778141505e+02
-1.753708320859705907e+02
-1.932114417548879999e+02
-2.128573970956129813e+02
-2.344915876265081067e+02
-2.583154689109103970e+02
-2.845509555234577306e+02
-3.134425086302269392e+02
-3.452594385970321014e+02
-3.802984453038916399e+02
-4.188864212157066618e+02
-4.613835450328931529e+02
-5.081866968194700576e+02
-5.597332289545456661e+02
-6.165051311228215809e+02
-6.790336318962832820e+02
-7.479042843361804671e+02
-8.237625885383775994e+02
-9.073202136351749232e+02
-9.993618616143468216e+02
-1.100752918420896322e+03
-1.212447856641869748e+03
-1.335499608484655482e+03
-1.471069890491248088e+03
-1.620440785331320285e+03
-1.785027434475308610e+03
-1.966392268473187414e+03
-2.166260786635248223e+03
-2.386539125037104441e+03
-2.629333634731023722e+03
-2.896972760685599042e+03
-3.192031219525181314e+03
-3.517357681407869677e+03
-3.876104879601104585e+03
-4.271764029905164534e+03
-4.708203228484791907e+03
-5.189710656837038186e+03
-5.721043268077952234e+03
-6.307481738495848731e+03
-6.954892612152916627e+03
-7.669798729825497503e+03
-8.459459223716141423e+03
-9.331961082175330375e+03
-1.029632126689188044e+04
-1.136260756595989915e+04
-1.254207632265337998e+04
-1.384732595414646130e+04
-1.529248102835832105e+04
-1.689340207238210132e+04
-1.866793007801022395e+04
-2.063617188950482523e+04
-2.282083473642014724e+04
-2.524761959995988946e+04
-2.794568623819441564e+04
-3.009405557369572125e+04
-3.241713725848442482e+04
-3.493060592160441593e+04
-3.765175959972280543e+04
-4.059972643932351639e+04
-4.379569956601643935e+04
-4.726320592816472345e+04
-5.102841953146012384e+04
-5.512051603079301276e+04
-5.957210783954735234e+04
-6.441972170245195593e+04
-6.970438151250185911e+04
-7.547228624061166192e+04
-8.177560960468281701e+04
-8.867344875740197313e+04
-9.623295214176631998e+04
-1.045306667671962787e+05
-1.136541503430022130e+05
-1.237039188244011457e+05
-1.317324554118294618e+05
-1.403732894012668985e+05
-1.496841846648520732e+05
-1.597297016481617466e+05
-1.705820889786586340e+05
-1.823225479352161055e+05
-1.909933601937242202e+05
-1.972793214329728798e+05
-2.038159879162074940e+05
-2.106158169736753916e+05
-2.176920932539884525e+05
-2.250587829348887899e+05
-2.307029014335696120e+05
-2.348889664011960267e+05
-2.391680307640658284e+05
-2.435427692542293807e+05
-2.480157711950997473e+05
-2.513427520879994263e+05
-2.537377637838118826e+05
-2.561608011568452639e+05
-2.586122988577214710e+05
-2.603108724213652604e+05
-2.615127451237627538e+05
-2.627214064331865520e+05
-2.639369915720756981e+05
-2.647831357527893269e+05
-2.656325516722358880e+05
-2.664853790292278863e+05
-2.670674550897192676e+05
-2.676510172194860061e+05
-2.682362635707368026e+05
-2.683108597703134292e+05
-2.683855248743991251e+05
-2.684366817762803403e+05
-2.684727265271234210e+05
-2.685087864210557891e+05
-2.685448479644628242e+05
-2.685809152939887135e+05
-2.686169899552905699e+05
-2.686530700739043532e+05
-2.686891560974239255e+05
-2.687449652310393285e+05
-2.688007887709884671e+05
-2.688566265857541584e+05
-2.689124786587553681e+05
-2.690422768265476334e+05
-2.693821247390332283e+05
-2.697225019719268312e+05
-2.700634106781176524e+05
-2.704048504297071486e+05
-2.711686518152072094e+05
-2.719351138550282340e+05
-2.727042490103566088e+05
-2.740982799271338736e+05
-2.768883594482997432e+05
-2.797135818691671011e+05
-2.840334680523551651e+05
-2.884361459722604486e+05
-2.929235949681947823e+05
-2.974978495381522807e+05
-3.066350809876851854e+05
-3.240538707401478896e+05
-3.427223500096870121e+05
-3.554652883379688137e+05
-3.688062041768372874e+05
-3.827798396307973890e+05
-3.974232602235688828e+05
-4.127759666685636039e+05
-4.288799793592321803e+05
-4.457800692418549443e+05
-4.635237427784262691e+05
-4.821615419329683064e+05
-5.017469260838811169e+05
-5.223364689795827726e+05
-5.366728443323725369e+05
-5.467337564905954059e+05
-5.570299861823730171e+05
-5.675676333587706322e+05
-5.783530039276992902e+05
-5.893924978305039695e+05
-6.006925277227620827e+05
-6.122597276231297292e+05
-6.241007922269288683e+05
-6.362223645360000664e+05
-6.486312532719906885e+05
-6.613343517632321455e+05
-6.743384572865794180e+05
-6.876503486487379996e+05
-7.012768018100187182e+05
-7.152245970413207542e+05
-7.295002581616180250e+05
-7.441102442773454823e+05
-7.590606997422641143e+05
-7.743576712420914555e+05
-7.850875303889979841e+05
-7.959858212310256204e+05
-8.070541236443410162e+05
-8.182939366223621182e+05
-8.297065899610050255e+05
-8.412932962905805325e+05
-8.530550613364633173e+05
-8.649927347615376348e+05
-8.771069080352457240e+05
-8.893979892524733441e+05
-9.018660500056648161e+05
-9.145109710205128649e+05
-9.273321619753048290e+05
-9.403289060143255629e+05
-9.534997288328602444e+05
-9.626803363938047551e+05
-9.690888623915041098e+05
-9.755361547060231678e+05
-9.820219487814041786e+05
-9.952210005100809503e+05
-1.008572433295424329e+06
-1.022072942694731290e+06
-1.035718306721612578e+06
-1.049503961868703831e+06
-1.063424380438615801e+06
-1.077473880950279068e+06
-1.091645216653491836e+06
-1.105930878467437346e+06
-1.120321869858814403e+06
-1.134808943528282456e+06
-1.149381543273521354e+06
-1.164027409056529170e+06
-1.178733702573711518e+06
-1.193485748455684166e+06
-1.208268267369862646e+06
-1.223064257126090815e+06
-1.237854141679279739e+06
-1.252618373419657582e+06
-1.267334334926494863e+06
-1.281977818864882691e+06
-1.296523693105504848e+06
-1.310943208541916683e+06
-1.325207104132688139e+06
-1.339282675071809441e+06
-1.353135937694076216e+06
-1.366730007979382761e+06
-1.380025918879619567e+06
-1.392982546294312691e+06
-1.405556098352720961e+06
-1.417700284243930364e+06
-1.429366903489253949e+06
-1.440505328373874072e+06
-1.451062855948437937e+06
-1.460984747568709077e+06
-1.470214541773438687e+06
-1.478694153595093638e+06
-1.486364313594668638e+06
-1.493164726759163197e+06
-1.499034708926595747e+06
-1.503914644423346501e+06
-1.507740560146284290e+06
-1.510456316820601467e+06
-1.512003695910087787e+06
-1.512326857459877152e+06
-1.511374296063168440e+06
-1.509096529673826182e+06
-1.506980448773968499e+06
-1.504316675497411750e+06
-1.501097542229249375e+06
-1.497316507504985435e+06
-1.492966885018166620e+06
-1.488043034935740987e+06
-1.482541015874712495e+06
-1.476456981864931528e+06
-1.469790737977251178e+06
-1.462541380347789498e+06
-1.454708974960218649e+06
-1.446298206289796624e+06
-1.437312185834167292e+06
-1.427757808422733098e+06
-1.417642045315722702e+06
-1.406973423584530363e+06
-1.395763743583676638e+06
-1.384024618748337729e+06
-1.371770005477627274e+06
-1.359014545629043365e+06
-1.345776051160401432e+06
-1.332073827375252033e+06
-1.317926382378287381e+06
-1.303354118397013284e+06
-1.288380284283176763e+06
-1.273028813959211577e+06
-1.257323130218235310e+06
-1.241287856288619805e+06
-1.224949927058648784e+06
-1.208336776820734609e+06
-1.191474567582536023e+06
-1.174391192018018803e+06
-1.157114583928812295e+06
-1.139672884951653890e+06
-1.122094112841661321e+06
-1.104406253030815162e+06
-1.086636991307434393e+06
-1.068813692493753508e+06
-1.050963199312229874e+06
-1.023761475752778351e+06
-9.966488070863090688e+05
-9.697074652785961516e+05
-9.430189636691980995e+05
-9.166581166016687639e+05
-8.906935244909604080e+05
-8.651867698046010919e+05
-8.401930682834755862e+05
-8.157608595560955582e+05
-7.919326598623542814e+05
-7.687440093781059841e+05
-7.462235530772012426e+05
-7.243942482676844811e+05
-7.098650208118803566e+05
-7.001673184698396362e+05
-6.906260712237741100e+05
-6.812426115407593315e+05
-6.720171360382183921e+05
-6.629508711673588259e+05
-6.540420325893244008e+05
-6.480795514706618851e+05
-6.440133351322700037e+05
-6.399812977948165499e+05
-6.359840528292788658e+05
-6.320211840683626942e+05
-6.280937167794059496e+05
-6.242002337683173828e+05
-6.215190458300936734e+05
-6.188547599097760394e+05
-6.162069086499351542e+05
-6.135759737843747716e+05
-6.109610969555036863e+05
-6.083624025156871649e+05
-6.057801722329170443e+05
-6.032146375497423578e+05
-6.006652859718765831e+05
-5.981324475362446392e+05
-5.956151656818944030e+05
-5.931144787374628941e+05
-5.906302680183029734e+05
-5.881618886647975305e+05
-5.857094735540532274e+05
-5.832731235333022196e+05
-5.808527918090077583e+05
-5.784483653036080068e+05
-5.760597863195574610e+05
-5.714526661393281538e+05
-5.669051739833978936e+05
-5.624168906185410451e+05
-5.540821354582780041e+05
-5.399601774507812224e+05
-5.264599236991493963e+05
-5.135628636391556938e+05
-5.012499418430913356e+05
-4.895009980430074502e+05
-4.782954888620178681e+05
-4.676126131417376455e+05
-4.574314683672064566e+05
-4.477311750622500549e+05
-4.384910087675538380e+05
-4.296905060144031304e+05
-4.213095612640715553e+05
-4.133285015433949884e+05
-4.057281516858735122e+05
-3.984898828643019078e+05
-3.915956537240391481e+05
-3.850280383394280798e+05
-3.787702486688439385e+05
-3.728061463463917025e+05
-3.671202509823855944e+05
-3.616981506647380884e+05
-3.565249024101420655e+05
-3.515868973664927762e+05
-3.468720855935050058e+05
-3.423677877365542226e+05
-3.380624526595153729e+05
-3.339449141357719782e+05
-3.300047363732355880e+05
-3.262318840496742632e+05
-3.226170506530565908e+05
-3.191511769699620781e+05
-3.158260284281771164e+05
-3.126333882109239348e+05
-3.095660837450633990e+05
-3.066165467971490580e+05
-3.037788229897970450e+05
-3.010459128517924109e+05
-2.984117813324293238e+05
-2.958714456026374828e+05
-2.934193977450572420e+05
-2.910504782235860475e+05
-2.887601592394935433e+05
-2.865440293211889802e+05
-2.843979503761584638e+05
-2.823180384190469049e+05
-2.803006400050064549e+05
-2.771111232563792146e+05
-2.740672036692457623e+05
-2.711562302919689682e+05
-2.683666842976198532e+05
-2.656882332038360764e+05
-2.631115485913418233e+05
-2.606282207900190260e+05
-2.582306449453162495e+05
-2.547067618614572275e+05
-2.513464936566476536e+05
-2.481315762615272834e+05
-2.450457322262367816e+05
-2.420756139855627553e+05
-2.392094021981857659e+05
-2.364371557092675066e+05
-2.337504108191612177e+05
-2.311416630071398395e+05
-2.286044233125862374e+05
-2.269258940892361279e+05
-2.252761491983253509e+05
-2.236537511444460542e+05
-2.220575230591060536e+05
-2.204862871369958448e+05
-2.189391065635411069e+05
-2.174149020985425159e+05
-2.159128965382328897e+05
-2.144323450525084918e+05
-2.129725097822024836e+05
-2.115327151235356287e+05
-2.101123612579831679e+05
-2.087108748917482153e+05
-2.073278128814101510e+05
-2.059626738471031422e+05
-2.046149862677685160e+05
-2.032843678221228183e+05
-2.019704578572948813e+05
-2.006729061421760707e+05
-1.993913833349412016e+05
-1.981255567597035260e+05
-1.968751525758975185e+05
-1.956399650784848200e+05
-1.944196508138405916e+05
-1.932139683001298981e+05
-1.920227736290408357e+05
-1.908458453840756556e+05
-1.896829075170959695e+05
-1.885338160335344146e+05
-1.873983877485025732e+05
-1.862764309423884843e+05
-1.851677765901479870e+05
-1.840723127188837680e+05
-1.827904613444625284e+05
-1.818815729325938155e+05
-1.809818780745072872e+05
-1.800912884049291606e+05
-1.792097279298529320e+05
-1.783371081157261215e+05
-1.774733570069054258e+05
-1.766183943087719090e+05
-1.751495852207732969e+05
-1.737068466389157111e+05
-1.722898033718494698e+05
-1.708981029345916759e+05
-1.695313972576553351e+05
-1.681893559121836151e+05
-1.668716480748794565e+05
-1.655779639378758438e+05
-1.643079868546241778e+05
-1.630614280456613924e+05
-1.618379773555620923e+05
-1.606373720754409442e+05
-1.594593030709184823e+05
-1.583035218733966467e+05
-1.571697194356251275e+05
-1.560577014591569314e+05
-1.553245139934993058e+05
-1.548254897726346389e+05
-1.543309800251334673e+05
-1.538409468937034253e+05
-1.532660215448739182e+05
-1.526973205513551657e+05
-1.518545684212512278e+05
-1.504603911997374671e+05
-1.491051008107728849e+05
-1.477880745822325407e+05
-1.465087442539176263e+05
-1.452664174773344421e+05
-1.440606291168983735e+05
-1.428907266298612813e+05
-1.417561539317148272e+05
-1.406563559245283250e+05
-1.395908336262235825e+05
-1.385590424939308141e+05
-1.375604773448194319e+05
-1.365945821211357252e+05
-1.356608816419809882e+05
-1.347589298589274695e+05
-1.338881649215185316e+05
-1.330482158298992144e+05
-1.317460276083621720e+05
-1.305221758628272219e+05
-1.293746121264652320e+05
-1.283018485253528925e+05
-1.273018570035904122e+05
-1.263732019545911608e+05
-1.258265146727224637e+05
-1.253067604254689941e+05
-1.248135872581284639e+05
-1.243466253653234162e+05
-1.236502167210944463e+05
-1.230190742128653947e+05
-1.224518083554149052e+05
-1.219470530233357276e+05
-1.215035091663897620e+05
-1.211199272811688716e+05
-1.207951126858696662e+05
-1.205279227744529926e+05
-1.203172659360591497e+05
-1.201621023021467263e+05
-1.200614432131194772e+05
-1.200143497652100777e+05
-1.200199359948220226e+05
-1.200773622642844275e+05
-1.201858461442801490e+05
-1.203446443595480814e+05
-1.205530828814733541e+05
-1.208105430380713515e+05
-1.211163457454081363e+05
-1.214701070821779140e+05
-1.218712290414756571e+05
-1.223192840871651861e+05
-1.228139658092870377e+05
-1.233548601323720504e+05
-1.239418246213660314e+05
-1.245745209766209300e+05
-1.252528103646037343e+05
-1.259765534593519405e+05
-1.267457966722623678e+05
-1.275604645004869089e+05
-1.284206274953358807e+05
-1.293264261888819601e+05
-1.302780273844913027e+05
-1.312756903739419649e+05
-1.323197093002465263e+05
-1.334104741578725807e+05
-1.345484150439153600e+05
-1.357340456235252495e+05
-1.369679506498246919e+05
-1.382507869879879290e+05
-1.395832874656748900e+05
-1.409662652284038777e+05
-1.424006146895384882e+05
-1.438873172914423340e+05
-1.454274418706344732e+05
-1.470221524325797218e+05
-1.486727072248207987e+05
-1.503804701748650114e+05
-1.521469058970554324e+05
-1.539735999370095087e+05
-1.558622407960043638e+05
-1.578146659618297126e+05
-1.590934998274622485e+05
-1.603995652414170909e+05
-1.617334330539681832e+05
-1.630956867371985863e+05
-1.644869338410884084e+05
-1.670375035877996997e+05
-1.696857696170529816e+05
-1.724359098470891186e+05
-1.752921868313865562e+05
-1.782595687631865439e+05
-1.813429176715929061e+05
-1.845480868498843920e+05
-1.878807710177540430e+05
-1.913474791931340296e+05
-1.949551546984015440e+05
-1.987112986576214316e+05
-2.026240083456214052e+05
-2.067020457159795915e+05
-2.109549045108127466e+05
-2.153928677864529018e+05
-2.200271073287137551e+05
-2.248697964447377890e+05
-2.299339791058941628e+05
-2.352342593473610759e+05
-2.407861145689858531e+05
-2.443015480695044971e+05
-2.479209308753418445e+05
-2.516487711624377698e+05
-2.554897614391381503e+05
-2.594488412378264184e+05
-2.635312895758394152e+05
-2.677425943657882162e+05
-2.720887772978461580e+05
-2.765760506509004626e+05
-2.812110070552169345e+05
-2.860008031041744398e+05
-2.909529997508193483e+05
-2.960756428635640186e+05
-3.013773144429842941e+05
-3.068671881018001586e+05
-3.125550789230775554e+05
-3.184514829462054186e+05
-3.245676461903932504e+05
-3.309156322353170835e+05
-3.375083940221801749e+05
-3.443598599149764050e+05
-3.514850201496635564e+05
-3.589000381955227931e+05
-3.666223495209912071e+05
-3.746708184004653594e+05
-3.799698222103137523e+05
-3.854145623608164024e+05
-3.910110119526148192e+05
-3.967654230528055341e+05
-4.026843531818416668e+05
-4.087747475890119094e+05
-4.150438790173419402e+05
-4.214994759422766510e+05
-4.281498052712503122e+05
-4.350034448881712742e+05
-4.420695848476994433e+05
-4.493579643375460873e+05
-4.568788895247438340e+05
-4.646433214577766485e+05
-4.726628977836573613e+05
-4.809500135178156779e+05
-4.895178534385670209e+05
-4.983804741571532213e+05
-5.075528682768425788e+05
-5.170510487223636010e+05
-5.268921285954238847e+05
-5.370944256723596482e+05
-5.476775556904489640e+05
-5.586625682678241283e+05
-5.700720452087646117e+05
-5.775910134694103617e+05
-5.852995710750746075e+05
-5.932048183116507716e+05
-6.013141800721217878e+05
-6.096353976901812712e+05
-6.181766190823287470e+05
-6.269464293247758178e+05
-6.359537799943332793e+05
-6.452081416071627755e+05
-6.547195861729544122e+05
-6.644985328596276231e+05
-6.745560878213857068e+05
-6.849039502264795592e+05
-6.955544599210803863e+05
-7.065206627946296940e+05
-7.178163426514065359e+05
-7.294560862707514316e+05
-7.414553366906329757e+05
-7.538304601325722178e+05
-7.665988093078661477e+05
-7.797788057146754581e+05
-7.933900112190555083e+05
-8.074532326477917377e+05
-8.219906530616817763e+05
-8.370256854584558168e+05
-8.525836382555888267e+05
-8.686913520692078164e+05
-8.853773225623243488e+05
-9.026721400931737153e+05
-9.206089658619987313e+05
-9.392224181249588728e+05
-9.585508278511083918e+05
-9.786339556415420957e+05
-9.995162461647080490e+05
-1.021243557020847220e+06
-1.043867696888595587e+06
-1.067441808951488463e+06
-1.092026761698475806e+06
-1.117684991516567534e+06
-1.144486074792417232e+06
-1.172505397883001715e+06
-1.201825069120768923e+06
-1.232534116187513340e+06
-1.264729967499895487e+06
-1.298519134188815253e+06
-1.334018237432292430e+06
-1.371356004656054778e+06
-1.410672382536373567e+06
-1.452123030606358545e+06
-1.495878673660091357e+06
-1.523261175430377014e+06
-1.551581529027346522e+06
-1.580887500076204771e+06
-1.611230250667045126e+06
-1.642662947182819480e+06
-1.675243138199686073e+06
-1.709032303522194969e+06
-1.744096218351462623e+06
-1.780505381443120074e+06
-1.818335558951317798e+06
-1.857668083896870958e+06
-1.898590471156995278e+06
-1.941196983910845360e+06
-1.985589295348125044e+06
-2.031877193104007049e+06
-2.080179425374355866e+06
-2.130624556598898489e+06
-2.163469227019059937e+06
-2.197250702241911553e+06
-2.232008175967671908e+06
-2.267782968315823004e+06
-2.304618363390902523e+06
-2.342560191500742454e+06
-2.381656542579635978e+06
-2.421958475255328696e+06
-2.463520635506780352e+06
-2.506399566829618998e+06
-2.550656585031407885e+06
-2.596355693195071071e+06
-2.643565954258089419e+06
-2.692359033385437448e+06
-2.742812411735765170e+06
-2.795008221474342979e+06
-2.849033974041460082e+06
-2.904982842182106804e+06
-2.962954245755823329e+06
-3.023054364395339042e+06
-3.085396687975084409e+06
-3.150102639312366489e+06
-3.217302276025076397e+06
-3.287135006329769734e+06
-3.328851310780483764e+06
-3.371531613113998901e+06
-3.415208112776793540e+06
-3.459914470453084912e+06
-3.505685574031626806e+06
-3.552557936594450846e+06
-3.600569489242193289e+06
-3.649759989544361830e+06
-3.700171343656937126e+06
-3.751846680353892501e+06
-3.804831909053516574e+06
-3.859174421675135382e+06
-3.914924123454842716e+06
-3.972133359033433720e+06
-4.030856923542539123e+06
-4.091152270039806608e+06
-4.153079690369107295e+06
-4.216702463828619570e+06
-4.282087054065015167e+06
-4.349303284053176641e+06
-4.418424573127845302e+06
-4.489528117778597400e+06
-4.562695349629390985e+06
-4.638011363655774854e+06
-4.715566903311281465e+06
-4.795456323066059500e+06
-4.877780580601792783e+06
-4.962644911513884552e+06
-5.050160678641584702e+06
-5.140446931927808560e+06
-5.233627512629524805e+06
-5.329834544387299567e+06
-5.429207792335063219e+06
-5.531895192729623988e+06
-5.638053518178757280e+06
-5.747849082890148275e+06
-5.861458346109389327e+06
-5.979069133788205683e+06
-6.100879528737748042e+06
-6.227102291789280251e+06
-6.357962618769343011e+06
-6.493701290908914059e+06
-6.634572862749151886e+06
-6.780850422549468465e+06
-6.932825346021092497e+06
-7.090808566574916244e+06
-7.255130779574679211e+06
-7.426151806609468535e+06
-7.604248271780227311e+06
-7.789827820416504517e+06
-7.983327923562691547e+06
-8.185216905305787921e+06
-8.395997272790130228e+06
-8.616208970665460452e+06
-8.759823093740288168e+06
-8.907550306118603796e+06
-9.059550883005732670e+06
-9.215993460289297625e+06
-9.377053959353595972e+06
-9.542916170976810157e+06
-9.713773810612820089e+06
-9.889828272786984220e+06
-1.007129086739943549e+07
-1.025838560589484498e+07
-1.045134402256050520e+07
-1.065041014543133229e+07
-1.085583986059177294e+07
-1.106790150801119953e+07
-1.128687607768028975e+07
-1.151305802043641917e+07
-1.174675591659414396e+07
-1.198829295422990434e+07
-1.223800762182286195e+07
-1.249625405504574813e+07
-1.264956211655877344e+07
-1.280591823685876466e+07
-1.296539820118558593e+07
-1.312808040191219002e+07
-1.329404466788277961e+07
-1.346337312611099146e+07
-1.363614945176510699e+07
-1.381245973864114657e+07
-1.399239214998424612e+07
-1.417603673269238882e+07
-1.436348539140086621e+07
-1.455483226159153692e+07
-1.475017356086267717e+07
-1.494960744929930940e+07
-1.515323399751174450e+07
-1.536115523221597634e+07
-1.557347499666184187e+07
-1.579029897241166793e+07
-1.601173443510600924e+07
-1.623789039845110290e+07
-1.646887706010141782e+07
-1.660813077457572334e+07
-1.674914475632102601e+07
-1.689194250473560765e+07
-1.703654773548385873e+07
-1.718298427440600097e+07
-1.745820075966596976e+07
-1.773988983272803202e+07
-1.802820221634362265e+07
-1.832328832685959712e+07
-1.862529750317130238e+07
-1.893437730996719748e+07
-1.925067285327101871e+07
-1.957432579617913067e+07
-1.990547344856095687e+07
-2.024424766124021634e+07
-2.059077294344643876e+07
-2.094516574855868891e+07
-2.130753355287289619e+07
-2.167797108730535954e+07
-2.205655922573126480e+07
-2.244336455557334051e+07
-2.283843451230902597e+07
-2.324179598393613845e+07
-2.365345246183734387e+07
-2.407337996353505552e+07
-2.450153500257735327e+07
-2.493782271145186201e+07
-2.538211905001493543e+07
-2.583425894983213022e+07
-2.629403073959980160e+07
-2.676117410764460266e+07
-2.723537149461776018e+07
-2.771624545979877561e+07
-2.820335229962352291e+07
-2.869618139384576678e+07
-2.899821473444685712e+07
-2.930199772585843131e+07
-2.960737266858481616e+07
-2.991417048026511446e+07
-3.022220972287619859e+07
-3.053129641862922162e+07
-3.084122393169087172e+07
-3.115177256145039573e+07
-3.146270945017683879e+07
-3.177378823293385655e+07
-3.208474928384530917e+07
-3.239531912499405444e+07
-3.270521151826404780e+07
-3.288458657574432343e+07
-3.306357182199580222e+07
-3.324210508656482771e+07
-3.342012297099708766e+07
-3.359756082263484597e+07
-3.377435209167401493e+07
-3.395042932564768940e+07
-3.412572337543843687e+07
-3.430016428363748640e+07
-3.447368044390362501e+07
-3.464619957435701787e+07
-3.481764800403767824e+07
-3.498795105615121871e+07
-3.515703328446286917e+07
-3.532481834725477546e+07
-3.549122917659021169e+07
-3.565618800751204044e+07
-3.581961656281427294e+07
-3.598143607926651835e+07
-3.614156751670821011e+07
-3.629993155902755260e+07
-3.645644890171889216e+07
-3.661104015892777592e+07
-3.676362634516698867e+07
-3.691412847940604389e+07
-3.706246859693996608e+07
-3.720856869761186093e+07
-3.735235233290758729e+07
-3.749374327024035901e+07
-3.763266726093894243e+07
-3.776905072520486265e+07
-3.790282178905732185e+07
-3.803391037770438939e+07
-3.816224828479839861e+07
-3.836587847321618348e+07
-3.866348852123786509e+07
-3.894178711193751544e+07
-3.919998718422694504e+07
-3.943744053398440778e+07
-3.965366857642756402e+07
-3.984835801931864768e+07
-4.002140989727824181e+07
-4.011712941845759004e+07
-4.020475020634229481e+07
-4.028436985165346414e+07
-4.035610816774599254e+07
-4.042012098703520745e+07
-4.047659439182250947e+07
-4.052575158501016349e+07
-4.056784318060660362e+07
-4.060315197930593044e+07
-4.063198938521879911e+07
-4.065469718235348165e+07
-4.067164229789669067e+07
-4.068322008259569108e+07
-4.068984607174259424e+07
-4.069196384221342951e+07
-4.069117477041123807e+07
-4.068888414799310267e+07
-4.068521735949070007e+07
-4.068029831403658539e+07
-4.067425354061862081e+07
-4.066721188535013795e+07
-4.065930562541697919e+07
-4.065066905546005070e+07
-4.064143443275384605e+07
-4.063173796217499673e+07
-4.062171538896472007e+07
-4.061150386162674427e+07
-4.060123989238826185e+07
-4.059106060551269352e+07
-4.058110274977418780e+07
-4.057150288875570148e+07
-4.056239693565487862e+07
-4.055392019052316993e+07
-4.054620686708865315e+07
-4.053939022856667638e+07
-4.053360202969446033e+07
-4.052897286873311549e+07
-4.052563132067368180e+07
-4.052370484931196272e+07
-4.052331804839618504e+07
-4.052459516396074742e+07
-4.052765588588038087e+07
-4.053261993148814142e+07
-4.053960441663755476e+07
-4.054872309957104176e+07
-4.056008773249004036e+07
-4.057380787925504148e+07
-4.058999066550967097e+07
-4.060873980217795819e+07
-4.063015733822418004e+07
-4.065434297549884021e+07
-4.068139274762769043e+07
-4.071140089517210424e+07
-4.074445857960723341e+07
-4.078065545990835130e+07
-4.082007756296842545e+07
-4.086280903363343328e+07
-4.090893130133035034e+07
-4.095852374397789687e+07
-4.101166320402664691e+07
-4.106842451638330519e+07
-4.112888009566727281e+07
-4.119310056058534980e+07
-4.126115417069156468e+07
-4.133310773093110323e+07
-4.140902556878194213e+07
-4.148897121153285354e+07
-4.157300552450393885e+07
-4.166118846477480978e+07
-4.175357766120769829e+07
-4.185023147829599679e+07
-4.195120500562454015e+07
-4.205655221938215196e+07
-4.216632734697101265e+07
-4.228058276980751008e+07
-4.239937037984571606e+07
-4.252274167675285041e+07
-4.265074733198052645e+07
-4.278343688252601773e+07
-4.292086045301445574e+07
-4.306306709704625607e+07
-4.321010680245005339e+07
-4.336202860514399409e+07
-4.351888178920394927e+07
-4.368071621365584433e+07
-4.384758231758236140e+07
-4.401953008855772763e+07
-4.419661061328049004e+07
-4.437887556457645446e+07
-4.456637768673117459e+07
-4.475917036881534010e+07
-4.495730830190040171e+07
-4.516084702636745572e+07
-4.536984380836589634e+07
-4.558435679286669940e+07
-4.580444647905770689e+07
-4.603017387743732333e+07
-4.626160368241357803e+07
-4.649879951313415915e+07
-4.674183161688306928e+07
-4.699076848970664293e+07
-4.724568150648079067e+07
-4.750664633750615269e+07
-4.777374095062810183e+07
-4.804704521755602211e+07
-4.832664256519116461e+07
-4.861262076728218794e+07
-4.890506846260797232e+07
-4.920408115366487205e+07
-4.950975511658100784e+07
-4.982219214569317549e+07
-5.014149802506666631e+07
-5.046778349096325040e+07
-5.080116350479727983e+07
-5.114175851746331155e+07
-5.148969374827642739e+07
-5.184510073020203412e+07
-5.220811606270059198e+07
-5.257888389900647849e+07
-5.295755323057620227e+07
-5.334428300637490302e+07
-5.373923496896154433e+07
-5.399264466074369848e+07
-5.424943896676882356e+07
-5.450966393177911639e+07
-5.477336320595690608e+07
-5.504059192233020067e+07
-5.531139986107929796e+07
-5.558584029990897328e+07
-5.586396596508719027e+07
-5.614583528762402385e+07
-5.643150528546371311e+07
-5.672103415633821487e+07
-5.701448516515617073e+07
-5.731192212310738862e+07
-5.761341023439197242e+07
-5.791901803282196820e+07
-5.822881590618371218e+07
-5.854287696402301639e+07
-5.886127657190733403e+07
-5.918409296831991524e+07
-5.951140693655867130e+07
-5.984330235178390890e+07
-6.017986585565557331e+07
-6.052118747854761779e+07
-6.086736019836086035e+07
-6.121848078793252259e+07
-6.157464905181844532e+07
-6.193596920487482101e+07
-6.230254831104793400e+07
-6.267449896764449030e+07
-6.305193565475907922e+07
-6.343498041647666693e+07
-6.382375717965621501e+07
-6.421839531981135160e+07
-6.461902958441042155e+07
-6.502579996149908751e+07
-6.543885158802418411e+07
-6.585833567366933078e+07
-6.628440822842244804e+07
-6.671723338610278070e+07
-6.715697914542475343e+07
-6.760382370399010181e+07
-6.805794744823381305e+07
-6.851954120662204921e+07
-6.898880487616060674e+07
-6.946594259407339990e+07
-6.995116778653389215e+07
-7.044470488023266196e+07
-7.094678555541686714e+07
-7.145764795567052066e+07
-7.197754745715618134e+07
-7.250674082233262062e+07
-7.304550339933747053e+07
-7.359411369842411578e+07
-7.415286983150687814e+07
-7.472207561303932965e+07
-7.530205042832748592e+07
-7.589312591021129489e+07
-7.649564778660939634e+07
-7.710997549323773384e+07
-7.773648367970640957e+07
-7.837556208019532263e+07
-7.902761693990856409e+07
-7.969307088976936042e+07
-8.037236461987577379e+07
-8.106595648927739263e+07
-8.177432483220489323e+07
-8.249796673986354470e+07
-8.323740192245711386e+07
-8.399316913563293219e+07
-8.476583430072981119e+07
-8.555597972740562260e+07
-8.605830028899905086e+07
-8.656782310310605168e+07
-8.708470646283572912e+07
-8.760911235100144148e+07
-8.814120896939577162e+07
-8.868116438488054276e+07
-8.922915760725012422e+07
-8.978536719627647102e+07
-9.034997649074976146e+07
-9.124220253235991299e+07
-9.215580558841343224e+07
-9.309154658825765550e+07
-9.405022018983310461e+07
-9.503265726365080476e+07
-9.603972449820920825e+07
-9.707232376121036708e+07
-9.813140036072762311e+07
-9.921793917179574072e+07
-1.003329681952845603e+08
-1.014775631487472504e+08
-1.026528481930846274e+08
-1.038599993583398908e+08
-1.051002463707814217e+08
-1.063748769903704673e+08
-1.076852389867310673e+08
-1.090327452306271791e+08
-1.104188754535759091e+08
-1.118451830553843677e+08
-1.133132954438341558e+08
-1.148249249182160050e+08
-1.157753933125088960e+08
-1.167433732504492998e+08
-1.177293123069059104e+08
-1.187336716547161937e+08
-1.197569247751687914e+08
-1.207995634502615184e+08
-1.218620910884674788e+08
-1.229450311599244922e+08
-1.240489212344420999e+08
-1.251743190258589238e+08
-1.263218002621738017e+08
-1.274919584210511446e+08
-1.286854110925717354e+08
-1.299027902283300310e+08
-1.311447531053650081e+08
-1.324119826892880052e+08
-1.337051782758991867e+08
-1.350250737207863331e+08
-1.363724217325831056e+08
-1.377479995204621851e+08
-1.391526171044745445e+08
-1.405871168497405350e+08
-1.420523644058815241e+08
-1.435492619572452605e+08
-1.450787438121197522e+08
-1.466417803479363024e+08
-1.482393774301461875e+08
-1.498725803193139434e+08
-1.515424734097378850e+08
-1.532501843141325712e+08
-1.549968833449262083e+08
-1.567837886643064022e+08
-1.586121645752902329e+08
-1.604833292141875923e+08
-1.623986493465597630e+08
-1.643595545278953314e+08
-1.663675216323553324e+08
-1.684241077924699485e+08
-1.697076009936374128e+08
-1.710102897218732536e+08
-1.723325667915594280e+08
-1.736748352176872492e+08
-1.750375019502245188e+08
-1.764209943384618759e+08
-1.778257422349095345e+08
-1.792521971238215864e+08
-1.807008069179527462e+08
-1.821720433505489230e+08
-1.836663928251087964e+08
-1.851843454666925073e+08
-1.867264093138667643e+08
-1.882931036791251898e+08
-1.898849689614128172e+08
-1.915025515486743152e+08
-1.931464206422653496e+08
-1.948171550516936779e+08
-1.965153478086952269e+08
-1.982416164221800566e+08
-1.999965926592168808e+08
-2.017809206709137261e+08
-2.035952689498625100e+08
-2.054403219356881082e+08
-2.073167846449751258e+08
-2.092253811088305414e+08
-2.111668567951572537e+08
-2.131419778342076838e+08
-2.151515329473145008e+08
-2.171963329459406137e+08
-2.192772126902726591e+08
-2.213950304933817983e+08
-2.235506704372994602e+08
-2.257450412835102379e+08
-2.279790796826108396e+08
-2.302537478090244234e+08
-2.325700386816861331e+08
-2.349289705561850667e+08
-2.373315976381673813e+08
-2.397789955923937261e+08
-2.422722850152999759e+08
-2.448126085406982005e+08
-2.474011450160210729e+08
-2.500391102222027779e+08
-2.527277551280145645e+08
-2.570269535387974679e+08
-2.614577734130944014e+08
-2.660254986598040462e+08
-2.707356823325489163e+08
-2.755941346317955256e+08
-2.806069307159211636e+08
-2.857804273242909312e+08
-2.911212406992123127e+08
-2.966363015299792290e+08
-3.023328317892341018e+08
-3.082183601548040509e+08
-3.143007174467113018e+08
-3.205880538881182075e+08
-3.270888314215539098e+08
-3.338118285060480237e+08
-3.407661207616921663e+08
-3.479610892387268543e+08
-3.554063769112156630e+08
-3.631118937022323608e+08
-3.710877367173119187e+08
-3.793442133713026047e+08
-3.878917341344625354e+08
-3.967407301055760980e+08
-4.059016357594334483e+08
-4.153846813562418222e+08
-4.251998682388402224e+08
-4.353566704956557751e+08
-4.415805011820521951e+08
-4.479307120629226565e+08
-4.544089287456773520e+08
-4.610165986286262274e+08
-4.677549887047485113e+08
-4.746251386132181287e+08
-4.816278524125459194e+08
-4.887636514517624378e+08
-4.960327475430462956e+08
-5.034349871501734853e+08
-5.109698219946702719e+08
-5.186362374458297491e+08
-5.264327301863109469e+08
-5.343572007954776287e+08
-5.424069648244768381e+08
-5.505785845861384869e+08
-5.588679015886023045e+08
-5.672698933082574606e+08
-5.757785960623131990e+08
-5.843870259315540791e+08
-5.930871232223922014e+08
-6.018695942703830004e+08
-6.107238524341515303e+08
-6.196379252692478895e+08
-6.285983338388000727e+08
-6.375899949245567322e+08
-6.465961878446966410e+08
-6.555983388732765913e+08
-6.645760524911329746e+08
-6.735070140111471415e+08
-6.823669415388298035e+08
-6.911295289626879692e+08
-6.997664863525967598e+08
-7.082475102188110352e+08
-7.165404422616710663e+08
-7.246113265905225277e+08
-7.324244327681754827e+08
-7.399427341309908628e+08
-7.471278892788101435e+08
-7.513388213455221653e+08
-7.554018407828608751e+08
-7.593079195287046432e+08
-7.630482318994240761e+08
-7.666138664990534782e+08
-7.699961475179444551e+08
-7.731865752922776937e+08
-7.761769162312849760e+08
-7.789591738872425556e+08
-7.815258427115176916e+08
-7.838698737939457893e+08
-7.859847025231336355e+08
-7.878644222238060236e+08
-7.895037685686143637e+08
-7.908982490076515675e+08
-7.920441714030970335e+08
-7.929387358568233252e+08
-7.935800781053845882e+08
-7.939673475525288582e+08
-7.941007287177973986e+08
-7.939815184537460804e+08
-7.936121076134727001e+08
-7.929960763928558826e+08
-7.921380881560518742e+08
-7.910440757736657858e+08
-7.902674718673242331e+08
-7.894081692730242014e+08
-7.884680737145692110e+08
-7.874492426016834974e+08
-7.863538333000148535e+08
-7.851841958452658653e+08
-7.839427621602078676e+08
-7.826321377246696949e+08
-7.812549341361905336e+08
-7.798139537895495892e+08
-7.783121108597701788e+08
-7.767523162097384930e+08
-7.751376164692813158e+08
-7.734710802731014490e+08
-7.717558739468530416e+08
-7.699951871098698378e+08
-7.681922094622476101e+08
-7.663501830644663572e+08
-7.644723581739757061e+08
-7.625619384038358927e+08
-7.606221342566126585e+08
-7.586561499459156990e+08
-7.566671148224340677e+08
-7.546581118775182962e+08
-7.526321766880470514e+08
-7.505922383398606777e+08
-7.485411646120580435e+08
-7.464817535759444237e+08
-7.444166678648428917e+08
-7.423484595341615677e+08
-7.402795807637943029e+08
-7.382123519193015099e+08
-7.361489677111620903e+08
-7.340914863588465452e+08
-7.320418303815441132e+08
-7.300017796431081295e+08
-7.287195943513062000e+08
-7.274422772846603394e+08
-7.261701846805132627e+08
-7.249036514429172277e+08
-7.236429913151515722e+08
-7.216279897579883337e+08
-7.196300187416710854e+08
-7.176500195848252773e+08
-7.156887766326088905e+08
-7.137469289632434845e+08
-7.118249813225637674e+08
-7.099233027407912016e+08
-7.080421393411059380e+08
-7.061816042907525301e+08
-7.043417142002655268e+08
-7.025223378900281191e+08
-7.007233202078661919e+08
-6.989442508057806492e+08
-6.977827648043111563e+08
-6.970209683020288944e+08
-6.962627594627019167e+08
-6.955081355611279011e+08
-6.947570327406806946e+08
-6.940094501503735781e+08
-6.932652480257425308e+08
-6.925244160812917948e+08
-6.917869386944273710e+08
-6.910526888928523064e+08
-6.903216767499626875e+08
-6.895938263054579496e+08
-6.888690466094319820e+08
-6.881472875871407986e+08
-6.874284722778161764e+08
-6.867126084245207310e+08
-6.859995384517977238e+08
-6.852892152055687904e+08
-6.845816160584404469e+08
-6.838766482122880220e+08
-6.831742883337389231e+08
-6.824743644688646793e+08
-6.817768480737035275e+08
-6.810817400840576887e+08
-6.803888955800775290e+08
-6.796982359040150642e+08
-6.790097598695560694e+08
-6.783233519130032063e+08
-6.776389131308580637e+08
-6.769564578164467812e+08
-6.762758366818282604e+08
-6.755969696328498125e+08
-6.749198910365803242e+08
-6.742444543471268415e+08
-6.735705664498928785e+08
-6.728982207602419853e+08
-6.722273263140209913e+08
-6.715578180718230009e+08
-6.708896265979520082e+08
-6.702226914720834494e+08
-6.695569455082246065e+08
-6.688923274480202198e+08
-6.682287730038514137e+08
-6.675662225557209253e+08
-6.669046141167539358e+08
-6.659024480002262592e+08
-6.649021120781222582e+08
-6.639034110823101997e+08
-6.629061523477394581e+08
-6.619101538566783667e+08
-6.609152345588109493e+08
-6.599212261404259205e+08
-6.589279592864112854e+08
-6.579352812728388309e+08
-6.569430332983216047e+08
-6.559510806836365461e+08
-6.549592747696199417e+08
-6.539674942555751801e+08
-6.529756015875458717e+08
-6.519835026700612307e+08
-6.509910525981765985e+08
-6.499981867579176426e+08
-6.490047705384433270e+08
-6.480107731961017847e+08
-6.470159991298822165e+08
-6.463362390617662668e+08
-6.458689401620670557e+08
-6.454014392715764046e+08
-6.449337373966776133e+08
-6.442012295881861448e+08
-6.434681872155117989e+08
-6.427346024616101980e+08
-6.420004374337359667e+08
-6.412657059463745356e+08
-6.405303493047451973e+08
-6.397944092725936174e+08
-6.390577896865365505e+08
-6.383205949415773153e+08
-6.375826854789367914e+08
-6.368441214780635834e+08
-6.361048882404705286e+08
-6.353649935615998507e+08
-6.346243912105875015e+08
-6.338831292887386084e+08
-6.331411246023876667e+08
-6.323984696812185049e+08
-6.316551150035076141e+08
-6.309110602656267881e+08
-6.301663021704473495e+08
-6.294208618957175016e+08
-6.286747343074632883e+08
-6.279279248215569258e+08
-6.271804386297626495e+08
-6.264322824136155844e+08
-6.256834633877824545e+08
-6.242606785870133638e+08
-6.228356010808473825e+08
-6.214083015916492939e+08
-6.199788615602154732e+08
-6.185473716261868477e+08
-6.171139292011548281e+08
-6.156786374705631733e+08
-6.142416049369760752e+08
-6.128029452190946341e+08
-6.103300988417153358e+08
-6.078534281713901758e+08
-6.053735797685029507e+08
-6.028912160181251764e+08
-6.004070057813813686e+08
-5.979216217656028271e+08
-5.954357312576500177e+08
-5.929500016605290174e+08
-5.904650715587841272e+08
-5.879816024270840883e+08
-5.855001425151562691e+08
-5.830214535642740726e+08
-5.813363026035941839e+08
-5.802310643506833315e+08
-5.794790124823570251e+08
-5.789299846536535025e+08
-5.783812040783013105e+08
-5.778325967138055563e+08
-5.772842065227404833e+08
-5.767360731088647842e+08
-5.761881286978778839e+08
-5.756404103033974171e+08
-5.750929616632241011e+08
-5.745457202092106342e+08
-5.739987278470915556e+08
-5.734520069292567968e+08
-5.729055307459676266e+08
-5.723593152368786335e+08
-5.718133636019622087e+08
-5.712676853051564693e+08
-5.707222797044626474e+08
-5.701771554630765915e+08
-5.696323139971916676e+08
-5.690877630515961647e+08
-5.685435036835297346e+08
-5.679995436357673407e+08
-5.674558837277412415e+08
-5.669125319840509892e+08
-5.663694883401660919e+08
-5.658267616814590693e+08
-5.652843504727916718e+08
-5.647422652847083807e+08
-5.642005019825117588e+08
-5.636590743138786554e+08
-5.631179758123654127e+08
-5.625772189040222168e+08
-5.620367957176556587e+08
-5.614967280613310337e+08
-5.609569953878360987e+08
-5.604176327245914936e+08
-5.598786082034089565e+08
-5.593399580842150450e+08
-5.588016369212671518e+08
-5.582637307025377750e+08
-5.577261241299694777e+08
-5.573426866377308369e+08
-5.570735045488334894e+08
-5.568809321102757454e+08
-5.567389681834235191e+08
-5.565970257646400928e+08
-5.564550936049100161e+08
-5.563132363566341400e+08
-5.561713500875161886e+08
-5.560667242930102348e+08
-5.559901860351965427e+08
-5.559136496066572666e+08
-5.558371011252375841e+08
-5.557606223192543983e+08
-5.556840773432980776e+08
-5.556295537387319803e+08
-5.555912227494240999e+08
-5.555636144647469521e+08
-5.555360159219716787e+08
-5.555084364234479666e+08
-5.554807997127424479e+08
-5.554532284986763000e+08
-5.554331807971744537e+08
-5.554188412961212397e+08
-5.554083295205519199e+08
-5.553978100794774294e+08
-5.553872956011617184e+08
-5.553767801730151176e+08
-5.553662643485473394e+08
-5.553557490932867527e+08
-5.553452339087858200e+08
-5.553229951532857418e+08
-5.553007569831382036e+08
-5.552785194532769918e+08
-5.552562826009078026e+08
-5.552171135124689341e+08
-5.550333269351333380e+08
-5.546250324411230087e+08
-5.542169633486667871e+08
-5.538091202131304741e+08
-5.534015046748857498e+08
-5.524971422344868183e+08
-5.515939191024821997e+08
-5.506918466537266970e+08
-5.490977299442608356e+08
-5.475073111019040346e+08
-5.459206431735683680e+08
-5.443377747202641964e+08
-5.427587501326847076e+08
-5.411836096856427193e+08
-5.396123898198670149e+08
-5.380451231534008980e+08
-5.364818387699528933e+08
-5.333876884032084346e+08
-5.311675451546953321e+08
-5.289557489945765138e+08
-5.267523330313526392e+08
-5.245573185303648114e+08
-5.223707172425708175e+08
-5.201925291601018310e+08
-5.180227492256103754e+08
-5.147597234452112317e+08
-5.115157676180894375e+08
-5.082907483257771134e+08
-5.050845500783855915e+08
-5.018969035826613903e+08
-4.987278296071895957e+08
-4.966107747857542634e+08
-4.952414151646462083e+08
-4.943174547120141387e+08
-4.936419922630453110e+08
-4.929674201265268326e+08
-4.922936030240398645e+08
-4.918028113387717009e+08
-4.914554871368902326e+08
-4.912056783099381924e+08
-4.910212571967005730e+08
-4.908368972665454149e+08
-4.906525976391791701e+08
-4.904683630140277743e+08
-4.902841870935060978e+08
-4.901000735076287389e+08
-4.899160206347857118e+08
-4.897320296799781919e+08
-4.895480994481408596e+08
-4.892214320775579214e+08
-4.888949573908418417e+08
-4.885686750184745193e+08
-4.882425847368685007e+08
-4.875746764122766852e+08
-4.854661343219592571e+08
-4.833655615217550397e+08
-4.812728647818529606e+08
-4.791879835978303552e+08
-4.771108067552728057e+08
-4.750412695574893355e+08
-4.729792610717766285e+08
-4.709247325669353008e+08
-4.688775572130327821e+08
-4.668377110234788060e+08
-4.648050309751259685e+08
-4.627795549243507385e+08
-4.607610293583129048e+08
-4.593900693576817513e+08
-4.584477449242610931e+08
-4.575069249278635979e+08
-4.565676052413173318e+08
-4.556298292554180622e+08
-4.546934978799075484e+08
-4.537587285721725821e+08
-4.528253002571422458e+08
-4.522131214820156693e+08
-4.518085773713550568e+08
-4.514042880635503531e+08
-4.510002653058670163e+08
-4.505965733906667233e+08
-4.501930900408509970e+08
-4.497899861328114271e+08
-4.495148993559762836e+08
-4.493271231010380387e+08
-4.491394279477089047e+08
-4.489517965202368498e+08
-4.485199638701121807e+08
-4.481088697108445168e+08
-4.476980568727470040e+08
-4.472875482125728130e+08
-4.468772949433223009e+08
-4.464673558470540047e+08
-4.460576509681659341e+08
-4.456482669658100009e+08
-4.452391356000454426e+08
-4.448303327755557895e+08
-4.444217356628776193e+08
-4.440135132101588249e+08
-4.436054844451761842e+08
-4.431977927198124528e+08
-4.427902707906873822e+08
-4.423831301646599770e+08
-4.419762492687250972e+08
-4.415696400250349641e+08
-4.411632746489483118e+08
-4.407572213964819908e+08
-4.403513942919169664e+08
-4.399458906164892316e+08
-4.395406406412363648e+08
-4.391356631147320271e+08
-4.387309569941138625e+08
-4.383265224988563061e+08
-4.372136666231907606e+08
-4.353280836199042201e+08
-4.334483562783637643e+08
-4.315744378300586343e+08
-4.297062853387341499e+08
-4.278438564049637914e+08
-4.259871115937594175e+08
-4.241360125926717520e+08
-4.211399802776446342e+08
-4.181586165683082342e+08
-4.151917888020036817e+08
-4.122393761442632079e+08
-4.074266627916494012e+08
-4.026520461605119705e+08
-3.979151882668086290e+08
-3.932158193121107817e+08
-3.885537384371749163e+08
-3.839287958647969365e+08
-3.793409103902243376e+08
-3.747900158942639828e+08
-3.702761582202699780e+08
-3.657992624480486512e+08
-3.613596510985402465e+08
-3.584272599894071221e+08
-3.564862051917241216e+08
-3.545525569032102823e+08
-3.526261252008507848e+08
-3.507070440989578962e+08
-3.487953790239226222e+08
-3.468909465003159046e+08
-3.449939290702282190e+08
-3.431043724558935761e+08
-3.412220727207933664e+08
-3.393472566296669841e+08
-3.374798389872120023e+08
-3.356198589138753414e+08
-3.337673132265886068e+08
-3.319222421658704877e+08
-3.300846391640450358e+08
-3.282545352141681910e+08
-3.264319268961315751e+08
-3.246168468138006926e+08
-3.228092891462431550e+08
-3.210092894521738887e+08
-3.192168353512071371e+08
-3.174319707945855260e+08
-3.156546701038218737e+08
-3.138849948136799335e+08
-3.121228921130625010e+08
-3.103684612229570150e+08
-3.086215916423205137e+08
-3.068824670258704424e+08
-3.051509037513770461e+08
-3.034270258739141822e+08
-3.017107958705403209e+08
-3.000023463563153148e+08
-2.983014447443404198e+08
-2.971285641050483584e+08
-2.959593453896348476e+08
-2.947938571192303300e+08
-2.936319097783530951e+08
-2.924737988736857772e+08
-2.916855604249991179e+08
-2.908990170683236122e+08
-2.901141979753339887e+08
-2.893311347945744991e+08
-2.881594261926383376e+08
-2.869916156388038397e+08
-2.858276241940579414e+08
-2.846675896349949837e+08
-2.835113682703542709e+08
-2.823591332383530736e+08
-2.812107621594694257e+08
-2.800663033885548115e+08
-2.789255839674015045e+08
-2.777888927040398121e+08
-2.770040236808710098e+08
-2.762209742925540805e+08
-2.754398115659555793e+08
-2.746605001971983314e+08
-2.738831199214897752e+08
-2.731074693923287392e+08
-2.723337988323879838e+08
-2.715619960187739730e+08
-2.707920630928471684e+08
-2.700238452659487724e+08
-2.692576149180282950e+08
-2.684932631149501204e+08
-2.677307814038543403e+08
-2.669700095615014732e+08
-2.662112222717154026e+08
-2.654543178413353562e+08
-2.646992741336425841e+08
-2.639459491294101775e+08
-2.631945925403808951e+08
-2.624451201416409612e+08
-2.616974404089984000e+08
-2.607696709867582321e+08
-2.598447731021058857e+08
-2.589227461537908912e+08
-2.580035868225078285e+08
-2.557152441213598847e+08
-2.520214284592620432e+08
-2.483751452693017125e+08
-2.447762137961659133e+08
-2.391921655719002187e+08
-2.337246354402474165e+08
-2.283726084143574238e+08
-2.231349479642528296e+08
-2.180103989993724227e+08
-2.129976286020056903e+08
-2.080951956404967308e+08
-2.033016095236155689e+08
-1.986152708731264174e+08
-1.940345773897295594e+08
-1.895577871567901075e+08
-1.851832513767144978e+08
-1.809090585842130780e+08
-1.767336486962721944e+08
-1.726549133435232937e+08
-1.686712297022010982e+08
-1.647804141217969060e+08
-1.609810691639081836e+08
-1.572709278902134299e+08
-1.536488486036601961e+08
-1.501119429597014487e+08
-1.466586590994318128e+08
-1.432877891817170382e+08
-1.399968200355759263e+08
-1.367843215721901059e+08
-1.336483786815214306e+08
-1.305872527376357764e+08
-1.275992080632283390e+08
-1.246825422965952903e+08
-1.218355699920889437e+08
-1.190566392415840626e+08
-1.163441234357049912e+08
-1.136964287332088798e+08
-1.111119889490573406e+08
-1.073314709752812088e+08
-1.036861522110173553e+08
-1.001710681869008541e+08
-9.678140606724332273e+07
-9.351252397090706229e+07
-9.035994337894214690e+07
-8.731934108808666468e+07
-8.438654857238526642e+07
-8.155754695017524064e+07
-7.882846554646156728e+07
-7.619557990065833926e+07
-7.365530422431623936e+07
-7.120418975131401420e+07
-6.883891795796968043e+07
-6.655630208381988108e+07
-6.435327233217980713e+07
-6.222688519214437157e+07
-6.017430750170434266e+07
-5.819281874854445457e+07
-5.627980331203039736e+07
-5.443274767462604493e+07
-5.264923860969369113e+07
-5.092695593485124409e+07
-4.926367247280197591e+07
-4.765724301661387831e+07
-4.661744971128186584e+07
-4.592692397378417850e+07
-4.524710090699747950e+07
-4.457780584466838092e+07
-4.391886532430396229e+07
-4.327011018721118569e+07
-4.263137456756742299e+07
-4.200249400179845095e+07
-4.088497095440468192e+07
-3.979849460879282653e+07
-3.874215705506440252e+07
-3.771507552217538655e+07
-3.671639748631631583e+07
-3.497832312505073100e+07
-3.332596557089205086e+07
-3.175486922740452737e+07
-3.026086288979285210e+07
-2.883999560863324255e+07
-2.748854045731403306e+07
-2.620297085769617558e+07
-2.414714668239160627e+07
-2.225892328187354654e+07
-2.052420812065237388e+07
-1.893008811575914174e+07
-1.746490790688654780e+07
-1.611800588470736519e+07
-1.487962000963417068e+07
-1.374078185959397256e+07
-1.269336378069976903e+07
-1.172983484615632705e+07
-1.084338729258627445e+07
-1.002774244477883354e+07
-9.277167510275024921e+06
-8.586347672274354845e+06
-8.138197483094745316e+06
-7.715149853748178110e+06
-7.315780862790749408e+06
-6.938723009760916233e+06
-6.582748630654282868e+06
-6.246626340925265104e+06
-5.929249267117389478e+06
-5.629552630746310577e+06
-5.346552138379135169e+06
-5.079272763772155158e+06
-4.826866660580117255e+06
-4.588433232370427810e+06
-4.363255758551325649e+06
-4.150548323156348430e+06
-3.949619726471764501e+06
-3.759765866816615220e+06
-3.580439790367477573e+06
-3.410974154785368592e+06
-3.250850144614643417e+06
-3.099532257864188403e+06
-2.956554080514833331e+06
-2.821403434875220060e+06
-2.693691947970369365e+06
-2.572936287457558792e+06
-2.458810442100056447e+06
-2.350875184069087729e+06
-2.248831372487844899e+06
-2.152328003297981806e+06
-2.061104189537389204e+06
-1.974786273203763645e+06
-1.893139851952293422e+06
-1.815890291258610552e+06
-1.742826899858292891e+06
-1.673674086259689415e+06
-1.608226167334646452e+06
-1.546276453140339116e+06
-1.487629003556698794e+06
-1.391237942472706782e+06
-1.303705028463231167e+06
-1.224164539528516121e+06
-1.102466885700711049e+06
-9.991798187996232882e+05
-9.112634199879466323e+05
-7.975234405380701646e+05
-7.082933834335831925e+05
-6.375357004968757974e+05
-5.808466163518093526e+05
-5.349461264702215558e+05
-4.973078996710212668e+05
-4.659781802359565627e+05
-4.394723642848845338e+05
-4.033552725477797212e+05
-3.739511031478114310e+05
-3.491952916146035423e+05
-3.277355264164782711e+05
-3.086394240104635246e+05
-2.912830870200726786e+05
-2.752804232627923484e+05
-2.603943704693366308e+05
-2.464684348853238334e+05
-2.333869449832814280e+05
-2.210617291910697822e+05
-2.094253509658816620e+05
-1.984257919262670912e+05
-1.829423049121488584e+05
-1.686881512514818169e+05
-1.555588715962491988e+05
-1.434606789251067967e+05
-1.323086028638445132e+05
-1.220269232911985746e+05
-1.125475232222248887e+05
-1.038077161592005723e+05
-9.574907451147444954e+04
-8.831783230647306482e+04
-8.146480618159902224e+04
-7.514502914606421837e+04
-6.931678348220467160e+04
-6.394164914499870792e+04
-5.898406003156008228e+04
-5.441162970511314779e+04
-5.019420845376568468e+04
-4.630434847503218043e+04
-4.271623862329058466e+04
-3.940671081130862149e+04
-3.635378447113055154e+04
-3.353770082931519573e+04
-3.094000260319723384e+04
-2.854371282273704128e+04
-2.633318332964052752e+04
-2.429399323819265919e+04
-2.241284095497378439e+04
-2.067745845230987106e+04
-1.907653278329987734e+04
-1.759963355687597868e+04
-1.623714201838456211e+04
-1.498018571151709875e+04
-1.382058101720982813e+04
-1.275078096557695972e+04
-1.129627367355311071e+04
-1.000775018179309518e+04
-8.866253516652417602e+03
-7.854992815995324236e+03
-6.959100212772881605e+03
-6.165409983622052096e+03
-5.462259711567827253e+03
-4.839316861030983091e+03
-4.287428375127423351e+03
-3.798487141678113858e+03
-3.365312088521703117e+03
-2.981541571019560706e+03
-2.641539590357413545e+03
-2.340313307215080840e+03
-2.073439841725336009e+03
-1.837000984780691851e+03
-1.627525518458464603e+03
-1.441938168689530130e+03
-1.277514462908810401e+03
-1.131840785306678299e+03
-1.002778815746078294e+03
-8.884341032582497064e+02
-7.871283262708735720e+02
-6.973745034241873100e+02
-6.178552943549516385e+02
-5.474036230511378562e+02
-4.849854675279129879e+02
-4.296847220601723052e+02
-3.806897690334073445e+02
-3.372815884729418485e+02
-2.988231108952065256e+02
-2.647499087796239792e+02
-2.345619298060041444e+02
-2.078161665376986775e+02
-1.841200976851864937e+02
-1.631259791557394578e+02
-1.445257132261291133e+02
-1.280463307675063618e+02
-1.134460222459651817e+02
-1.005104984568751689e+02
-8.905002261293275012e+01
-7.889625249743902202e+01
-6.990023237147259749e+01
-6.192998713939485356e+01
-5.486853013294975767e+01
-4.861224441730787049e+01
-4.306933415292667888e+01
-3.815842064890966157e+01
-3.380748712411322998e+01
-2.995266506246644767e+01
-2.653736657981051650e+01
-2.351149448214542304e+01
-2.083064908510177560e+01
-1.845548671360569415e+01
-1.635113055841807395e+01
-1.448672110493259169e+01
-1.283492032105123215e+01
-1.137144851365554388e+01
-1.007484033324596773e+01
-8.926073075061969675e+00
-7.908300017904476675e+00
-7.006581521778703525e+00
-6.207658309642720695e+00
-5.499852130023383801e+00
-4.872748475606955232e+00
-4.317147527963583364e+00
-3.824890167702160948e+00
-3.388775163458399131e+00
-3.002385020682698524e+00
-2.660024220476161716e+00
-2.356730458866892253e+00
-2.088005025918978852e+00
-1.849939508241837949e+00
-1.638996576474240019e+00
-1.452112525928223707e+00
-1.286546633896406888e+00
-1.139838621680061337e+00
-1.009881661902382932e+00
-8.947274383190118030e-01
-7.927111609397161640e-01
-7.023228242117321996e-01
-6.222469870296886141e-01
-5.512916786034809391e-01
-4.884376061960714055e-01
-4.327352425433442229e-01
-3.834067699110942917e-01
-3.195551791317927659e-01
-2.663264334163745195e-01
-2.219711061101701799e-01
-1.850036669106498444e-01
-1.541911923335907153e-01
-1.285202986947715509e-01
-1.071132012860544352e-01
-8.927255139078668633e-02
-7.440849818056397003e-02
-6.202251473528867104e-02
-5.167871435475973607e-02
-4.306412250886521020e-02
-3.589899638705593837e-02
-2.992490150759273895e-02
-2.494135308924934000e-02
-2.078340572598800368e-02
-1.732373119484369173e-02
-1.315192343234767441e-02
-9.984789387986959391e-03
-7.580444905500464958e-03
-5.747893901286543240e-03
-4.380040369823901512e-03
-3.335880862438992886e-03
-2.518192859347562120e-03
-1.917212032616757338e-03
-1.454717270527958444e-03
-1.102610017032282230e-03
-7.014531879836874212e-04
-4.688967897655450128e-04
-3.079794928618392858e-04
-2.055374942009864430e-04
-1.294585979851845827e-04
-7.943045291578268126e-05
-3.369213481120332673e-05
-2.106382930854974793e-05
-4.523731038587416214e-06
-8.158033938298273063e-06
-3.619424704568153343e-07
1.634021817213813087e-05
1.074789992303799269e-05
3.210596491811183012e-06
-7.884173061514051004e-06
-6.503218982054930386e-06
2.920974740353483709e-06
3.222379181321654859e-06
-1.465080932445023435e-05
-5.085187935137774987e-06
3.157669647331394833e-06
5.083391735656025205e-07
-1.143396164417798483e-05
5.381213751873220503e-06
-2.343116089445010233e-06
-6.817347337637803969e-06
-1.383759065472243827e-05
7.859414590460338126e-06
1.792606625372048418e-06
