7.612117169244320536e-29
1.215875933640314367e-22
9.581726209603649680e-21
4.676768985223969639e-20
1.401753505042571229e-19
7.511041865828174359e-19
2.177733174315436672e-18
4.770459475360972605e-18
8.840367385686296459e-18
1.463007326102410160e-17
2.230288677386713931e-17
3.194447315045012266e-17
4.357192566426965304e-17
5.714634071629782577e-17
7.258622928775822146e-17
1.001932346390038429e-16
1.316266983916726136e-16
1.662966745196589143e-16
2.300848736567402165e-16
3.414849885924037037e-16
4.605292245205024876e-16
5.831216044650523222e-16
7.073979700136565507e-16
8.328778663246777409e-16
1.142458475750755481e-15
1.456396125499240945e-15
1.773640764453366551e-15
2.093371640934459419e-15
2.630570725418336818e-15
3.174754663481228694e-15
4.383151844568235031e-15
5.626128192471540762e-15
6.903510603771375099e-15
9.309271145294472008e-15
1.182644689520485148e-14
1.445364088400075083e-14
1.718928078319312966e-14
2.254744317326967742e-14
2.826195905373946259e-14
3.432103805438954395e-14
4.071246695487771318e-14
4.742387416399394406e-14
5.444294027525774715e-14
6.175755225672474009e-14
6.935591669407148992e-14
8.186805993018999216e-14
9.501360640705166982e-14
1.087535857908998727e-13
1.230526219609874691e-13
1.378789655733841598e-13
1.532043310276906107e-13
1.690037015877505192e-13
1.935593501244364980e-13
2.190717778665662504e-13
2.454919644732223058e-13
2.727821669102894451e-13
3.009141756177487344e-13
3.298678110604196100e-13
3.596296244310929416e-13
3.901917669260018609e-13
4.458575413640459163e-13
5.039975499369204833e-13
5.646479987623328046e-13
6.278626661547099615e-13
6.937067470893098747e-13
7.622548466038779018e-13
8.335899651321337072e-13
9.078017016392220640e-13
1.029252179969932679e-12
1.250084830443791347e-12
1.413768137014450310e-12
1.588898184036623441e-12
1.776191030379488247e-12
1.976407804771258148e-12
2.190354371394288562e-12
2.418889848014301160e-12
2.662934193546842787e-12
2.923470327788534138e-12
3.201545080475118783e-12
3.498273321788867189e-12
3.814844284529825026e-12
4.337120242510354278e-12
4.913072080951940306e-12
5.548034481987822186e-12
6.247884696689408838e-12
7.019099208236027931e-12
7.868815586529832924e-12
8.804898301517808572e-12
9.836010767171924830e-12
1.097169604083943226e-11
1.222246642320077279e-11
1.359990150710200785e-11
1.511675550793125301e-11
1.678707566240190066e-11
1.862633307646024683e-11
2.065156681648539375e-11
2.288154228749610640e-11
2.533692556297965997e-11
2.804047553304999887e-11
3.101725560237122847e-11
3.429486673624446321e-11
3.790370401866750715e-11
4.187723922481668917e-11
4.625233207556309499e-11
5.106957301209602060e-11
5.637366065087058811e-11
6.221381747583333127e-11
6.864424768387962103e-11
7.572464144823868728e-11
8.352073028962548567e-11
9.210489875527215472e-11
1.015568581520213128e-10
1.119643886506047132e-10
1.234241567119965075e-10
1.360426155084236879e-10
1.499369968114375034e-10
1.652364036888670322e-10
1.820830143078746864e-10
2.006334082053927838e-10
2.210600275692525465e-10
2.435527873766515105e-10
2.683208498079294082e-10
2.955945790071308113e-10
3.256276968650554604e-10
3.586996577105258271e-10
3.951182667009972043e-10
4.352225663776308703e-10
4.793860192765223890e-10
5.280200174739155087e-10
5.815777532148096140e-10
6.405584884668642683e-10
7.055122653286266927e-10
7.770451038039610759e-10
8.558247385833523564e-10
9.425869521963963527e-10
1.038142568300671135e-09
1.143385176053818206e-09
1.259299666890603016e-09
1.386971655372152951e-09
1.527597932748954916e-09
1.682497977479006639e-09
1.853126737851054815e-09
2.041088734482365965e-09
2.248153770029542734e-09
2.476274218516622334e-09
2.727604293190686934e-09
3.004521391260055880e-09
3.309649801228849571e-09
3.645887050640633188e-09
4.016433241621501800e-09
4.424823541707793866e-09
4.874964837532966434e-09
5.371176006821265949e-09
5.918233387317089881e-09
6.521421427726579252e-09
7.186589446247645621e-09
7.920215273002176342e-09
8.729476749430405630e-09
9.622332170835429828e-09
1.060761095542903682e-08
1.169511603663941309e-08
1.289574002657475210e-08
1.422159547294255324e-08
1.568616548699773038e-08
1.730447456939518063e-08
1.909328081889424563e-08
2.107130046984961613e-08
2.325946350216442449e-08
2.568120903308839307e-08
2.836282650863963999e-08
3.133385227546548432e-08
3.462753128666978782e-08
3.828135728867669172e-08
4.118479938457208245e-08
4.431851008245828417e-08
4.770228978863209885e-08
5.135787294433150405e-08
5.530915526287575760e-08
5.958244886779749108e-08
6.420677616668273850e-08
6.921420616250200674e-08
7.464023768007184593e-08
8.052424914385245602e-08
8.691000648992251727e-08
9.384626295463049983e-08
1.013874495338529912e-07
1.095944859895240533e-07
1.185357227924485369e-07
1.282880537119875967e-07
1.389382165787705578e-07
1.505843360077781661e-07
1.633377387728519250e-07
1.734711835980113827e-07
1.843244568060877085e-07
1.959593922711802522e-07
2.084443395970135663e-07
2.218549901404410675e-07
2.362752866774235943e-07
2.468682142084234874e-07
2.545179392111693042e-07
2.624466935269749759e-07
2.706668611233743950e-07
2.791915321947600848e-07
2.880344581231297292e-07
2.947879312218303257e-07
2.997847799790415760e-07
3.048822742709028993e-07
3.100828811059565192e-07
3.153890357206287520e-07
3.193283854465674225e-07
3.221603624395515059e-07
3.250222080458057390e-07
3.279144156432315830e-07
3.299163669531034209e-07
3.313319124623773298e-07
3.327547274176943461e-07
3.341848190513419521e-07
3.351797681559757371e-07
3.361782596420260073e-07
3.371802969418169605e-07
3.378639566106264087e-07
3.385492705754208970e-07
3.392362477436148868e-07
3.393238650583121187e-07
3.394115075515573692e-07
3.394715166106253124e-07
3.395138278434122650e-07
3.395561453068075591e-07
3.395984689401777706e-07
3.396407988882626719e-07
3.396831352073131387e-07
3.397254778325975896e-07
3.397678267130277619e-07
3.398333201003853347e-07
3.398988285616440454e-07
3.399643521392878903e-07
3.400298908101980580e-07
3.401821937723729027e-07
3.405809252427543654e-07
3.409802144386638137e-07
3.413800568408520369e-07
3.417804584015262287e-07
3.426759333007928470e-07
3.435742143175761955e-07
3.444753070725992413e-07
3.461076872364148836e-07
3.493716546031194626e-07
3.526724596597896642e-07
3.577112588491854720e-07
3.628363906158082713e-07
3.680496335088936979e-07
3.733528066921762720e-07
3.839133527512600811e-07
4.039262345737939242e-07
4.252043378589577734e-07
4.396290627757663599e-07
4.546454644766473247e-07
4.702818115863617917e-07
4.865675836635347629e-07
5.035336050996055266e-07
5.212117914853363048e-07
5.396354064340292028e-07
5.588385496758342717e-07
5.788564618490496368e-07
5.997249763829569602e-07
6.214806106436299159e-07
6.365190846558271681e-07
6.470191186282774866e-07
6.577192233527701939e-07
6.686226845314556386e-07
6.797328193970032517e-07
6.910528728420822246e-07
7.025859075968181133e-07
7.143350121820502909e-07
7.263030457441312223e-07
7.384926721029519797e-07
7.509064649880362222e-07
7.635467166185969792e-07
7.764155310543338829e-07
7.895145570504331824e-07
8.028453311922381208e-07
8.164087365140003020e-07
8.302056162714876646e-07
8.442357454588645000e-07
8.584988475274662273e-07
8.729936532259464626e-07
8.831011871731968809e-07
8.933167756027969880e-07
9.036394201623669756e-07
9.140678917904372278e-07
9.246007415175247914e-07
9.352362605920394897e-07
9.459724803673808898e-07
9.568071394926615208e-07
9.677376706963385072e-07
9.787611688540495689e-07
9.898743723099706877e-07
1.001073630957961959e-06
1.012354880387958933e-06
1.023713612391921377e-06
1.035144834142370412e-06
1.043064829750012329e-06
1.048569872307763053e-06
1.054088582189495963e-06
1.059620245581421464e-06
1.070815007726119308e-06
1.082052825175723611e-06
1.093326559123642956e-06
1.104628470674841652e-06
1.115950126608669529e-06
1.127282413607275863e-06
1.138615468300388362e-06
1.149938676036102556e-06
1.161240566130853226e-06
1.172508729459007158e-06
1.183729883827220077e-06
1.194889810118755369e-06
1.205973211429629609e-06
1.216963684685708676e-06
1.227843705652662558e-06
1.238594512346047566e-06
1.249196243793463268e-06
1.259627695372208472e-06
1.269866132118867177e-06
1.279887766410754550e-06
1.289667206868946281e-06
1.299177469317574775e-06
1.308390604747991131e-06
1.317276188545348071e-06
1.325803624281269033e-06
1.333939216482324284e-06
1.341649571868571862e-06
1.348897622243922796e-06
1.355647530486625331e-06
1.361859384308839101e-06
1.367493920161346228e-06
1.372509885882535651e-06
1.376865269500747678e-06
1.380516998356873396e-06
1.383421570654938011e-06
1.385534921568329729e-06
1.386813028595274044e-06
1.387211893392226101e-06
1.386688272769868474e-06
1.385199637140154250e-06
1.382705498677820486e-06
1.379165562387425752e-06
1.374544140263565056e-06
1.368807026444298213e-06
1.361923808687820828e-06
1.353868745385567584e-06
1.344618852046426932e-06
1.338216280858306460e-06
1.331336053844403424e-06
1.323976489545046323e-06
1.316136877705106468e-06
1.307817511530345425e-06
1.299019819266505126e-06
1.289745403806005813e-06
1.279999434137364695e-06
1.269784320393495700e-06
1.259106712763141468e-06
1.247975352209768672e-06
1.236396806389256097e-06
1.224381472973080346e-06
1.211938959893813698e-06
1.199083688504173491e-06
1.185828506926074043e-06
1.172186101209849085e-06
1.158173903455555148e-06
1.143808780675277368e-06
1.129108573091457948e-06
1.114090903609435956e-06
1.098775644450621234e-06
1.083185137495409707e-06
1.067340735086243406e-06
1.051262934254160925e-06
1.034974552254824626e-06
1.018500355444878206e-06
1.001863892518978552e-06
9.850874626678528088e-07
9.681954102525288709e-07
9.512129035770853481e-07
9.341633971876368389e-07
9.170710264719382851e-07
8.999593053789934971e-07
8.828516710847857424e-07
8.657709594734157545e-07
8.487395809575745853e-07
8.317792369438374664e-07
8.149109906486393822e-07
7.894224955795158901e-07
7.642630683664985577e-07
7.394949281465598830e-07
7.151761743751509125e-07
6.913583138811149455e-07
6.680876186341134123e-07
6.454040458459387440e-07
6.233417656736330395e-07
6.019295660197270844e-07
5.811896275536013603e-07
5.611406313698683913e-07
5.417934819412498091e-07
5.231581600600511187e-07
5.108155096645741941e-07
5.026054701173320666e-07
4.945503412394331963e-07
4.866491369892513368e-07
4.789014598384231539e-07
4.713060788455535151e-07
4.638638431415205608e-07
4.588918862496528637e-07
4.555060608702800132e-07
4.521533518194361523e-07
4.488329392650474057e-07
4.455455492658409893e-07
4.422892604491388904e-07
4.390667005034329408e-07
4.368498649829079182e-07
4.346478421923328577e-07
4.324617600889563277e-07
4.302900945308592059e-07
4.281346985605496805e-07
4.259943314879835217e-07
4.238689184092784212e-07
4.217580944866925921e-07
4.196628276878416529e-07
4.175818991219120401e-07
4.155171472421641569e-07
4.134659825327268591e-07
4.114295841284403160e-07
4.094085870188522213e-07
4.074018958713333171e-07
4.054097316465682591e-07
4.034322052714160492e-07
4.014690920195464461e-07
3.995203242301116185e-07
3.957655542723345608e-07
3.920646105815935460e-07
3.884169521933653807e-07
3.816567846538665789e-07
3.702434237376590648e-07
3.593810466299766404e-07
3.490492180710198887e-07
3.392273812882811816e-07
3.298946226429839103e-07
3.210301071160634995e-07
3.126131306513520475e-07
3.046232551809630166e-07
2.970403898446327734e-07
2.898448772755187639e-07
2.830175600045056252e-07
2.765398359253919623e-07
2.703937007178161681e-07
2.645617796233599505e-07
2.590273502435840503e-07
2.537743567885492406e-07
2.487874178342721248e-07
2.440518274524646997e-07
2.395535517419258081e-07
2.352792204382875927e-07
2.312161939670698335e-07
2.273522219798481014e-07
2.236758631087328815e-07
2.201764294805746976e-07
2.168435022537831407e-07
2.136674464941504783e-07
2.106390174869799075e-07
2.077495941945183374e-07
2.049909543549260262e-07
2.023554548542210213e-07
1.998357660303445203e-07
1.974251566203405859e-07
1.951170695246844195e-07
1.929056422119479114e-07
1.907849457616247985e-07
1.887499660770907467e-07
1.867954145170694287e-07
1.849166450243416590e-07
1.831093744575646128e-07
1.813692932686166122e-07
1.796926072232263716e-07
1.780756548863517417e-07
1.765149971079802416e-07
1.750074362741536417e-07
1.735499658812684517e-07
1.721397658000364618e-07
1.699173720580445456e-07
1.678048533505098657e-07
1.657924600353536540e-07
1.638714767233003115e-07
1.620341163410859313e-07
1.602733554079951632e-07
1.585828603611019573e-07
1.569569211863307562e-07
1.545784922187477484e-07
1.523235476149765510e-07
1.501783614018590281e-07
1.481311172183634186e-07
1.461718237787313736e-07
1.442917940791927629e-07
1.424836781430398473e-07
1.407411078752563701e-07
1.390586237623626176e-07
1.374314724986639660e-07
1.363600802083098702e-07
1.353110044672467211e-07
1.342832113681616892e-07
1.332758015694408757e-07
1.322878815077786146e-07
1.313187241922970635e-07
1.303675330897489308e-07
1.294337276186506385e-07
1.285166692364108948e-07
1.276158051299529364e-07
1.267306092710046804e-07
1.258606218657788380e-07
1.250053692666887620e-07
1.241644879790782293e-07
1.233375475110179552e-07
1.225242052436057972e-07
1.217241241662683705e-07
1.209369993701270234e-07
1.201625105630245319e-07
1.194004251911954568e-07
1.186504053235288337e-07
1.179122633635468107e-07
1.171857538885602515e-07
1.164706408382242965e-07
1.157666990638045967e-07
1.150737526404067265e-07
1.143915946905065451e-07
1.137200186154105844e-07
1.130588801393618096e-07
1.124079887431129293e-07
1.117671776260146462e-07
1.111362959895951384e-07
1.105151966875789323e-07
1.097913433302129560e-07
1.092800385387727782e-07
1.087754774602552732e-07
1.082775974729572498e-07
1.077863207523553425e-07
1.073015587946321423e-07
1.068232396130059196e-07
1.063512873756681311e-07
1.055440088715878744e-07
1.047554609236000423e-07
1.039852784844200123e-07
1.032331139078780585e-07
1.024986279253124041e-07
1.017814950115712896e-07
1.010813961463145762e-07
1.003980263986803676e-07
9.973108437570881751e-08
9.908028422903290038e-08
9.844533869851711615e-08
9.782598140339199240e-08
9.722193545844642933e-08
9.663295197015201516e-08
9.605876414340356898e-08
9.549914531141921714e-08
9.513214200138241739e-08
9.488327192300967880e-08
9.463738385069902694e-08
9.439446044901124465e-08
9.411040357089640115e-08
9.383044384173777973e-08
9.341748248437212163e-08
9.273946432089281698e-08
9.208675364929779087e-08
9.145879469755033869e-08
9.085505686408556668e-08
9.027500818733194598e-08
8.971816739080929565e-08
8.918402637490575712e-08
8.867212253705005080e-08
8.818199391087292334e-08
8.771320238613883290e-08
8.726530910636793926e-08
8.683789987108863399e-08
8.643056401368753112e-08
8.604291042052823671e-08
8.567455780321979644e-08
8.532512676687162701e-08
8.499427374066319587e-08
8.449469687993702630e-08
8.404191487340453535e-08
8.363451472923682113e-08
8.327122432875700218e-08
8.295081237817418361e-08
8.267206847463552996e-08
8.251802262048209912e-08
8.237966742280131003e-08
8.225672845961125996e-08
8.214895437294362556e-08
8.200692818645943189e-08
8.190248641669293885e-08
8.183472303223234884e-08
8.180278061025997863e-08
8.180585309974065168e-08
8.184318015692966660e-08
8.191404742250540737e-08
8.201778478315420661e-08
8.215376537021299815e-08
8.232140485831847957e-08
8.252016022710304446e-08
8.274952913745032126e-08
8.300904915539007826e-08
8.329829680626106686e-08
8.361688770743792123e-08
8.396447474512697804e-08
8.434074995067419473e-08
8.474543982587104648e-08
8.517831061846243954e-08
8.563916887840165180e-08
8.612784781499981843e-08
8.664422885682129775e-08
8.718822269242507976e-08
8.775977423292545826e-08
8.835888444539273404e-08
8.898555715004435061e-08
8.963986818358090324e-08
9.032191553704226379e-08
9.103184010154252752e-08
9.176981518287586695e-08
9.253606075193059745e-08
9.333083668593926264e-08
9.415444150153161823e-08
9.500721935967001394e-08
9.588955550051205387e-08
9.680188245140253629e-08
9.774467630096092627e-08
9.871846277933262727e-08
9.972381581163570913e-08
1.007613602984701051e-07
1.018317738452845310e-07
1.029357889415145107e-07
1.040741949813340031e-07
1.052478408766144670e-07
1.064576374590349271e-07
1.077045605984116804e-07
1.089896539668913093e-07
1.103140328292247426e-07
1.116788870969962879e-07
1.130854861367631168e-07
1.145351817698952261e-07
1.160294150038398216e-07
1.170059230175240207e-07
1.180015668363810719e-07
1.190167841467801526e-07
1.200520276496177185e-07
1.211077678108219745e-07
1.230395471925490580e-07
1.250407670083077683e-07
1.271145740925386938e-07
1.292642956129780736e-07
1.314935848661746205e-07
1.338062624984066515e-07
1.362065595923483364e-07
1.386989000363340586e-07
1.412881246716255404e-07
1.439794250765323400e-07
1.467783968734523016e-07
1.496910768704818347e-07
1.527239869880416591e-07
1.558841787430886691e-07
1.591792867022773764e-07
1.626175862642305393e-07
1.662080823395538908e-07
1.699604685736398004e-07
1.738854565956979808e-07
1.779945908612463405e-07
1.805953780610258700e-07
1.832723150866392740e-07
1.860287113460772159e-07
1.888680220685332716e-07
1.917938715086089919e-07
1.948101454836310160e-07
1.979209286476668483e-07
2.011305838009823060e-07
2.044436934026072260e-07
2.078651798798291395e-07
2.114002622556359178e-07
2.150544936346706994e-07
2.188337962946126311e-07
2.227444852133819576e-07
2.267933020694277387e-07
2.309874597439873391e-07
2.353346706400207188e-07
2.398431980005255998e-07
2.445219034805466093e-07
2.493803018326214827e-07
2.544286214258236951e-07
2.596778714634435020e-07
2.651399173689110857e-07
2.708275641694274492e-07
2.767546511757500955e-07
2.806565558010546458e-07
2.846654582173562862e-07
2.887857351030985417e-07
2.930219673577498191e-07
2.973789707257439728e-07
3.018618407406938192e-07
3.064759204086511498e-07
3.112268811009916092e-07
3.161207757865359549e-07
3.211639068013539754e-07
3.263630196095329143e-07
3.317252497443877915e-07
3.372581650354761266e-07
3.429698028176576094e-07
3.488687009655327200e-07
3.549639499941984384e-07
3.612652218430917893e-07
3.677828259086431119e-07
3.745277594814962789e-07
3.815117659911804614e-07
3.887473981474420405e-07
3.962480885186705839e-07
4.040282265903119474e-07
4.121032452438965293e-07
4.204897148704338174e-07
4.260161752424553403e-07
4.316817455432846447e-07
4.374916313645623675e-07
4.434512673971742856e-07
4.495663374189587699e-07
4.558428144361683677e-07
4.622869933684161235e-07
4.689054482186087609e-07
4.757051238194405908e-07
4.826933964030627723e-07
4.898779188402715147e-07
4.972668376894944205e-07
5.048687305822539346e-07
5.126926497219897028e-07
5.207481644681092227e-07
5.290453869962640929e-07
5.375950178012253785e-07
5.464083868966716213e-07
5.554975004992788608e-07
5.648750912630313050e-07
5.745546737204473446e-07
5.845506040649718183e-07
5.948781464432688999e-07
6.055535790700811027e-07
6.165940985016315795e-07
6.280182606791535807e-07
6.398457664237086400e-07
6.520975502807147416e-07
6.647960757809257580e-07
6.779656434935692742e-07
6.916317380441926848e-07
7.058224295225295694e-07
7.205670199384280527e-07
7.358980185893837645e-07
7.518492867340970947e-07
7.684586645845995992e-07
7.857654840526841830e-07
8.038138134209726852e-07
8.226505759027578081e-07
8.423263023853892758e-07
8.628964858900111728e-07
8.844214567966634601e-07
9.069668023489916769e-07
9.306041769404805232e-07
9.554119472086651095e-07
9.814760065594807617e-07
1.008891017413944273e-06
1.037760138660138589e-06
1.068198078562627883e-06
1.100330651067635355e-06
1.120440484552573803e-06
1.141240043245067243e-06
1.162764663858597638e-06
1.185051860349965173e-06
1.208141017258718326e-06
1.232074595897018148e-06
1.256897974254086003e-06
1.282659747464617908e-06
1.309412002900311141e-06
1.337210732210444121e-06
1.366116065854822976e-06
1.396192726261977284e-06
1.427510454844026941e-06
1.460144498193784683e-06
1.494176150854525920e-06
1.529693364378906433e-06
1.566791428525133754e-06
1.590948771186703721e-06
1.615797563580179668e-06
1.641366893066756300e-06
1.667687388174049946e-06
1.694791175038172517e-06
1.722712322422148996e-06
1.751486569589661739e-06
1.781151859270805491e-06
1.811748794968243283e-06
1.843319480893116553e-06
1.875909490645580372e-06
1.909566621049588105e-06
1.944342005617485297e-06
1.980289326225355177e-06
2.017466281963487412e-06
2.055934105414559976e-06
2.095758108720186362e-06
2.137007863985349907e-06
2.179757655113386896e-06
2.224086855522801314e-06
2.270080357318556261e-06
2.317829046070873977e-06
2.367430327169583182e-06
2.418988703749346587e-06
2.449795046527205862e-06
2.481318481415200604e-06
2.513583261884372816e-06
2.546614665160532271e-06
2.580438921941776064e-06
2.615083504746031938e-06
2.650576968732775794e-06
2.686949241262643591e-06
2.724231884557589230e-06
2.762457416001938778e-06
2.801660454220451456e-06
2.841876759015926261e-06
2.883144023293610527e-06
2.925501789565780543e-06
2.968991477973413833e-06
3.013656554946586630e-06
3.059542658668217985e-06
3.106697726833398101e-06
3.155172138759815052e-06
3.205018867522489899e-06
3.256293644098713095e-06
3.309055131809464686e-06
3.363365231080686703e-06
3.419288723424520513e-06
3.476894705655807499e-06
3.536255123426934119e-06
3.597446992276622601e-06
3.660550675310326672e-06
3.725651374311934462e-06
3.792840130685406371e-06
3.862211828578411033e-06
3.933867823863351458e-06
4.007915410026845000e-06
4.084468294920579122e-06
4.163647147884698244e-06
4.245580114957293053e-06
4.330403370896133985e-06
4.418262014220747975e-06
4.509309344479042216e-06
4.603710213688106862e-06
4.701639431889645911e-06
4.803284082419116871e-06
4.908842410093659625e-06
5.018527531042750941e-06
5.132567072223749451e-06
5.251204468008139477e-06
5.374699267289806778e-06
5.503334231164268993e-06
5.637406153907350370e-06
5.777237140315534150e-06
5.923173520519281989e-06
6.075587013709075117e-06
6.234877710852787736e-06
6.401476616184396021e-06
6.510226631683343497e-06
6.622173848128809036e-06
6.737447403701696677e-06
6.856183323756863178e-06
6.978523647839923050e-06
7.104617515290942933e-06
7.234622067021059622e-06
7.368701337608621488e-06
7.507028062780848989e-06
7.649785647611675668e-06
7.797164178166792581e-06
7.949364866410325520e-06
8.106599246133659723e-06
8.269089951482551943e-06
8.437070951159438123e-06
8.610788398508231891e-06
8.790501284911267637e-06
8.976482065363787947e-06
9.169017336723012926e-06
9.368408531667187189e-06
9.486911564494378174e-06
9.607874184167621365e-06
9.731361917692011877e-06
9.857442619219022783e-06
9.986185446872522848e-06
1.011766202178027395e-05
1.025194545201102685e-05
1.038911141858868525e-05
1.052923754388602214e-05
1.067240370912951334e-05
1.081869160842442228e-05
1.096818544008120588e-05
1.112097171233406789e-05
1.127713912114937333e-05
1.143677863772431803e-05
1.159998354529707121e-05
1.176684943363312642e-05
1.193747419225378466e-05
1.211195799564980177e-05
1.229040328340128804e-05
1.247291471835452635e-05
1.258306947460798487e-05
1.269471315819332284e-05
1.280786862545091441e-05
1.292255903894440829e-05
1.303880776305016796e-05
1.325757904096379825e-05
1.348189171510906751e-05
1.371189833753673361e-05
1.394775372736681277e-05
1.418961439164253109e-05
1.443763816783194953e-05
1.469198378964941388e-05
1.495281034276234558e-05
1.522027664244270131e-05
1.549454078823180305e-05
1.577575813276065503e-05
1.606408251933061292e-05
1.635966392217732003e-05
1.666264630084985119e-05
1.697316764450945169e-05
1.729135998769030979e-05
1.761734354581012747e-05
1.795122833893136551e-05
1.829311117526327967e-05
1.864307297354992637e-05
1.900117711337232494e-05
1.936746602072753062e-05
1.974195840539794098e-05
2.012464614394037743e-05
2.051549082888867785e-05
2.091442103983557493e-05
2.132132521087968445e-05
2.173605147855444457e-05
2.215840001972599243e-05
2.258812612662489591e-05
2.285273695616855233e-05
2.311987953570574140e-05
2.338946766701932673e-05
2.366140550051744755e-05
2.393558752175463600e-05
2.421189870867931977e-05
2.449021422474168628e-05
2.477039905450761350e-05
2.505230773129517831e-05
2.533578411729264866e-05
2.562066122245443013e-05
2.590676106013902824e-05
2.619389456803931232e-05
2.636088831260453700e-05
2.652812159569890366e-05
2.669555240156181776e-05
2.686313781668658404e-05
2.703083347162681582e-05
2.719859345837440182e-05
2.736637101433961059e-05
2.753411793735977608e-05
2.770178522001376408e-05
2.786932240946025103e-05
2.803667835324826890e-05
2.820380060617726106e-05
2.837063581917007439e-05
2.853712979730894288e-05
2.870322747585456872e-05
2.886887298319518159e-05
2.903400972467437067e-05
2.919858046146993686e-05
2.936252738837258472e-05
2.952579221972627497e-05
2.968831628079206790e-05
2.985004060732116620e-05
3.001090604671211267e-05
3.017085337138703454e-05
3.032982339071499582e-05
3.048775714654168933e-05
3.064459573362986655e-05
3.080028098662259035e-05
3.095475500841144448e-05
3.110796088621259673e-05
3.125984233775666794e-05
3.141034412350235730e-05
3.155941222530942320e-05
3.170699394161814239e-05
3.194482973203673093e-05
3.230178782281527993e-05
3.264784055771368439e-05
3.298237653676571265e-05
3.330489313348571897e-05
3.361501809544848883e-05
3.391252633877099202e-05
3.419735323419800679e-05
3.436632773678670023e-05
3.453060997996035080e-05
3.469028447291259428e-05
3.484546483694945222e-05
3.499628913126682925e-05
3.514293589974566527e-05
3.528560999130475324e-05
3.542454200900941610e-05
3.555999252191398361e-05
3.569225114011806351e-05
3.582163500627378173e-05
3.594848796758606536e-05
3.607317972008008419e-05
3.619610464756890057e-05
3.631768047119170769e-05
3.639413652677820217e-05
3.647034612710937034e-05
3.654642885589139692e-05
3.662250371825650759e-05
3.669869422612183368e-05
3.677512720546938327e-05
3.685193322850618112e-05
3.692924491021663043e-05
3.700719380676818700e-05
3.708591633619658627e-05
3.716555009552078496e-05
3.724623361763400878e-05
3.732810672343497263e-05
3.741131056081144039e-05
3.749598705745286169e-05
3.758227899055416999e-05
3.767032981084505376e-05
3.776028343947423398e-05
3.785228411578068250e-05
3.794647627258430396e-05
3.804300441192809298e-05
3.814201298764209147e-05
3.824364629355999653e-05
3.834804836725429970e-05
3.845536289610073294e-05
3.856573314499875843e-05
3.867930161652894657e-05
3.879621089551264795e-05
3.891660287450560525e-05
3.904061807786407572e-05
3.916839646769564368e-05
3.930007825295721448e-05
3.943580225097022263e-05
3.957570631132446371e-05
3.971992829155636601e-05
3.986860523119172060e-05
4.002187305927665646e-05
4.017986756562237231e-05
4.034272394743203906e-05
4.051057678101693311e-05
4.068356036679332853e-05
4.086180854595584261e-05
4.104545488309344319e-05
4.123463281845339231e-05
4.142947571157614165e-05
4.163011690829639090e-05
4.183668985388953193e-05
4.204932821666328331e-05
4.226816600021636943e-05
4.249333765964927927e-05
4.272497822165858308e-05
4.296322341595864783e-05
4.320821002918649018e-05
4.346007510439432297e-05
4.371895743570278583e-05
4.398499733472500993e-05
4.425833577230293541e-05
4.453911500519969424e-05
4.482748030431231667e-05
4.512357736434880975e-05
4.542755474216979343e-05
4.573956299075865751e-05
4.605975530184046784e-05
4.638828573180969679e-05
4.672531295589842348e-05
4.707099654974589690e-05
4.742550101105417088e-05
4.778899249235941265e-05
4.816163984381907707e-05
4.854361769255784143e-05
4.893510247749330657e-05
4.933627420655718970e-05
4.974731728674454276e-05
5.016842032493379225e-05
5.059977609244958446e-05
5.104158167439161762e-05
5.149403868828268541e-05
5.195735348079103536e-05
5.243173729411364025e-05
5.291740641844384978e-05
5.341458235449643362e-05
5.392349197469089721e-05
5.444436769205444573e-05
5.497744761315496856e-05
5.552297615953319176e-05
5.608120283028553360e-05
5.665238308512785480e-05
5.723678006795910597e-05
5.783466365763606433e-05
5.844630822411189894e-05
5.907199654145877976e-05
5.971201898355603323e-05
6.036667055252869591e-05
6.103625631145043347e-05
6.172108685785712982e-05
6.242148055738439027e-05
6.313776409736334598e-05
6.387027200085464347e-05
6.461934666041176058e-05
6.538533860591897731e-05
6.616860672681875008e-05
6.696951843606682427e-05
6.778844982945498449e-05
6.862578587103444077e-05
6.948192058691364656e-05
7.035725727942422321e-05
7.125220874353458485e-05
7.182694486528880653e-05
7.240975972022549499e-05
7.300076257083576773e-05
7.360006480345577379e-05
7.420777963199293257e-05
7.482402197971186079e-05
7.544890805070316570e-05
7.608255613226307861e-05
7.672508662752452503e-05
7.737662143992378428e-05
7.803728434005101453e-05
7.870720168866069018e-05
7.938650156199013037e-05
8.007531417213928089e-05
8.077377206820078809e-05
8.148201017719603064e-05
8.220016586340149684e-05
8.292837903002024994e-05
8.366679224607666580e-05
8.441555088010562163e-05
8.517480324183171264e-05
8.594470073403819368e-05
8.672539801987641007e-05
8.751705320425906868e-05
8.831982803260989185e-05
8.913388810458337927e-05
8.995940310816303047e-05
9.079654706985088952e-05
9.164549862990524986e-05
9.250644133266351437e-05
9.337956402544329534e-05
9.426506108918373964e-05
9.516313263694917721e-05
9.607398514547036772e-05
9.699783196693988641e-05
9.793489375793541904e-05
9.888539882660472987e-05
9.984958358893070585e-05
1.008276933674388245e-04
1.018199824563326594e-04
1.028267151602163467e-04
1.038481667168149943e-04
1.048846236028752376e-04
1.059363836861627265e-04
1.070037582889887752e-04
1.080870722942867921e-04
1.091866648154943167e-04
1.103028902257965779e-04
1.114361186166355110e-04
1.125867388598604291e-04
1.137551576004535456e-04
1.149418003717235916e-04
1.161471131261602384e-04
1.173715636202538601e-04
1.186156425929937782e-04
1.198798648960358213e-04
1.211647709082160551e-04
1.224709278660237449e-04
1.237989312729832585e-04
1.251494063960363612e-04
1.265230098259720077e-04
1.279204310992951862e-04
1.293423943825063439e-04
1.307896602279054661e-04
1.322630274026772993e-04
1.337633348002462152e-04
1.352914634338131105e-04
1.368483385251956566e-04
1.384349316854968962e-04
1.400522632103809743e-04
1.417014044743910911e-04
1.427473719102991141e-04
1.438064532829793328e-04
1.448789424911204444e-04
1.459651422101291326e-04
1.470653643280166916e-04
1.481799302772860772e-04
1.493091716225307516e-04
1.504534298399307296e-04
1.516130567922712032e-04
1.534417720524755904e-04
1.553096978143166790e-04
1.572183088174818521e-04
1.591691503026831077e-04
1.611638410812811213e-04
1.632040881863303268e-04
1.652916768827126408e-04
1.674284800351836513e-04
1.696164646183388215e-04
1.718576964115837329e-04
1.741543447882361697e-04
1.765086895091047851e-04
1.789231265234724659e-04
1.814001747874901367e-04
1.839424838151418752e-04
1.865528417515049909e-04
1.892341840132897245e-04
1.919896025937333427e-04
1.948223561272270860e-04
1.977358807794738133e-04
2.007338020458650837e-04
2.026179772496210034e-04
2.045363317244214046e-04
2.064898258284767504e-04
2.084794512826482346e-04
2.105062338159751603e-04
2.125712352761523422e-04
2.146755559607877969e-04
2.168203342800613419e-04
2.190067515712491614e-04
2.212360315041078966e-04
2.235094420441509756e-04
2.258282996252413864e-04
2.281939700792599921e-04
2.306078714484864753e-04
2.330714742462634131e-04
2.355863056879375862e-04
2.381539516252364650e-04
2.407760633617988264e-04
2.434543554583390771e-04
2.461906105647129642e-04
2.489866834558754219e-04
2.518445046596594762e-04
2.547660841053683606e-04
2.577535149773252658e-04
2.608089783361337995e-04
2.639347475353605549e-04
2.671331930448687378e-04
2.704067876335578208e-04
2.737581118773055734e-04
2.771898600071072546e-04
2.807048461237413852e-04
2.843060108158271411e-04
2.879964282087105133e-04
2.917793134827480466e-04
2.956580308872835830e-04
2.996361023000515566e-04
3.037172163552532178e-04
3.079052382137225925e-04
3.105231815942959646e-04
3.131836560681543658e-04
3.158876590362374678e-04
3.186362153171518204e-04
3.214303797967240630e-04
3.242712396336131365e-04
3.271599147721987347e-04
3.300975602176075543e-04
3.330853672694250502e-04
3.361245639659370837e-04
3.392164166138077284e-04
3.423622326407393273e-04
3.455633602725960017e-04
3.488211915484404390e-04
3.521371640311178239e-04
3.555127608258979366e-04
3.589495148600569947e-04
3.624490090083608827e-04
3.660128781350077752e-04
3.696428134342962077e-04
3.733405622145323619e-04
3.771079309346167269e-04
3.809467878546445962e-04
3.848590656756925143e-04
3.888467641424349125e-04
3.929119528094653525e-04
3.970567739837796970e-04
4.012834458253163885e-04
4.055942656020737071e-04
4.099916131021051212e-04
4.144779542142753128e-04
4.190558446865795170e-04
4.237279340750405043e-04
4.284969698914788149e-04
4.333658019644460861e-04
4.383373870214733151e-04
4.434147935103794139e-04
4.486012066662603548e-04
4.538999338485129082e-04
4.593144101482089076e-04
4.648482051190001461e-04
4.705050269535861413e-04
4.762887293005901379e-04
4.822033208784231206e-04
4.882529711200249986e-04
4.979719307419983856e-04
5.080476849742037370e-04
5.184986305786438206e-04
5.293444389990129830e-04
5.406061067730002796e-04
5.523060389028921048e-04
5.644681828945849380e-04
5.771180652848708790e-04
5.902830358800485386e-04
6.039924069321101060e-04
6.182775138253262300e-04
6.331719406030227428e-04
6.487117347840738128e-04
6.649355994778570738e-04
6.818851110051032428e-04
6.996049632998827244e-04
7.181432367524384804e-04
7.375516912023731423e-04
7.578860847258618930e-04
7.792065629867991677e-04
8.015779274708218632e-04
8.250700620900944726e-04
8.497586060897209916e-04
8.757250731640058277e-04
9.030577647771782963e-04
9.318518882915831185e-04
9.622105694309053331e-04
9.811069572736022190e-04
1.000624441170014454e-03
1.020789514884840954e-03
1.041629821409161688e-03
1.063174289111586297e-03
1.085453225435128143e-03
1.108498380478388891e-03
1.132343003702050233e-03
1.157021901651181283e-03
1.182571497405903458e-03
1.209029890347879761e-03
1.236436914799373668e-03
1.264834196485946491e-03
1.294265208946109285e-03
1.324775309462130875e-03
1.356411802129513060e-03
1.389223964336959655e-03
1.423263069249857933e-03
1.458582413706875332e-03
1.495237313437665968e-03
1.533285104375360251e-03
1.572785100636870954e-03
1.613798516541152571e-03
1.656388442372668402e-03
1.700619752746906042e-03
1.746558878315959728e-03
1.794273602609746700e-03
1.843832994132177079e-03
1.895307064984529197e-03
1.948766389589577392e-03
2.004281727668110347e-03
2.061923573561171875e-03
2.121761621838437733e-03
2.183864148202418858e-03
2.248297302575219016e-03
2.315124196953012928e-03
2.384404298986722223e-03
2.456192257923255073e-03
2.530536981959838859e-03
2.577251657971141568e-03
2.624945208874713155e-03
2.673624303677917761e-03
2.723294203452470818e-03
2.773958730610628400e-03
2.825620016636427954e-03
2.878278417388493299e-03
2.931932353704824051e-03
2.986578276602968110e-03
3.042210466428245472e-03
3.098820893912526426e-03
3.156399101646762892e-03
3.214932087252845346e-03
3.274404196497310033e-03
3.334797003552774416e-03
3.396089217810859765e-03
3.458256595323247560e-03
3.521271861035164905e-03
3.585104645140759806e-03
3.649721435617467313e-03
3.715085548613640109e-03
3.781157118207567266e-03
3.847893107071192424e-03
3.915247339469078020e-03
3.983170557948030079e-03
4.024672070754031078e-03
4.066351995570906264e-03
4.108197656958753087e-03
4.150196058051509873e-03
4.192333862638561622e-03
4.234597393892858101e-03
4.276972643642129590e-03
4.319445291831777375e-03
4.362000727515046028e-03
4.404624065439293086e-03
4.447300166713617255e-03
4.490013668537131200e-03
4.532748996350218981e-03
4.575490397092165339e-03
4.618221965119147406e-03
4.660927658815233743e-03
4.703591328496990048e-03
4.746196760100432517e-03
4.788727685439375832e-03
4.831167816763561225e-03
4.873500877306617338e-03
4.915710630715205975e-03
4.957780904066150240e-03
4.999695640889209938e-03
5.041438902771437115e-03
5.082994908732711876e-03
5.124348067031716039e-03
5.165483004023253312e-03
5.206384592042504096e-03
5.247037977101173811e-03
5.287428605206631604e-03
5.327542249646916202e-03
5.367365035618477595e-03
5.406883464277169142e-03
5.446084435769206651e-03
5.484955271008764600e-03
5.509318932909862236e-03
5.533543136030312157e-03
5.557624979200574515e-03
5.581561631591511370e-03
5.605350338034531185e-03
5.643302489612936346e-03
5.680854169609054170e-03
5.717995204774537626e-03
5.754716022704051311e-03
5.791007644101567146e-03
5.826861669542937605e-03
5.862270282227677147e-03
5.897226257987638401e-03
5.931722972101223686e-03
5.965754400634187479e-03
5.999315118433613467e-03
6.032400295767419499e-03
6.065005693926752914e-03
6.086226740582222419e-03
6.100113887950139521e-03
6.113909005214960245e-03
6.127611877634249818e-03
6.141222310633433039e-03
6.154740129642544653e-03
6.168165179904257049e-03
6.181497326307537621e-03
6.194736453189622280e-03
6.207882464134568956e-03
6.220935281778489784e-03
6.233894847590041796e-03
6.246761121656988283e-03
6.259534082459474770e-03
6.272213726635104958e-03
6.284800068747603205e-03
6.297293141029476106e-03
6.309692993149314949e-03
6.321999691951996590e-03
6.334213321190633114e-03
6.346333981270489352e-03
6.358361788969143363e-03
6.370296877181129067e-03
6.382139394633145821e-03
6.393889505593794084e-03
6.405547389600633156e-03
6.417113241174808753e-03
6.428587269518163359e-03
6.439969698231348856e-03
6.451260765024715779e-03
6.462460721403235492e-03
6.473569832383085400e-03
6.484588376194654752e-03
6.495516643962750102e-03
6.506354939419495102e-03
6.517103578602543267e-03
6.527762889542183290e-03
6.538333211962971819e-03
6.548814896978298085e-03
6.559208306787275670e-03
6.569513814370419105e-03
6.579731803187194826e-03
6.589862666873241674e-03
6.599906808939333056e-03
6.609864642470749362e-03
6.624809436902029045e-03
6.639558029886834592e-03
6.654111981194586398e-03
6.668472893397406343e-03
6.682642409482142561e-03
6.696622210625556224e-03
6.710414013984608225e-03
6.724019570468615405e-03
6.737440662527512808e-03
6.750679101980699807e-03
6.763736727897192401e-03
6.776615404515441698e-03
6.789317019216569750e-03
6.801843480523226369e-03
6.814196716155536578e-03
6.826378671127014339e-03
6.838391305896442812e-03
6.850236594561457358e-03
6.861916523104113000e-03
6.873433087672713680e-03
6.881205287490569159e-03
6.886502293685641853e-03
6.891764280407838318e-03
6.896991456003920273e-03
6.905104482026216267e-03
6.913133520262338544e-03
6.921079372226613367e-03
6.928942839947589347e-03
6.936724725681700510e-03
6.944425831589466289e-03
6.952046959442451622e-03
6.959588910332660007e-03
6.967052484422841738e-03
6.974438480647533398e-03
6.981747696545847863e-03
6.988980927995737218e-03
6.996138968913641863e-03
7.003222611070681822e-03
7.010232643887354814e-03
7.017169854210968637e-03
7.024035026093595688e-03
7.030828940651116278e-03
7.037552375865130556e-03
7.044206106315286341e-03
7.050790903028364247e-03
7.057307533390450374e-03
7.063756760934926208e-03
7.070139345175086021e-03
7.076456041457060940e-03
7.082707600819572631e-03
7.094394425241415392e-03
7.105854425798785109e-03
7.117092601355738853e-03
7.128113882084921755e-03
7.138923127592105428e-03
7.149525127542970433e-03
7.159924600780485059e-03
7.170126193210830771e-03
7.180134475684440964e-03
7.196875512365507807e-03
7.213082409933671210e-03
7.228776673812776533e-03
7.243979111879503274e-03
7.258709828040012767e-03
7.272988222208413324e-03
7.286832993100102185e-03
7.300262141909469489e-03
7.313292977862976239e-03
7.325942126901412339e-03
7.338225542897454726e-03
7.350158520446967506e-03
7.358086528157658027e-03
7.363208095336194227e-03
7.366658659726675953e-03
7.369160089055111842e-03
7.371646080689236470e-03
7.374116779734998794e-03
7.376572329841631082e-03
7.379012873203937874e-03
7.381438550569240087e-03
7.383849501255300776e-03
7.386245863156568406e-03
7.388627772748552688e-03
7.390995365104893397e-03
7.393348773902509025e-03
7.395688131430555763e-03
7.398013568603574105e-03
7.400325214968853614e-03
7.402623198716701616e-03
7.404907646689864488e-03
7.407178684394163243e-03
7.409436436007686699e-03
7.411681024391048034e-03
7.413912571096835553e-03
7.416131196380049660e-03
7.418337019207568370e-03
7.420530157268557386e-03
7.422710726983874907e-03
7.424878843516640424e-03
7.427034620781531107e-03
7.429178171455538826e-03
7.431309606986993312e-03
7.433429037606671327e-03
7.435536572336430387e-03
7.437632319000545174e-03
7.439716384234273602e-03
7.441788873495515030e-03
7.443849891072247017e-03
7.445899540095855806e-03
7.447937922546776779e-03
7.449965139269074804e-03
7.451981289975054268e-03
7.453986473262417221e-03
7.455980786612642283e-03
7.457397631808451201e-03
7.458389395419048364e-03
7.459097454914117263e-03
7.459618687220822240e-03
7.460139178038512064e-03
7.460658929100766161e-03
7.461177942138547126e-03
7.461696218871745681e-03
7.462078106537472881e-03
7.462357224327431822e-03
7.462636128785739807e-03
7.462914820180379522e-03
7.463193298782195076e-03
7.463471564854036108e-03
7.463669825086216396e-03
7.463809114929041179e-03
7.463909385041812145e-03
7.464009627569015599e-03
7.464109842523478956e-03
7.464210029915054577e-03
7.464310189760500758e-03
7.464382869372288877e-03
7.464434874346502144e-03
7.464473019458238955e-03
7.464511160574566727e-03
7.464549297696611296e-03
7.464587430824860120e-03
7.464625559960022701e-03
7.464663685102820682e-03
7.464701806253926271e-03
7.464782418091984312e-03
7.464863012084460570e-03
7.464943588237873268e-03
7.465024146558734558e-03
7.465166008561350923e-03
7.465831005661308258e-03
7.467304589672266006e-03
7.468772218724132814e-03
7.470233932463331110e-03
7.471689770175897125e-03
7.474901894208298495e-03
7.478085652092967932e-03
7.481241456582564744e-03
7.486760982676734545e-03
7.492196342459110994e-03
7.497549646945060077e-03
7.502822928244261974e-03
7.508018144083641703e-03
7.513137183673404204e-03
7.518181870655850883e-03
7.523153964277939053e-03
7.528055160597789050e-03
7.537589286154307636e-03
7.544298085629682661e-03
7.550875406533208434e-03
7.557325290202586941e-03
7.563651566435713666e-03
7.569857861560221751e-03
7.575947608401564781e-03
7.581924056867316714e-03
7.590747375605623980e-03
7.599328850274718501e-03
7.607677592245959061e-03
7.615801975268441694e-03
7.623709691846114467e-03
7.631407808950653633e-03
7.636460589822295468e-03
7.639691141954931854e-03
7.641854497766637812e-03
7.643427442198426694e-03
7.644991384464224632e-03
7.646546378396932436e-03
7.647674716582558187e-03
7.648470933367144953e-03
7.649042454350252727e-03
7.649463764480670183e-03
7.649884411832819607e-03
7.650304397449847471e-03
7.650723722369357806e-03
7.651142387624037568e-03
7.651560394242147567e-03
7.651977743246433927e-03
7.652394435654311967e-03
7.652810472478089113e-03
7.653548098836939970e-03
7.654283664148660987e-03
7.655017173976951840e-03
7.655748633836275546e-03
7.657241792954782959e-03
7.661911306975495786e-03
7.666496633714786450e-03
7.670999113676424570e-03
7.675420013688682638e-03
7.679760532073228244e-03
7.684021802734039910e-03
7.688204899062719803e-03
7.692310837779808147e-03
7.696340582721328087e-03
7.700295048396156236e-03
7.704175103345496829e-03
7.707981573289063824e-03
7.711715244112460343e-03
7.714217355779269536e-03
7.715921229844598800e-03
7.717609426455788492e-03
7.719282016472995764e-03
7.720939069269651227e-03
7.722580652797447764e-03
7.724206833657800732e-03
7.725817677132286281e-03
7.726867383020254512e-03
7.727558004738566133e-03
7.728245757414327344e-03
7.728930646118123589e-03
7.729612675881018108e-03
7.730291851688880257e-03
7.730968178496396871e-03
7.731428189881554315e-03
7.731741592006588157e-03
7.732054377305124133e-03
7.732366546267035144e-03
7.733082937699031767e-03
7.733762404162976452e-03
7.734438918102814857e-03
7.735112484567453588e-03
7.735783108564886663e-03
7.736450795068422308e-03
7.737115549010867288e-03
7.737777375293668908e-03
7.738436278778941350e-03
7.739092264298240778e-03
7.739745336643719109e-03
7.740395500582272423e-03
7.741042760838695927e-03
7.741687122114462340e-03
7.742328589071016502e-03
7.742967166349195608e-03
7.743602858551029353e-03
7.744235670252495353e-03
7.744865605999359283e-03
7.745492670311533365e-03
7.746116867676839171e-03
7.746738202560711668e-03
7.747356679397486567e-03
7.747972302597587284e-03
7.748585076545265460e-03
7.749195005599632258e-03
7.750860736873389605e-03
7.753640937979462341e-03
7.756359619736784457e-03
7.759017204443829918e-03
7.761614104964275999e-03
7.764150726000064798e-03
7.766627465205561479e-03
7.769044714102036307e-03
7.772846787223927460e-03
7.776494424864911596e-03
7.779989235735007211e-03
7.783332807688772212e-03
7.788494745154459810e-03
7.793260788383844957e-03
7.797637852229793304e-03
7.801632894068641355e-03
7.805252944701881329e-03
7.808505126943083956e-03
7.811396670059518252e-03
7.813934920594652403e-03
7.816127349509871536e-03
7.817981552868806180e-03
7.819505252154542937e-03
7.820339518146521285e-03
7.820816459035559096e-03
7.821231992136920899e-03
7.821586812268736810e-03
7.821881619000671179e-03
7.822117115343283494e-03
7.822294006836399971e-03
7.822413003138999760e-03
7.822474816791822813e-03
7.822480162139851603e-03
7.822429757257163760e-03
7.822324321783697201e-03
7.822164577547162378e-03
7.821951248340770421e-03
7.821685059577034374e-03
7.821366738045511594e-03
7.820997011714535263e-03
7.820576609507272001e-03
7.820106261072073961e-03
7.819586696551640917e-03
7.819018646361591482e-03
7.818402840965346309e-03
7.817740010655639671e-03
7.817030885331387180e-03
7.816276194285496151e-03
7.815476665985355426e-03
7.814633027869690579e-03
7.813746006130578570e-03
7.812816325523917055e-03
7.811844709152081755e-03
7.810831878280508067e-03
7.809778552134543674e-03
7.808685447721125904e-03
7.807553279632312160e-03
7.806747006827554312e-03
7.805922589991362917e-03
7.805080263908234506e-03
7.804220262670563853e-03
7.803342819663233558e-03
7.802734115319962319e-03
7.802117469795139329e-03
7.801492956657208461e-03
7.800860649301293893e-03
7.799897465141611939e-03
7.798917145609915447e-03
7.797919936311555576e-03
7.796906081885111688e-03
7.795875825967475692e-03
7.794829411183046459e-03
7.793767079111362482e-03
7.792689070270499702e-03
7.791595624081325798e-03
7.790486978857152564e-03
7.789710469875546495e-03
7.788926864488595996e-03
7.788136240866829277e-03
7.787338676906413286e-03
7.786534250231342061e-03
7.785723038181461934e-03
7.784905117823364730e-03
7.784080565933540995e-03
7.783249459004052545e-03
7.782411873233107714e-03
7.781567884531330644e-03
7.780717568507471496e-03
7.779861000475337546e-03
7.778998255444966037e-03
7.778129408128515304e-03
7.777254532925809323e-03
7.776373703930988639e-03
7.775486994925161210e-03
7.774594479381211065e-03
7.773696230450922312e-03
7.772792320968832831e-03
7.771659728059850461e-03
7.770518621254907457e-03
7.769369138853617768e-03
7.768211418349807613e-03
7.765278099011442732e-03
7.760390424812936387e-03
7.755382338563604136e-03
7.750262652045311791e-03
7.741976212551711714e-03
7.733465417426473726e-03
7.724761340141486285e-03
7.715893445913484666e-03
7.706889674218327622e-03
7.697776460802379685e-03
7.688578749532938052e-03
7.679320015385720372e-03
7.670022283450261824e-03
7.660706169817945062e-03
7.651390902732960533e-03
7.642094383095633658e-03
7.632833191516745497e-03
7.623622689850869175e-03
7.614476968855122228e-03
7.605409058501716099e-03
7.596430754410526606e-03
7.587552869698264806e-03
7.578785189683964058e-03
7.570136579678862082e-03
7.561614852227976913e-03
7.553227042631204154e-03
7.544979416613421981e-03
7.536877346956257981e-03
7.528925560877429250e-03
7.521128072098361324e-03
7.513488255473925459e-03
7.506008882137085378e-03
7.498692163205067027e-03
7.491539786790353539e-03
7.484552955665470589e-03
7.477732422163875861e-03
7.471078522596971694e-03
7.464591209303868963e-03
7.455123812203859855e-03
7.446031432085715822e-03
7.437309908551382152e-03
7.428953742201959039e-03
7.420956360996665974e-03
7.413310309170906102e-03
7.406007385168018181e-03
7.399038757091675952e-03
7.392395080962892162e-03
7.386066622360317087e-03
7.380043352481726292e-03
7.374315036806412295e-03
7.368871315864799522e-03
7.363701773656011924e-03
7.358795998490787887e-03
7.354143634746280328e-03
7.349734431143180313e-03
7.345558278456479524e-03
7.341605241895005941e-03
7.337865593625312807e-03
7.334329833469979340e-03
7.330988706990800192e-03
7.327833221573428618e-03
7.324854660225279396e-03
7.322044585061679434e-03
7.320261777120768559e-03
7.319093873045898202e-03
7.317956816075865331e-03
7.316849907417616143e-03
7.315772460724062967e-03
7.314723801966993219e-03
7.313703269211184119e-03
7.312710212467529725e-03
7.310974775942519037e-03
7.309324179429926502e-03
7.307754815441116179e-03
7.306263210288915094e-03
7.304846022276135185e-03
7.302459895552735128e-03
7.300289142153307091e-03
7.298316770485356077e-03
7.296527083871429467e-03
7.294905531670049098e-03
7.293438631990513919e-03
7.292113901127861807e-03
7.290145016887819747e-03
7.288506749233678722e-03
7.287153480228207234e-03
7.286045928625439240e-03
7.285150292893512181e-03
7.284437287205737001e-03
7.283881341184620349e-03
7.283460350589162149e-03
7.283155260665716800e-03
7.282949679820885716e-03
7.282829516917868097e-03
7.282782618955116992e-03
7.282798508704081512e-03
7.282868190529114688e-03
7.282944314479143644e-03
7.283040444127101588e-03
7.283154496878008373e-03
7.283284597575544715e-03
7.283429069989557671e-03
7.283586402172108863e-03
7.283755231892770007e-03
7.283934326176358214e-03
7.284122574597420505e-03
7.284318973571578953e-03
7.284522622661946181e-03
7.284732699730994861e-03
7.284948471612227860e-03
7.285169272966727540e-03
7.285394503135781893e-03
7.285623611480857888e-03
7.285856111363586164e-03
7.286091554493618304e-03
7.286329539142292686e-03
7.286569699498765020e-03
7.286811708356560717e-03
7.287055265142518799e-03
7.287300102352038331e-03
7.287545969770007660e-03
7.287792648277119888e-03
7.288039930196024002e-03
7.288287633485453394e-03
7.288535590917894109e-03
7.288783657533479121e-03
7.289031692449650206e-03
7.289279571008437653e-03
7.289527177843120077e-03
7.289774413861769241e-03
7.290021185025316076e-03
7.290267406439515305e-03
7.290513000404117913e-03
7.290757896767302050e-03
7.291190060432715600e-03
7.291619531641158232e-03
7.292046045605425630e-03
7.292781555114119518e-03
7.293506537089889871e-03
7.294220320911695352e-03
7.295327680422266162e-03
7.296404706800673802e-03
7.297450909216625196e-03
7.298466267480180347e-03
7.299451072361282968e-03
7.300405786571567690e-03
7.301330975329395345e-03
7.302227284534733992e-03
7.303646234403361748e-03
7.304991779671764045e-03
7.306267401805021516e-03
7.307476580480638632e-03
7.308622677621336508e-03
7.309708897929721727e-03
7.310738322824605374e-03
7.311713914688464794e-03
7.312638497763450894e-03
7.313514745912606980e-03
7.314345190307340941e-03
7.315132231760067966e-03
7.315878148292436108e-03
7.316930405436550787e-03
7.317900875406329469e-03
7.318795936424413173e-03
7.319621467898595850e-03
7.320382891032867559e-03
7.321085202556180775e-03
7.321733006009086865e-03
7.322330543401534865e-03
7.322881724762883224e-03
7.323390155051284246e-03
7.323859157714232571e-03
7.324291796828430630e-03
7.324690897062935240e-03
7.325059062914148801e-03
7.325398695858343495e-03
7.325712010721107878e-03
7.326001049684742819e-03
7.326267696193003442e-03
7.326513686866576412e-03
7.326740623763440194e-03
7.326949984150134786e-03
7.327143130591694080e-03
7.327321319909628657e-03
7.327485711332659343e-03
7.327637374037523736e-03
7.327777294266232637e-03
7.327906381773731034e-03
7.328025475729433441e-03
7.328135350208797236e-03
7.328236719279414800e-03
7.328330241657842262e-03
7.328416524993300492e-03
7.328496129836898493e-03
7.328569573305507290e-03
7.328669433056335912e-03
7.328757902499274078e-03
7.328836281350820277e-03
7.328905721058840382e-03
7.328967241407689445e-03
7.329021745618974348e-03
7.329070033898471732e-03
7.329112815267718392e-03
7.329150717880784753e-03
7.329184298180939014e-03
7.329214049101299110e-03
7.329240407357264127e-03
7.329263759871691535e-03
7.329284449437292216e-03
7.329302779738298447e-03
7.329319019816612699e-03
7.329333408032654047e-03
7.329346155566717966e-03
7.329357449514902617e-03
7.329367455634258448e-03
7.329376320777736264e-03
7.329384175051979408e-03
7.329391133727359252e-03
7.329397298929257731e-03
7.329402761136700160e-03
7.329407600510983410e-03
7.329411888072492366e-03
7.329415686743150776e-03
7.329419052269816291e-03
7.329422034042587693e-03
7.329424675819482156e-03
7.329427016368832842e-03
7.329429090038379682e-03
7.329430927259293280e-03
7.329432554992680593e-03
7.329433997125305716e-03
7.329435274820389999e-03
7.329436406827771061e-03
7.329437409759526935e-03
7.329438298333425424e-03
7.329439085589331722e-03
7.329439783079419110e-03
7.329440401038997584e-03
7.329440948536825907e-03
7.329441433607259380e-03
7.329441863368357617e-03
7.329442244126728630e-03
7.329442581469790968e-03
7.329442880348062926e-03
7.329443145147298416e-03
7.329443379753310985e-03
7.329443587608930853e-03
7.329443771764207818e-03
7.329443934921608603e-03
7.329444079475303138e-03
7.329444207546548587e-03
7.329444321014845845e-03
7.329444421545146943e-03
7.329444510612665928e-03
7.329444589524477909e-03
7.329444659438594939e-03
7.329444721380958504e-03
7.329444776260417987e-03
7.329444824882380347e-03
7.329444867960377245e-03
7.329444906126488142e-03
7.329444939940827491e-03
7.329444969899581719e-03
7.329444996442320212e-03
7.329445019958543903e-03
7.329445040793510467e-03
7.329445059252779303e-03
7.329445075607284726e-03
7.329445090096960679e-03
7.329445102934520687e-03
7.329445114308340975e-03
7.329445124385220410e-03
7.329445133313173405e-03
7.329445141223103928e-03
7.329445148231178604e-03
7.329445154440131227e-03
7.329445159941166618e-03
7.329445164814919929e-03
7.329445169132948502e-03
7.329445172958626124e-03
7.329445176348104926e-03
7.329445180734768701e-03
7.329445184390562251e-03
7.329445187437468728e-03
7.329445189976965119e-03
7.329445192093542866e-03
7.329445193857637812e-03
7.329445195327848918e-03
7.329445196553181253e-03
7.329445197574507506e-03
7.329445198425715499e-03
7.329445199135105511e-03
7.329445199726329629e-03
7.329445200219150691e-03
7.329445200629889842e-03
7.329445200972142978e-03
7.329445201257434733e-03
7.329445201495249709e-03
7.329445201781748832e-03
7.329445201999219839e-03
7.329445202164269237e-03
7.329445202289597804e-03
7.329445202384852337e-03
7.329445202457176428e-03
7.329445202512034456e-03
7.329445202553688636e-03
7.329445202585347340e-03
7.329445202609362851e-03
7.329445202635787027e-03
7.329445202652954718e-03
7.329445202664073428e-03
7.329445202671380950e-03
7.329445202676170522e-03
7.329445202679292157e-03
7.329445202682393842e-03
7.329445202683482381e-03
7.329445202683857949e-03
7.329445202684335865e-03
7.329445202684829394e-03
7.329445202685586601e-03
7.329445202685420935e-03
7.329445202685175471e-03
7.329445202685004601e-03
7.329445202684992458e-03
7.329445202685065316e-03
7.329445202685165930e-03
7.329445202685172002e-03
7.329445202685108685e-03
7.329445202685110419e-03
7.329445202685139042e-03
7.329445202685140777e-03
7.329445202685094807e-03
7.329445202685149451e-03
7.329445202685123430e-03
7.329445202685182410e-03
7.329445202685080929e-03
7.329445202685126899e-03
