1.807498402910824977e-03
1.273864064130010099e-03
9.261975529860631048e-04
7.149890342580415750e-04
5.962249063113891261e-04
5.315029046821129633e-04
4.934417394463558792e-04
4.733496134462899380e-04
4.653355976293216162e-04
4.607564935386941163e-04
4.598794036171113104e-04
4.569696538929320377e-04
4.541348901256957800e-04
4.486145847500399046e-04
4.412467720832059185e-04
4.333117256307619379e-04
4.135711426790513552e-04
3.923858198128918123e-04
3.699985230493896791e-04
3.266802055773095526e-04
2.809600475678107135e-04
2.335648384290919572e-04
1.850181579927303178e-04
1.356588881098304766e-04
8.570268386167399517e-05
4.749309861539640966e-06
-7.699396577593380737e-05
-1.592949731738359058e-04
-2.420295641852236008e-04
-3.779439234178828453e-04
-5.146044190961537174e-04
-6.519237805835908194e-04
-7.898213734928302091e-04
-9.282291361437113551e-04
-1.067109156365265684e-03
-1.206445445036120369e-03
-1.448723890977127865e-03
-1.692284505517759876e-03
-1.937105447953632901e-03
-2.183187183085185529e-03
-2.430546534789721630e-03
-2.679216010177312875e-03
-3.094767712990875545e-03
-3.514323012909357363e-03
-3.938199531013214169e-03
-4.366750052299006243e-03
-4.800354565447303296e-03
-5.239414345604573135e-03
-5.916546412029785248e-03
-6.608687699130874962e-03
-7.317388150638529619e-03
-8.044224978069208082e-03
-8.790796148310625960e-03
-9.558719597175371896e-03
-1.079962606766896732e-02
-1.210244421059320126e-02
-1.347357911972215869e-02
-1.491959813473783987e-02
-1.644726482150429478e-02
-1.806357583422936106e-02
-1.977579727674180429e-02
-2.287298886882499493e-02
-2.629712145004097293e-02
-3.008897666966582965e-02
-3.429310718110301082e-02
-3.895845893803913385e-02
-4.413896626541408130e-02
-4.989418511962879360e-02
-5.629001788271507239e-02
-6.339952578563191887e-02
-7.130381055833222292e-02
-8.009297159677250533e-02
-8.986716401012359579e-02
-1.007377796770459466e-01
-1.128287638025124995e-01
-1.262780787992492382e-01
-1.412393339550946647e-01
-1.578836047838937662e-01
-1.764014674915366787e-01
-1.970052749279211091e-01
-2.199317035398664910e-01
-2.454446069361488347e-01
-2.738382081377455091e-01
-3.054406921692935928e-01
-3.406182256997346558e-01
-3.797794760760722643e-01
-4.233806862803229931e-01
-4.719313781972999666e-01
-5.260007643253332699e-01
-5.862249577075910878e-01
-6.533150806980305703e-01
-7.280663849907695884e-01
-8.113685081103395591e-01
-9.042170052406579561e-01
-1.007726309871836312e+00
-1.123144292440695802e+00
-1.251868602852991508e+00
-1.395465000934183131e+00
-1.555687898794210655e+00
-1.734503361815047828e+00
-1.934114841880162139e+00
-2.156992051489666551e+00
-2.405902621045793666e+00
-2.683949048752314770e+00
-2.994607913139514466e+00
-3.341775482818374332e+00
-3.729818154637485783e+00
-4.163629464047062356e+00
-4.648694461663620991e+00
-5.191162743126081835e+00
-5.797931541057642413e+00
-6.476740537898972860e+00
-7.236280189032378019e+00
-8.086315449766530605e+00
-9.037826784673178793e+00
-1.010317025130677848e+01
-1.129625828065405813e+01
-1.263276261800400491e+01
-1.413034081069731762e+01
-1.580888777273205115e+01
-1.769081438387555139e+01
-1.980136264677090452e+01
-2.216891313499588989e+01
-2.482543850353804160e+01
-2.780684267677543531e+01
-3.115352680686602227e+01
-3.491084743298915782e+01
-3.912972937586783218e+01
-4.386756979261723899e+01
-4.918874032796504281e+01
-5.516570189202244023e+01
-6.188010945267798490e+01
-6.942388908967960504e+01
-7.790093976711088430e+01
-8.742858713232182311e+01
-9.813973940201131541e+01
-1.101850991125307360e+02
-1.237358410007227718e+02
-1.389868247148689022e+02
-1.561600676486060593e+02
-1.701830543669131828e+02
-1.854987333906700258e+02
-2.022328222425392426e+02
-2.205243003386349585e+02
-2.405265004069048587e+02
-2.624094073609280144e+02
-2.863612680218396349e+02
-3.125907059058023947e+02
-3.413291392222389504e+02
-3.728333165934118938e+02
-4.073882685530645631e+02
-4.453106033222488236e+02
-4.869520768287583792e+02
-5.327037914606891036e+02
-5.692723020964234593e+02
-6.084942825053377646e+02
-6.505757355303552458e+02
-6.832551093996357849e+02
-7.176721914780679299e+02
-7.539253506139824594e+02
-7.921188893365693957e+02
-8.323630711691407669e+02
-8.747748172555526480e+02
-9.194780820806925021e+02
-9.666038806948575939e+02
-1.016291075880629705e+03
-1.068686600562786452e+03
-1.123946027827855687e+03
-1.182233985494234048e+03
-1.243724605092623278e+03
-1.308602041126014228e+03
-1.377061063984350994e+03
-1.449307263793108859e+03
-1.525558188379357262e+03
-1.584426055539078334e+03
-1.645687480701797313e+03
-1.709442432833106523e+03
-1.775794669582883444e+03
-1.844852107140586668e+03
-1.916726463496662745e+03
-1.991534283600202571e+03
-2.048807588169276187e+03
-2.107800752567797190e+03
-2.168565356172109659e+03
-2.231154177128375522e+03
-2.295621444797956428e+03
-2.362022242436682063e+03
-2.430413986929051134e+03
-2.500854905889726979e+03
-2.573403717807275825e+03
-2.648121440072131463e+03
-2.725070846848895599e+03
-2.804314499862931370e+03
-2.885916397583048365e+03
-2.948006826309856478e+03
-3.011458842676785025e+03
-3.076298802469204475e+03
-3.142554572989467943e+03
-3.210255733610345942e+03
-3.260540905349439527e+03
-3.311619553354380059e+03
-3.363503226249344607e+03
-3.416203164190576899e+03
-3.469730681560685753e+03
-3.524096894141878693e+03
-3.579313074712287744e+03
-3.635390656269659303e+03
-3.692341107841751182e+03
-3.750175762340099027e+03
-3.808905953613167185e+03
-3.911125198441488919e+03
-4.016036850614267678e+03
-4.123696777335322622e+03
-4.234160757136050961e+03
-4.347483400778788564e+03
-4.463719398737818665e+03
-4.582921059558736488e+03
-4.705140578780722535e+03
-4.830428926714185764e+03
-4.958833832830081519e+03
-5.090399744734729211e+03
-5.225172142846980023e+03
-5.363192002330662035e+03
-5.504495823333677436e+03
-5.649117776576478718e+03
-5.797084062207533862e+03
-5.948422071523154045e+03
-6.103153246822826077e+03
-6.261289591189105522e+03
-6.422837519372829775e+03
-6.587797949563366274e+03
-6.704796251936562840e+03
-6.823443762004560085e+03
-6.943738160332961343e+03
-7.028393808990254001e+03
-7.113836273980533406e+03
-7.200066137443924163e+03
-7.287071941815127502e+03
-7.374851510459302517e+03
-7.463400983692044065e+03
-7.552708475052751965e+03
-7.642772843062566608e+03
-7.733584881582618436e+03
-7.825130227861165622e+03
-7.917407942299085335e+03
-8.010404148783325581e+03
-8.104105009939768934e+03
-8.198508097819898467e+03
-8.261024631556316308e+03
-8.303886828915272417e+03
-8.346886399376682675e+03
-8.390020291111210099e+03
-8.433286984433929319e+03
-8.476685301575074845e+03
-8.520213976052142243e+03
-8.563871681580360018e+03
-8.633428910665938020e+03
-8.703301912866081693e+03
-8.773484714553847880e+03
-8.903175219489390656e+03
-9.033849745243262078e+03
-9.165465188842283169e+03
-9.297976451502647251e+03
-9.431335873631911454e+03
-9.727925161066967121e+03
-1.002780443164711505e+04
-1.033033305129443943e+04
-1.063479577476095074e+04
-1.094048015621405830e+04
-1.124657186022508358e+04
-1.155236118364713911e+04
-1.185669524477900086e+04
-1.215929498245533796e+04
-1.236831133361406864e+04
-1.257572707802682271e+04
-1.278096845387500798e+04
-1.298418056438204258e+04
-1.318459582450550624e+04
-1.338267220417001772e+04
-1.357724385472357244e+04
-1.376914529663321628e+04
-1.395732091450945700e+04
-1.414243691442230556e+04
-1.432353614863065377e+04
-1.450127286556678337e+04
-1.467510299239978849e+04
-1.484526598255770841e+04
-1.501182182137875316e+04
-1.517449490256221907e+04
-1.528249422800161483e+04
-1.538891159733232416e+04
-1.549373998982694502e+04
-1.559702401654039386e+04
-1.569880244012018920e+04
-1.579912800535564566e+04
-1.589805751654538835e+04
-1.605400488383609809e+04
-1.620676248624712025e+04
-1.635655862015831553e+04
-1.650365640123740377e+04
-1.664831283900341805e+04
-1.679074198899768089e+04
-1.693119926054847019e+04
-1.706991452657451373e+04
-1.720711461691341538e+04
-1.734265739270509584e+04
-1.747699857564469130e+04
-1.760986020373677820e+04
-1.774141623020754560e+04
-1.787170747586688231e+04
-1.800023725749185905e+04
-1.812727390711398766e+04
-1.825232609151592624e+04
-1.837512485465724603e+04
-1.849528446263714068e+04
-1.861249611866866326e+04
-1.872621966104799867e+04
-1.883591156819818571e+04
-1.894102735930783820e+04
-1.904078275647132978e+04
-1.913474023530448540e+04
-1.922161200731328063e+04
-1.927698261633444781e+04
-1.931322670363223369e+04
-1.934754877297192070e+04
-1.937978664053152897e+04
-1.940988966000659275e+04
-1.943780787454648453e+04
-1.946363034644680374e+04
-1.948670202463651367e+04
-1.950733067961841516e+04
-1.952544583329471425e+04
-1.954077861309163200e+04
-1.955325951019090644e+04
-1.956274374008182713e+04
-1.956930511479651250e+04
-1.957273933842940460e+04
-1.957283137213077134e+04
-1.956963184697092947e+04
-1.956298761932258276e+04
-1.955282373151648790e+04
-1.953902772561427992e+04
-1.952149176758506655e+04
-1.950017935340915210e+04
-1.947491061285249452e+04
-1.944575154975992336e+04
-1.941240904170754948e+04
-1.937508161119009674e+04
-1.933340565837087343e+04
-1.928749949646846653e+04
-1.925581955602696326e+04
-1.923340321666148884e+04
-1.921008215990879035e+04
-1.918602161443236764e+04
-1.916095808716756801e+04
-1.913526088997131228e+04
-1.910857403067695486e+04
-1.908117036957655000e+04
-1.905279332895339394e+04
-1.902373538083197855e+04
-1.899360440611287413e+04
-1.896276108090718844e+04
-1.893097258458435681e+04
-1.889848128924625053e+04
-1.886492876285581588e+04
-1.883066431691093385e+04
-1.879541946889269093e+04
-1.875940627697285890e+04
-1.872238310219613413e+04
-1.868479724408342736e+04
-1.865839262547068574e+04
-1.864026237170937384e+04
-1.862182232690286401e+04
-1.860331061257576948e+04
-1.858447005459802676e+04
-1.856562802366371034e+04
-1.854642396007289062e+04
-1.852717769158254305e+04
-1.850763301790743935e+04
-1.848801653392989465e+04
-1.846803711652013590e+04
-1.844805957841091367e+04
-1.842773274640328236e+04
-1.840734000401908634e+04
-1.838668714578433355e+04
-1.836592416447883807e+04
-1.834486621746244055e+04
-1.832376134166024349e+04
-1.830232956807503069e+04
-1.828081653559340702e+04
-1.825900522871531575e+04
-1.823715693494687002e+04
-1.821505473109918239e+04
-1.819276906144223904e+04
-1.817030145393921703e+04
-1.814765189506769457e+04
-1.812481944141594795e+04
-1.810180441419107592e+04
-1.806485875227199358e+04
-1.802745725360071447e+04
-1.798960170765325529e+04
-1.792280078068834337e+04
-1.778895701294313403e+04
-1.765007838566465580e+04
-1.750626620475996606e+04
-1.735763517490327649e+04
-1.720430736733169397e+04
-1.704641835887073103e+04
-1.677933261505914925e+04
-1.650120081163770737e+04
-1.621273694524508392e+04
-1.591473447677202967e+04
-1.560813845176273389e+04
-1.529373947562844842e+04
-1.497258395170527911e+04
-1.464567394735578091e+04
-1.431386804224681873e+04
-1.397828680135116883e+04
-1.363984849755757386e+04
-1.329949253689646503e+04
-1.295831376718684078e+04
-1.261716444117291394e+04
-1.227696941844131288e+04
-1.193856017659228201e+04
-1.160279568507352087e+04
-1.127040288855620929e+04
-1.094213264672274272e+04
-1.061860349473036149e+04
-1.030043188810917127e+04
-9.988180625184024393e+03
-9.787587297275860692e+03
-9.656018651401856914e+03
-9.525753366791974258e+03
-9.396788140671105793e+03
-9.269161634998745285e+03
-9.142906559967741487e+03
-9.018041383657207916e+03
-8.894614315205231833e+03
-8.772562653418694026e+03
-8.652020822960685109e+03
-8.532951186767733816e+03
-8.415360770866695020e+03
-8.299230806509462127e+03
-8.184645036495439854e+03
-8.071547916345127305e+03
-7.960024251300107608e+03
-7.849995571661374925e+03
-7.741537161681572798e+03
-7.667155013799966582e+03
-7.593506275745208768e+03
-7.520611361236690755e+03
-7.448473469315443253e+03
-7.377070210495717220e+03
-7.306422999789504502e+03
-7.236500564121311982e+03
-7.167344931150619232e+03
-7.098914544098388433e+03
-7.031250491048841468e+03
-6.964300539471713819e+03
-6.898109139752504234e+03
-6.832653704563914289e+03
-6.791402697647586137e+03
-6.765071278928019638e+03
-6.738863742696636109e+03
-6.712778032740630806e+03
-6.686813665642658634e+03
-6.660970271569204670e+03
-6.635248635497590840e+03
-6.609648250711376022e+03
-6.584168606320480649e+03
-6.558809570187116151e+03
-6.512503002817896231e+03
-6.466602210840554108e+03
-6.421105757854395051e+03
-6.338879694887471487e+03
-6.188141607289938293e+03
-6.042053869803005909e+03
-5.900542714617681668e+03
-5.763527739603322516e+03
-5.558699709887209792e+03
-5.364252472623278663e+03
-5.179813085216183026e+03
-5.005057979645113846e+03
-4.839585357131356432e+03
-4.683012559096614496e+03
-4.534963078393181604e+03
-4.395054193349824345e+03
-4.262918703518966140e+03
-4.138184065881719107e+03
-4.020501170018655102e+03
-3.909511107150254247e+03
-3.835870639060664416e+03
-3.765214079815300011e+03
-3.697434225102841992e+03
-3.632413811520815216e+03
-3.570075807333268131e+03
-3.510276234928203849e+03
-3.471177872496780310e+03
-3.444755708969693842e+03
-3.418848991179459517e+03
-3.393454588286773287e+03
-3.368563217383396932e+03
-3.344169849416167835e+03
-3.320243028704330300e+03
-3.304817381424860741e+03
-3.294285564140531733e+03
-3.283844390845056296e+03
-3.273500685238335791e+03
-3.263245547465653544e+03
-3.253099480674287861e+03
-3.243016848241808020e+03
-3.236095229845794620e+03
-3.229207102439158916e+03
-3.222362148609838187e+03
-3.215560465921711511e+03
-3.208801962715281661e+03
-3.202086368795286489e+03
-3.195413349531075710e+03
-3.185318209846150694e+03
-3.175320724352326579e+03
-3.165420028623754661e+03
-3.146825168188155203e+03
-3.115510344411285587e+03
-3.085187104800090310e+03
-3.055827021723941471e+03
-3.027402220520216360e+03
-2.985270887296454475e+03
-2.945211735512045379e+03
-2.907133213103656544e+03
-2.870946505882626298e+03
-2.802435824997221061e+03
-2.740829338541174820e+03
-2.685549412991455938e+03
-2.635987767331948362e+03
-2.591669762358927528e+03
-2.552153494743896317e+03
-2.517026012180070666e+03
-2.485915099078776166e+03
-2.458481922521089928e+03
-2.434424033675006740e+03
-2.413462661351383758e+03
-2.395350406556453891e+03
-2.379860269092349427e+03
-2.366784509707165853e+03
-2.359090088317761911e+03
-2.352405477707357022e+03
-2.346662732441840035e+03
-2.341816399686195837e+03
-2.337809612188161282e+03
-2.335524209286457335e+03
-2.333606640445082121e+03
-2.332044605882522319e+03
-2.330817179583881170e+03
-2.329930641537655902e+03
-2.329346107371833114e+03
-2.329137071591475888e+03
-2.329066006151716010e+03
-2.329137097071472454e+03
-2.329330727544449473e+03
-2.329674830832970656e+03
-2.330135174065951105e+03
-2.330732346589387816e+03
-2.331441309082793850e+03
-2.331997373709372823e+03
-2.332397504350348299e+03
-2.332821909071282789e+03
-2.333270214342158397e+03
-2.333742144840859055e+03
-2.334237538415264680e+03
-2.334756184753464822e+03
-2.335297818314573306e+03
-2.336407888349243422e+03
-2.337601279804277056e+03
-2.338876457203297832e+03
-2.341470059238196427e+03
-2.346861324310117652e+03
-2.353084590070387549e+03
-2.360100925631492828e+03
-2.367863400580557027e+03
-2.376330649067770082e+03
-2.385465083221121859e+03
-2.395232525424684809e+03
-2.405601841325776604e+03
-2.423583798603092873e+03
-2.442949339287092243e+03
-2.463590678592900531e+03
-2.485501682933968368e+03
-2.508553663278788008e+03
-2.532690121248058404e+03
-2.557877312931403139e+03
-2.584067053777526780e+03
-2.611254299896379507e+03
-2.639375608438516792e+03
-2.668459171894679457e+03
-2.687648961749222508e+03
-2.700410161181474450e+03
-2.713333800698314917e+03
-2.726417263188778634e+03
-2.739669064554527722e+03
-2.753070711201542053e+03
-2.766643656361505236e+03
-2.780376619055404717e+03
-2.794269247728330811e+03
-2.808328595792254873e+03
-2.822546660004600653e+03
-2.836929347636611965e+03
-2.851478967796531379e+03
-2.866191146517133802e+03
-2.881072290022018478e+03
-2.896120325486989259e+03
-2.911338421606884822e+03
-2.926724087277460512e+03
-2.942288297414438148e+03
-2.958012318717678227e+03
-2.973924707984305314e+03
-2.990009477844602316e+03
-3.006271979206294418e+03
-3.022714671545376859e+03
-3.039339914839546964e+03
-3.056149199175898502e+03
-3.087682540155594779e+03
-3.119865450131663692e+03
-3.152714566062656104e+03
-3.204702154980026990e+03
-3.258387769605893482e+03
-3.313811398990964335e+03
-3.371085413088626410e+03
-3.430277807584959646e+03
-3.491479988075427173e+03
-3.554791771371463710e+03
-3.620312282823895657e+03
-3.688162860294962229e+03
-3.758454967814050633e+03
-3.831331313591891558e+03
-3.906955806891397515e+03
-3.985377362205590089e+03
-4.066888174689475363e+03
-4.151634658584037425e+03
-4.239752046897378023e+03
-4.331403004611290271e+03
-4.427018779050883495e+03
-4.526643828453630704e+03
-4.630604414035567970e+03
-4.739168992467520184e+03
-4.852676016087359130e+03
-4.971452324422726633e+03
-5.095871688731725953e+03
-5.226338741615002618e+03
-5.363299414000633988e+03
-5.507245099886610660e+03
-5.658715106362968982e+03
-5.818307366444701074e+03
-5.918232124998086874e+03
-6.021314606300060404e+03
-6.127855329239234379e+03
-6.238065873837512299e+03
-6.352053087095942828e+03
-6.470172680991432571e+03
-6.592493133229123487e+03
-6.719289623353541174e+03
-6.850814194145855254e+03
-6.987329872491303831e+03
-7.129122806868709631e+03
-7.276498797511952034e+03
-7.429788793310856818e+03
-7.589349924241842928e+03
-7.755567623781040311e+03
-7.928916037385735763e+03
-8.109671785483792519e+03
-8.298540569280236014e+03
-8.495911491108199698e+03
-8.702579377492635103e+03
-8.918918203250083025e+03
-9.145737762207580090e+03
-9.383782615489120872e+03
-9.633927231923529689e+03
-9.897029696531202717e+03
-1.017419537871519606e+04
-1.046650651872439630e+04
-1.077523202832054812e+04
-1.110175117660552860e+04
-1.144761649232469972e+04
-1.167629882636952243e+04
-1.191343661507338948e+04
-1.216015931403027389e+04
-1.241657476850356034e+04
-1.268365150339296633e+04
-1.296162132473096062e+04
-1.325151727858955564e+04
-1.355409217877443552e+04
-1.387003370292201544e+04
-1.420014579758082073e+04
-1.454550725270060138e+04
-1.490717232829219392e+04
-1.528629482807934255e+04
-1.568408297704278084e+04
-1.610199870440581253e+04
-1.654152275858252688e+04
-1.700435513563366476e+04
-1.749233803301602165e+04
-1.800753194477393117e+04
-1.855222177482839470e+04
-1.890530940238690164e+04
-1.927105197244568626e+04
-1.965038730968396339e+04
-2.004408503491735246e+04
-2.045294501358692651e+04
-2.087801219177495295e+04
-2.132000072729813837e+04
-2.177983494726413483e+04
-2.225904507671407555e+04
-2.275842697402740669e+04
-2.327936840266432409e+04
-2.382327743118259968e+04
-2.439161923985611065e+04
-2.498612048567882812e+04
-2.560853131456902338e+04
-2.626078603701034081e+04
-2.694506921878335925e+04
-2.766371293836611585e+04
-2.841930736150951998e+04
-2.921469073323432531e+04
-3.005300329580850303e+04
-3.093771857820978767e+04
-3.187268186143257481e+04
-3.248105892277932799e+04
-3.311133080539759248e+04
-3.376493584477397235e+04
-3.444319027328102675e+04
-3.514743653830618860e+04
-3.587938540620703134e+04
-3.664036936973649426e+04
-3.743215701920697757e+04
-3.825665050278959097e+04
-3.911586338057289686e+04
-4.001192916862391576e+04
-4.094724171673452656e+04
-4.192439362431288464e+04
-4.294605924198144930e+04
-4.401538387485384737e+04
-4.513560783850807638e+04
-4.631038555876335158e+04
-4.754365106960501726e+04
-4.883976140121748176e+04
-5.020350351448004949e+04
-5.164012236327915889e+04
-5.315549127539771871e+04
-5.411067952491355391e+04
-5.509807520543656574e+04
-5.611959786682113190e+04
-5.717705189257158781e+04
-5.827227411322783155e+04
-5.940727962159265007e+04
-6.058419220512628090e+04
-6.180531782138775452e+04
-6.307311049686664046e+04
-6.439022155364994251e+04
-6.575948874266157509e+04
-6.718396328627600451e+04
-6.866696926651569083e+04
-7.021206568005769805e+04
-7.182311424575620913e+04
-7.350429170914775750e+04
-7.526013211774198862e+04
-7.709556128342836746e+04
-7.901593816442339448e+04
-8.102710907598935592e+04
-8.313545152020837122e+04
-8.534822162769350689e+04
-8.767260662540209887e+04
-9.011721326916008547e+04
-9.269132591052018688e+04
-9.540515690245319274e+04
-9.826988834416616010e+04
-1.012982529654838727e+05
-1.045038447930952680e+05
-1.066350731807153061e+05
-1.088476680298931024e+05
-1.111469938290982536e+05
-1.135375217747308343e+05
-1.160247941835512611e+05
-1.186147158252888185e+05
-1.213131172573500808e+05
-1.241274223191451456e+05
-1.270645071233055205e+05
-1.301322506356859376e+05
-1.333390559816203604e+05
-1.366952703614523343e+05
-1.402093630249081471e+05
-1.438950186714400770e+05
-1.477608597066222865e+05
-1.518248961657588661e+05
-1.560980283131927135e+05
-1.605974659937691467e+05
-1.653409298474044772e+05
-1.703482391719037842e+05
-1.756409726956399973e+05
-1.812433396410822461e+05
-1.849903008080390573e+05
-1.888811135387054528e+05
-1.929247700074280147e+05
-1.971294402568486985e+05
-2.015052670184744929e+05
-2.060614637482866528e+05
-2.108102084996565536e+05
-2.157625548948260548e+05
-2.209314522631653235e+05
-2.263308440229914850e+05
-2.319757289907073136e+05
-2.378826998405866616e+05
-2.440693886862806685e+05
-2.505554456657882256e+05
-2.573619339323398308e+05
-2.645122086767955334e+05
-2.720315865430858685e+05
-2.799481432528950390e+05
-2.882924789042150369e+05
-2.937387147008398315e+05
-2.993735305894666817e+05
-3.052068694527118932e+05
-3.112491890666415566e+05
-3.175108716892183875e+05
-3.240043685473203659e+05
-3.307413609954882995e+05
-3.377348001033506589e+05
-3.449997877545825322e+05
-3.525508303808794590e+05
-3.604045600476345862e+05
-3.685783503166214214e+05
-3.770912274284806917e+05
-3.859633742622898426e+05
-3.952168526346372091e+05
-4.048754081266512512e+05
-4.149638841494847438e+05
-4.255110636209395598e+05
-4.365455738055373076e+05
-4.481019758777925163e+05
-4.602139183166493895e+05
-4.729198061886348296e+05
-4.862622398985658074e+05
-5.002868035362868686e+05
-5.150431709939557477e+05
-5.305855728850996820e+05
-5.469750672081679804e+05
-5.642765160508038243e+05
-5.825633074310271768e+05
-6.019140088278258918e+05
-6.147902256295231637e+05
-6.281543031624713913e+05
-6.420328295914375922e+05
-6.564537174508086173e+05
-6.714467500566730741e+05
-6.870438900529922685e+05
-7.032789055016897619e+05
-7.201874704435932217e+05
-7.378089007991908584e+05
-7.561846791853433242e+05
-7.753596319822531659e+05
-7.953815527000760194e+05
-8.163019659475848312e+05
-8.381762077948142542e+05
-8.610629090344056021e+05
-8.850270592346149497e+05
-9.101356516682502115e+05
-9.364657130038449541e+05
-9.640901987059970852e+05
-9.820044422199615510e+05
-1.000476352038572542e+06
-1.019530132959166192e+06
-1.039191359628986917e+06
-1.059483795726488112e+06
-1.080434556939473841e+06
-1.102070911371350521e+06
-1.124421801562497392e+06
-1.147517336417606100e+06
-1.171389053105397150e+06
-1.196069748533537379e+06
-1.221593753073229222e+06
-1.247996715573673835e+06
-1.275315910549381049e+06
-1.303589880524163833e+06
-1.332858940129753202e+06
-1.350756801405937644e+06
-1.369030145894237794e+06
-1.387688328248586738e+06
-1.406740655597743113e+06
-1.426196828792436514e+06
-1.446066070668468717e+06
-1.466359150683702901e+06
-1.487084438608048251e+06
-1.508253423071542988e+06
-1.529875641274940921e+06
-1.551961482049935032e+06
-1.574521220846834825e+06
-1.597565328647695016e+06
-1.621104130614402937e+06
-1.645148093947400106e+06
-1.669707478202129481e+06
-1.694792660863294033e+06
-1.720413637047043070e+06
-1.746580584439793136e+06
-1.773302924581815954e+06
-1.800590621044754749e+06
-1.817167022184824338e+06
-1.833950197484961944e+06
-1.850942036738989875e+06
-1.868144291951785795e+06
-1.885558465432398487e+06
-1.903186433307903819e+06
-1.921029365731476806e+06
-1.939088864067295566e+06
-1.957365889022011310e+06
-1.975862260290150996e+06
-1.994578457805519225e+06
-2.013515671537289163e+06
-2.032674554390815319e+06
-2.052055747085813666e+06
-2.071659684000632260e+06
-2.091486632759979693e+06
-2.111536644391130656e+06
-2.131809577889588661e+06
-2.152305051552443299e+06
-2.173022462814492639e+06
-2.193960932865681127e+06
-2.215119337497076020e+06
-2.236496229247546755e+06
-2.258089902376995422e+06
-2.279898254578287713e+06
-2.301918950929694343e+06
-2.315762101633619983e+06
-2.329686027238176204e+06
-2.343689954545352142e+06
-2.357772976819965057e+06
-2.371934229829849675e+06
-2.386172605273316149e+06
-2.400487165306303650e+06
-2.414876701308583375e+06
-2.429339972277795896e+06
-2.443875733108600602e+06
-2.458482624429584015e+06
-2.473159177261329722e+06
-2.487903872181747109e+06
-2.502715112220791634e+06
-2.517591195458467584e+06
-2.532530329747037031e+06
-2.547530643876863644e+06
-2.562590174058110453e+06
-2.577706853090517689e+06
-2.592878514695558697e+06
-2.608102892124188133e+06
-2.623377635224763770e+06
-2.638700267764717340e+06
-2.654068216203640215e+06
-2.669478793471257202e+06
-2.684929206520935055e+06
-2.700416545806457754e+06
-2.715937790301433764e+06
-2.731489799010810442e+06
-2.747069316115271766e+06
-2.762672961709236261e+06
-2.778297239151800983e+06
-2.793938522478349041e+06
-2.809593069826696534e+06
-2.825257001668788958e+06
-2.840926337566367351e+06
-2.856596910061834846e+06
-2.872264528207484167e+06
-2.887924754198557697e+06
-2.903573090246032923e+06
-2.919204889386881143e+06
-2.948976928740129806e+06
-2.978636831753706560e+06
-3.008148073094465304e+06
-3.037474061286936514e+06
-3.066573084981272928e+06
-3.095408450108427089e+06
-3.123933468275610358e+06
-3.152107202433618251e+06
-3.179883549928628840e+06
-3.207217020029259846e+06
-3.234060767942066304e+06
-3.260367708565642126e+06
-3.286089778190674260e+06
-3.311179310986614786e+06
-3.335588036648583598e+06
-3.359269092950214166e+06
-3.382174870398190804e+06
-3.395438799871490337e+06
-3.408401790780948009e+06
-3.421054598345774692e+06
-3.433388256339231972e+06
-3.445394464164871722e+06
-3.457064201931064017e+06
-3.468390250364972278e+06
-3.479364564514089841e+06
-3.489979491841914598e+06
-3.500228500949766953e+06
-3.510105331280021463e+06
-3.519603838862221688e+06
-3.528718632934674155e+06
-3.537445086221593432e+06
-3.545778904324871022e+06
-3.553716395482063759e+06
-3.561254636100795586e+06
-3.568391294742533006e+06
-3.575124781293557491e+06
-3.581454165540577378e+06
-3.587379318584581837e+06
-3.592900798456803896e+06
-3.598020020461495500e+06
-3.602739084563448559e+06
-3.607061033797983546e+06
-3.610989524323793594e+06
-3.613262583427684382e+06
-3.615382934036550578e+06
-3.617351980284717400e+06
-3.619171346717089880e+06
-3.620842587961877231e+06
-3.623124005438453984e+06
-3.625068452940533869e+06
-3.626683425143961795e+06
-3.627977685182452668e+06
-3.628960728176464327e+06
-3.629642500092559960e+06
-3.630142309057519771e+06
-3.630003814904706087e+06
-3.629700700082933530e+06
-3.629236605301396456e+06
-3.628618686258326285e+06
-3.627854300568938255e+06
-3.626951009785734117e+06
-3.625916530227527488e+06
-3.624758878544172272e+06
-3.623486111723788548e+06
-3.622581149624926504e+06
-3.621947671764465515e+06
-3.621294777384515386e+06
-3.620623242482321337e+06
-3.619933852652173955e+06
-3.619227341739821713e+06
-3.618504545710001606e+06
-3.617766145048186649e+06
-3.617013126482638065e+06
-3.616245911743486300e+06
-3.615720818373437505e+06
-3.615360825207209215e+06
-3.614998193041997030e+06
-3.614633074711853173e+06
-3.614265598101534881e+06
-3.613895756001678295e+06
-3.613523633367931470e+06
-3.613149320138869807e+06
-3.612772916437368374e+06
-3.612394469975985121e+06
-3.612014082134155091e+06
-3.611631814564184751e+06
-3.611247763773012906e+06
-3.610861966829062905e+06
-3.610474560822847765e+06
-3.610085563782691956e+06
-3.609695134203776717e+06
-3.609303299887110479e+06
-3.608910143938860390e+06
-3.608515685306587256e+06
-3.608120165421513375e+06
-3.607723481432239991e+06
-3.607325903023606632e+06
-3.606927235646248329e+06
-3.606527747133584693e+06
-3.606127469444295391e+06
-3.605726774495135993e+06
-3.605324981571875047e+06
-3.604923075984705240e+06
-3.604520810986306518e+06
-3.604118091725954320e+06
-3.603714755187595729e+06
-3.603311380692142528e+06
-3.602908003610628657e+06
-3.602504430096089374e+06
-3.602101105924578384e+06
-3.601697656207369175e+06
-3.601294349769826978e+06
-3.600891379731295165e+06
-3.600488939646838699e+06
-3.600086828305879608e+06
-3.599685185992069077e+06
-3.599284151459997520e+06
-3.598883805947661866e+06
-3.598484182629949413e+06
-3.598085370107962284e+06
-3.597390494010667782e+06
-3.596313981440543197e+06
-3.595246853020029608e+06
-3.594190669115358032e+06
-3.592152191004432738e+06
-3.588193828404613771e+06
-3.584586526672793087e+06
-3.581430412814334035e+06
-3.578818325298853219e+06
-3.576844309228507336e+06
-3.575592901610580739e+06
-3.575154146744179539e+06
-3.575598539438430686e+06
-3.577011228615639266e+06
-3.579449566929590888e+06
-3.582983854393791407e+06
-3.587680251612629741e+06
-3.593586322810706683e+06
-3.600754417487783823e+06
-3.609228269378474914e+06
-3.619052026262340136e+06
-3.630259282765578479e+06
-3.642887997059641406e+06
-3.656960472172912210e+06
-3.672515437524398789e+06
-3.689563687008158304e+06
-3.708130432427811436e+06
-3.728237673337793909e+06
-3.749905681564920116e+06
-3.773145213019206654e+06
-3.797974036283584312e+06
-3.824411742117474787e+06
-3.852470487168340944e+06
-3.882170402454040013e+06
-3.913529710712291300e+06
-3.946565562629709020e+06
-3.981301237565071788e+06
-4.017758484636611305e+06
-4.055974138321241830e+06
-4.095973141672221944e+06
-4.137792575532279909e+06
-4.181471788716206793e+06
-4.227053737303704955e+06
-4.254796401861383580e+06
-4.283225020043729804e+06
-4.312353600321466103e+06
-4.342195687082480639e+06
-4.372765819368599914e+06
-4.404076960179055110e+06
-4.436146771859442815e+06
-4.468990168702953495e+06
-4.502626996358728036e+06
-4.537074797132946551e+06
-4.572352895572805777e+06
-4.608482998147923499e+06
-4.645487146433693357e+06
-4.683389298027816229e+06
-4.722214122225177474e+06
-4.761987789750183001e+06
-4.802737483539967798e+06
-4.844492845495045185e+06
-4.887283451222708449e+06
-4.931142439347508363e+06
-4.976102573602224700e+06
-5.022200671756037511e+06
-5.069472868325748481e+06
-5.117957689332384616e+06
-5.167697656490329653e+06
-5.218734165540316142e+06
-5.271112981240661815e+06
-5.324882360611892305e+06
-5.380089599657305516e+06
-5.436787406587911770e+06
-5.495030259262165055e+06
-5.554874329983887263e+06
-5.616378375661180355e+06
-5.679604491769634187e+06
-5.744619398322490044e+06
-5.811490407018197700e+06
-5.880290031529239379e+06
-5.951093266244061291e+06
-6.023978785616102628e+06
-6.071174261397500522e+06
-6.119256243305101059e+06
-6.168247619194655679e+06
-6.218171558991661295e+06
-6.269051864371887408e+06
-6.320913857706427574e+06
-6.373782250037122518e+06
-6.427683329691001214e+06
-6.482644205153611489e+06
-6.538693294953797013e+06
-6.595859101357057691e+06
-6.654172044312530197e+06
-6.713663090497118421e+06
-6.774364235979509540e+06
-6.836308838867560960e+06
-6.899531478669117205e+06
-6.939627503095769323e+06
-6.980243372241715901e+06
-7.021388486371827312e+06
-7.063072003670657985e+06
-7.105303533799632452e+06
-7.148092895287041552e+06
-7.191450127242558636e+06
-7.235385510591200553e+06
-7.279909582326182164e+06
-7.325033138680064119e+06
-7.370767249428064562e+06
-7.417123262034310959e+06
-7.464112818040315062e+06
-7.511747856097877026e+06
-7.560040632888925262e+06
-7.609003721867229789e+06
-7.658650043354451656e+06
-7.708992851763657294e+06
-7.760045787623727694e+06
-7.811822831674150191e+06
-7.864338417234513909e+06
-7.917607282092856243e+06
-7.951225458081767894e+06
-7.985146382137191482e+06
-8.019373973150994629e+06
-8.053912194784491323e+06
-8.088765048181741498e+06
-8.123936560976912268e+06
-8.159430943305829540e+06
-8.195252296144837514e+06
-8.231405153847471811e+06
-8.267893633381200954e+06
-8.304722263787371106e+06
-8.341895730388126336e+06
-8.379418498041139916e+06
-8.417295569797866046e+06
-8.455531613014940172e+06
-8.494131372491922230e+06
-8.533100177560599521e+06
-8.572442979134120047e+06
-8.612165152272237465e+06
-8.652271942196896300e+06
-8.692768705703433603e+06
-8.733661197182226926e+06
-8.774955056178811938e+06
-8.816655911470616236e+06
-8.858769915097627789e+06
-8.901303131638670340e+06
-8.944261598209243268e+06
-8.987651650701392442e+06
-9.031479897387951612e+06
-9.075752944385828450e+06
-9.120477424970712513e+06
-9.165660260710477829e+06
-9.211308659152500331e+06
-9.257429869718141854e+06
-9.304031120989680290e+06
-9.351120133326282725e+06
-9.398704626153083518e+06
-9.446792576804216951e+06
-9.495392101901823655e+06
-9.544511548030823469e+06
-9.594159447835322469e+06
-9.644344561970090494e+06
-9.695075852331843227e+06
-9.746362519962845370e+06
-9.798213983291119337e+06
-9.850639916290659457e+06
-9.903650223471218720e+06
-9.957255085875527933e+06
-1.001146492478868924e+07
-1.006629046677540056e+07
-1.012174268044696562e+07
-1.017783288400183246e+07
-1.023457261878831685e+07
-1.029197391060450673e+07
-1.035004873895567656e+07
-1.040880990682627261e+07
-1.046827018444374204e+07
-1.052844301780992933e+07
-1.058934192605795152e+07
-1.065098084040688910e+07
-1.071337412592536397e+07
-1.077653717511408590e+07
-1.084048479505220614e+07
-1.090523255961591564e+07
-1.097079706302029267e+07
-1.103719465580565110e+07
-1.110444296929963306e+07
-1.117255926193248481e+07
-1.124156144815611467e+07
-1.131146912067699619e+07
-1.138230077530167811e+07
-1.145407695395628549e+07
-1.152681831028510816e+07
-1.160054533936603740e+07
-1.167528014796292409e+07
-1.175104600819933042e+07
-1.182786505973064527e+07
-1.190576187052063458e+07
-1.198476202573423274e+07
-1.206489003512135707e+07
-1.214617268737401813e+07
-1.222863730112823844e+07
-1.231231221012979746e+07
-1.239722665378876403e+07
-1.248341066284612752e+07
-1.257089549493802711e+07
-1.265971338518925384e+07
-1.274989774078401364e+07
-1.284148306371473707e+07
-1.293450510911253840e+07
-1.302900085019414127e+07
-1.317417654178753495e+07
-1.332291834046194702e+07
-1.347537057721128128e+07
-1.363168528240203857e+07
-1.379202286824111082e+07
-1.395655521152404882e+07
-1.412545480854683742e+07
-1.429891676884864457e+07
-1.447714107560537383e+07
-1.466034320634708554e+07
-1.484873577625946142e+07
-1.504256805593659543e+07
-1.524209751256601699e+07
-1.544757805794208311e+07
-1.565929271968004294e+07
-1.587756900556649640e+07
-1.610269634576977044e+07
-1.633503406425858289e+07
-1.657496629802496731e+07
-1.682284777884034812e+07
-1.707910323270456120e+07
-1.734418114038835466e+07
-1.761855193439461291e+07
-1.790272259747441113e+07
-1.819723424458345026e+07
-1.850266934342771396e+07
-1.881964893411433697e+07
-1.914884598450989649e+07
-1.949097517725233734e+07
-1.984684261054839194e+07
-2.021723961186071113e+07
-2.060304990652776510e+07
-2.100535380900454149e+07
-2.142511327884862199e+07
-2.186350089524763077e+07
-2.232176507452477887e+07
-2.280118804498141631e+07
-2.330347448683638126e+07
-2.383001779601370543e+07
-2.438265513082310930e+07
-2.496330895289618149e+07
-2.557413782640277594e+07
-2.621748785986247286e+07
-2.689595560772725567e+07
-2.761241948323974386e+07
-2.837007846650048345e+07
-2.885554481768574566e+07
-2.935852942853861675e+07
-2.988006947015576810e+07
-3.042125119830638543e+07
-3.098315850066279620e+07
-3.156700547060790285e+07
-3.217398866533768550e+07
-3.280545091042508930e+07
-3.346298723050516471e+07
-3.414820283730548620e+07
-3.458288820811518282e+07
-3.502895897145491838e+07
-3.548695663077085465e+07
-3.595735552278637886e+07
-3.644064981218001246e+07
-3.693737294373505563e+07
-3.744807217174013704e+07
-3.797333862699107081e+07
-3.851379017141026258e+07
-3.907008123138902336e+07
-3.964290314583022892e+07
-4.023298857348139584e+07
-4.084111250157912076e+07
-4.146809768498552591e+07
-4.211481540580400079e+07
-4.278219289542110264e+07
-4.347121236158016324e+07
-4.418295112286955118e+07
-4.491844004961125553e+07
-4.567893908435454220e+07
-4.646569940212236345e+07
-4.728012058303239197e+07
-4.812355386841268092e+07
-4.899751033390181512e+07
-4.990385110356843472e+07
-5.084407472533600777e+07
-5.182025500618913025e+07
-5.283455893565661460e+07
-5.388891907550136745e+07
-5.498578468516304344e+07
-5.612773071758244932e+07
-5.731750378253997862e+07
-5.855807167848830670e+07
-5.985265548089062423e+07
-6.120473709628295898e+07
-6.261810259116214514e+07
-6.409701513388910145e+07
-6.564549354096462578e+07
-6.726880797696283460e+07
-6.897221752292066813e+07
-7.076183891571637988e+07
-7.264342992885190248e+07
-7.462423900895109773e+07
-7.671194699436149001e+07
-7.891499718998093903e+07
-8.124274001649115980e+07
-8.370533436782404780e+07
-8.631435738481093943e+07
-8.908226582535609603e+07
-9.202312272411772609e+07
-9.515251537297677994e+07
-9.848748858895619214e+07
-1.020478702252568007e+08
-1.058552452615905553e+08
-1.083894803686472476e+08
-1.110368765685567856e+08
-1.138052750372556597e+08
-1.167028171151544303e+08
-1.197376575252768397e+08
-1.229187260800014287e+08
-1.262563316700030863e+08
-1.297598048573575467e+08
-1.334408725768637806e+08
-1.373116973877817094e+08
-1.413853931085331142e+08
-1.456760761053709090e+08
-1.501990532098157108e+08
-1.549706899834561050e+08
-1.600087977657222450e+08
-1.653322156560888588e+08
-1.709615104358394444e+08
-1.769180816532017589e+08
-1.832259360889654458e+08
-1.899094411718097329e+08
-1.969949902303778231e+08
-2.045099962626624107e+08
-2.093469424813202918e+08
-2.143625523830172420e+08
-2.195642522797288895e+08
-2.249592963321744800e+08
-2.305535491205391586e+08
-2.363547263412371576e+08
-2.423691576296372712e+08
-2.486031711221940815e+08
-2.550625401056499481e+08
-2.617530234528924823e+08
-2.686796125719512105e+08
-2.758457032935149074e+08
-2.832541769700779915e+08
-2.909065856571462154e+08
-2.988026904582938552e+08
-3.069403444198913574e+08
-3.153149699718457460e+08
-3.202228019060752392e+08
-3.233965485875200629e+08
-3.265998969159850478e+08
-3.298322113864595294e+08
-3.330927579957942367e+08
-3.363806582369190454e+08
-3.396955033658762574e+08
-3.430357868887929320e+08
-3.464011588524639010e+08
-3.497898657339167595e+08
-3.532012452672695518e+08
-3.566340886265505552e+08
-3.600864257895942330e+08
-3.635574021990235448e+08
-3.670452826031154990e+08
-3.705483890325779915e+08
-3.740649678590714335e+08
-3.775931431470442414e+08
-3.811309351850162745e+08
-3.846762452089141011e+08
-3.882268669159730077e+08
-3.917804710817505121e+08
-3.953346213530530334e+08
-3.988867536787950993e+08
-4.024342035941306353e+08
-4.059741694633669257e+08
-4.095037697942497134e+08
-4.130198841375994682e+08
-4.165196898042403460e+08
-4.199995789015830159e+08
-4.234564218565437794e+08
-4.268868501059380174e+08
-4.302873557076624632e+08
-4.336541477707445025e+08
-4.369838889819450974e+08
-4.402724412783870697e+08
-4.435164650887991786e+08
-4.467118997381895185e+08
-4.498550762719169855e+08
-4.529420251657459140e+08
-4.559689280078604221e+08
-4.589319616007577777e+08
-4.618273547890657187e+08
-4.646514598191846609e+08
-4.674004244066299796e+08
-4.700707995346186757e+08
-4.726591161242796779e+08
-4.751620519794604182e+08
-4.775764333188219070e+08
-4.798992636070682406e+08
-4.821277330338864923e+08
-4.842592496133362651e+08
-4.862914431346929669e+08
-4.882222041585791707e+08
-4.900500903649848104e+08
-4.917723164041848183e+08
-4.933887153266125917e+08
-4.948986459645442367e+08
-4.963002625889608264e+08
-4.975931409125211835e+08
-4.987791205615366697e+08
-4.998560038153029680e+08
-5.008263564376035929e+08
-5.016911950396681428e+08
-5.024496815849966407e+08
-5.031056238601499200e+08
-5.036606576388223767e+08
-5.041156431468113065e+08
-5.044737470391228199e+08
-5.047376449345316887e+08
-5.049102000124297738e+08
-5.049944760974881053e+08
-5.049937376057076454e+08
-5.049113632519523501e+08
-5.047508888590611815e+08
-5.045158894486067891e+08
-5.042099644527354240e+08
-5.038370522620809674e+08
-5.034008363340609670e+08
-5.029047279404154420e+08
-5.023527371913741827e+08
-5.019731619963778853e+08
-5.015735519296349883e+08
-5.011546479899083376e+08
-5.007171004143128991e+08
-5.002620338705307841e+08
-4.997897739115661383e+08
-4.993016660608445406e+08
-4.987988075064513683e+08
-4.982814016368972659e+08
-4.977501208582152724e+08
-4.972065300907281637e+08
-4.966500868246222734e+08
-4.960826896998636127e+08
-4.955042164201353788e+08
-4.949159536664976478e+08
-4.943178576378653646e+08
-4.937110648173087239e+08
-4.930959179496004581e+08
-4.924729428135490417e+08
-4.918426799768112302e+08
-4.912056399783475399e+08
-4.905622968496810794e+08
-4.899130988415566683e+08
-4.888429506077356339e+08
-4.877602184092575908e+08
-4.866662622579967976e+08
-4.855626203762214780e+08
-4.844506999601535797e+08
-4.833317566035569310e+08
-4.822068464893899560e+08
-4.810770098632169366e+08
-4.799431431006143689e+08
-4.788060903723575473e+08
-4.776666348935884833e+08
-4.765254205441690087e+08
-4.753831395520454645e+08
-4.742403723638058305e+08
-4.730976948176255822e+08
-4.723436654656935930e+08
-4.718189542860621214e+08
-4.712944551298722029e+08
-4.707701977766394615e+08
-4.702462176125367284e+08
-4.697225498029014468e+08
-4.688757289969739318e+08
-4.680299434793217778e+08
-4.671853047961941957e+08
-4.663419191370803714e+08
-4.654998811836138368e+08
-4.646592755784987807e+08
-4.638201769033980370e+08
-4.629826499461835623e+08
-4.621467491589182615e+08
-4.613125199244245291e+08
-4.604799974329376221e+08
-4.596492085307888985e+08
-4.588201693489981294e+08
-4.579928890446502566e+08
-4.571673643589388728e+08
-4.563435885919021964e+08
-4.555215562599740028e+08
-4.547011949963571429e+08
-4.538825031765529513e+08
-4.530654613901188374e+08
-4.522499679769478440e+08
-4.514359608988301754e+08
-4.506234089214295149e+08
-4.498122497757978439e+08
-4.490023470447458029e+08
-4.481936371553183794e+08
-4.473860227516821027e+08
-4.465794000766202807e+08
-4.457736608364707828e+08
-4.449686905217818022e+08
-4.441643683782033324e+08
-4.433605705599678159e+08
-4.425571633316674829e+08
-4.417540135136563778e+08
-4.409509805586299896e+08
-4.401479239626378417e+08
-4.393446967642521858e+08
-4.385411496512618661e+08
-4.377371306005728245e+08
-4.369324852633528113e+08
-4.361270572943432927e+08
-4.353206887178263068e+08
-4.345132202745548487e+08
-4.337044917659654617e+08
-4.328943424027612805e+08
-4.320826111141251326e+08
-4.312691369129244685e+08
-4.304537591295652390e+08
-4.296363178619536161e+08
-4.288166539956374764e+08
-4.279946100021767020e+08
-4.271700292075358033e+08
-4.263427682488436103e+08
-4.255126539191703200e+08
-4.246795348918700218e+08
-4.238432958178238273e+08
-4.230037490153718591e+08
-4.221607840374125242e+08
-4.213142635933497548e+08
-4.204640176654276252e+08
-4.196099443227031827e+08
-4.187519208342680931e+08
-4.178897947519352436e+08
-4.170234574754256010e+08
-4.161527909035515785e+08
-4.152776821361770630e+08
-4.143980211446208954e+08
-4.135137032937982082e+08
-4.126246272561435699e+08
-4.117306958262605667e+08
-4.108318176535472870e+08
-4.099279045794960260e+08
-4.090188731714459062e+08
-4.081046444871563315e+08
-4.071851440774862766e+08
-4.062603020241903067e+08
-4.053300529151114821e+08
-4.043943358888728023e+08
-4.034530945755343437e+08
-4.025062771638302207e+08
-4.015538362789543867e+08
-4.005957291224359870e+08
-3.996319172055163383e+08
-3.986623667056748867e+08
-3.976870478033514023e+08
-3.967059357170851827e+08
-3.957190087832129598e+08
-3.947262539522967339e+08
-3.937276532773241997e+08
-3.927231981498536468e+08
-3.917128901404290795e+08
-3.906967290063932538e+08
-3.896747135660857558e+08
-3.886468522584137917e+08
-3.876131639918133020e+08
-3.865736547923927903e+08
-3.855283515687172413e+08
-3.838805265007384419e+08
-3.822186491668334007e+08
-3.805428718328558207e+08
-3.788533307043051720e+08
-3.771502082565841079e+08
-3.754336496964098215e+08
-3.737039094390037656e+08
-3.719611770692095160e+08
-3.702056870454903841e+08
-3.684377225644109249e+08
-3.666575289547767043e+08
-3.648653957950630784e+08
-3.630616206074268222e+08
-3.612465124157992005e+08
-3.594203921561301947e+08
-3.575835915508261919e+08
-3.557364526794671416e+08
-3.538793266346599460e+08
-3.520125737197328806e+08
-3.501365610142259002e+08
-3.482516644583681226e+08
-3.463582628395816684e+08
-3.444567451062864065e+08
-3.425475039253584146e+08
-3.406309319123629928e+08
-3.387074275766778588e+08
-3.367773974509100318e+08
-3.348412460022587776e+08
-3.328993709836372733e+08
-3.309521912756050229e+08
-3.290001063220277429e+08
-3.270435197468565702e+08
-3.250828514253699183e+08
-3.231184950100259781e+08
-3.211508521389169097e+08
-3.191803350518969297e+08
-3.172073423131204247e+08
-3.152322543020051718e+08
-3.132554799581435919e+08
-3.112774024583736062e+08
-3.092984058118941784e+08
-3.073188703348194957e+08
-3.053391712445473671e+08
-3.033596787444164157e+08
-3.013807575547515750e+08
-2.994027669217556119e+08
-2.974260600675552487e+08
-2.954509843853947520e+08
-2.934778806727421880e+08
-2.915070837924598455e+08
-2.895389212169624567e+08
-2.875737149882321358e+08
-2.856117780240384340e+08
-2.844391177459772825e+08
-2.832678062950519919e+08
-2.820979052471219301e+08
-2.809294772609195709e+08
-2.797625845199141502e+08
-2.785972881306813359e+08
-2.774336481039255261e+08
-2.762717235743228793e+08
-2.751115724414691925e+08
-2.739532526767777205e+08
-2.727968203188802600e+08
-2.716423301678369641e+08
-2.704898376447315812e+08
-2.693393956775541902e+08
-2.681910563056349158e+08
-2.670448717229451537e+08
-2.659008931297847331e+08
-2.647591692785416245e+08
-2.636197490566393733e+08
-2.624826812419070601e+08
-2.613480113685999215e+08
-2.602157863931026757e+08
-2.590860506709792614e+08
-2.579588489445663989e+08
-2.568342238860163391e+08
-2.557122182266969681e+08
-2.545928730635217726e+08
-2.534762288529173732e+08
-2.523623249963798225e+08
-2.512512010997849405e+08
-2.501428936042435765e+08
-2.490374409125235081e+08
-2.479348776040383279e+08
-2.468352396658673882e+08
-2.457385612739671767e+08
-2.446448758529901206e+08
-2.435542159817040265e+08
-2.424666134474731088e+08
-2.413820991795593500e+08
-2.403007032980318964e+08
-2.392224550939350724e+08
-2.373217899293653667e+08
-2.354312264659110904e+08
-2.335509090395326018e+08
-2.316809742520013750e+08
-2.298215512979179621e+08
-2.279727619615808725e+08
-2.261347211784417331e+08
-2.243075366546916962e+08
-2.224913098220694065e+08
-2.206861347383761108e+08
-2.188921003180109560e+08
-2.171092873122130036e+08
-2.153377722989872992e+08
-2.135776236244720519e+08
-2.118289058057077527e+08
-2.100916770649777353e+08
-2.083659910976744294e+08
-2.066518932805645466e+08
-2.049494259184851944e+08
-2.032586271027467847e+08
-2.015795289321198165e+08
-1.999121577446712255e+08
-1.982565374230118692e+08
-1.966126850610326827e+08
-1.949806147948236763e+08
-1.933603381483426094e+08
-1.917518600028106272e+08
-1.901551808259591460e+08
-1.885703007090081275e+08
-1.869972141117170453e+08
-1.854359113311004639e+08
-1.838863803245837986e+08
-1.823486054751083851e+08
-1.808225691940302551e+08
-1.793082473050206602e+08
-1.783131161402702928e+08
-1.776386192076434195e+08
-1.769664859171406627e+08
-1.762967137530620098e+08
-1.756292998886752725e+08
-1.745595462533052564e+08
-1.734958871073932648e+08
-1.724383091174113452e+08
-1.704771839001064301e+08
-1.685371699207856059e+08
-1.666181640918942094e+08
-1.647200537731491923e+08
-1.617857615520107150e+08
-1.589020632488503158e+08
-1.560684546107034385e+08
-1.532843830483848751e+08
-1.505492817234016657e+08
-1.478625504462156892e+08
-1.452235857512672544e+08
-1.426317528224541545e+08
-1.400864165183877051e+08
-1.383533169224143624e+08
-1.371652582494279444e+08
-1.359875412978010476e+08
-1.348200901455538869e+08
-1.336628292001332492e+08
-1.325156863584283739e+08
-1.313785855251445323e+08
-1.302514524247192591e+08
-1.291342079795753509e+08
-1.280267802421531528e+08
-1.269290893505415171e+08
-1.258410656644350886e+08
-1.247626290431182832e+08
-1.236937042322094589e+08
-1.226342117917481810e+08
-1.215840821044411510e+08
-1.205432349107975662e+08
-1.195115965829902738e+08
-1.184890883184490651e+08
-1.174756390089196265e+08
-1.164711682485271841e+08
-1.154756061929112971e+08
-1.148393970524650812e+08
-1.142068286594239026e+08
-1.135778793908308297e+08
-1.129525330356066227e+08
-1.123307621876727641e+08
-1.117125554516506642e+08
-1.110978847007446140e+08
-1.104867400483487546e+08
-1.098790904345793426e+08
-1.094617685453407764e+08
-1.090460979833917469e+08
-1.086320720217719376e+08
-1.082196851909353435e+08
-1.078089311551540494e+08
-1.070980591777302921e+08
-1.063920775229687542e+08
-1.056909530332834423e+08
-1.044217749121664315e+08
-1.023736734858230948e+08
-1.003675451285871118e+08
-9.840252629546071589e+07
-9.647775873391202092e+07
-9.459239960122910142e+07
-9.274561921464858949e+07
-9.093660273170943558e+07
-8.916454893561474979e+07
-8.742867126418888569e+07
-8.572819738721673191e+07
-8.406236980268235505e+07
-8.243044543681421876e+07
-8.083169613770347834e+07
-7.926540800743627548e+07
-7.773088228635826707e+07
-7.622743381053550541e+07
-7.475439324527935684e+07
-7.331111100386892259e+07
-7.189692289275401831e+07
-7.051122786159245670e+07
-6.915340221578198671e+07
-6.782283847037041187e+07
-6.651894596961572021e+07
-6.524116656871058047e+07
-6.398892757542797923e+07
-6.276169172411015630e+07
-6.155890749224952608e+07
-6.038007260734365880e+07
-5.922465393251801282e+07
-5.809215035949990153e+07
-5.698209313692048937e+07
-5.589397862526383251e+07
-5.482737589588279277e+07
-5.378180342352303863e+07
-5.275681331754633039e+07
-5.175198011416718364e+07
-5.076688921387518942e+07
-4.980110865087315440e+07
-4.885423268186859787e+07
-4.792588227701529115e+07
-4.701565934149917215e+07
-4.612318388090697676e+07
-4.524809047889406234e+07
-4.439001110324207693e+07
-4.354861437665663660e+07
-4.272352531343910843e+07
-4.191444855987764895e+07
-4.112101833710496873e+07
-4.034292450745726377e+07
-3.957984822470818460e+07
-3.883150644785124063e+07
-3.809757083459207416e+07
-3.737776114310094714e+07
-3.667179307768325508e+07
-3.597937919898652285e+07
-3.530024972731173784e+07
-3.463413156791813672e+07
-3.398077880271109194e+07
-3.333992153211825714e+07
-3.271131125814904273e+07
-3.209470538711006194e+07
-3.148986372301820666e+07
-3.089655228430780023e+07
-3.031454216572463885e+07
-2.974360934911217913e+07
-2.918353465111118928e+07
-2.827204032913876325e+07
-2.738924963351055607e+07
-2.653422463921491057e+07
-2.570606519577381015e+07
-2.490390086239325255e+07
-2.412689289387828857e+07
-2.337423056578111276e+07
-2.264513179612559825e+07
-2.193884075348447263e+07
-2.125462802983042225e+07
-2.059178875158093870e+07
-1.994964233438011631e+07
-1.932753096090595424e+07
-1.872481911552470550e+07
-1.814089246465583518e+07
-1.757515721272357926e+07
-1.702703932499964908e+07
-1.649598366413384303e+07
-1.598145356113498285e+07
-1.548292972190799937e+07
-1.499991000257663243e+07
-1.453190887558477744e+07
-1.407845601969118230e+07
-1.363909679248978943e+07
-1.321339082496486977e+07
-1.280091264765877835e+07
-1.240124942909743264e+07
-1.201400263449779898e+07
-1.176201069715851173e+07
-1.159348466754432954e+07
-1.142736012951708026e+07
-1.126360272885201126e+07
-1.110217873755455762e+07
-1.094305484971126355e+07
-1.078619849398156628e+07
-1.063157710022721067e+07
-1.047915931479348429e+07
-1.032891297841804661e+07
-1.018080851828258857e+07
-1.003481326673225127e+07
-9.936955395874407142e+06
-9.869786979283373803e+06
-9.803069487544989213e+06
-9.736800054761471227e+06
-9.670976241488426924e+06
-9.605594022795960307e+06
-9.540651806125080213e+06
-9.476144274926554412e+06
-9.412072608239566907e+06
-9.348429050723234192e+06
-9.304272005965854973e+06
-9.260322478258507326e+06
-9.216579147484214976e+06
-9.173041083987683058e+06
-9.129707337892515585e+06
-9.044791219835124910e+06
-8.960659698380751535e+06
-8.877305545849652961e+06
-8.724475488199288025e+06
-8.475585070777885616e+06
-8.233748201294167899e+06
-7.998765621338603087e+06
-7.770443620752602816e+06
-7.548594550843321718e+06
-7.333035864062337205e+06
-7.123590221765255556e+06
-6.920085290962204337e+06
-6.722353605862111785e+06
-6.530232424241983332e+06
-6.249309242187661119e+06
-5.980387482418021187e+06
-5.722956799894995056e+06
-5.476530531758558005e+06
-5.240641931070739403e+06
-5.014844105436256155e+06
-4.798708714269117452e+06
-4.591825469048769213e+06
-4.393801334171955474e+06
-4.030149912717563100e+06
-3.696404328468902968e+06
-3.473095000922754873e+06
-3.263193468104290310e+06
-3.065899791927149519e+06
-2.880462297132348642e+06
-2.706174271999108605e+06
-2.542370680040029809e+06
-2.388425721168621909e+06
-2.243750487603604328e+06
-2.107790882768863346e+06
-1.980025685616420815e+06
-1.859964602468486642e+06
-1.692142525681218831e+06
-1.539390594792847289e+06
-1.400364555476389360e+06
-1.273838106184103061e+06
-1.158694844513830263e+06
-1.053916362929460593e+06
-9.585753519491318148e+05
-8.718259767973857233e+05
-7.928985939967683516e+05
-7.210909444323889911e+05
-6.557645311529398896e+05
-5.963364837259590859e+05
-5.422773722509120125e+05
-4.931034853016681736e+05
-4.483760616100745974e+05
-4.076937474490370951e+05
-3.809879126649837708e+05
-3.632438655255010817e+05
-3.510337268051729188e+05
-3.422924678712979658e+05
-3.337682436912901467e+05
-3.254557798551579472e+05
-3.173497669631571625e+05
-3.094450867473241524e+05
-3.017368020007570740e+05
-2.942200476678638952e+05
-2.806334283702223911e+05
-2.676726596643116209e+05
-2.553090135934125283e+05
-2.435151042568795092e+05
-2.322647680571612145e+05
-2.215330263328035653e+05
-2.062294297357804026e+05
-1.919807724431008683e+05
-1.787145793298621720e+05
-1.663633256645912479e+05
-1.548640933037281502e+05
-1.441582659198906331e+05
-1.341912464508663106e+05
-1.249121848152647144e+05
-1.162737199078976410e+05
-1.082317394979709643e+05
-1.007451581330174668e+05
-9.377571077065102872e+04
-8.728776037649926730e+04
-8.124811822519086127e+04
-7.562587630209085182e+04
-7.039225114989723079e+04
-6.552043840310126689e+04
-6.098547723679206683e+04
-5.676412403631660709e+04
-5.283473471552226692e+04
-4.917715468894546939e+04
-4.410051003338270675e+04
-3.954765261338874552e+04
-3.546468471220920037e+04
-3.180321681752694712e+04
-2.851978395193407414e+04
-2.557537988158433291e+04
-2.293503906672495941e+04
-2.056741402882014154e+04
-1.681965291659525246e+04
-1.473338361039448500e+04
-1.290621027322403643e+04
-1.130600454415969762e+04
-9.904618250184043063e+03
-8.677366203895900981e+03
-7.602610142240524510e+03
-6.661403016695165206e+03
-5.837158159412385430e+03
-5.115346867880092759e+03
-4.483238109685813470e+03
-3.929678958872379553e+03
-3.444903146393005954e+03
-3.020359202208058377e+03
-2.648557739168081298e+03
-2.322938808961613631e+03
-2.037757346415236725e+03
-1.787982800999404617e+03
-1.569210405839680789e+03
-1.377583038561493822e+03
-1.209723077163484277e+03
-1.062673094303098196e+03
-9.338435772347786497e+02
-8.209671964784240572e+02
-7.220588833863911304e+02
-6.353807189951993450e+02
-5.594110925538576566e+02
-4.928177959568366759e+02
-4.344345259145131308e+02
-3.832402406627952018e+02
-3.383410651580595072e+02
-2.989544514246521203e+02
-2.643953153446154829e+02
-2.340639252239560903e+02
-2.074352684338939810e+02
-1.840497372273775341e+02
-1.635049761171167120e+02
-1.454487560592187378e+02
-1.295727218890521613e+02
-1.089824026955163134e+02
-9.202419895496296931e+01
-7.803692274834766351e+01
-6.648034435769370987e+01
-5.691373782266077797e+01
-4.897783421104504953e+01
-4.237918342902950997e+01
-3.687761334522754453e+01
-3.227660054346303298e+01
-2.841568817890411580e+01
-2.516388724335605787e+01
-2.241408802719330851e+01
-2.007850315149634923e+01
-1.808526647100564588e+01
-1.555311604734125197e+01
-1.352927981494221399e+01
-1.188926991054299798e+01
-1.054100556283919410e+01
-9.417004325216780103e+00
-8.467488438004428630e+00
-7.236211200930958043e+00
-6.248478623416248823e+00
-5.434632005279610212e+00
-4.749406712568675637e+00
-4.164299733854591956e+00
-3.660579777967356119e+00
-3.224308205325129517e+00
-2.843848401972407736e+00
-2.510031726398590735e+00
-2.216422151161541176e+00
-1.958176741962138756e+00
-1.622900064818056265e+00
-1.345769547948193035e+00
-1.115890069373040028e+00
-9.250090391738088336e-01
-7.667119051159250187e-01
-6.357214667143170628e-01
-5.272872069433370834e-01
-4.372732815164547260e-01
-3.625216834307214975e-01
-3.005810609759251295e-01
-2.493098755646644682e-01
-2.067853322212464817e-01
-1.714676179059895500e-01
-1.421721891255169345e-01
-1.179022944471387890e-01
-8.856019848793557359e-02
-6.655567919311851377e-02
-4.988099069618113363e-02
-3.735808359725690392e-02
-2.809393602919926791e-02
-2.115895906895024284e-02
-1.588847891772777673e-02
-1.190803338340446285e-02
-8.943819558912097581e-03
-6.727716573191840251e-03
-4.314967045489785831e-03
-2.716589729110508670e-03
-1.754927801240174995e-03
-1.061639840800377311e-03
-6.478641681746605610e-04
-4.516894011299942566e-04
-3.385281529540242786e-04
-3.724471079608374069e-04
-5.055106753522616123e-05
-6.682671144913616263e-05
-2.701032132679399280e-04
-1.119107091099054695e-04
-8.009037033876018790e-05
-1.587170423712819982e-04
-4.212244527256207497e-05
-2.727611136683321790e-04
-1.894432903640248117e-04
1.751129002226574046e-04
1.711754938871815318e-04
-8.003232989166133324e-05
-1.331223475822685266e-04
1.385419559259751944e-05
8.923324016337000331e-05
1.391190486179257667e-05
-3.285471897989495032e-04
-2.539820134191757034e-06
-6.082443320522654912e-06
1.306597112757531772e-04
1.242333341143186649e-04
-8.389656768990022648e-05
8.663615847090642963e-05
6.946321542428228999e-05
-5.075122735360818488e-05
-6.167003508103253160e-05
-2.457026896772370391e-05
8.498212165703944378e-05
-1.480017320968551551e-05
-4.862749401573969341e-05
-2.179993070243015896e-05
-1.049063712615707313e-07
3.520093017230793388e-05
1.393750332439916486e-05
1.194670983714560952e-05
5.271268838737574363e-04
6.762990530118822077e-05
-6.763690538748702921e-05
1.120649386010647664e-04
1.087777015585002233e-04
1.580720098367160300e-05
-5.063444398793522483e-06
-3.464436201054416945e-06
-1.618869834322752875e-07
5.284887122079113598e-07
-2.435835882941529184e-06
-8.107406838320203554e-07
8.350905347018016577e-07
-7.060632130043877027e-07
2.019616907665770999e-06
-2.010099213789722311e-06
-2.617239695955819408e-07
-5.092865045699917639e-07
1.414327646696871023e-07
1.231414774420407009e-06
4.358755354223898790e-07
-2.359367294912425811e-07
-8.267698592553228377e-07
-7.155729338713894258e-07
2.633841199600093767e-06
-2.832491954961549494e-06
-9.022042333792812581e-07
4.321023729403782939e-07
2.771076138555070830e-07
-8.616128628173859501e-07
-1.182004285135714215e-06
-8.387585529666648263e-07
-1.170566286452077319e-06
9.317738142471808930e-08
-5.675600399273833038e-07
1.716561807970194929e-07
1.184737468117240404e-06
