5.688686920584521897e-03
4.499173016308300604e-03
3.059557379778338193e-03
2.288891655322656312e-03
1.254511351516829354e-03
1.403481244569761621e-03
1.599830409700580105e-03
1.674922594166517766e-03
1.681059729387801615e-03
1.674326044862874986e-03
1.666805266803388780e-03
1.639726397377936316e-03
1.610650755735127835e-03
1.581565032846274583e-03
1.519264553532001039e-03
1.450889772894831597e-03
1.375173557781657167e-03
1.295266874437058131e-03
1.158866874708914824e-03
1.010762916825024005e-03
8.510216920521144904e-04
5.555865832864205229e-04
2.399430811990041479e-04
-9.203134280101425962e-05
-4.259676693758490977e-04
-7.834745910817530285e-04
-1.133901471650690385e-03
-1.497667930636608843e-03
-1.866667707711608956e-03
-2.239919667159621756e-03
-2.616963521221515529e-03
-3.191650729168921726e-03
-3.773581484229725138e-03
-4.362603149896534041e-03
-5.271572878873702524e-03
-6.199311284751341314e-03
-7.148266210006691199e-03
-8.121215460541732559e-03
-9.120980329805013914e-03
-1.015032031035903101e-02
-1.184701576845068917e-02
-1.363502324413666533e-02
-1.552441056631183834e-02
-1.920258265939665115e-02
-2.329491365131972774e-02
-2.785774213450501954e-02
-3.295034609600850511e-02
-3.863690268204360290e-02
-4.498770348739801472e-02
-5.208004370236112707e-02
-5.999932913631200043e-02
-6.884047896080434936e-02
-7.870933291506893026e-02
-8.972391938705354120e-02
-1.020157755568310981e-01
-1.157315400468287153e-01
-1.310348070705768531e-01
-1.481081223881905995e-01
-1.671551212802045161e-01
-1.884029233270492210e-01
-2.121048586560656257e-01
-2.385435162799338649e-01
-2.680341098276495249e-01
-3.009282158600309898e-01
-3.376179597434326718e-01
-3.785406984208033454e-01
-4.241842372359463931e-01
-4.750926384616679377e-01
-5.318727009734495192e-01
-5.952011937294076072e-01
-6.658329246081592379e-01
-7.446097364648001093e-01
-8.324705394069122910e-01
-9.304625019150106757e-01
-1.039753533979754563e+00
-1.161646209380158501e+00
-1.297593292992538672e+00
-1.449215059395523753e+00
-1.618318609799558327e+00
-1.806919417392999661e+00
-2.017265358055119417e+00
-2.251863513641731540e+00
-2.513510068207525094e+00
-2.805323655437878649e+00
-3.130782548981133839e+00
-3.493766156872345263e+00
-3.898601294906109516e+00
-4.350113808374097779e+00
-4.853686154053920454e+00
-5.415321633022754710e+00
-6.041716044197439572e+00
-6.740337617875683307e+00
-7.519516188577314963e+00
-8.388542678189617519e+00
-9.357780085360378308e+00
-1.043878731675182792e+01
-1.164445735190234466e+01
-1.298917140820594440e+01
-1.448897096802080497e+01
-1.616174974886558857e+01
-1.802746794279311970e+01
-2.010839132572201748e+01
-2.242935814551236717e+01
-2.501807704292521350e+01
-2.790545964731687434e+01
-3.112599192423399330e+01
-3.471814884144933444e+01
-3.872485747022192015e+01
-4.319401425809287076e+01
-4.817906290749774456e+01
-5.373964008176699991e+01
-5.994229704865973218e+01
-6.686130637646930097e+01
-7.457956393432692721e+01
-8.318959773684792935e+01
-9.279469663483163799e+01
-1.035101735149985274e+02
-1.154647795620252566e+02
-1.288022882907341966e+02
-1.436832705163290314e+02
-1.602870842433511598e+02
-1.788141066762968308e+02
-1.994882392516560401e+02
-2.225597208402439549e+02
-2.483082891604712756e+02
-2.770467360832701615e+02
-3.091249090244880904e+02
-3.449342181554655440e+02
-3.849127178905227424e+02
-4.295508699803810373e+02
-4.793978777433740674e+02
-5.350692963331292731e+02
-5.972550412207508543e+02
-6.667289246207395763e+02
-7.443592942169497064e+02
-8.311211450907107974e+02
-9.281099020328792903e+02
-1.036557116136821833e+03
-1.157848369283235797e+03
-1.293544017016211001e+03
-1.445401123584124662e+03
-1.615403161491572519e+03
-1.805787900225943531e+03
-2.019084908978189560e+03
-2.258153199666538057e+03
-2.526231939992932894e+03
-2.826993155442128682e+03
-3.164604417728086901e+03
-3.543802841380573682e+03
-3.969980764639315566e+03
-4.449286399817287929e+03
-4.842522543918242263e+03
-5.271915475882557075e+03
-5.741012240824793480e+03
-6.253737495190043774e+03
-6.814447090728645890e+03
-7.427981650063410598e+03
-8.099729005427087941e+03
-8.835698599052080681e+03
-9.642612798854679568e+03
-1.052798127321519314e+04
-1.150026924248408068e+04
-1.256898779267583632e+04
-1.374488157966443941e+04
-1.504012437740149471e+04
-1.600722851338573673e+04
-1.676582061375577541e+04
-1.756377054597040842e+04
-1.840343638984770223e+04
-1.928734319879246323e+04
-2.021821724846390498e+04
-2.119897078298216002e+04
-2.223275203841502298e+04
-2.332295265444141478e+04
-2.447323291016120129e+04
-2.568754939505907896e+04
-2.697018443178797315e+04
-2.832577973706712510e+04
-2.975937489623608053e+04
-3.127644826545864635e+04
-3.288296585515217885e+04
-3.458542871012473188e+04
-3.639096094374587119e+04
-3.830734108158796153e+04
-3.969661525796820933e+04
-4.068306455850613565e+04
-4.143329716672861832e+04
-4.219994491686081165e+04
-4.298345682507383754e+04
-4.378430177920927235e+04
-4.460296268102769682e+04
-4.543993998436906259e+04
-4.629575249122346577e+04
-4.717093761260846077e+04
-4.806605220157225995e+04
-4.898167361708627141e+04
-4.991840058061674790e+04
-5.147900247774236777e+04
-5.309915265765836375e+04
-5.478177812055325921e+04
-5.652999238171646721e+04
-5.834710855765688757e+04
-6.023665522177476669e+04
-6.220239505044553516e+04
-6.424834334631578531e+04
-6.637878943210595753e+04
-6.859831967996750609e+04
-7.091184309613613004e+04
-7.332461971694292151e+04
-7.584229190183381434e+04
-7.847091836588784645e+04
-8.121701427562194294e+04
-8.408759343928577437e+04
-8.709020398393712821e+04
-9.023300158223880862e+04
-9.262397256070090225e+04
-9.438765157720819116e+04
-9.570182939853545395e+04
-9.704007103621185524e+04
-9.840296330119372578e+04
-9.979110255757247796e+04
-1.012051454596530821e+05
-1.022315154226330778e+05
-1.029577596132264880e+05
-1.034863081407385471e+05
-1.040184412586037652e+05
-1.045541946798768331e+05
-1.050936308246082626e+05
-1.056367320560763765e+05
-1.060336686564863921e+05
-1.063165923919922789e+05
-1.065243346075517911e+05
-1.067326264468356967e+05
-1.069414608217052009e+05
-1.071508221879477351e+05
-1.073607378091974388e+05
-1.075711785943861032e+05
-1.077822005341964978e+05
-1.079343741675442579e+05
-1.080449048639117245e+05
-1.081555868480964709e+05
-1.082664191256175109e+05
-1.083774022705035022e+05
-1.084885370403701672e+05
-1.086935986751254095e+05
-1.088991759886508225e+05
-1.091052708014718082e+05
-1.093118850284966611e+05
-1.098027565239619144e+05
-1.102965678745940386e+05
-1.107933427763167711e+05
-1.117932685790407122e+05
-1.128052752645459987e+05
-1.143525642890112649e+05
-1.167766577781008236e+05
-1.192701702750811382e+05
-1.218358578059921711e+05
-1.244765472234606423e+05
-1.271952199341685773e+05
-1.299950159696799528e+05
-1.328792392443669669e+05
-1.358513684942503751e+05
-1.389150682701455662e+05
-1.420743531874511391e+05
-1.453328455604624469e+05
-1.486952782669474254e+05
-1.521660755287118664e+05
-1.557500016770802322e+05
-1.594521433429106255e+05
-1.632778647557957156e+05
-1.672328459032224491e+05
-1.713231071765135566e+05
-1.755550320682956080e+05
-1.799353927121637389e+05
-1.844719991702889965e+05
-1.891713449886240414e+05
-1.940412955607813492e+05
-1.990919803227219963e+05
-2.043320040917242877e+05
-2.097710389809001354e+05
-2.154196777427267516e+05
-2.212890977050377405e+05
-2.273912519090628775e+05
-2.337389484390922880e+05
-2.403459165596039966e+05
-2.446150584181499144e+05
-2.489928508737790980e+05
-2.534858020507347537e+05
-2.580971112696051423e+05
-2.628318579212320619e+05
-2.676945376514989766e+05
-2.726897067000675015e+05
-2.778224763538718689e+05
-2.830979447231826489e+05
-2.885223809539023787e+05
-2.941002338007679209e+05
-2.998372964298868319e+05
-3.057422567174182623e+05
-3.118187698560521821e+05
-3.180767293423382216e+05
-3.245204474584881682e+05
-3.311597669597018976e+05
-3.380026713829870569e+05
-3.422375282151964493e+05
-3.449748818863995257e+05
-3.477447842549031484e+05
-3.505478612126811640e+05
-3.533846310005669948e+05
-3.587878022540603997e+05
-3.643147515261764056e+05
-3.699692744669508538e+05
-3.792357387478638557e+05
-3.888523047358598560e+05
-3.988369029428221402e+05
-4.092095473458729102e+05
-4.199903853211018723e+05
-4.312012598528036615e+05
-4.428657104920025449e+05
-4.550087374869144987e+05
-4.676570309516065172e+05
-4.808391093687587418e+05
-4.945854511474161991e+05
-5.089286438437931938e+05
-5.239036164708943106e+05
-5.395476812514123740e+05
-5.559009394090676215e+05
-5.730063504128396744e+05
-5.852583263316156808e+05
-5.979053126272063237e+05
-6.109639082954850746e+05
-6.244517780208268669e+05
-6.383872570973663824e+05
-6.527894977341550402e+05
-6.676789438122814754e+05
-6.780654418885894120e+05
-6.886925540263316361e+05
-6.995674668954350054e+05
-7.106974405346876010e+05
-7.220900203830617247e+05
-7.337530573320720578e+05
-7.456944738429113058e+05
-7.579226427104539471e+05
-7.665697967963969568e+05
-7.753615900910357013e+05
-7.843010986550678499e+05
-7.933913225470287725e+05
-8.026352989112306386e+05
-8.120361958596685436e+05
-8.215972152817435563e+05
-8.313216338241484482e+05
-8.412127634565208573e+05
-8.512740000685137929e+05
-8.615087740154037019e+05
-8.719206033930287231e+05
-8.825130268733319826e+05
-8.932896867666753242e+05
-9.042542162212681724e+05
-9.154103762036025291e+05
-9.267619160151961260e+05
-9.383127064294180600e+05
-9.500665147876759293e+05
-9.582443006553680170e+05
-9.665206490646047750e+05
-9.748968703787922859e+05
-9.833741445851570461e+05
-9.919539300217420096e+05
-9.977510738490443910e+05
-1.003595007695915992e+06
-1.009486148933347547e+06
-1.015424893351077219e+06
-1.021411629717551172e+06
-1.030799183704855503e+06
-1.047428435165873962e+06
-1.064423346685748314e+06
-1.081791652880031615e+06
-1.099541118181590457e+06
-1.117679409258040134e+06
-1.136214092856326140e+06
-1.155152583697058028e+06
-1.174502108178151306e+06
-1.194269651092707645e+06
-1.214461910137528321e+06
-1.235085226072075311e+06
-1.256145528047034750e+06
-1.277648244412441039e+06
-1.299598243497652235e+06
-1.321999712905178778e+06
-1.344853308969053207e+06
-1.368169839716869174e+06
-1.391943078704989515e+06
-1.416175411869130796e+06
-1.440866877824089490e+06
-1.466008892277279403e+06
-1.491608729290729389e+06
-1.517664215074080508e+06
-1.544153118342919974e+06
-1.571072356505085481e+06
-1.598399826795098372e+06
-1.626141427841271041e+06
-1.654271394722678000e+06
-1.682769167721824488e+06
-1.711611623493694700e+06
-1.740791382416170789e+06
-1.770222085650689201e+06
-1.789092041898225434e+06
-1.808056634260306833e+06
-1.827103649962996133e+06
-1.846222353139155079e+06
-1.865400924488123041e+06
-1.884626671694451710e+06
-1.903886156639485853e+06
-1.923165132142664399e+06
-1.942448526507457718e+06
-1.961720411111727124e+06
-1.980964005677198758e+06
-2.000161649172301870e+06
-2.019294816396880895e+06
-2.038344082780123921e+06
-2.057289163824391551e+06
-2.076108857731331140e+06
-2.094781137677345192e+06
-2.113283023806263693e+06
-2.131590816316042561e+06
-2.149679736479674000e+06
-2.167525032384023070e+06
-2.185099710684254300e+06
-2.202375500744060613e+06
-2.219326868794617243e+06
-2.235924758313246537e+06
-2.252139477548048366e+06
-2.267946379698997829e+06
-2.283306263777537271e+06
-2.298184892411668785e+06
-2.312572326312780846e+06
-2.326415256084172986e+06
-2.339687995297950227e+06
-2.352357918355662376e+06
-2.364376185495967511e+06
-2.375755502005568705e+06
-2.386417489187342580e+06
-2.396340701476627961e+06
-2.405492824799132999e+06
-2.413835635365244001e+06
-2.421340033875175752e+06
-2.427969700214322191e+06
-2.433690072334019002e+06
-2.438466850112652872e+06
-2.442265863522753585e+06
-2.445053298664005008e+06
-2.446795593470277265e+06
-2.447459845517795067e+06
-2.447013577612084337e+06
-2.445425466603848152e+06
-2.442664668775666039e+06
-2.438702444156596903e+06
-2.435682908122597728e+06
-2.432177927788691130e+06
-2.428193898534652311e+06
-2.423730168350896798e+06
-2.418780947782972828e+06
-2.413343909319546074e+06
-2.407407039161487948e+06
-2.400975362499054521e+06
-2.394036743218263611e+06
-2.386596299451332539e+06
-2.378645928349286318e+06
-2.370183644316708669e+06
-2.361210783926549368e+06
-2.351725418697024230e+06
-2.341727062550987583e+06
-2.331217214974055998e+06
-2.320195001733609475e+06
-2.308666265014422592e+06
-2.296630988091683015e+06
-2.284092461262283381e+06
-2.271053142687502783e+06
-2.257523915719430894e+06
-2.243508225477363914e+06
-2.229013256326720584e+06
-2.214046326339130756e+06
-2.198616379959379788e+06
-2.182733006743255537e+06
-2.166406643539625686e+06
-2.149648548632673454e+06
-2.132470819617862348e+06
-2.114886343707176857e+06
-2.096908792936938815e+06
-2.078552567965181544e+06
-2.059832785240084399e+06
-2.040765209906566190e+06
-2.021366238993277773e+06
-2.001652819202916929e+06
-1.981642433414938161e+06
-1.961352996910366695e+06
-1.940802859757857863e+06
-1.920010667583176168e+06
-1.898989568354306975e+06
-1.877776050059163477e+06
-1.856371952355581801e+06
-1.834803565264417790e+06
-1.813088531238517258e+06
-1.791247358917830512e+06
-1.769299062261696672e+06
-1.747262730590599822e+06
-1.725150566173246363e+06
-1.703001540436378447e+06
-1.680812989550403552e+06
-1.658604807159136515e+06
-1.636405479207683587e+06
-1.614233641510390909e+06
-1.592092408328870544e+06
-1.570004693391027628e+06
-1.547984231119599892e+06
-1.526047542801735224e+06
-1.504208262643228518e+06
-1.482475353966111550e+06
-1.460876553789621918e+06
-1.439408325965362601e+06
-1.418090309774212074e+06
-1.396929783741160762e+06
-1.375939695370769827e+06
-1.355125433707012096e+06
-1.334505530064283172e+06
-1.314078496955780080e+06
-1.293855121223550523e+06
-1.273844729739611968e+06
-1.254053953908421099e+06
-1.234484650246516103e+06
-1.215146199680477846e+06
-1.196040466874203645e+06
-1.177173593596155988e+06
-1.158548277271248866e+06
-1.140169373825471615e+06
-1.122037694202350918e+06
-1.104155436714566546e+06
-1.086527125295398524e+06
-1.069151640521272086e+06
-1.052030822756337468e+06
-1.035165462732049404e+06
-1.018555941690562991e+06
-9.925848091315311613e+05
-9.672638960726681398e+05
-9.425895607899636962e+05
-9.185585069538339740e+05
-8.951637334139611339e+05
-8.723980678909625858e+05
-8.502533568927656161e+05
-8.287206764488728950e+05
-8.077901474048243836e+05
-7.874511909380509751e+05
-7.676926950521175750e+05
-7.371622283238095697e+05
-7.080489218962530140e+05
-6.803001964927166700e+05
-6.538646623096429976e+05
-6.286902132593874121e+05
-6.047255479372683913e+05
-5.819192493960468564e+05
-5.602199878819718724e+05
-5.395783920526489383e+05
-5.199460723170714336e+05
-5.012761537351856823e+05
-4.883312678342493600e+05
-4.793482483981874539e+05
-4.705969603948550648e+05
-4.620715458420286886e+05
-4.537664631157039548e+05
-4.456754769534383086e+05
-4.398675276898767916e+05
-4.356991199572701007e+05
-4.315884351285799057e+05
-4.275349009465257986e+05
-4.235381214143903926e+05
-4.195965065265303128e+05
-4.170069568243423128e+05
-4.153314661878123879e+05
-4.142077610744350823e+05
-4.134158518363227486e+05
-4.126261127449470223e+05
-4.118385824673250900e+05
-4.110536467534896801e+05
-4.102705720260349917e+05
-4.097450799603605992e+05
-4.093977662429051707e+05
-4.091602606328772381e+05
-4.089896655933887814e+05
-4.088190793112473912e+05
-4.086485624401466339e+05
-4.084783628840451129e+05
-4.083080613658393268e+05
-4.081824328046031296e+05
-4.080921956648165360e+05
-4.080262623171897721e+05
-4.079603634055944276e+05
-4.078944691322430735e+05
-4.078285941477323649e+05
-4.077627360940789804e+05
-4.076968935518152430e+05
-4.076310672412253334e+05
-4.074772094292937545e+05
-4.072450907993250294e+05
-4.070134286094005802e+05
-4.067819683944919962e+05
-4.065507058424712741e+05
-4.058511840421181405e+05
-4.047133866819230607e+05
-4.035804349246767815e+05
-4.024523237208328210e+05
-4.003295187405145261e+05
-3.982238057504122844e+05
-3.961350884711815743e+05
-3.926414245315430453e+05
-3.891952885733718285e+05
-3.857959174914184841e+05
-3.824427085827057599e+05
-3.729484172632003319e+05
-3.638231748311513802e+05
-3.550510713029237813e+05
-3.466188608027109876e+05
-3.385119139280390809e+05
-3.307166964460595045e+05
-3.232202750403872924e+05
-3.160102541461835499e+05
-3.090747232086022268e+05
-3.024022504216604866e+05
-2.959818686599462526e+05
-2.898030623946393607e+05
-2.838557528497928870e+05
-2.781302826560937683e+05
-2.726174004083651234e+05
-2.673082455744483741e+05
-2.621943337558932835e+05
-2.572675423030792153e+05
-2.525200962611127179e+05
-2.479445546611363825e+05
-2.435345280495790357e+05
-2.392817755199913809e+05
-2.351797230950481608e+05
-2.312235839570032840e+05
-2.274067002184950688e+05
-2.237234027958223014e+05
-2.201681886776868196e+05
-2.167358589195957757e+05
-2.118063883523999248e+05
-2.071258590298078780e+05
-2.026797674993604887e+05
-1.984543734321462689e+05
-1.944365418443734234e+05
-1.906140640854435042e+05
-1.869755609649368271e+05
-1.835103737335781916e+05
-1.802085083356851537e+05
-1.744920439765750198e+05
-1.692501246124701574e+05
-1.644357281516128569e+05
-1.600040585500219604e+05
-1.559186303888872208e+05
-1.521462675775205716e+05
-1.486573739381589985e+05
-1.454248823667065008e+05
-1.424249263368571701e+05
-1.396365233785987366e+05
-1.370409841146647814e+05
-1.346214458703424898e+05
-1.323626300061796792e+05
-1.302508027314108767e+05
-1.282738829473841615e+05
-1.264208696565114224e+05
-1.246819028521895962e+05
-1.234911105331809231e+05
-1.226634383527195751e+05
-1.218616310875958734e+05
-1.210846201981007762e+05
-1.203314247189806774e+05
-1.196011066171456187e+05
-1.188927794903362956e+05
-1.182055968766541337e+05
-1.177091347968554910e+05
-1.173493268281475466e+05
-1.169953318097936281e+05
-1.166470052119057946e+05
-1.163042072360114107e+05
-1.159668922581222578e+05
-1.156348637452290859e+05
-1.153081351156058518e+05
-1.149863859471575997e+05
-1.146698603549013787e+05
-1.144510562295880227e+05
-1.143012040481430158e+05
-1.141953033213828603e+05
-1.141171475017683406e+05
-1.140393209698015708e+05
-1.139618500081727398e+05
-1.138845167577827960e+05
-1.138076931851492991e+05
-1.137512170296598342e+05
-1.137103593983257742e+05
-1.136803222535125533e+05
-1.136503305338247155e+05
-1.136203854932765971e+05
-1.135904870207524800e+05
-1.135606342200656363e+05
-1.134998252556123334e+05
-1.134392073021011893e+05
-1.133787796735598531e+05
-1.133185415692903771e+05
-1.132097622824833234e+05
-1.130362281393913581e+05
-1.128642667838626949e+05
-1.126048183749032614e+05
-1.121200569875378278e+05
-1.113707398852214246e+05
-1.106516588392294652e+05
-1.099612580020294408e+05
-1.092980529816978378e+05
-1.083200479458996851e+05
-1.073992718132705922e+05
-1.065316115868202905e+05
-1.057130271415729803e+05
-1.045691077881524689e+05
-1.035167826809452672e+05
-1.025468380749526259e+05
-1.016504016513226379e+05
-1.008204927729395422e+05
-1.000505655279570783e+05
-9.933496655823467881e+04
-9.866861360302680987e+04
-9.804699328651366523e+04
-9.746618117590868496e+04
-9.692261062495622900e+04
-9.641320086165088287e+04
-9.593514630869914254e+04
-9.548598751991764584e+04
-9.506354520066076657e+04
-9.466585578168959182e+04
-9.429121977996479836e+04
-9.393809089239644527e+04
-9.360511220167101419e+04
-9.329111116123704414e+04
-9.299493788574109203e+04
-9.271576132877006603e+04
-9.245273900575445441e+04
-9.220507741377879574e+04
-9.197215153074446425e+04
-9.175336592536974058e+04
-9.161204553120421770e+04
-9.151717829380872718e+04
-9.142528841437205847e+04
-9.133632769891330099e+04
-9.125025607016139838e+04
-9.116703790420945734e+04
-9.108663713895027468e+04
-9.100902026454907900e+04
-9.087028402429197740e+04
-9.074112323390538222e+04
-9.062137123951117974e+04
-9.051087729853745259e+04
-9.034872953657788457e+04
-9.021083236105983087e+04
-9.009677287015016191e+04
-9.000619806907830935e+04
-8.989737869475390471e+04
-8.987173296183711500e+04
-8.992897812546760542e+04
-9.006690140688788961e+04
-9.028621753648876620e+04
-9.058582154767685279e+04
-9.082341962744988268e+04
-9.100025606952249655e+04
-9.119209251996336388e+04
-9.139882604507503856e+04
-9.162061503922202974e+04
-9.185732376078418747e+04
-9.210903358979018230e+04
-9.237565752168631298e+04
-9.265732439462919137e+04
-9.295386324726848397e+04
-9.326545556654810207e+04
-9.359202088851362350e+04
-9.393364886846626177e+04
-9.429024354328695335e+04
-9.466193500036034675e+04
-9.504861385996725585e+04
-9.545044687514957332e+04
-9.586732424713759974e+04
-9.629948230030557897e+04
-9.674669525772557245e+04
-9.720922251135048282e+04
-9.768686705202748999e+04
-9.817996265528771619e+04
-9.868836455509254301e+04
-9.921217964501109964e+04
-9.975148539415519917e+04
-1.003063114930901938e+05
-1.006989403538005863e+05
-1.010990683512774121e+05
-1.015066937496738828e+05
-1.019218564722507435e+05
-1.023445938192198519e+05
-1.026350594424583251e+05
-1.029290209894340805e+05
-1.032264842003757367e+05
-1.035274594737673033e+05
-1.038319576069446484e+05
-1.043125562998015084e+05
-1.048017466431508074e+05
-1.052995746388460830e+05
-1.062322356788046600e+05
-1.071942519008327945e+05
-1.081859325678378955e+05
-1.099421510455838870e+05
-1.117873016836151655e+05
-1.137235231879086496e+05
-1.157535782930815913e+05
-1.178800714213983156e+05
-1.201062471684719058e+05
-1.224352883446783526e+05
-1.248714883161332400e+05
-1.264957645254246454e+05
-1.275782137693423720e+05
-1.286809659578152350e+05
-1.298044489666380687e+05
-1.309488954139975540e+05
-1.321148549792859412e+05
-1.333026381084147433e+05
-1.341439050205080130e+05
-1.349961120065895375e+05
-1.358594858805287513e+05
-1.367341323389990430e+05
-1.376202621926885913e+05
-1.385179757921306009e+05
-1.394275032622065919e+05
-1.403489605789950874e+05
-1.412826373766653996e+05
-1.422286052375744039e+05
-1.431870954456150357e+05
-1.441583018581335491e+05
-1.451424324232410872e+05
-1.458015627155983821e+05
-1.464665163579918735e+05
-1.471373585604131222e+05
-1.478141390651125694e+05
-1.484969272778739396e+05
-1.491857848455701314e+05
-1.498807809512847743e+05
-1.505819797014813812e+05
-1.512894574887975759e+05
-1.520032772206856462e+05
-1.527235091819454101e+05
-1.534502277774247632e+05
-1.541835066927005828e+05
-1.549234199857782805e+05
-1.556700438048619544e+05
-1.564234560382424970e+05
-1.571837342754492420e+05
-1.579509600870680006e+05
-1.587252133853714331e+05
-1.595065776049328852e+05
-1.602951376554648741e+05
-1.610909786225744756e+05
-1.618941881664461107e+05
-1.627048552565780119e+05
-1.635230700198424456e+05
-1.643489248551173368e+05
-1.656194574029274809e+05
-1.669082056761771382e+05
-1.682155151712950028e+05
-1.704334299379069998e+05
-1.742326038465120655e+05
-1.781889006054641213e+05
-1.823111851697782404e+05
-1.866090504777707101e+05
-1.910928325630548352e+05
-1.957737429889364284e+05
-2.006638306295633083e+05
-2.057763080104999826e+05
-2.111253358794907690e+05
-2.167263414503162203e+05
-2.225962382664882462e+05
-2.287531290478503797e+05
-2.352173273853088322e+05
-2.420102827938381815e+05
-2.491560029304210329e+05
-2.543252282475114625e+05
-2.596854956089900807e+05
-2.652468172656384413e+05
-2.710199115699622198e+05
-2.770162102157563204e+05
-2.832479560465739924e+05
-2.897283188677100115e+05
-2.940474944664417999e+05
-2.969239107819518540e+05
-2.998496396288388642e+05
-3.028258505389329512e+05
-3.058537749936185428e+05
-3.089346761429234757e+05
-3.120698703382221865e+05
-3.152606801010819036e+05
-3.185084999906297890e+05
-3.218147632496451261e+05
-3.251809555846537114e+05
-3.286085876982699847e+05
-3.320992444503366132e+05
-3.356545505682565272e+05
-3.392761909130830900e+05
-3.429658880584379076e+05
-3.467254627996655181e+05
-3.505567539879587130e+05
-3.544616967636471381e+05
-3.584422485309512122e+05
-3.625004717081770650e+05
-3.666385188004536321e+05
-3.708585692420435371e+05
-3.751629016731530428e+05
-3.795538763808364747e+05
-3.840339363945898949e+05
-3.886056140182788949e+05
-3.932715306521020830e+05
-3.980344076728752116e+05
-4.028970613761571585e+05
-4.078624204078760813e+05
-4.129335120459730970e+05
-4.162910727166251163e+05
-4.185583609515597927e+05
-4.208468527659312822e+05
-4.231568244745712145e+05
-4.254885569903352298e+05
-4.278423340829518856e+05
-4.302184470063279732e+05
-4.326171882771833916e+05
-4.350388584615943255e+05
-4.374837616426028544e+05
-4.399522096792988596e+05
-4.424445126554818125e+05
-4.449609984191947151e+05
-4.475019789639139781e+05
-4.500678032016171492e+05
-4.526587969924383797e+05
-4.552753070707416045e+05
-4.579176702667116770e+05
-4.605862647741698893e+05
-4.632814262593071326e+05
-4.660035363058599760e+05
-4.687529668685239158e+05
-4.715300934251588769e+05
-4.743353078448738670e+05
-4.786352749873087741e+05
-4.830018725774460472e+05
-4.874365364638136234e+05
-4.919407347833581152e+05
-4.965159813309403253e+05
-5.011638286345325760e+05
-5.092565074477730668e+05
-5.175729006395763718e+05
-5.261216080192914233e+05
-5.349116420460020890e+05
-5.439524628674094565e+05
-5.532539966645330423e+05
-5.628267544007539982e+05
-5.726814282352305017e+05
-5.828298579308504704e+05
-5.932838729062969796e+05
-6.040565382281998172e+05
-6.151610734466176946e+05
-6.266114548155493103e+05
-6.384224731910136761e+05
-6.506104708666740917e+05
-6.631908487781786826e+05
-6.761826346534218173e+05
-6.896027469461308792e+05
-7.034714424233862665e+05
-7.178088393951250473e+05
-7.326368951095511438e+05
-7.479784491384722060e+05
-7.638579555693420116e+05
-7.803010562323877821e+05
-7.973350789994843071e+05
-8.149888674329306232e+05
-8.332931222266773693e+05
-8.522803203399217455e+05
-8.719849941457750974e+05
-8.843914543204538058e+05
-8.970877634743074887e+05
-9.100832232246057829e+05
-9.233874652638435364e+05
-9.370101440732826013e+05
-9.509617925854013301e+05
-9.652526643159821397e+05
-9.798938734837768134e+05
-9.948968556897906819e+05
-1.010273515566982212e+06
-1.026036187321103062e+06
-1.042197732099761022e+06
-1.058771490457294043e+06
-1.075771373577912105e+06
-1.093211809039711952e+06
-1.111107944066278404e+06
-1.129475120525979670e+06
-1.148329988131162943e+06
-1.167689361185929505e+06
-1.187570749419936677e+06
-1.207992593118758174e+06
-1.228974035372895189e+06
-1.250534933879947290e+06
-1.272696091725237668e+06
-1.295479079371822998e+06
-1.318906417590815807e+06
-1.343001529456620337e+06
-1.367788872758060228e+06
-1.393293869064717321e+06
-1.419543111730489181e+06
-1.434880898543888936e+06
-1.444690285360511625e+06
-1.454603368419717532e+06
-1.464621526407860219e+06
-1.481259361349717481e+06
-1.498189155075669987e+06
-1.515417421599415829e+06
-1.532950785924629541e+06
-1.550795883785192156e+06
-1.568959884285353590e+06
-1.587449750506146811e+06
-1.606272838509486290e+06
-1.625436629919897998e+06
-1.644948821582657751e+06
-1.664817280145352939e+06
-1.685050091285028495e+06
-1.705655533495540963e+06
-1.726642111936009256e+06
-1.748018575023953104e+06
-1.769793765839658678e+06
-1.791976973685034085e+06
-1.814577612598024076e+06
-1.837605283572613494e+06
-1.861069870681591332e+06
-1.898530433204315370e+06
-1.937116338544003898e+06
-1.976870910398839042e+06
-2.017836123356534168e+06
-2.060057836761194048e+06
-2.103583553055883851e+06
-2.148462914827097207e+06
-2.194748317827814259e+06
-2.242494570579748601e+06
-2.291759414544855710e+06
-2.342603729820777662e+06
-2.395091899210195988e+06
-2.428924852132568602e+06
-2.463450011501543224e+06
-2.498686208149211947e+06
-2.534653132642872166e+06
-2.571370484786348417e+06
-2.608859927341907751e+06
-2.647143441839571111e+06
-2.686243769685123581e+06
-2.726185310821111314e+06
-2.766993684040186461e+06
-2.808695997021928430e+06
-2.851320814430424944e+06
-2.894898441199749708e+06
-2.939461048267180100e+06
-2.985042906734014396e+06
-3.031680556068009697e+06
-3.079413101789486129e+06
-3.109408125993700698e+06
-3.139845361302164849e+06
-3.170735827323460020e+06
-3.202091070866491180e+06
-3.233922895439311862e+06
-3.266244002094716765e+06
-3.299067541268313304e+06
-3.332406896992509253e+06
-3.366277066625603009e+06
-3.400693036851752084e+06
-3.435670876551625784e+06
-3.471227442981864326e+06
-3.507380569055167027e+06
-3.544149102352103218e+06
-3.581552893392791040e+06
-3.619612912175058853e+06
-3.658351337314256933e+06
-3.697791627531754319e+06
-3.737958628543819301e+06
-3.778878641794006340e+06
-3.820579565774600487e+06
-3.845306879447451793e+06
-3.870316702589839231e+06
-3.895615450401535723e+06
-3.921209765476827975e+06
-3.947106556201717351e+06
-3.973312933393684682e+06
-3.999836208606460597e+06
-4.026683984301638324e+06
-4.053864263353290036e+06
-4.081385132393470500e+06
-4.109255224793890957e+06
-4.137483197960365098e+06
-4.166078435784336179e+06
-4.195050226560381241e+06
-4.224408457582036033e+06
-4.254163362154409289e+06
-4.284325560123783536e+06
-4.314906061719296500e+06
-4.345916304341772571e+06
-4.377368162184665911e+06
-4.409273974218269810e+06
-4.441646553091906942e+06
-4.474499217841533013e+06
-4.507845800565805286e+06
-4.541700689812849276e+06
-4.576078824564460665e+06
-4.610995765143222176e+06
-4.646467644593094476e+06
-4.682511352100987919e+06
-4.719144290603807196e+06
-4.756384597503053956e+06
-4.794251310038348660e+06
-4.832764159112789668e+06
-4.871943555670350790e+06
-4.911810787598059513e+06
-4.952388283255936578e+06
-4.993698938002683222e+06
-5.035767162064909935e+06
-5.100643931715143844e+06
-5.167388275663560256e+06
-5.236096676242130809e+06
-5.306871529721575789e+06
-5.379822499843074009e+06
-5.455066078894601204e+06
-5.532726650405284017e+06
-5.612936821694770828e+06
-5.695838433460843749e+06
-5.781583312753160484e+06
-5.870331737066756934e+06
-5.962258276745609939e+06
-6.057548460735701025e+06
-6.156399615210250951e+06
-6.259025440810465254e+06
-6.365653653931723908e+06
-6.476528951117558405e+06
-6.591914936526213773e+06
-6.712094903449081816e+06
-6.837375127627879381e+06
-6.968086626092235558e+06
-7.104582898381582461e+06
-7.247245283793636598e+06
-7.396483886082897894e+06
-7.552741737473974936e+06
-7.716504000523733906e+06
-7.888291487363045104e+06
-8.068672732416005805e+06
-8.115179606393906288e+06
-8.162272857163643464e+06
-8.209962498670439236e+06
-8.258258908840327524e+06
-8.359962890125875361e+06
-8.529370733798829839e+06
-8.706288801781779155e+06
-8.891184641915928572e+06
-9.084564957277502865e+06
-9.286975036091785878e+06
-9.499003655810002238e+06
-9.721286770728440955e+06
-9.954513902979960665e+06
-1.010819506365358829e+07
-1.026676522486172430e+07
-1.043043755946575291e+07
-1.059943706446141750e+07
-1.077400301200922020e+07
-1.095438533280110732e+07
-1.114084856887946092e+07
-1.133367332510240003e+07
-1.153315604427673854e+07
-1.173961070254543796e+07
-1.195336983840283006e+07
-1.217478602667140774e+07
-1.240423335050755925e+07
-1.264210902573013119e+07
-1.288883520175994001e+07
-1.314486168519406766e+07
-1.341066470980404690e+07
-1.368675405577148870e+07
-1.397367501406193338e+07
-1.427200577364805900e+07
-1.458236558513468876e+07
-1.490541772818026878e+07
-1.524187192850429565e+07
-1.559248876375054382e+07
-1.595808592719655856e+07
-1.633954231536105275e+07
-1.673780364808636159e+07
-1.715388986645771936e+07
-1.758890209139570221e+07
-1.804403206040860340e+07
-1.832535748889968544e+07
-1.861457584295497462e+07
-1.891199357966623828e+07
-1.921793203074354678e+07
-1.953273307217394561e+07
-1.985675361607380211e+07
-2.019037111770122871e+07
-2.053398461952706054e+07
-2.088801578766336665e+07
-2.125291062225328386e+07
-2.162914228787484765e+07
-2.201721272671996057e+07
-2.241765498667397723e+07
-2.283103646989017352e+07
-2.325796140886797383e+07
-2.369907541940082610e+07
-2.397465472511127219e+07
-2.425590245653819293e+07
-2.454299008525663614e+07
-2.483609656579702720e+07
-2.513540894819847867e+07
-2.544112271855067089e+07
-2.575344142444666103e+07
-2.607257834647380561e+07
-2.639875967947312072e+07
-2.673221825692611188e+07
-2.707320363454111293e+07
-2.742197312118963897e+07
-2.777880412486318499e+07
-2.814398109244418517e+07
-2.851780708260302618e+07
-2.890060255300009251e+07
-2.929270559831443429e+07
-2.969447356753091887e+07
-3.010628461180226877e+07
-3.052853940739257634e+07
-3.096166295056885853e+07
-3.140610769373919815e+07
-3.186235031175645813e+07
-3.233090383155790344e+07
-3.281231101842980087e+07
-3.330715554658099264e+07
-3.381605339770554006e+07
-3.433966392037166655e+07
-3.487870421687223017e+07
-3.543392951124505699e+07
-3.600615434840849042e+07
-3.659625514308964461e+07
-3.720517352581717819e+07
-3.783392231539285183e+07
-3.848359538278488070e+07
-3.915536992556022108e+07
-3.985052123785509169e+07
-4.057042620202837884e+07
-4.131657672819506377e+07
-4.209058892569532245e+07
-4.289421783508692682e+07
-4.372936857565022260e+07
-4.459811549371830374e+07
-4.513111237071886659e+07
-4.567726410514517874e+07
-4.623710795860505104e+07
-4.681120888111110777e+07
-4.740015666834187508e+07
-4.800457803497833759e+07
-4.862513224041832238e+07
-4.926251132164673507e+07
-4.991744931857183576e+07
-5.059072100375004858e+07
-5.128314480677879602e+07
-5.199558555018357933e+07
-5.272895789816503972e+07
-5.348422929324290156e+07
-5.426242392076078057e+07
-5.506462602407345176e+07
-5.589198629409126937e+07
-5.674571827579104155e+07
-5.762711732148352265e+07
-5.853755196550511569e+07
-5.947848232380987704e+07
-6.045144999269048870e+07
-6.145809448459785432e+07
-6.250017428918124735e+07
-6.357954502540954947e+07
-6.469818844294176996e+07
-6.585821838839536905e+07
-6.706188977326619625e+07
-6.831160945916710794e+07
-6.960994915425007045e+07
-7.095965902171874046e+07
-7.236368432845282555e+07
-7.382517778939929605e+07
-7.534752510159827769e+07
-7.693435883835177124e+07
-7.858958418697069585e+07
-8.031740295951914787e+07
-8.212234287222701311e+07
-8.400928692471687496e+07
-8.598351134737555683e+07
-8.725432234510099888e+07
-8.856233699701859057e+07
-8.990908575862742960e+07
-9.129618150210852921e+07
-9.272530616323965788e+07
-9.419824647086089849e+07
-9.571686759475742280e+07
-9.728315705607382953e+07
-9.889918823242345452e+07
-1.005671724877674878e+08
-1.022894410490373522e+08
-1.040684444491358846e+08
-1.052186547078558803e+08
-1.063930572178811580e+08
-1.075923594548849016e+08
-1.088172927897603363e+08
-1.100686155373115838e+08
-1.113471145562721342e+08
-1.126536068995362669e+08
-1.139889412105036080e+08
-1.153539978346818686e+08
-1.167496926398111880e+08
-1.181769770455130935e+08
-1.196368398595317751e+08
-1.211303095680743307e+08
-1.226584556035503000e+08
-1.242223912853403538e+08
-1.258232743021623790e+08
-1.268407154173373431e+08
-1.278732906827184409e+08
-1.289213105354916006e+08
-1.299850933836156279e+08
-1.310649655241303444e+08
-1.321612613715219051e+08
-1.332743247617501765e+08
-1.344045073439302146e+08
-1.355521723012601733e+08
-1.367176904949777126e+08
-1.379014422379220426e+08
-1.391038206426986456e+08
-1.403252277151090205e+08
-1.415660758870990872e+08
-1.428267895750828981e+08
-1.441078051722189188e+08
-1.454095697239714265e+08
-1.467325448549946249e+08
-1.480772029990521073e+08
-1.494440296587577462e+08
-1.508335246458629072e+08
-1.522462021704185009e+08
-1.536825901754635572e+08
-1.551432315552108884e+08
-1.566286848676388860e+08
-1.581395244787918031e+08
-1.596763412219838202e+08
-1.612397427826559246e+08
-1.628303544251278639e+08
-1.638599664540446997e+08
-1.649010927753533423e+08
-1.659539080295223296e+08
-1.670185898429948986e+08
-1.680953189823818505e+08
-1.691842796266163290e+08
-1.702856593150425851e+08
-1.713996492000297606e+08
-1.725264438605457544e+08
-1.736662417187478244e+08
-1.748192446239406765e+08
-1.759856586446898580e+08
-1.771656930735363066e+08
-1.783595620350093246e+08
-1.795674827215970457e+08
-1.807896774880845845e+08
-1.820263713272616267e+08
-1.832777962085625529e+08
-1.845441848133896589e+08
-1.858257770285194516e+08
-1.871228170141510963e+08
-1.884355524742709100e+08
-1.897642364987493753e+08
-1.911091266432550251e+08
-1.924704866680053771e+08
-1.938485833434107304e+08
-1.952436897690549791e+08
-1.966560846100107431e+08
-1.980860509779796302e+08
-1.995338777114299238e+08
-2.009998589715607762e+08
-2.024842956868989170e+08
-2.039874929263248444e+08
-2.055097631741357446e+08
-2.070514231893809140e+08
-2.086127976671657562e+08
-2.101942164048615396e+08
-2.117960146035545468e+08
-2.134185362382718623e+08
-2.150621308088189065e+08
-2.167271533842225671e+08
-2.184139664736528397e+08
-2.201229405430207253e+08
-2.218544525402249098e+08
-2.236088852490851283e+08
-2.253866304717593789e+08
-2.271880865163143873e+08
-2.290136595223696530e+08
-2.308637630399501324e+08
-2.327388185407485366e+08
-2.346392552305440009e+08
-2.365655104327065051e+08
-2.385180294516442418e+08
-2.404972659413065612e+08
-2.425036817437364757e+08
-2.445377473112730682e+08
-2.465999414380514324e+08
-2.486907518384368122e+08
-2.508106746186933517e+08
-2.529602152417089939e+08
-2.551398873645884991e+08
-2.573502148043296933e+08
-2.595917286859716773e+08
-2.618649718028995395e+08
-2.641704941604142785e+08
-2.665088553168135583e+08
-2.688806248071478605e+08
-2.712863813470550776e+08
-2.749761037634711266e+08
-2.787463550198588967e+08
-2.825992277631833553e+08
-2.865368703332312107e+08
-2.905614780767210126e+08
-2.946752968940265179e+08
-2.988806103592876196e+08
-3.031797559089111090e+08
-3.075751137501661181e+08
-3.120690994662187696e+08
-3.166641736766943932e+08
-3.213628288068656325e+08
-3.261675948573710322e+08
-3.310810282452195287e+08
-3.361057114897449613e+08
-3.412442454719445705e+08
-3.464992451909465790e+08
-3.518733307354056835e+08
-3.573691216538186669e+08
-3.629892248425173759e+08
-3.687362285263689756e+08
-3.746126839532790184e+08
-3.806211034015150070e+08
-3.845045407267242074e+08
-3.884427382837079763e+08
-3.924362964532500505e+08
-3.964857957956004143e+08
-4.005917976193415523e+08
-4.047548417905558348e+08
-4.089754469522142410e+08
-4.132541029726036787e+08
-4.175912723117114902e+08
-4.219873872945169806e+08
-4.264428418079673052e+08
-4.309579974251575470e+08
-4.355331671225248575e+08
-4.401686248208708167e+08
-4.413369318166670799e+08
-4.425090236705471277e+08
-4.436849028868690133e+08
-4.448645722837988734e+08
-4.460480341087153554e+08
-4.483869451499844790e+08
-4.507405501160718203e+08
-4.549559111943213344e+08
-4.613973187970048189e+08
-4.679440025484988689e+08
-4.745956212719410062e+08
-4.813515909573243260e+08
-4.882110544291086793e+08
-4.951728507656360865e+08
-5.022354841595047116e+08
-5.093970958522249460e+08
-5.166554263539707065e+08
-5.240077865675139427e+08
-5.314510156937227845e+08
-5.389814487366520166e+08
-5.465948647806786299e+08
-5.542864505592777729e+08
-5.620507462943855524e+08
-5.698816139004564285e+08
-5.777721677678765059e+08
-5.857147267682018280e+08
-5.937007707370599508e+08
-6.017208568570616245e+08
-6.097646038121254444e+08
-6.178206027456851006e+08
-6.258763669331152439e+08
-6.339182702405062914e+08
-6.419314940606560707e+08
-6.498999682400417328e+08
-6.578063291291105747e+08
-6.656318578537346125e+08
-6.733564545510997772e+08
-6.809586174325495958e+08
-6.884154160929080248e+08
-6.957025057627092600e+08
-7.027940907094941139e+08
-7.069673717696946859e+08
-7.110534237312885523e+08
-7.150458844528992176e+08
-7.189382340636329651e+08
-7.227238067305793762e+08
-7.263958029949655533e+08
-7.299473071016876698e+08
-7.333713011656204462e+08
-7.366606869894880056e+08
-7.398083047210345268e+08
-7.428069616344918013e+08
-7.456494526895967722e+08
-7.483285998253953457e+08
-7.508372680805420876e+08
-7.531684281104259491e+08
-7.553151593771177530e+08
-7.572707067284897566e+08
-7.590285190603863001e+08
-7.605823245668299198e+08
-7.619261055211050510e+08
-7.630542276470417976e+08
-7.639614157667837143e+08
-7.646428692167087793e+08
-7.650942447064863443e+08
-7.653117472995225191e+08
-7.652922291634663343e+08
-7.650330859652447701e+08
-7.645324503284503222e+08
-7.637891757276829481e+08
-7.628028382479658127e+08
-7.615738407238192558e+08
-7.601033958700997829e+08
-7.583935725490120649e+08
-7.564472991943497658e+08
-7.542683800326340199e+08
-7.518614935076504946e+08
-7.492321948201564550e+08
-7.463868966949335337e+08
-7.433328567780028582e+08
-7.400781382114094496e+08
-7.366315873809787035e+08
-7.330027664228099585e+08
-7.292019357024767399e+08
-7.252399338773846626e+08
-7.227553140681163073e+08
-7.202179225955765247e+08
-7.176304742972992659e+08
-7.149957338212503195e+08
-7.123165185798475742e+08
-7.095956748683661222e+08
-7.068360931054382324e+08
-7.040406796169903278e+08
-7.012123563014390469e+08
-6.983540594971437454e+08
-6.954687101577706337e+08
-6.925592402785917521e+08
-6.896285743363835812e+08
-6.866795912744489908e+08
-6.837151619837714434e+08
-6.807381086655246019e+08
-6.777512240288847685e+08
-6.747572520945837498e+08
-6.717588706401286125e+08
-6.687587148182103634e+08
-6.657593285074219704e+08
-6.627632180213479996e+08
-6.597727784175807238e+08
-6.567903594564459324e+08
-6.538181878080804348e+08
-6.508584415669417381e+08
-6.479131763329799175e+08
-6.449843679637866020e+08
-6.420738913543618917e+08
-6.391835240148597956e+08
-6.363149415601066351e+08
-6.334697188695878983e+08
-6.306493277018969059e+08
-6.278551376215857267e+08
-6.250884149547516108e+08
-6.223503242160404921e+08
-6.196419279528913498e+08
-6.169641888446404934e+08
-6.143179701591205597e+08
-6.117040386378867626e+08
-6.091230652824451923e+08
-6.065756291852128506e+08
-6.040622182331638336e+08
-6.015832342421522141e+08
-5.991389928350504637e+08
-5.967297307506104708e+08
-5.943556040056742430e+08
-5.920166963316241503e+08
-5.897130178171789646e+08
-5.874445149205313921e+08
-5.852110641425130367e+08
-5.830124917117960453e+08
-5.808485542799658775e+08
-5.787189678274227381e+08
-5.766233851046048403e+08
-5.745614393783801794e+08
-5.725326845389305353e+08
-5.705366649070422649e+08
-5.685728835674635172e+08
-5.666408054273343086e+08
-5.647398753863829374e+08
-5.628694970490401983e+08
-5.610290785221202374e+08
-5.592179872112005949e+08
-5.574355727130969763e+08
-5.556811850606726408e+08
-5.539541532757945061e+08
-5.522538036900658607e+08
-5.505794432878484726e+08
-5.489303939556610584e+08
-5.473059549596774578e+08
-5.457054483189586401e+08
-5.441281636806871891e+08
-5.425734148452672958e+08
-5.410405320738705397e+08
-5.395288220721045732e+08
-5.380376086166085005e+08
-5.365662373438573480e+08
-5.351140500081678629e+08
-5.336803854486192465e+08
-5.322646214370142221e+08
-5.308661334508810639e+08
-5.294842949198974967e+08
-5.281185034161645770e+08
-5.267681831879639626e+08
-5.254327395567224026e+08
-5.241116220220629573e+08
-5.228042757369045615e+08
-5.215101647538672090e+08
-5.202287656966542602e+08
-5.189595701720362306e+08
-5.177020828723123670e+08
-5.164558227533879280e+08
-5.152203222063956261e+08
-5.139951275475741625e+08
-5.119531187741458416e+08
-5.099370996084399819e+08
-5.079451425529555082e+08
-5.059754366435914040e+08
-5.040262743378911018e+08
-5.020960425300819874e+08
-5.001832138340899348e+08
-4.982863502965977192e+08
-4.964040930876173973e+08
-4.945351714170277119e+08
-4.926783775599960685e+08
-4.908325989663376212e+08
-4.896257569148808122e+08
-4.888035105090464354e+08
-4.879830496186697483e+08
-4.871642845137730241e+08
-4.863471341884167194e+08
-4.855315136264981627e+08
-4.847173542726733685e+08
-4.839045716880957484e+08
-4.830930925083223581e+08
-4.822828502398706675e+08
-4.814737732601296902e+08
-4.806657983340810537e+08
-4.798588488061544299e+08
-4.790528726640517116e+08
-4.782478084997215867e+08
-4.774435892160912156e+08
-4.766401622570701838e+08
-4.758374669589827657e+08
-4.750354547933444381e+08
-4.742340676950221658e+08
-4.734332557963585854e+08
-4.726329751264342666e+08
-4.718331716761161089e+08
-4.710338044296815991e+08
-4.702348290325282216e+08
-4.694361957941895127e+08
-4.682261911333095431e+08
-4.670167499027080536e+08
-4.658077364035348892e+08
-4.645990232928040028e+08
-4.633904966686665416e+08
-4.621820405242978930e+08
-4.609735514811981916e+08
-4.597649194076677561e+08
-4.585560667507942319e+08
-4.573469088993081450e+08
-4.561373372550427318e+08
-4.553358050549486876e+08
-4.547798137053217292e+08
-4.542237022997945547e+08
-4.536674674901785254e+08
-4.531111032731346488e+08
-4.525546027523834109e+08
-4.519979600205314755e+08
-4.514411695573093295e+08
-4.504103177950862646e+08
-4.493789090562411547e+08
-4.483469125773644447e+08
-4.473143000932496190e+08
-4.462810455883435607e+08
-4.452471252771324515e+08
-4.436632102300898433e+08
-4.420776164570524096e+08
-4.404902856445197463e+08
-4.389011707320302725e+08
-4.373102347609966993e+08
-4.357174501827661395e+08
-4.341227982450025678e+08
-4.325262689641550779e+08
-4.309278605328430533e+08
-4.293275793118879795e+08
-4.277254389291559458e+08
-4.261214606244832873e+08
-4.245156718345211744e+08
-4.229081074696812034e+08
-4.212988070167466402e+08
-4.202174476060941219e+08
-4.191353424685685039e+08
-4.180525075683506727e+08
-4.169689606387175322e+08
-4.158847196154655218e+08
-4.147998056455876827e+08
-4.137142357648048401e+08
-4.126280383968023658e+08
-4.119089560411505699e+08
-4.114152356754127145e+08
-4.109213957802431583e+08
-4.104274368248704672e+08
-4.099333593234242797e+08
-4.094391693797262907e+08
-4.089448693427432775e+08
-4.084504575326792002e+08
-4.079559411055706739e+08
-4.074613140397022963e+08
-4.069665989013805985e+08
-4.064717715699996352e+08
-4.059768442604515553e+08
-4.054818248657057881e+08
-4.049867241893693209e+08
-4.044915194149111509e+08
-4.039962373359704614e+08
-4.035008734363974929e+08
-4.030054232594947815e+08
-4.025098875315034986e+08
-4.020142804831114411e+08
-4.015185967665780783e+08
-4.010228439884646535e+08
-4.005270222038416862e+08
-4.000311346860883832e+08
-3.995351839474924207e+08
-3.985761906148755550e+08
-3.976169919208884239e+08
-3.966576082932220101e+08
-3.956980603698571920e+08
-3.940752751120528579e+08
-3.924521817350887060e+08
-3.908288833516224027e+08
-3.892054844830526710e+08
-3.862958898532718420e+08
-3.833869269530963302e+08
-3.804792173655435443e+08
-3.775733862101509571e+08
-3.746700604210690260e+08
-3.717698663793686628e+08
-3.688734289328357577e+08
-3.659813684071745276e+08
-3.630943011279020309e+08
-3.602128343950608969e+08
-3.573375719008927941e+08
-3.554792492620884180e+08
-3.542450556773509383e+08
-3.530122392535772324e+08
-3.517808448553644419e+08
-3.505509182714197636e+08
-3.493225034508011937e+08
-3.480956465320633054e+08
-3.468703915965400934e+08
-3.456467813517296910e+08
-3.444248597545753121e+08
-3.432046682336047292e+08
-3.419862513178676963e+08
-3.407696511382539868e+08
-3.395549070163584948e+08
-3.383420605137355924e+08
-3.371311530114466548e+08
-3.359222248082492948e+08
-3.347153148242266774e+08
-3.335104618779319525e+08
-3.323077042857152224e+08
-3.311070801133538485e+08
-3.299086276304278374e+08
-3.287123837808474898e+08
-3.275183842631207705e+08
-3.263266657161076665e+08
-3.251372625681593418e+08
-3.239502107086498141e+08
-3.227655439716233611e+08
-3.215832969461676478e+08
-3.204035033013647199e+08
-3.192261947063028216e+08
-3.180514025409990549e+08
-3.168791600543590188e+08
-3.157094996344001889e+08
-3.145424495951594114e+08
-3.133780401057347059e+08
-3.122163020399785638e+08
-3.110572640329793692e+08
-3.099009534143299460e+08
-3.087474014029914737e+08
-3.075966307190327644e+08
-3.068124691893249154e+08
-3.060296272330381870e+08
-3.052481122519007921e+08
-3.044679325863271952e+08
-3.036890965727012157e+08
-3.022925024411092401e+08
-3.009003207227629423e+08
-2.995125956089715362e+08
-2.972916151517186165e+08
-2.950824299939364791e+08
-2.928852045950936675e+08
-2.894504122895376682e+08
-2.860462271095641851e+08
-2.826731782318119407e+08
-2.793317499225449562e+08
-2.760223818799902201e+08
-2.727454715111981630e+08
-2.695013745199419856e+08
-2.662904075605130792e+08
-2.631128472103254497e+08
-2.599689349715304077e+08
-2.578211488216857016e+08
-2.556895097460875213e+08
-2.535740672752221227e+08
-2.514748642221694887e+08
-2.493919329943673313e+08
-2.473253033797259927e+08
-2.452749957664476335e+08
-2.432410231901564896e+08
-2.412233935404981971e+08
-2.392221092870479822e+08
-2.372371657440876663e+08
-2.352685522330009043e+08
-2.333162531657175124e+08
-2.313802467174120545e+08
-2.294605065186257660e+08
-2.275570015764141381e+08
-2.256696953133497834e+08
-2.237985464614829123e+08
-2.219435095581157506e+08
-2.201045350226372778e+08
-2.182815691096213162e+08
-2.164745536912673712e+08
-2.146834270962602794e+08
-2.129081249092875719e+08
-2.111485780515928566e+08
-2.094047147388663590e+08
-2.076764599988380969e+08
-2.059637360621079803e+08
-2.042664621112710834e+08
-2.025845548404930532e+08
-2.009179282413042784e+08
-1.992664941360239387e+08
-1.976301618367532194e+08
-1.960088388395729959e+08
-1.944024302418534458e+08
-1.928108398014599085e+08
-1.912339687774750590e+08
-1.896717178505887091e+08
-1.881239845990188122e+08
-1.870577947272302210e+08
-1.859985201169401407e+08
-1.849461256502007246e+08
-1.839005755208337307e+08
-1.828618349605990946e+08
-1.818298669593456984e+08
-1.811386303105126321e+08
-1.806611432131455541e+08
-1.801851159480044246e+08
-1.797105451713936627e+08
-1.792374270098112226e+08
-1.787657580757675171e+08
-1.782955339916321337e+08
-1.778267518415463269e+08
-1.773594066151224077e+08
-1.770412135247247219e+08
-1.767236876159252226e+08
-1.764068273250242174e+08
-1.760906313081257939e+08
-1.757750987117484212e+08
-1.754602282307670712e+08
-1.751460189251654446e+08
-1.748324690902375877e+08
-1.745195781005331576e+08
-1.742073438979960084e+08
-1.738957665309445858e+08
-1.736796858573168814e+08
-1.734639206193689406e+08
-1.732484707898390889e+08
-1.730333360429804921e+08
-1.728185157703013718e+08
-1.726040094987251461e+08
-1.723898167745893300e+08
-1.721759373335894346e+08
-1.719623706749856174e+08
-1.717491165336059928e+08
-1.715361742520705163e+08
-1.713235436829716861e+08
-1.711112242705126405e+08
-1.708992157092300653e+08
-1.706875173644219637e+08
-1.704761290830655694e+08
-1.702650502557060122e+08
-1.700542806670458615e+08
-1.698438197694786787e+08
-1.696336670625229478e+08
-1.694238226564979553e+08
-1.692142851832742393e+08
-1.690050550640651584e+08
-1.687961316420035660e+08
-1.685875144340379834e+08
-1.683792030611464381e+08
-1.681711971354455352e+08
-1.678053385052331388e+08
-1.674404250823850632e+08
-1.670764546103253961e+08
-1.663473187558622956e+08
-1.647972878480955064e+08
-1.632644689051525295e+08
-1.617486810009466410e+08
-1.602497430750072002e+08
-1.587674741361566484e+08
-1.573016934434369802e+08
-1.549259896874719560e+08
-1.525936113052723110e+08
-1.503037636996338069e+08
-1.480556558296373188e+08
-1.458485026749131978e+08
-1.436815269992454648e+08
-1.415539592816753387e+08
-1.394650383262537122e+08
-1.374140113890021443e+08
-1.354001356795053780e+08
-1.334226774029072821e+08
-1.314809144922664762e+08
-1.295741324826204777e+08
-1.283758211793437898e+08
-1.276081063673814237e+08
-1.268461023029099405e+08
-1.260897617055916488e+08
-1.253390367606611252e+08
-1.245938808877376616e+08
-1.238542460535137653e+08
-1.233422425625186712e+08
-1.228328805898592025e+08
-1.223261440470949262e+08
-1.218220177315581590e+08
-1.213204860175752491e+08
-1.208215341637738943e+08
-1.203251460377145559e+08
-1.198313066363090426e+08
-1.193400012345088124e+08
-1.188512147942463905e+08
-1.183649323009469062e+08
-1.178811386653557122e+08
-1.173998192346601784e+08
-1.169209593672384471e+08
-1.164445444821625203e+08
-1.159705599553734511e+08
-1.154989912919334024e+08
-1.150298241714167595e+08
-1.145630442667463720e+08
-1.140986374651706219e+08
-1.136365894281370938e+08
-1.131768861757138968e+08
-1.127195137784291357e+08
-1.122644582871380597e+08
-1.118117058677691221e+08
-1.110749665984097868e+08
-1.098711007211826593e+08
-1.086835728785806745e+08
-1.075121203551132232e+08
-1.063564843988264352e+08
-1.052164103853044808e+08
-1.040916478380849063e+08
-1.029819503871519417e+08
-1.012865607872197181e+08
-9.962608831466081738e+07
-9.799966523389171064e+07
-9.640644570038710535e+07
-9.372001143557831645e+07
-9.203319320987556875e+07
-9.038426266603596509e+07
-8.877217703522151709e+07
-8.719592452328050137e+07
-8.565452404496388137e+07
-8.414702457148218155e+07
-8.267250420163638890e+07
-8.123006912422904372e+07
-7.981885304034270346e+07
-7.843801606112119555e+07
-7.708674463671527803e+07
-7.576424958226929605e+07
-7.446976678759354353e+07
-7.320255473636165261e+07
-7.196189566501085460e+07
-7.074709352333095670e+07
-6.955747420662805438e+07
-6.839238294879071414e+07
-6.725118615323992074e+07
-6.613326966926109046e+07
-6.503803804149685800e+07
-6.396491330255707353e+07
-6.291333576021683961e+07
-6.188276251595658809e+07
-6.087266713699207455e+07
-5.988253899597522616e+07
-5.891188291605037451e+07
-5.796021851886783540e+07
-5.702707984343907237e+07
-5.611201474911261350e+07
-5.521458458268521726e+07
-5.433436359571876377e+07
-5.347093866660737246e+07
-5.262390870011535287e+07
-5.179288444702648371e+07
-5.097748783455744386e+07
-5.017735195359729975e+07
-4.939212021052183956e+07
-4.862144664008487761e+07
-4.786499463568690419e+07
-4.712243783716470748e+07
-4.639345861836597323e+07
-4.567774855887762457e+07
-4.497500762284298986e+07
-4.428494476076580584e+07
-4.360727607934333384e+07
-4.294172701119370013e+07
-4.248638918338404596e+07
-4.203668233553950489e+07
-4.159252024064843357e+07
-4.115381926436552405e+07
-4.072049498866882920e+07
-4.044416662495382875e+07
-4.026311477542222291e+07
-4.008300327896155417e+07
-3.990382638481583446e+07
-3.972557822667778283e+07
-3.954825271890336275e+07
-3.937184402926721424e+07
-3.919634612798665464e+07
-3.902175363609221578e+07
-3.884806037482209504e+07
-3.867526085930490494e+07
-3.850334940348735452e+07
-3.833232064973888546e+07
-3.816216849402964115e+07
-3.799288796440707147e+07
-3.782447336925292760e+07
-3.765691926098359376e+07
-3.749022002072256804e+07
-3.732437082428571582e+07
-3.715936561427960545e+07
-3.704603463561713696e+07
-3.696812629934796691e+07
-3.689040630917564034e+07
-3.681287424088136852e+07
-3.673552951319789886e+07
-3.665837155827421695e+07
-3.651862829054667056e+07
-3.628728342597261071e+07
-3.605761979617904127e+07
-3.582962249189727753e+07
-3.544003315808548778e+07
-3.505528801439876109e+07
-3.444341757872413844e+07
-3.384371210715205222e+07
-3.325587852998968959e+07
-3.267963256676707789e+07
-3.183390904500646889e+07
-3.101288815525414050e+07
-3.021570538502154127e+07
-2.944153341767208278e+07
-2.868958029774556309e+07
-2.795908763874043524e+07
-2.724932893468399346e+07
-2.591888812080610916e+07
-2.509427121108418703e+07
-2.429859875276727974e+07
-2.353068329566497728e+07
-2.278939671470231563e+07
-2.207366741777662188e+07
-2.138247618496839330e+07
-2.071485273727853596e+07
-2.006987324969464168e+07
-1.944665767468478903e+07
-1.884436702557056025e+07
-1.826220096846629307e+07
-1.769939603580283374e+07
-1.715522311272954196e+07
-1.662898620968264900e+07
-1.612001950432774983e+07
-1.562768743173781596e+07
-1.527869856995546445e+07
-1.493800896959599666e+07
-1.460539859386162087e+07
-1.428065457634798065e+07
-1.396356946216427349e+07
-1.374014619703946263e+07
-1.358450566993133351e+07
-1.347069621899448335e+07
-1.335789595853270963e+07
-1.324609475662127510e+07
-1.313528292995726690e+07
-1.302545031862298213e+07
-1.294765004542232305e+07
-1.289524012845415249e+07
-1.285871818994633853e+07
-1.282230562569204718e+07
-1.278600188265185244e+07
-1.274980660307313688e+07
-1.271371950299273618e+07
-1.267774019776580110e+07
-1.262128588051650859e+07
-1.256509673092095554e+07
-1.250917137832687236e+07
-1.245350846575831063e+07
-1.239810664496176876e+07
-1.225166470507042110e+07
-1.210704383135032840e+07
-1.196421918427681923e+07
-1.182316632637158222e+07
-1.168386119861683622e+07
-1.139528640909816697e+07
-1.111418446364578418e+07
-1.084034467570771649e+07
-1.057356316874492727e+07
-1.031364259287717193e+07
-1.006039187235037610e+07
-9.692213728879937902e+06
-9.338058423463750631e+06
-8.997351831158004701e+06
-8.669546274315003306e+06
-8.354119038171019405e+06
-8.050571043877095915e+06
-7.758425655607243069e+06
-7.477227520153194666e+06
-6.884133655598446727e+06
-6.533987277180297300e+06
-6.202131312325133011e+06
-5.887562202187471092e+06
-5.589336234747407027e+06
-5.306565449092572555e+06
-5.038414049287426285e+06
-4.784094954968987033e+06
-4.542866563179951161e+06
-4.314029828887389041e+06
-4.096925568038777448e+06
-3.890931909787896555e+06
-3.695461960451737046e+06
-3.509961637715671211e+06
-3.333907679314996116e+06
-3.166805731103535742e+06
-3.008188652608336881e+06
-2.857614812981380615e+06
-2.714666711250905413e+06
-2.578949339665357023e+06
-2.450089231576192193e+06
-2.327732681514510419e+06
-2.211545186802421696e+06
-2.101209946860147640e+06
-1.996427029298585374e+06
-1.896912360322838416e+06
-1.802396873316138284e+06
-1.712625647398239234e+06
-1.585222319111434976e+06
-1.467356865244923392e+06
-1.358306566770523321e+06
-1.257404693185501965e+06
-1.164036043231670279e+06
-1.077632799421458971e+06
-9.976707153240104672e+05
-9.236656491857701913e+05
-8.551704141427312279e+05
-7.917718849884875817e+05
-7.013896796376476996e+05
-6.213528501261390047e+05
-5.504710030649797991e+05
-4.876921087117034476e+05
-4.320861212172159576e+05
-3.828306776044727885e+05
-3.391983456769246259e+05
-3.005454094913682202e+05
-2.663021758036686224e+05
-2.359644622717080929e+05
-2.090860007443181239e+05
-1.721054431756341364e+05
-1.416713086078059277e+05
-1.166221404743556923e+05
-9.600372901948873186e+04
-7.903129306796191668e+04
-6.506000149264439096e+04
-4.591635513820576307e+04
-3.242502642066151748e+04
-2.515607513751200531e+04
-1.950770595439385579e+04
-1.512740252341152154e+04
-1.173365900332791716e+04
-7.859253883427205437e+03
-5.859525789587260988e+03
-4.359643532029297603e+03
-3.241928042995573833e+03
-2.412917415602422807e+03
-1.798128361207852777e+03
-1.081966210404538742e+03
-6.519311078889045348e+02
-3.873152758863809595e+02
-2.267638247718910804e+02
-1.316157254709290783e+02
-4.987296200003635960e+01
-2.636875387731289422e+01
-1.703571552935811795e+01
-1.416257899147474575e+01
-9.554371969199957348e+00
-3.891748594393961369e+00
1.087671288911038897e-01
8.843841774827214675e-01
1.993705736986234045e-01
2.714177963938807156e-03
1.195633175290046905e-05
3.790844737862478547e-07
-2.808182583572640743e-07
1.593921587683326077e-08
-4.520382658280260269e-07
1.365230404955587670e-07
1.095393132537600161e-07
3.163731553334652543e-07
8.188049390042384694e-07
