9.833717318150030101e-28
4.146210447397209297e-22
6.735953265336051971e-21
2.642595186837841684e-20
7.194964417103582763e-20
2.915149411461070887e-19
1.901483160871914899e-18
6.104084633197561080e-18
1.454307723948464129e-17
4.213299031483888410e-17
9.404070720738077792e-17
1.792898804492804665e-16
3.068141856967398840e-16
4.846662311854862974e-16
7.196889466107139045e-16
1.258891200691949749e-15
1.993758971018612765e-15
2.934375520883533074e-15
4.082490119343486071e-15
6.698147511962445174e-15
9.931318818817577217e-15
1.369606707018729515e-14
1.790285215151906903e-14
2.246990112729074393e-14
2.732576280153699254e-14
3.240913501049514000e-14
3.766868648198901671e-14
4.306290340940290276e-14
4.855934211540888823e-14
5.413321526997304200e-14
6.262627249091335050e-14
7.120721473789672012e-14
7.984793800521044592e-14
8.853047877140435213e-14
9.724315195129178784e-14
1.109432696168396907e-13
1.330529741655527788e-13
1.552523435581858933e-13
1.775489241041811895e-13
1.999379428959362232e-13
2.224112119068471566e-13
2.449683617379536802e-13
2.931187213299231016e-13
3.416877136112494733e-13
3.906801023370718604e-13
4.400902511939937530e-13
4.899133995423420539e-13
5.401470298599181120e-13
6.444604872289833813e-13
7.504116754444370021e-13
8.579224344786688290e-13
9.669050048291098079e-13
1.077271890397716268e-12
1.263726309902775257e-12
1.453402758105707631e-12
1.645953071323664659e-12
1.841068341503837498e-12
2.038479342050917141e-12
2.237952297737563570e-12
2.439285087626969590e-12
2.642304432089838024e-12
3.027630390306734805e-12
3.417628311857421709e-12
3.811755347627155317e-12
4.209632196001501173e-12
4.610992822033672506e-12
5.015658517177119912e-12
5.423522423816147916e-12
5.834532063434315203e-12
6.475379728259608665e-12
7.643024780205739421e-12
8.358029366083844132e-12
9.082323509017534912e-12
9.816225577105403605e-12
1.056004232312348710e-11
1.131403945147910860e-11
1.207846721464250152e-11
1.285358502538690274e-11
1.363965387525408234e-11
1.443691747535292258e-11
1.568705235208224547e-11
1.696505308427504257e-11
1.827166032602591389e-11
1.960759453888641474e-11
2.097355209564376804e-11
2.237019622209047821e-11
2.472978456855868710e-11
2.717643156252553076e-11
2.971281869432058626e-11
3.234162005764224868e-11
3.506551749685473819e-11
3.788720421462089510e-11
4.268958475612574848e-11
4.776964128096209241e-11
5.313996411944328624e-11
5.881376482233766706e-11
6.480492566253450382e-11
7.112805461549937333e-11
8.384754120929340233e-11
9.788111290122427415e-11
1.133477854307495824e-10
1.303789469106777669e-10
1.491194872266802316e-10
1.697290815677735649e-10
1.923836059165902216e-10
2.172766301337556007e-10
2.446210203432566623e-10
2.746507251412382991e-10
3.076227584364701436e-10
3.438193500121868595e-10
3.835502710291946072e-10
4.271553757879062585e-10
4.750073853938278555e-10
5.275149174400979657e-10
5.851257724746605229e-10
6.483305019745353653e-10
7.176662822522817384e-10
7.937211121730259141e-10
8.771383520251227289e-10
9.686216208704643792e-10
1.068940079014740185e-09
1.178934104629063228e-09
1.299521386898786833e-09
1.431703445818905364e-09
1.576572588526018767e-09
1.735319307710103076e-09
1.909240121055130530e-09
2.099745842815218214e-09
2.308370269358502125e-09
2.536779249268946223e-09
2.786780094725359365e-09
3.060331274221402095e-09
3.359552307257549471e-09
3.686733759140245786e-09
4.044347208073483302e-09
4.435055027169427001e-09
4.861719790899816308e-09
5.327413078994344397e-09
5.835423414395611914e-09
6.389263011074368119e-09
6.992673006214890974e-09
7.649626751950802883e-09
8.364330743147124645e-09
9.141222690024099686e-09
9.984966211763757903e-09
1.090044161157229331e-08
1.189273217137608659e-08
1.296710539717289197e-08
1.412898866055751710e-08
1.538393872059189964e-08
1.673760467000887492e-08
1.819568393104264886e-08
1.976387103257680384e-08
2.144779903138789112e-08
2.325297359258314925e-08
2.518469991050040158e-08
2.724800282482389311e-08
2.944754065852348744e-08
3.178751346563936925e-08
3.427156651691300453e-08
3.690268967977314272e-08
3.968311559357138638e-08
4.261421213000650288e-08
4.569637943653174308e-08
4.892894317299569895e-08
5.231005017319555240e-08
5.583656735872191070e-08
5.950398009799041096e-08
6.330630152686855316e-08
6.723597282957230109e-08
7.128379320823429697e-08
7.543881481793044864e-08
7.968831427763620388e-08
8.401768824278649442e-08
8.841046065791862415e-08
9.284817158103290118e-08
9.731052579895415389e-08
1.005050170722222455e-07
1.027461880170651920e-07
1.043743484904512113e-07
1.059976067313093811e-07
1.076146759342027623e-07
1.092242421686247286e-07
1.108249491528112967e-07
1.124154262196378017e-07
1.148407752087923710e-07
1.172333416152435669e-07
1.195877993913886039e-07
1.218987278905527730e-07
1.241606222463835155e-07
1.263679349679667090e-07
1.285150768895305960e-07
1.305964758967362213e-07
1.326065567721757967e-07
1.345398527718044091e-07
1.363909062854224390e-07
1.381545319210966625e-07
1.398254817371113319e-07
1.413990100233359076e-07
1.428701287763358147e-07
1.442349139441477061e-07
1.451372994712023744e-07
1.459824541680383887e-07
1.467691373786586704e-07
1.473123978912381409e-07
1.478226349892007657e-07
1.482995046830235179e-07
1.486309859182478522e-07
1.489437887712626063e-07
1.492378568445469947e-07
1.495128772367951814e-07
1.497692859668766718e-07
1.499367622692190310e-07
1.500510953086952799e-07
1.501608269675723741e-07
1.502653956857837411e-07
1.503651894782475149e-07
1.504602185180235480e-07
1.505504818939193237e-07
1.506115294568175849e-07
1.506520458892754290e-07
1.506800935008342662e-07
1.507076055008916083e-07
1.507345321499545862e-07
1.507608854790904531e-07
1.507866287860888070e-07
1.508118241774355726e-07
1.508301032440665461e-07
1.508431578425277741e-07
1.508526301663128169e-07
1.508620055418196690e-07
1.508712841685058487e-07
1.508804777909170889e-07
1.508895835120858841e-07
1.509090659577589097e-07
1.509281114082781315e-07
1.509467205512564785e-07
1.509649078336916579e-07
1.509919517682020929e-07
1.510445575466307749e-07
1.511171261495148376e-07
1.511796230202007466e-07
1.512320523644358897e-07
1.513073209975403678e-07
1.513399507602209453e-07
1.512419643256743748e-07
1.510151639447455977e-07
1.506619009913431522e-07
1.501851718998429926e-07
1.495884492692009044e-07
1.488757386144631821e-07
1.480514953198999678e-07
1.471206087527378697e-07
1.460883398362802774e-07
1.449602818054034312e-07
1.437423025658516796e-07
1.424404946258411876e-07
1.410611184628769031e-07
1.396105499281196201e-07
1.380952244384026926e-07
1.365215892459340057e-07
1.348960461119917586e-07
1.332249204095221968e-07
1.315143883109849439e-07
1.297704515872813454e-07
1.279990571688222180e-07
1.262055781221719988e-07
1.243954732171575872e-07
1.225738651394329617e-07
1.207453111255185601e-07
1.189143937253830926e-07
1.170853135209110514e-07
1.152616994805478075e-07
1.134471790549949616e-07
1.116450205518930630e-07
1.098579009806776978e-07
1.080885941712691542e-07
1.063393458218523428e-07
1.046122002686047966e-07
1.029087995696071154e-07
1.012308331501252655e-07
9.957943699410570106e-08
9.795579946899122999e-08
9.636079757196140958e-08
9.479509255060063739e-08
9.325920500163158795e-08
9.175351283781512994e-08
9.027825441801535632e-08
8.883354441692827797e-08
8.662183313442370130e-08
8.448530221311162552e-08
8.242302778044140230e-08
8.043368010968248960e-08
7.851559162862710166e-08
7.666689084091071774e-08
7.488554787040912186e-08
7.316941460318788930e-08
7.151629689523316357e-08
6.992392808836228006e-08
6.839008781960328433e-08
6.691252105823025391e-08
6.548906278863817647e-08
6.411756213068191548e-08
6.279596491630850669e-08
6.152222750294024127e-08
6.068341563772656453e-08
5.986520332234277767e-08
5.906704476925181380e-08
5.828836714769589763e-08
5.752866148227159525e-08
5.678737967844921318e-08
5.606404526380149891e-08
5.535813815780901047e-08
5.466923024440050952e-08
5.399683497198071330e-08
5.334051995837107706e-08
5.269985181728731163e-08
5.207442796124297956e-08
5.146383709277348826e-08
5.086770009521726285e-08
5.028564918175370440e-08
4.989826873395316265e-08
4.951710701279563406e-08
4.914206154609435740e-08
4.877300249013317643e-08
4.840984718388677211e-08
4.805249208416625309e-08
4.770082802059284288e-08
4.746842163273606384e-08
4.723849890485882360e-08
4.701102102039296006e-08
4.678597944504057620e-08
4.656335228355084806e-08
4.641850327004811008e-08
4.627469290404895529e-08
4.613188396834912683e-08
4.599007216259559091e-08
4.584925718868219564e-08
4.557125072023184888e-08
4.529711606950599748e-08
4.502679744135120391e-08
4.457048403837692226e-08
4.365082895490764518e-08
4.277637492438326688e-08
4.194489871138102107e-08
4.115433444458882666e-08
4.040272931091676836e-08
3.968825858353355789e-08
3.900919617893459677e-08
3.836391667679079783e-08
3.775088405494494389e-08
3.716864694949177953e-08
3.661583218215006233e-08
3.609113997952718091e-08
3.559333764718400497e-08
3.512125733708499991e-08
3.467378818228875810e-08
3.424987795970668220e-08
3.384852157080565348e-08
3.346876974473087143e-08
3.324139244681659528e-08
3.302192427994079423e-08
3.281016155940039318e-08
3.260590031054427699e-08
3.223065909047510929e-08
3.188149347495822817e-08
3.155712224984230236e-08
3.125629115007352123e-08
3.097785679031517934e-08
3.072074327025315597e-08
3.048388845057778090e-08
3.026633554083459207e-08
3.006713931891723703e-08
2.988542131723802994e-08
2.972035134520355957e-08
2.957114428448748682e-08
2.943704881330477646e-08
2.931734163452053670e-08
2.921139823168779756e-08
2.911850991904589497e-08
2.903813415921040195e-08
2.896966641280584466e-08
2.891258038297137616e-08
2.886636670438284754e-08
2.883055423115270917e-08
2.880468539973726542e-08
2.878833098095963148e-08
2.878108903577325864e-08
2.878258079036216045e-08
2.879245068377722173e-08
2.881036487818106333e-08
2.883601059457641926e-08
2.886909505971171249e-08
2.890934482051616539e-08
2.895650484763745733e-08
2.904222519275725147e-08
2.914302410784303974e-08
2.925819797976122960e-08
2.938712369436331512e-08
2.952927615496665422e-08
2.968418172953658779e-08
2.985145415683005557e-08
3.003075102956766637e-08
3.022180946002510862e-08
3.042441353044281356e-08
3.063841352483677676e-08
3.086369222231644829e-08
3.102634854617504451e-08
3.119438353718541087e-08
3.136780047079954265e-08
3.154661224413693141e-08
3.173084196047951789e-08
3.192052084468185274e-08
3.211569059351699361e-08
3.230110714031202371e-08
3.249130857534698564e-08
3.268634718610972226e-08
3.288628209641583937e-08
3.309117863390331660e-08
3.330110785320540794e-08
3.351614655873702578e-08
3.373638103024883446e-08
3.396189552773371960e-08
3.419279578292335086e-08
3.442917396934607550e-08
3.467114269090308856e-08
3.491881983036380381e-08
3.517232535845955218e-08
3.543178867016210609e-08
3.569734522734649459e-08
3.596913802512656435e-08
3.639288287329339968e-08
3.683182739013856096e-08
3.728656694048503578e-08
3.775774140869773794e-08
3.824603967144359269e-08
3.875219782511201428e-08
3.927700722878974716e-08
3.982131414045363734e-08
4.038602790709201736e-08
4.097212125469840671e-08
4.158064018096025579e-08
4.221270473605020436e-08
4.286952031580581712e-08
4.355238181909591221e-08
4.426267668155656419e-08
4.500188196903779290e-08
4.577165615334241509e-08
4.657373245072462569e-08
4.740999160837409494e-08
4.828247468944235563e-08
4.919337555172449186e-08
5.014509354926623379e-08
5.114022979669297539e-08
5.218161116720873292e-08
5.327231938986957338e-08
5.441571827014744565e-08
5.561548708358720153e-08
5.637551756709398078e-08
5.715891480513555594e-08
5.796672879325553830e-08
5.880005986803105884e-08
5.966007686268438626e-08
6.054802023563816060e-08
6.146520329544440049e-08
6.241302892522576155e-08
6.339299728748421941e-08
6.440668528596370740e-08
6.545580522722073856e-08
6.654215953678463989e-08
6.766768247949360420e-08
6.883445089964806373e-08
7.004468359806011052e-08
7.130076005569760496e-08
7.260523704389633776e-08
7.396085949994112084e-08
7.537058788630509162e-08
7.683760795316275435e-08
7.836536040550341427e-08
7.995756286931071419e-08
8.161824019264041906e-08
8.335175461874589333e-08
8.516284347769872867e-08
8.705665765878001680e-08
8.823929130573996717e-08
8.945524203594837643e-08
9.070591357359025781e-08
9.199276705050649390e-08
9.331734883376317642e-08
9.468128756179146040e-08
9.608631079654874183e-08
9.753424899103379397e-08
9.902702909128878059e-08
1.005667100759495368e-07
1.021554691042170259e-07
1.037956197999120605e-07
1.054896208985146552e-07
1.072400889778287849e-07
1.090498089715844227e-07
1.109217534239767000e-07
1.128590904099550002e-07
1.148652052999013909e-07
1.169437175099558920e-07
1.190985016294988884e-07
1.213337094803785858e-07
1.236537956719899367e-07
1.260635448047117104e-07
1.285681032031227293e-07
1.311730120273228972e-07
1.327243526587756636e-07
1.343122995130718820e-07
1.359381460958550753e-07
1.376032265603407668e-07
1.393089398628917439e-07
1.410567461222168178e-07
1.428481820955349219e-07
1.446848441597556729e-07
1.465684310339848091e-07
1.485007087490824678e-07
1.504835297531713452e-07
1.525188506626295626e-07
1.546087247501753481e-07
1.567553117839598495e-07
1.589608854448214925e-07
1.612278408811807048e-07
1.635587028326534711e-07
1.659561342523807097e-07
1.684229457839172511e-07
1.709621056968288623e-07
1.735767532894541310e-07
1.762702055536773320e-07
1.790459790160433638e-07
1.819077951587266563e-07
1.848596013055559498e-07
1.879055857634039206e-07
1.910501971459272399e-07
1.942981640055284482e-07
1.976545176158240285e-07
2.011246156412686885e-07
2.047141696642777474e-07
2.084292733275923787e-07
2.107399516945715967e-07
2.131004335643898366e-07
2.155123163383618287e-07
2.179772512082847177e-07
2.220395897215745429e-07
2.262498704087580719e-07
2.306161157607128243e-07
2.351469021600630713e-07
2.398513719840839012e-07
2.447394373911262802e-07
2.498217357035427504e-07
2.551097249309220488e-07
2.606157728229943930e-07
2.663532251685435672e-07
2.723365557445467376e-07
2.785814199609269655e-07
2.851048194412949965e-07
2.919252342930231240e-07
2.990627898491730668e-07
3.065394386451587017e-07
3.143791727160562434e-07
3.194821192037287978e-07
3.247443663941177503e-07
3.301733516288597898e-07
3.357769066400979339e-07
3.415633224870001928e-07
3.475414153623119887e-07
3.537206018730899339e-07
3.601108223801995037e-07
3.667227681273750939e-07
3.735678209912154870e-07
3.806581389268678579e-07
3.880067262762320291e-07
3.956275070022361793e-07
4.035354063001373737e-07
4.117464410130664078e-07
4.202778173461010216e-07
4.291480435898100545e-07
4.383770716670410943e-07
4.479864045914567516e-07
4.579992720353499187e-07
4.684407990597800561e-07
4.793382586653995266e-07
4.907210017085064999e-07
5.026212925809784279e-07
5.150739745140056208e-07
5.281171358106248012e-07
5.365669960966391553e-07
5.452731866403410541e-07
5.542472985227250708e-07
5.635015278657369340e-07
5.730487836729815388e-07
5.829026084046281643e-07
5.930776874533778143e-07
6.035892482693887626e-07
6.144539328024427729e-07
6.256889551130942054e-07
6.373132355704224429e-07
6.493464101459587868e-07
6.618097642838957042e-07
6.747259975170435672e-07
6.881193776840871150e-07
7.020159070198313818e-07
7.164434733606910609e-07
7.314320215168740145e-07
7.470137424831277790e-07
7.632232862135422302e-07
7.800980941373557348e-07
7.976781713989743450e-07
8.160073742983888120e-07
8.351327169924130700e-07
8.551055083254061787e-07
8.759808212793326724e-07
8.978191107838789941e-07
9.206860442489134600e-07
9.446532349057717278e-07
9.697989678821411661e-07
9.962088263645046688e-07
1.023977000749060946e-06
1.053206771044749206e-06
1.084011984699267600e-06
1.116518325240062167e-06
1.137724225503034471e-06
1.159682505104529424e-06
1.182432694185006725e-06
1.206016894165418181e-06
1.230479872465078213e-06
1.255869635045426359e-06
1.282237663419994212e-06
1.309639464655321791e-06
1.338134043979544774e-06
1.367785508039470258e-06
1.398662767341924315e-06
1.430840132232930694e-06
1.464397885542205021e-06
1.499422783168783967e-06
1.536009039767049170e-06
1.574258672839724234e-06
1.614282580420789307e-06
1.656201452430998415e-06
1.700146851305983081e-06
1.746262432025827519e-06
1.775223327084942987e-06
1.805069090340718775e-06
1.835839383396496220e-06
1.867576054496991160e-06
1.900323123475426635e-06
1.934127431242314441e-06
1.969038259783060035e-06
2.005108115225890959e-06
2.042393429625407952e-06
2.080953094168708167e-06
2.120850432674807506e-06
2.162152806470285751e-06
2.204931924002606773e-06
2.249264379877192258e-06
2.295231911874332280e-06
2.342921898935838073e-06
2.392427835609037466e-06
2.443849857379477239e-06
2.497295323496842292e-06
2.552879459998955370e-06
2.610726072194992461e-06
2.670968330881963340e-06
2.706710284941726036e-06
2.743318243505128796e-06
2.780822506770942522e-06
2.819254715716087583e-06
2.858647797529674789e-06
2.899035924704098661e-06
2.940455356294684770e-06
2.982943472494724836e-06
3.026540046215556706e-06
3.071286057171587129e-06
3.117225220273168966e-06
3.164402544324762229e-06
3.212866164048146045e-06
3.262665763641137146e-06
3.313853972124775206e-06
3.366486030647337958e-06
3.420619971877099693e-06
3.476316834037949557e-06
3.533640850173001492e-06
3.592659647305335658e-06
3.653444463530157147e-06
3.716070382352016528e-06
3.780616718138489186e-06
3.847166629732930997e-06
3.915808662226416281e-06
3.986636134078030449e-06
4.059747129621054332e-06
4.135245645017485413e-06
4.213242718158816043e-06
4.293853988291427660e-06
4.377203830307443225e-06
4.463423634897535892e-06
4.552651082586111066e-06
4.645034914462640729e-06
4.740732352314692039e-06
4.839908049558416532e-06
4.942741662258481270e-06
5.049419981753288262e-06
5.160144405809468710e-06
5.275128634058540150e-06
5.394601201440351678e-06
5.518805475877579556e-06
5.648001329967306565e-06
5.782466436607230209e-06
5.922497618257548079e-06
6.068412358842825244e-06
6.220550444662894352e-06
6.318839937218242159e-06
6.419788739635674352e-06
6.523494806275978046e-06
6.630061100385190117e-06
6.739593494686681281e-06
6.852204113483927927e-06
6.968008756833349161e-06
7.087129155540455585e-06
7.209692519352010217e-06
7.335831735967498560e-06
7.465685727499221679e-06
7.599399743546546370e-06
7.737125645993074731e-06
7.879022209237514668e-06
8.025255699680486338e-06
8.175998930524422959e-06
8.331433902399335297e-06
8.491750602324707448e-06
8.657146416883261720e-06
8.827827994884529514e-06
9.004013109521733874e-06
9.185925636496975233e-06
9.373803021903568785e-06
9.567889537003814999e-06
9.768441677928059089e-06
9.975725877133071210e-06
1.019002002244736961e-05
1.041161258430451967e-05
1.064080307253498005e-05
1.087790210217325960e-05
1.112323123021413127e-05
1.137712271477719583e-05
1.153513172043390763e-05
1.169648146651529848e-05
1.186125106978118175e-05
1.202952132160490639e-05
1.220137318424718868e-05
1.237688919728557771e-05
1.255615277994295781e-05
1.273924738864568421e-05
1.292625798012719285e-05
1.311726986055615602e-05
1.331236788081546336e-05
1.351163746928594712e-05
1.371516384440695457e-05
1.392303166583235082e-05
1.413532480387894690e-05
1.435212601880869912e-05
1.457351657456900505e-05
1.479957596457151451e-05
1.503038079809910638e-05
1.526600546014597590e-05
1.550652084217584288e-05
1.575199322641301995e-05
1.600248434926608478e-05
1.625805155868184296e-05
1.651874430359154855e-05
1.678460690684500817e-05
1.705567408768986402e-05
1.733197248363978310e-05
1.761351876073984546e-05
1.790031843083038420e-05
1.819236479174781866e-05
1.848963769654003890e-05
1.879210268770216505e-05
1.909970757699030414e-05
1.941238474115151500e-05
1.973004743832893287e-05
2.005258650003766737e-05
2.037987127418503105e-05
2.071175165625908750e-05
2.104804742423111970e-05
2.138855400350277397e-05
2.173304060888383657e-05
2.208124677979575695e-05
2.243288225080973953e-05
2.278762638356858340e-05
2.314512747782726082e-05
2.350500464400843704e-05
2.386684038581954946e-05
2.423019040902225574e-05
2.459458087138616288e-05
2.495950823255448371e-05
2.532444610086935914e-05
2.568884386294798284e-05
2.605213173514845905e-05
2.641372591054645167e-05
2.677303732188865816e-05
2.712946491829559083e-05
2.748241433479003799e-05
2.783132022297317025e-05
2.817561712518555891e-05
2.851477907597376913e-05
2.884832341591089957e-05
2.917581855149444309e-05
2.949689553376867585e-05
2.981126188356757585e-05
3.011871042118856027e-05
3.041913070973985720e-05
3.071252007725784377e-05
3.099898750231813434e-05
3.127878014184388126e-05
3.155226947773272288e-05
3.181996431891822333e-05
3.208251600192356471e-05
3.234071896771001869e-05
3.259550942278148739e-05
3.284796391483119912e-05
3.309930314104299147e-05
3.335085478746201485e-05
3.360407880998133294e-05
3.386054943519416400e-05
3.412193793020189660e-05
3.438997580208016946e-05
3.466654464462761223e-05
3.495353993630020799e-05
3.525293830682518954e-05
3.544455306115248640e-05
3.564211712912694255e-05
3.584611437337403459e-05
3.605701254199069076e-05
3.627529202462335576e-05
3.650144154089253424e-05
3.673595119425862549e-05
3.697931181992994979e-05
3.713793206624531161e-05
3.730041107054281774e-05
3.746687383556048721e-05
3.763744463403375994e-05
3.781224851168719079e-05
3.799141114793336938e-05
3.817505865195993634e-05
3.836331705221828587e-05
3.855631299298462007e-05
3.875417346583945929e-05
3.895702583614304607e-05
3.916499805149117669e-05
3.937821881575371907e-05
3.959681728986220290e-05
3.982092327882075559e-05
4.005066747284089857e-05
4.028618131775602316e-05
4.052759777684573710e-05
4.077505042151454025e-05
4.102867387800653845e-05
4.128860416720452807e-05
4.155497872515977756e-05
4.182793648818387307e-05
4.210761795084040908e-05
4.239416528856590954e-05
4.268772249041338898e-05
4.298843548709801825e-05
4.329645227305353543e-05
4.361192303123660784e-05
4.393500026009941541e-05
4.426583890610623410e-05
4.460459649549574669e-05
4.495143327192499441e-05
4.530651232978017236e-05
4.566999975892894949e-05
4.604206507729127036e-05
4.642288047768040638e-05
4.681262136769047394e-05
4.721146763044899766e-05
4.761960305625079611e-05
4.803721387502416439e-05
4.846449137659737249e-05
4.890163122452579920e-05
4.934883252280519977e-05
4.980629845397303304e-05
5.027423862799504958e-05
5.075286547607651207e-05
5.124239766637946210e-05
5.174305905924587247e-05
5.225507740335774432e-05
5.277868609849824786e-05
5.331412444424982492e-05
5.386163747048323150e-05
5.442147594624318442e-05
5.499389650607070125e-05
5.557916183762541789e-05
5.617754086936088974e-05
5.678930893140562514e-05
5.741474789644438343e-05
5.805414632638982412e-05
5.870779962353491968e-05
5.937601061089779617e-05
6.005908788683665184e-05
6.075734872883432398e-05
6.147111838541724092e-05
6.220072808764992470e-05
6.294651679302334989e-05
6.370883341358400188e-05
6.448803535184824919e-05
6.528448504769670353e-05
6.609855718175620791e-05
6.693063249275433592e-05
6.778110447662497680e-05
6.865037309725980806e-05
6.953884749530682657e-05
7.044695235238031597e-05
7.137511815954607187e-05
7.232378716736523132e-05
7.329341467931942448e-05
7.428446845041805960e-05
7.529742930669884062e-05
7.633279137494738498e-05
7.739106442509918510e-05
7.847277395348684667e-05
7.957846313989872216e-05
8.070869390860450009e-05
8.186404856043651590e-05
8.304513168316627204e-05
8.425257230573251425e-05
8.548702631300561072e-05
8.674917918202423145e-05
8.803974905367877241e-05
8.935949020714933726e-05
9.070919831957625771e-05
9.208971219990045969e-05
9.350191664162692609e-05
9.494675515669337093e-05
9.642522970822837644e-05
9.793841393856960191e-05
9.948745261156273576e-05
1.010735702574923226e-04
1.026980824901802664e-04
1.043624054132204248e-04
1.060680664119561227e-04
1.078167143773338035e-04
1.096101305077652283e-04
1.114502407742437487e-04
1.133391297069791324e-04
1.152790550831071483e-04
1.172724634153160338e-04
1.193220064379702812e-04
1.214305587797869212e-04
1.236012369234563426e-04
1.258374195540654886e-04
1.272978096380887342e-04
1.287872741421409257e-04
1.303068767213128531e-04
1.318577389531829945e-04
1.334410414699837091e-04
1.350580284285550221e-04
1.367100045949679716e-04
1.383983410197081848e-04
1.401244908473839399e-04
1.418899777349199058e-04
1.436964049389210054e-04
1.455454615906685097e-04
1.474389270507354467e-04
1.493786753665495286e-04
1.513666801777276182e-04
1.534050213559332292e-04
1.554958909360338118e-04
1.576415997372740071e-04
1.598445846597447136e-04
1.621074165612369593e-04
1.644328087343241928e-04
1.668236260675035835e-04
1.692828949691387659e-04
1.718138141425372032e-04
1.744197662844373096e-04
1.771043308167960528e-04
1.788270048644625932e-04
1.805829554913709878e-04
1.823731962449406507e-04
1.841987768699483903e-04
1.860607859860705711e-04
1.879603534309588254e-04
1.898986532226095791e-04
1.918769036652404059e-04
1.938963699679219547e-04
1.959583691086100603e-04
1.980642716326017939e-04
2.002155009986765792e-04
2.024135371350752706e-04
2.046599243530201179e-04
2.069562688234921144e-04
2.093042434926444776e-04
2.117055922000244989e-04
2.141621334104303000e-04
2.166757639872890896e-04
2.192484632076644574e-04
2.218822976616901242e-04
2.245794258760359940e-04
2.273421034032154398e-04
2.301726883282555094e-04
2.330736471492370131e-04
2.360475610473235339e-04
2.390971325817057235e-04
2.422251928536680861e-04
2.454347091779285621e-04
2.487287933063970623e-04
2.521107102439415644e-04
2.555838877129142268e-04
2.591519263091931948e-04
2.628186104281435829e-04
2.665879223916547427e-04
2.704640489666325517e-04
2.744513988797475830e-04
2.785546182440584630e-04
2.827786021549604650e-04
2.871285252167079540e-04
2.916098382238952618e-04
2.962283058313800203e-04
2.990426657159603991e-04
3.019090267535108640e-04
3.048287794621244999e-04
3.078033593841351836e-04
3.108342495195656123e-04
3.139229857272180652e-04
3.170711593310252484e-04
3.202804166544270955e-04
3.235524643508909176e-04
3.268890720843788513e-04
3.302920727843108471e-04
3.337633659015167096e-04
3.373049242605570541e-04
3.409187932002732090e-04
3.446070950862091726e-04
3.483720332088884432e-04
3.522158957697912570e-04
3.561410596980279109e-04
3.601499947821471025e-04
3.642452681080963453e-04
3.684295487743058698e-04
3.727056128712100840e-04
3.770763487397140335e-04
3.815447625265595724e-04
3.861139840627592253e-04
3.907872730838377940e-04
3.955680258198671908e-04
4.004597819732994631e-04
4.054662321197080544e-04
4.105912255470754550e-04
4.158387785833660990e-04
4.212130834151804506e-04
4.267185188179974369e-04
4.323596567835108766e-04
4.381412734524999745e-04
4.440683648614663346e-04
4.501461562825934842e-04
4.563801142286990817e-04
4.627759626100717990e-04
4.693396913658170674e-04
4.760775726917802720e-04
4.829961887016468868e-04
4.901024326793092288e-04
4.974035400259825849e-04
5.049071084593397853e-04
5.126211075494077445e-04
5.205539081767052677e-04
5.287143085338373745e-04
5.371115592891499875e-04
5.457553917374798925e-04
5.546560469624103569e-04
5.638243076210583881e-04
5.732715322415513765e-04
5.830096920105432706e-04
5.930514101935680611e-04
6.034100044037280040e-04
6.140995319724115459e-04
6.251348386733187896e-04
6.365316110805602527e-04
6.483064328374410967e-04
6.604768519839273200e-04
6.730614213114389415e-04
6.860797981978786989e-04
6.995528199283667248e-04
7.135025565097063462e-04
7.279524009679317351e-04
7.429272136165375419e-04
7.584533496981077892e-04
7.745588270866614810e-04
7.912734234141148570e-04
8.086288202441984469e-04
8.266586842352246578e-04
8.453988487145607878e-04
8.648874843702625964e-04
8.851652628375312939e-04
9.062755350094489669e-04
9.282645262262167237e-04
9.511815474458489060e-04
9.750792218450203335e-04
1.000013727196644164e-03
1.026045077861520785e-03
1.053237315088412446e-03
1.081658909572205847e-03
1.111383066044888601e-03
1.142487954972045859e-03
1.175057080165013050e-03
1.209179814138740911e-03
1.244951571499778708e-03
1.282474274721273535e-03
1.321856722248008521e-03
1.363215204726095538e-03
1.406673640891573963e-03
1.452364084543738372e-03
1.500427142053502565e-03
1.551012315363521805e-03
1.604278327170742102e-03
1.660393346599769960e-03
1.719535149095616396e-03
1.781891161005068943e-03
1.822790059900579853e-03
1.865085334810498603e-03
1.908829303348535001e-03
1.954075399784380076e-03
2.000878282192425882e-03
2.049293712446776262e-03
2.099378506345768100e-03
2.151190382382776791e-03
2.204787677092254379e-03
2.260229110607227688e-03
2.317573669223282114e-03
2.376880230032226825e-03
2.438207199206391361e-03
2.501612139783161021e-03
2.567151304925809584e-03
2.634879165030186259e-03
2.704847863944218923e-03
2.777106611667164941e-03
2.851701018126098167e-03
2.928672369118385382e-03
3.008056845556035617e-03
3.059949449207512509e-03
3.112842231113287141e-03
3.166740319939203088e-03
3.221647552123983477e-03
3.277566358132488495e-03
3.334497645529947273e-03
3.392440687013481299e-03
3.451392991273441110e-03
3.511350253135633436e-03
3.572306208284082608e-03
3.634252523979986712e-03
3.697178727230751496e-03
3.761072012224496875e-03
3.825917271710855064e-03
3.891696963553192574e-03
3.958391018466510779e-03
4.025976767757521307e-03
4.094428882073594504e-03
4.163719319970511645e-03
4.233817288030241981e-03
4.304689210388632295e-03
4.376298717326699596e-03
4.448606641818603387e-03
4.521571040821196520e-03
4.595147230986142486e-03
4.669287841945123259e-03
4.743942888662588953e-03
4.819059863550021958e-03
4.894583848652726311e-03
4.970457647974994148e-03
5.046621939798895222e-03
5.123015448656226614e-03
5.199575136349695106e-03
5.247309446615921677e-03
5.295067319220455281e-03
5.342832661469575778e-03
5.390589263783732155e-03
5.438320799446671149e-03
5.486010837466060407e-03
5.533642867864358578e-03
5.581200320812531625e-03
5.628666595160960497e-03
5.676025095078877404e-03
5.723259251845224868e-03
5.770352550307684264e-03
5.817288561045729292e-03
5.864050957337958898e-03
5.910623545157614629e-03
5.956990308447199754e-03
6.003135415148393682e-03
6.049043245266822084e-03
6.094698432305606199e-03
6.140085884846070534e-03
6.185190795764618395e-03
6.229998676464748412e-03
6.274495376178420604e-03
6.318667125009281606e-03
6.362500528387763331e-03
6.405982596133728488e-03
6.433334403057777880e-03
6.460537115180033617e-03
6.487587714601993419e-03
6.514483251854765941e-03
6.541220849253598368e-03
6.567797707687740225e-03
6.594211105446016498e-03
6.620458402699490146e-03
6.646537039318926691e-03
6.672444539081732844e-03
6.698178508070456311e-03
6.723736636454664267e-03
6.749116699463858678e-03
6.774316558029342197e-03
6.799334159315482441e-03
6.824167537185318703e-03
6.848814812591086376e-03
6.888341060213196490e-03
6.927367177490100988e-03
6.965886606321559059e-03
7.003893428416578006e-03
7.041382343665464685e-03
7.078348642498130151e-03
7.114788196628685918e-03
7.150697458730922301e-03
7.186073459363228298e-03
7.238875026764979639e-03
7.290430455073960807e-03
7.340736642277505102e-03
7.389793259056893528e-03
7.437602623406198814e-03
7.484169574605278874e-03
7.529501338827159114e-03
7.573607383593001542e-03
7.604755149284863486e-03
7.625967166670394488e-03
7.640953446145706991e-03
7.655786535736360150e-03
7.670467160471233781e-03
7.684996072412449662e-03
7.699374049761939509e-03
7.722194481638198875e-03
7.737853137879733938e-03
7.753326324739008742e-03
7.768615294378580956e-03
7.783721331879069755e-03
7.798645753748169665e-03
7.813389906377792710e-03
7.827955164510572855e-03
7.842342929743560329e-03
7.856554629062834777e-03
7.870591713400437381e-03
7.884455656209331947e-03
7.898147952060136784e-03
7.911670115261261460e-03
7.925023678505350652e-03
7.938210191540886682e-03
7.951231219871091396e-03
7.964088343478519308e-03
7.976783155578502649e-03
7.989317261398880959e-03
8.001692276990378036e-03
8.013909828062477578e-03
8.025971548853908302e-03
8.037879081025428932e-03
8.049634072587885311e-03
8.061238176854867640e-03
8.072693051432303438e-03
8.084000357229169029e-03
8.095161757506229641e-03
8.106178916943443391e-03
8.113709012090951703e-03
8.121171568054587689e-03
8.128567134093229313e-03
8.135896259146631337e-03
8.143159491708990005e-03
8.147810792887547407e-03
8.150856089128752716e-03
8.153889718350451274e-03
8.156911722346433732e-03
8.159922142881650964e-03
8.162921021695378199e-03
8.165908400487958269e-03
8.167956166126259104e-03
8.169363445239084115e-03
8.170768164463475952e-03
8.172170328221020977e-03
8.174846506468221030e-03
8.177513373331515845e-03
8.180170959738136682e-03
8.182819296585494909e-03
8.185458414744543887e-03
8.188088345053710915e-03
8.190709118324267929e-03
8.193320765334329361e-03
8.195923316833244460e-03
8.198516803533796235e-03
8.201101256120861202e-03
8.203676705238091907e-03
8.206243181502740139e-03
8.208800715488649702e-03
8.211349337740130733e-03
8.213889078755953407e-03
8.216419969005621382e-03
8.218942038912104356e-03
8.221455318867761097e-03
8.223959839216551590e-03
8.226455630264795787e-03
8.228942722277712840e-03
8.231421145477424428e-03
8.233890930043149051e-03
8.238509547976051450e-03
8.248260539245160991e-03
8.257876009947815940e-03
8.267357877186931950e-03
8.278593129456612854e-03
8.289640975939800357e-03
8.300504676260716044e-03
8.311187457970506398e-03
8.321692516229309625e-03
8.338744376580007125e-03
8.355329596345039203e-03
8.371462145565295582e-03
8.387155708475280483e-03
8.402423674600393785e-03
8.417279133172897790e-03
8.431734868598043942e-03
8.445803355949983021e-03
8.467229035565456557e-03
8.487768144639513609e-03
8.507464818558341940e-03
8.526361249160315306e-03
8.544497705511872737e-03
8.561912561447263328e-03
8.578642330578202871e-03
8.590606981796880537e-03
8.602228652500704467e-03
8.613520276116462537e-03
8.624494278799315142e-03
8.635162592448354310e-03
8.645536668255900808e-03
8.655627490311608094e-03
8.665445589229601661e-03
8.675001055898181809e-03
8.684303555355259163e-03
8.690805563983975204e-03
8.695261897652262553e-03
8.698394118762114643e-03
8.700663925397894571e-03
8.702918501748261454e-03
8.705157991273998475e-03
8.707382535785091263e-03
8.709592275455252733e-03
8.711787348839641551e-03
8.713967892886654784e-03
8.716134042956347194e-03
8.718285932833096455e-03
8.720423694744660822e-03
8.722547459372679418e-03
8.724657355873017064e-03
8.726753511884590558e-03
8.728836053552400595e-03
8.730358200293518445e-03
8.731466674081022131e-03
8.732571295939430683e-03
8.733672084762828317e-03
8.734769059323209406e-03
8.735862238277629019e-03
8.736951640157846616e-03
8.737731642182227851e-03
8.738286738393550787e-03
8.738689647292898974e-03
8.739092039271739026e-03
8.739493915266896215e-03
8.739895276210711550e-03
8.740296123038315476e-03
8.740696456676157883e-03
8.740982491631927448e-03
8.741185316919234186e-03
8.741332019350135304e-03
8.741478652853698628e-03
8.741625217475965451e-03
8.741771713260619581e-03
8.741918140256457054e-03
8.742064498505683692e-03
8.742169067519553471e-03
8.742243299404914292e-03
8.742297166474158679e-03
8.742351024230803763e-03
8.742404872677224381e-03
8.742458711814015543e-03
8.742512541646004984e-03
8.742566362172915148e-03
8.742606230846959592e-03
8.742646094415983463e-03
8.742685952881600053e-03
8.742725806242586384e-03
8.742765654503629677e-03
8.742794883976907211e-03
8.742816092991561108e-03
8.742837300561388109e-03
8.742858506685820957e-03
8.742879711365308948e-03
8.742900914599989123e-03
8.742922116389922199e-03
8.742943316735285117e-03
8.742987611125081771e-03
8.743031899209465635e-03
8.743076180989716936e-03
8.743120456467076002e-03
8.743164725642798771e-03
8.743208988518167205e-03
8.743329654585841465e-03
8.743450273841100670e-03
8.743570846309575359e-03
8.743691372016882193e-03
8.743881976001628697e-03
8.744698013828622676e-03
8.747127717481819123e-03
8.750763063953333892e-03
8.754355800819457745e-03
8.757906629258668807e-03
8.761416234107980566e-03
8.764885284526629725e-03
8.768314434555411763e-03
8.771704323515858159e-03
8.775055576323759904e-03
8.780208068418310363e-03
8.785270261538432809e-03
8.790244332659846727e-03
8.795132377140947588e-03
8.802580267049203017e-03
8.807515348698882404e-03
8.812362321437144930e-03
8.817123270593189843e-03
8.821800202067773405e-03
8.826395045082100280e-03
8.830909655455751808e-03
8.835345818594244130e-03
8.839705252081633130e-03
8.843989608102273414e-03
8.848200475826495034e-03
8.852339383780719745e-03
8.859327544735373303e-03
8.866112311489373135e-03
8.872700413675169498e-03
8.879098144385888861e-03
8.885311392296726257e-03
8.891345667087243235e-03
8.897206122085941568e-03
8.902897579936005362e-03
8.908424554943986454e-03
8.913791280094554223e-03
8.919001716086680590e-03
8.922589985841285209e-03
8.924925796812305592e-03
8.926469520275405467e-03
8.927522070693137343e-03
8.928260875656075790e-03
8.928793902011405645e-03
8.929325165216850727e-03
8.929854669517553467e-03
8.930382419074543027e-03
8.930908418029322518e-03
8.931432670527178486e-03
8.931955180690171262e-03
8.932475952593187107e-03
8.932994990277500283e-03
8.933512297765951876e-03
8.934027879062392957e-03
8.934541738139789580e-03
8.935053878940522887e-03
8.935564305380802250e-03
8.936073021355123505e-03
8.936580030731970312e-03
8.937085337353654554e-03
8.937588945035469801e-03
8.938090857569752287e-03
8.938591078723540778e-03
8.939089612240434454e-03
8.939586461838053277e-03
8.940081631211028654e-03
8.940575124029084830e-03
8.941066943940111089e-03
8.941557094566563932e-03
8.942045579509127345e-03
8.942532402343954592e-03
8.943017566626541848e-03
8.943501075886917812e-03
8.943982933635989327e-03
8.944463143358285032e-03
8.944941708521607360e-03
8.945291600130148013e-03
8.945546206659304653e-03
8.945800345101104223e-03
8.946054015975786824e-03
8.946307219799564531e-03
8.946559957091709467e-03
8.946812228363762096e-03
8.946995100776589452e-03
8.947126980914325151e-03
8.947223963576979300e-03
8.947320877070053663e-03
8.947417721423090581e-03
8.947514496663692973e-03
8.947611202823403317e-03
8.947707839928851353e-03
8.947804408012348040e-03
8.947874298508528418e-03
8.947924188792297229e-03
8.947960420262079939e-03
8.947996641999281589e-03
8.948032854005586595e-03
8.948069056282457329e-03
8.948105248831435959e-03
8.948160627457969404e-03
8.948215983302773222e-03
8.948271316371339545e-03
8.948326626669155306e-03
8.948452084902027218e-03
8.949072485896106960e-03
8.950742960200611109e-03
8.952392382406595961e-03
8.954020902777784854e-03
8.955628668190999259e-03
8.957215822285855000e-03
8.960325786416530741e-03
8.963355112964234428e-03
8.966304849035577548e-03
8.969175997253218610e-03
8.971969519630990791e-03
8.974686342984929469e-03
8.977327362191436788e-03
8.979893441891529521e-03
8.983831375787980009e-03
8.987584220511933217e-03
8.991155070451723255e-03
8.996265404831985460e-03
9.000967932137967850e-03
9.005272141259842295e-03
9.009187095003295259e-03
9.012721520266983588e-03
9.015883867655281533e-03
9.018682363106851965e-03
9.021125063927380380e-03
9.023219902303784498e-03
9.024974731113586182e-03
9.026397316336544005e-03
9.027151459755772267e-03
9.027558478989014881e-03
9.027802115698150415e-03
9.028021284775035807e-03
9.028216147224876753e-03
9.028329416546576613e-03
9.028398252408399716e-03
9.028445713001653772e-03
9.028490881279596300e-03
9.028533763965109968e-03
9.028563136935681410e-03
9.028591335792751985e-03
9.028618362789189722e-03
9.028636956511520636e-03
9.028654953619784373e-03
9.028672354689704430e-03
9.028689160490136270e-03
9.028705371772256794e-03
9.028720989166565125e-03
9.028736013285769066e-03
9.028765395585891529e-03
9.028792214866181165e-03
9.028816477213857244e-03
9.028838188623435415e-03
9.028869923951181320e-03
9.028915354256710976e-03
9.028914768064116511e-03
9.028868641481092860e-03
9.028777449953773876e-03
9.028499424239401147e-03
9.028078222446144982e-03
9.027516668274778583e-03
9.026379604787254304e-03
9.024009987265624658e-03
9.020924220252312525e-03
9.017160260139118338e-03
9.012755870125762139e-03
9.007748537289852683e-03
9.002175362311718235e-03
8.996072983505668322e-03
8.989477447688590250e-03
8.982424171700684190e-03
8.974947764711218440e-03
8.967082062403590459e-03
8.958860016814621657e-03
8.950313616834399202e-03
8.941473807978283367e-03
8.932370429693321096e-03
8.923032382419987182e-03
8.913487393676942927e-03
8.903762046517505954e-03
8.893881770809304588e-03
8.883870851548666958e-03
8.873752423029901415e-03
8.863548470989279435e-03
8.853279838899514448e-03
8.842966242925496406e-03
8.832626287752476033e-03
8.822277488768239320e-03
8.811936293227325481e-03
8.801618108495355697e-03
8.791337326595266219e-03
8.781107358334561477e-03
8.770940658077345728e-03
8.764754903542731554e-03
8.758599674869884527e-03
8.752477315713625208e-03
8.746244085937169080e-03
8.740049947569885139e-03
8.733897055613075791e-03
8.727787445669535002e-03
8.721723032869015471e-03
8.715705622560784849e-03
8.709736905114878053e-03
8.703818465355393427e-03
8.697951784188253169e-03
8.692138241134714921e-03
8.686379118182364217e-03
8.680675602549974001e-03
8.675028789951242866e-03
8.669439688375560685e-03
8.663909219411397925e-03
8.658438223314116403e-03
8.653027461029782694e-03
8.647677616899942035e-03
8.642389301686289119e-03
8.637163055424171981e-03
8.631999350162740392e-03
8.626898592625142567e-03
8.621861126845950171e-03
8.616887236719614554e-03
8.611977148537090440e-03
8.607131033439475651e-03
8.597261289689878128e-03
8.587668837365934962e-03
8.578353262903806731e-03
8.569313329497141654e-03
8.560547088534889437e-03
8.552051969299763468e-03
8.543824848164245644e-03
8.535862111476142516e-03
8.528159713881431833e-03
8.520713234125180252e-03
8.513517925924789925e-03
8.506568765923476494e-03
8.499860496937608825e-03
8.493387668895046802e-03
8.487144675189876517e-03
8.481125787413033162e-03
8.475325185301014683e-03
8.469736995568393628e-03
8.464355271170908440e-03
8.459174095722624132e-03
8.454187551778125087e-03
8.449389717121471438e-03
8.444774715213024599e-03
8.438027607682741654e-03
8.431677744186866913e-03
8.425704736578134429e-03
8.420089018105507070e-03
8.414811536862142755e-03
8.409853636420988945e-03
8.405197827532932472e-03
8.400826985663498864e-03
8.396724736946439144e-03
8.392875748483560883e-03
8.389265077684599989e-03
8.385878588625590366e-03
8.382702858355442835e-03
8.379725372384540932e-03
8.376933915291246910e-03
8.374317253975452693e-03
8.371864640500345164e-03
8.369565854855799680e-03
8.367411374074578551e-03
8.365392245691381443e-03
8.363500023416306495e-03
8.361726758771080570e-03
8.360064946142416534e-03
8.358507695070439836e-03
8.357048347980006522e-03
8.355680725363693467e-03
8.354399067321324063e-03
8.353197969791037111e-03
8.352072362243334602e-03
8.351017495399681856e-03
8.350028924719369444e-03
8.349102492532057412e-03
8.348234307697021891e-03
8.346878953969703863e-03
8.345665928467520256e-03
8.344580347605349765e-03
8.342861648794623955e-03
8.341465827681936174e-03
8.340334010951857072e-03
8.339419977031529291e-03
8.338686362216374617e-03
8.338102478573852436e-03
8.337642913849798929e-03
8.337286732745960438e-03
8.337016759045592917e-03
8.336818926181849276e-03
8.336681633344070197e-03
8.336595247591178925e-03
8.336551715754104627e-03
8.336544304340149855e-03
8.336557037557921698e-03
8.336573494052163663e-03
8.336595612470874828e-03
8.336622947827736566e-03
8.336655096178863592e-03
8.336691686103242169e-03
8.336732371480113507e-03
8.336776831617286054e-03
8.336824768671318928e-03
8.336875907970036498e-03
8.336929993617714016e-03
8.336986789725565547e-03
8.337046075492385647e-03
8.337107648112553060e-03
8.337171316418061015e-03
8.337236906169642400e-03
8.337282968736944508e-03
8.337329809116007795e-03
8.337377379661579935e-03
8.337425636068337628e-03
8.337474534792098727e-03
8.337524035564104416e-03
8.337574098360500674e-03
8.337624687222669473e-03
8.337675765451506987e-03
8.337711394168152365e-03
8.337747231155720820e-03
8.337783266051562378e-03
8.337819488348078775e-03
8.337855888647018737e-03
8.337892457312742756e-03
8.337929185776521770e-03
8.337966064797452601e-03
8.338003086446475060e-03
8.338040241858329926e-03
8.338077523882698669e-03
8.338114923960327288e-03
8.338140489618896603e-03
8.338166104788323138e-03
8.338191767099753515e-03
8.338217474356729442e-03
8.338243224437791659e-03
8.338269015254149222e-03
8.338294844766164574e-03
8.338350050643480310e-03
8.338444255556916318e-03
8.338538804380636257e-03
8.338633617355093938e-03
8.338796863980087876e-03
8.339183335817897808e-03
8.339567806900212432e-03
8.339947685166399644e-03
8.340321232072253274e-03
8.340687294513452962e-03
8.341045113177507353e-03
8.341394203220666229e-03
8.341734279261587767e-03
8.342065203659591865e-03
8.342575508282332533e-03
8.343062608741572822e-03
8.343527071107801826e-03
8.343969674051664870e-03
8.344391286102035774e-03
8.344792792123252589e-03
8.345175070984993740e-03
8.345538992203535913e-03
8.346073338981097392e-03
8.346567994894674505e-03
8.347025893466617635e-03
8.347449757679634152e-03
8.347842108902322339e-03
8.348205286058387950e-03
8.348541459927132091e-03
8.348852641874539987e-03
8.349140692495258739e-03
8.349407332542066462e-03
8.349654154416630281e-03
8.349882632297439544e-03
8.350094130764805847e-03
8.350289912680837479e-03
8.350471146734469996e-03
8.350638914567873328e-03
8.350794217334514893e-03
8.350937981697011125e-03
8.351071065358341844e-03
8.351194262195046208e-03
8.351308307004765355e-03
8.351413879980893948e-03
8.351511610678421724e-03
8.351602081833263760e-03
8.351685832877164123e-03
8.351763363129621753e-03
8.351835134780775244e-03
8.351901575664179636e-03
8.351963081814885170e-03
8.352020019831537384e-03
8.352072729066167128e-03
8.352121523651596588e-03
8.352166694377206185e-03
8.352208510424627766e-03
8.352247220974022210e-03
8.352283056691512872e-03
8.352316231105499575e-03
8.352361737818470369e-03
8.352402237361061452e-03
8.352438280118397451e-03
8.352470356206575380e-03
8.352498902465803343e-03
8.352524307767957013e-03
8.352546917822596326e-03
8.352567040055621991e-03
8.352599862558832133e-03
8.352616995362974542e-03
8.352631869577542903e-03
8.352644782647924981e-03
8.352655992816442401e-03
8.352665724666849534e-03
8.352674173337406097e-03
8.352681508092674526e-03
8.352687875731477918e-03
8.352693403711822229e-03
8.352698202766295488e-03
8.352702369049933018e-03
8.352705986006748670e-03
8.352709126051776484e-03
8.352711852057390432e-03
8.352714218621631881e-03
8.352716273147002893e-03
8.352718056778566519e-03
8.352719605231234690e-03
8.352720949512551160e-03
8.352722116544666203e-03
8.352723129700308918e-03
8.352724009268619465e-03
8.352724772862892347e-03
8.352725435774610921e-03
8.352726011279254861e-03
8.352726510902064999e-03
8.352726944648428478e-03
8.352727321204116151e-03
8.352727648109868619e-03
8.352727931912233908e-03
8.352728178294677869e-03
8.352728392190934478e-03
8.352728577884535599e-03
8.352728739093999780e-03
8.352728879047649144e-03
8.352729000548182736e-03
8.352729106028557171e-03
8.352729197601146960e-03
8.352729277099700533e-03
8.352729346116256892e-03
8.352729406032866760e-03
8.352729458049393263e-03
8.352729503207345294e-03
8.352729542411231958e-03
8.352729576446032977e-03
8.352729605993236203e-03
8.352729631644621733e-03
8.352729653913832514e-03
8.352729673246801767e-03
8.352729690030671200e-03
8.352729704601578181e-03
8.352729717251315342e-03
8.352729728233150575e-03
8.352729737767057225e-03
8.352729746043886100e-03
8.352729753229353599e-03
8.352729759467462586e-03
8.352729764883047234e-03
8.352729769584541636e-03
8.352729773666193319e-03
8.352729777209671330e-03
8.352729780285941472e-03
8.352729782956605509e-03
8.352729785275092925e-03
8.352729787287942881e-03
8.352729789035388819e-03
8.352729790552392355e-03
8.352729791869392684e-03
8.352729793012754131e-03
8.352729794465826169e-03
8.352729795638341379e-03
8.352729796584468236e-03
8.352729797348020652e-03
8.352729797964326269e-03
8.352729798461610775e-03
8.352729798862935581e-03
8.352729799186732126e-03
8.352729799448130668e-03
8.352729799659043552e-03
8.352729799829296253e-03
8.352729799966616964e-03
8.352729800077443242e-03
8.352729800166883850e-03
8.352729800271022770e-03
8.352729800346065173e-03
8.352729800400235383e-03
8.352729800439381153e-03
8.352729800467653676e-03
8.352729800488034942e-03
8.352729800508745805e-03
8.352729800521204589e-03
8.352729800528740228e-03
8.352729800533462146e-03
8.352729800536433727e-03
8.352729800538215288e-03
8.352729800539514596e-03
8.352729800540014196e-03
8.352729800540321242e-03
8.352729800540605737e-03
8.352729800541009927e-03
8.352729800541211155e-03
8.352729800541110541e-03
8.352729800540999519e-03
8.352729800540678595e-03
8.352729800540845129e-03
8.352729800541002989e-03
8.352729800541141766e-03
8.352729800540992580e-03
8.352729800540940538e-03
8.352729800540935334e-03
8.352729800540911048e-03
8.352729800540980437e-03
8.352729800540952682e-03
8.352729800540964825e-03
8.352729800540971764e-03
8.352729800540968294e-03
8.352729800540978702e-03
8.352729800540952682e-03
8.352729800541023805e-03
