7.207974479719670966e-30
7.167923884557664065e-23
8.517032965413341776e-22
3.078914261010978275e-21
4.794548555820623034e-20
1.470100209960800028e-19
2.893289172696173589e-19
4.572240773951507244e-19
6.366992197965985723e-19
1.101431808216468473e-18
1.577548952546280095e-18
3.033059089615026822e-18
5.535633851862237665e-18
8.239514120615981199e-18
1.114232214088385820e-17
2.583919443190888931e-17
4.353545767915474189e-17
6.434830395487299259e-17
8.821352832107404130e-17
1.150117565269056084e-16
1.664978870338410674e-16
2.253775598066538125e-16
2.910770028878015420e-16
4.219631540141857026e-16
5.699875398189805495e-16
7.331113450813520196e-16
9.096870191286500208e-16
1.098370588753538268e-15
1.298057282844483853e-15
1.507836652911304655e-15
1.854776670033574654e-15
2.222394658171521551e-15
2.609029766651482434e-15
3.013533339312549601e-15
3.435106274743196785e-15
3.873184469347018356e-15
4.327382284626392423e-15
5.131237232899964547e-15
5.980052137551339683e-15
6.874033313606272494e-15
7.813755041288551722e-15
8.800025205977634148e-15
9.833841173891457405e-15
1.187535623470332326e-14
1.409196768728526192e-14
1.649326140581925084e-14
1.908977013784339090e-14
2.189299877842333368e-14
2.491551085509522251e-14
2.817096320146813162e-14
3.167412629287768815e-14
3.544094099199509963e-14
3.948860419456646768e-14
4.617335241156426180e-14
5.361096105101916447e-14
6.187952492606839855e-14
7.106609295048487662e-14
8.126766093154469724e-14
9.259219449634224041e-14
1.123931495518788432e-13
1.356081187267807961e-13
1.628176530235868847e-13
1.947035181490509929e-13
2.320661815759441555e-13
2.758451093447556888e-13
3.271424806946901642e-13
3.872510851184734189e-13
4.576871222778422051e-13
5.402286566542499337e-13
6.369606602360712090e-13
7.503278063666832973e-13
8.831963812424544449e-13
1.038926882206549069e-12
1.221459127878010381e-12
1.435412029700678799e-12
1.686200555439900932e-12
1.980172850212555188e-12
2.324770986093473237e-12
2.728719407310683814e-12
3.202245842203934646e-12
3.757340258547013685e-12
4.408058444641454940e-12
5.170877878825935163e-12
6.065114852365778320e-12
7.113413464883558960e-12
8.342318795614510994e-12
9.782948754503639893e-12
1.147178157842955415e-11
1.345157885350683671e-11
1.577246735273471911e-11
1.849320696651268383e-11
2.168267667117851721e-11
2.542161594105235032e-11
2.980466539366669309e-11
3.494275791918873232e-11
3.920338725936165521e-11
4.398313738718339989e-11
4.934525424241083924e-11
5.536066675586988240e-11
6.210892386274332810e-11
6.967925163992084112e-11
7.817173390324675741e-11
8.769862365307381957e-11
9.838581609034596930e-11
1.103745017727915579e-10
1.238230204870499454e-10
1.389089367983619451e-10
1.558313635015894357e-10
1.748135635559807216e-10
1.961058638484147314e-10
2.199889169872249413e-10
2.467773513793751457e-10
2.768238548084462080e-10
3.105237420058007391e-10
3.483200622321875195e-10
3.907093143796293646e-10
4.382478071196923039e-10
4.915588159703524461e-10
5.352387978941094519e-10
5.827911962031013816e-10
6.345578261428237989e-10
6.909104015433953273e-10
7.522531288787696536e-10
8.190255265278616666e-10
8.917054746864709612e-10
9.708125166040969914e-10
1.056911445462262801e-09
1.150616207925835489e-09
1.252594151812009021e-09
1.363570649851646685e-09
1.484334140166762525e-09
1.615741631964158426e-09
1.758724732447967487e-09
1.914296260737937527e-09
2.083557527952343911e-09
2.267706379678106204e-09
2.468046118332082170e-09
2.685995449710745100e-09
2.923099661017541861e-09
3.181043085667917325e-09
3.461663492285487886e-09
3.766968440698022098e-09
4.099153928909381994e-09
4.460626252096622620e-09
4.854027784026110629e-09
5.282266625192887723e-09
5.748552466334154736e-09
6.114109584571090935e-09
6.503226989939491864e-09
6.917531077438349907e-09
7.358786357170536379e-09
7.828911897450126625e-09
8.330001077949766504e-09
8.864343851029448197e-09
9.434453598594713751e-09
1.004309763744375385e-08
1.069333474698008951e-08
1.119984195843772312e-08
1.158117023637213831e-08
1.197650914076931305e-08
1.238648972507225776e-08
1.281178340474543553e-08
1.313298742246263232e-08
1.337298496056637971e-08
1.361782577400708073e-08
1.386763327727421959e-08
1.412253584241101352e-08
1.438266555640506851e-08
1.457870478197111837e-08
1.477774214607602697e-08
1.497983679905388080e-08
1.518504961411101560e-08
1.539344289170715519e-08
1.560508113962576711e-08
1.582002989942743880e-08
1.603835773752615124e-08
1.619902282993506648e-08
1.631897954466766093e-08
1.643995586245881270e-08
1.656196317579446307e-08
1.668501300120099447e-08
1.680911729735931308e-08
1.693428796592727627e-08
1.706053719055825054e-08
1.718787735931630816e-08
1.731632100192560443e-08
1.744588094233251593e-08
1.757657005563879288e-08
1.770840164900747786e-08
1.784138894364638418e-08
1.797554580510841842e-08
1.811088566360433509e-08
1.824742326303774086e-08
1.834478207215274781e-08
1.841180822452702163e-08
1.845884352049137619e-08
1.849316496146515114e-08
1.852756177786451924e-08
1.856203403594413955e-08
1.859658204801627297e-08
1.863120600639532973e-08
1.865536382086123113e-08
1.867178208288427496e-08
1.868314103708135333e-08
1.869122313244539693e-08
1.869714005782980820e-08
1.870305917909661103e-08
1.870898052616182792e-08
1.871490409352843340e-08
1.872082987061356474e-08
1.872675786813263872e-08
1.873268808981389071e-08
1.874898119693060932e-08
1.876529105860538879e-08
1.878161769079977422e-08
1.879796114639894928e-08
1.882475170210535010e-08
1.889542683499785804e-08
1.901620314403218710e-08
1.913789680172103122e-08
1.926051731236081090e-08
1.948042045148536716e-08
1.996330366430740540e-08
2.046063222786634727e-08
2.097300526500295307e-08
2.150105624357787957e-08
2.204545594816675150e-08
2.292079698508977040e-08
2.383974047335369879e-08
2.480538493444250174e-08
2.582115089742306127e-08
2.689079184806809292e-08
2.801845677118956712e-08
2.920873635336528327e-08
3.046672161681874712e-08
3.179807244217786119e-08
3.320909826970175028e-08
3.470685118377236403e-08
3.578320803200608985e-08
3.656081406598195338e-08
3.736217579180494343e-08
3.818835820269815324e-08
3.904048927383530742e-08
3.991976708034198623e-08
4.082746015788822512e-08
4.143180523650943693e-08
4.184691992657124162e-08
4.226803180380729258e-08
4.269526752334908231e-08
4.312875710300790889e-08
4.356863401447029434e-08
4.401503545330430161e-08
4.446810302058031448e-08
4.492798147195524478e-08
4.539482106318875351e-08
4.586877447907540222e-08
4.635000156840844574e-08
4.683866304501852581e-08
4.718376776862674959e-08
4.753262440923891153e-08
4.788529281807830592e-08
4.824183372747998324e-08
4.860230906502196467e-08
4.896678207547348209e-08
4.933531734715339934e-08
5.001477651594898660e-08
5.070824139939076563e-08
5.141613421547805313e-08
5.213889387004631315e-08
5.331725611124742376e-08
5.453611896298198112e-08
5.579752843157395677e-08
5.710366843312908631e-08
5.845687155932217978e-08
6.090542058955871767e-08
6.351509112193826341e-08
6.630164719223195390e-08
6.928296926428806281e-08
7.247926519493619405e-08
7.591366000511831388e-08
7.961253739972513222e-08
8.360621452853569121e-08
8.653504792792757031e-08
8.963176235726859919e-08
9.291056123322575711e-08
9.638718702800616982e-08
1.000792134955533807e-07
1.040062619668698639e-07
1.081902856320003651e-07
1.126559879183080621e-07
1.174313177435731663e-07
1.225477139987865870e-07
1.280409448900289057e-07
1.339519263438953007e-07
1.382238427056177163e-07
1.427256784399883530e-07
1.474753796969274730e-07
1.524928227376734008e-07
1.560128236428019766e-07
1.585054336021803238e-07
1.610648724432635965e-07
1.636937027280067534e-07
1.663946153441810468e-07
1.691704354128069482e-07
1.720241327646111438e-07
1.749588282426190186e-07
1.779778065339940197e-07
1.810845226843833478e-07
1.842826179937596970e-07
1.875759256677176382e-07
1.909684924871154969e-07
1.933481367517387320e-07
1.950193056940087447e-07
1.967146974511335173e-07
1.984348087952062650e-07
2.010640819973223032e-07
2.037519772802169017e-07
2.065003540855874018e-07
2.093111322986243406e-07
2.121863298164714631e-07
2.151280369688122677e-07
2.181384320022847089e-07
2.212197906421454952e-07
2.243744829322260878e-07
2.276049713979838628e-07
2.309138320793224104e-07
2.343037681845332053e-07
2.377775819682391952e-07
2.413382095064246713e-07
2.449887144048329575e-07
2.487323141955906089e-07
2.525723418462965708e-07
2.565123007860248605e-07
2.605558849985748674e-07
2.647069257547943499e-07
2.689694684034158870e-07
2.733477030316253266e-07
2.778460501637819016e-07
2.824691859823294363e-07
2.872219843491510018e-07
2.921095242267869375e-07
2.971371741426450516e-07
3.023106493645634407e-07
3.076357904936988131e-07
3.131189350550544304e-07
3.187666432133239642e-07
3.245857577381915272e-07
3.305837170662363584e-07
3.367680497913021307e-07
3.431470661121902517e-07
3.497291809125924890e-07
3.565234386472918279e-07
3.635395444800447775e-07
3.707874719182377510e-07
3.782779475809044469e-07
3.860223033374203933e-07
3.940325277776360641e-07
4.023213282144053920e-07
4.109021829278608884e-07
4.197893951857151018e-07
4.289981545713882733e-07
4.385446012211622835e-07
4.484458985291886164e-07
4.587203080803827117e-07
4.653590681228111880e-07
4.721570007529109479e-07
4.791194363872228956e-07
4.862517985584610650e-07
4.935598021243212526e-07
5.010493703000475458e-07
5.087266414962154797e-07
5.165980956119818654e-07
5.246704163101155697e-07
5.329506342376458812e-07
5.414460023646370137e-07
5.501641349508151945e-07
5.591130238976302379e-07
5.683009763651986458e-07
5.777365736681643578e-07
5.874289985906041299e-07
5.973876145896089986e-07
6.076222951790872209e-07
6.181434635964293200e-07
6.289619269008344555e-07
6.400889175704622360e-07
6.515363034002616132e-07
6.633164029424307321e-07
6.754423385319633486e-07
6.830948709238202904e-07
6.908871575193949105e-07
6.988226428582519601e-07
7.069048059751480802e-07
7.151372828328938205e-07
7.235237071880180838e-07
7.320679635047389783e-07
7.407738996223582428e-07
7.496455764876254711e-07
7.586871370952424659e-07
7.679028591059951442e-07
7.772971391178635262e-07
7.868745062196300232e-07
7.966396211876627635e-07
8.065972832200542104e-07
8.167524325894943653e-07
8.271101556486644807e-07
8.376756882683807443e-07
8.484544207794057805e-07
8.594519016084023754e-07
8.706738422869954760e-07
8.821261210501220987e-07
8.938147880471480628e-07
9.057460686228567820e-07
9.179263689372870292e-07
9.303622784163637890e-07
9.430605763195227980e-07
9.560282321993877018e-07
9.692724149837019963e-07
9.828005050046459407e-07
9.966200415454941709e-07
1.010738795172727097e-06
1.025164796584484004e-06
1.039906205042509140e-06
1.054971455454392479e-06
1.070369132081122248e-06
1.086108108235134912e-06
1.102197376820005840e-06
1.118646261781027446e-06
1.135464118714753969e-06
1.145466001803767456e-06
1.155599085487611418e-06
1.165865397556852670e-06
1.176266957765624991e-06
1.186805789787531578e-06
1.197483915409969201e-06
1.208303411781530115e-06
1.219266358729600149e-06
1.230374843041858268e-06
1.241630967245801439e-06
1.253036858605907853e-06
1.264594651599749203e-06
1.276306503607997436e-06
1.288174551979096731e-06
1.300200946004180637e-06
1.312387860284404157e-06
1.324737437545931114e-06
1.337251848416100826e-06
1.349933223962248602e-06
1.362783708363060644e-06
1.375805419869842368e-06
1.389000459243621321e-06
1.402370900233224817e-06
1.415918787118932038e-06
1.429646126283647057e-06
1.443554881089143603e-06
1.457646963107329054e-06
1.471924225470141337e-06
1.486388452770753085e-06
1.501041352925006969e-06
1.515884545172532050e-06
1.530919550546101420e-06
1.546147777235147881e-06
1.561570509941186238e-06
1.577188891348894516e-06
1.593003911369910018e-06
1.609016382085067832e-06
1.625226930076912904e-06
1.641635963324020802e-06
1.658243642777298611e-06
1.675049903740561673e-06
1.692054367446406295e-06
1.709256321864383083e-06
1.726654781235281505e-06
1.744248270373001695e-06
1.762035000343978321e-06
1.780012645565683465e-06
1.798178404829573910e-06
1.816528965993724051e-06
1.835060333038432227e-06
1.853767939887369712e-06
1.872646476739763112e-06
1.891689730862942602e-06
1.910890735471207128e-06
1.930241731300123716e-06
1.949733698425120539e-06
1.969356551405629874e-06
1.989099178112091602e-06
2.008949017368686529e-06
2.028892049900905539e-06
2.048912822035591174e-06
2.068994199306665564e-06
2.089117165944850372e-06
2.109260773936765686e-06
2.129402038846506811e-06
2.149515591862863399e-06
2.169573675868308146e-06
2.189545865270839418e-06
2.209398913930867767e-06
2.229096507071315202e-06
2.248599106455944592e-06
2.267863669032864615e-06
2.286843492566164945e-06
2.305487905718668761e-06
2.323742143905950831e-06
2.341546988826451032e-06
2.358838741790334259e-06
2.375548736577413606e-06
2.385805161903649552e-06
2.395778535838423449e-06
2.405448312378648081e-06
2.414793066674429011e-06
2.423790451610972669e-06
2.432417316975407484e-06
2.440649496030770118e-06
2.448461972384389536e-06
2.455828926054828400e-06
2.462723712987135781e-06
2.469119046595280836e-06
2.474986361456591407e-06
2.480296458339827776e-06
2.485019969553632004e-06
2.489125935330563687e-06
2.492583698867161008e-06
2.495361628276937424e-06
2.497427181053828767e-06
2.498748617047095843e-06
2.499292299242006693e-06
2.499026517108873032e-06
2.497917178039545954e-06
2.495932618166192580e-06
2.493040328324953881e-06
2.489207313401006554e-06
2.484403438227388816e-06
2.478597610506292648e-06
2.471760593752783889e-06
2.463864337244098323e-06
2.454882345511519179e-06
2.444789828442233177e-06
2.433564091420837049e-06
2.421184693318115144e-06
2.407633803915255044e-06
2.392896379225684822e-06
2.376960520573476673e-06
2.359817630961233790e-06
2.341462785867807643e-06
2.321894825016375609e-06
2.301116762128205962e-06
2.279135733551716014e-06
2.255963528344781292e-06
2.231616218794184986e-06
2.215814590565916914e-06
2.199568373668157822e-06
2.182884313788456011e-06
2.165769875060971728e-06
2.148233392135155577e-06
2.130283807871331762e-06
2.111930883408224101e-06
2.093185110322189007e-06
2.074057676398220224e-06
2.054560274383316168e-06
2.034705485141241970e-06
2.014506473407552042e-06
1.993976881951815774e-06
1.973131314420947094e-06
1.951984829796871266e-06
1.930552563684656062e-06
1.908850638961705043e-06
1.886895694894812315e-06
1.864704671848773195e-06
1.842294647576989828e-06
1.819683116576688697e-06
1.796888362896523844e-06
1.773928786675631271e-06
1.750822125868941808e-06
1.727587745290915265e-06
1.704243475322059898e-06
1.680808598542610706e-06
1.657302182056128292e-06
1.633742244019428875e-06
1.610148332618125085e-06
1.586537900700971456e-06
1.562930566630968840e-06
1.539343182872289108e-06
1.515795027349374853e-06
1.492302271249343810e-06
1.468883609172356352e-06
1.445554442195213874e-06
1.422332712168296760e-06
1.399232908400747835e-06
1.376272046737494949e-06
1.353463678344429641e-06
1.330823131191033435e-06
1.308364272220864936e-06
1.286100236079489031e-06
1.264043727928849344e-06
1.231150730898957083e-06
1.198797224095948031e-06
1.167018987215275285e-06
1.135848014161511493e-06
1.105313077108145495e-06
1.075439472746963989e-06
1.046249144736438827e-06
1.017760737042216760e-06
9.746504293678903676e-07
9.333378025218645551e-07
8.938498975878076959e-07
8.561975430571343160e-07
8.203766229053199511e-07
7.863703433194538108e-07
7.541506299567846658e-07
7.236806056551777645e-07
6.949136548946027281e-07
6.677987976101218169e-07
6.422758884794915516e-07
6.260071411553012513e-07
6.104085012950585669e-07
5.954605074842606465e-07
5.811433878760351227e-07
5.674357593960835901e-07
5.543191387226373707e-07
5.417712254070543454e-07
5.297715238330677339e-07
5.183003630161865040e-07
5.073376901848488738e-07
4.968635240005412427e-07
4.868585649737411208e-07
4.773035605376649256e-07
4.681802963773675404e-07
4.594704118501963303e-07
4.511562265821112096e-07
4.432205483558341971e-07
4.356468611240870002e-07
4.306731032472199702e-07
4.258557416345938931e-07
4.211898920162487458e-07
4.166707589980937377e-07
4.122937920669035714e-07
4.080544112194953179e-07
4.039482868839997848e-07
3.999708478565089723e-07
3.961183658127296756e-07
3.923865474335190356e-07
3.887713837818675202e-07
3.852691261241168636e-07
3.818759826170653668e-07
3.785884254400432592e-07
3.754029338293368789e-07
3.723160337559226928e-07
3.693245045253989803e-07
3.672954342470936659e-07
3.659304343570341094e-07
3.645856335380634905e-07
3.632606379050970223e-07
3.619551136815314449e-07
3.606687712380402414e-07
3.579725716340234088e-07
3.553601687493433679e-07
3.528286183493579249e-07
3.490936368346218686e-07
3.455327054669164994e-07
3.421364798524571918e-07
3.367699462064974542e-07
3.318055036431738192e-07
3.272070272109584177e-07
3.229418584948279345e-07
3.189801870915339321e-07
3.152949205983767571e-07
3.118612766746827176e-07
3.086567146713028901e-07
3.056607117794278434e-07
3.028546534464961926e-07
3.002216118931361482e-07
2.977462474725084564e-07
2.954146062572279204e-07
2.932140682842723067e-07
2.911331379611174172e-07
2.891614608665200838e-07
2.872895567833744552e-07
2.855089714964296453e-07
2.838118391068050302e-07
2.821913499763084235e-07
2.806408843855374031e-07
2.791549205673710585e-07
2.777281642496346350e-07
2.763558682386351356e-07
2.750338521187250534e-07
2.737580060468052976e-07
2.725252104683824399e-07
2.713319667736124686e-07
2.701754801882204251e-07
2.690531834689322587e-07
2.679626347483618653e-07
2.669018033679069244e-07
2.658686968394755264e-07
2.648614522837731669e-07
2.638786735520214914e-07
2.629187367855184453e-07
2.619803630407579687e-07
2.610623933083104983e-07
2.601636782234598078e-07
2.592833037633047400e-07
2.584203736678918684e-07
2.575739606471295863e-07
2.567434221461256576e-07
2.559280633492095594e-07
2.551272229372179382e-07
2.543403591879809285e-07
2.535669500049448334e-07
2.524184973422318903e-07
2.512984981206923330e-07
2.502056432899972798e-07
2.491387906364970560e-07
2.475533689899179340e-07
2.460235246218415624e-07
2.445467259670861903e-07
2.431208353949087108e-07
2.417441092378735553e-07
2.404149955825626665e-07
2.391322006619858260e-07
2.378945485579993936e-07
2.367010801941345736e-07
2.355508341348140512e-07
2.347751526362855699e-07
2.340198153091400706e-07
2.332845694446852687e-07
2.325692754005771682e-07
2.318736691361399190e-07
2.311975719206162170e-07
2.305408449134532106e-07
2.299032933161560218e-07
2.292847338300381202e-07
2.286850579570225388e-07
2.281041194261902097e-07
2.275417220412354541e-07
2.271603888571250356e-07
2.267879837171187364e-07
2.264244374497223894e-07
2.260697583863038357e-07
2.257239194496752209e-07
2.254900059668926698e-07
2.252602852993633026e-07
2.250347766462746354e-07
2.248133808095560984e-07
2.245960865408408361e-07
2.244480267669119031e-07
2.243019390348458860e-07
2.241577611594483352e-07
2.240155808975897738e-07
2.238754354215152269e-07
2.237799959472269305e-07
2.236855040266655065e-07
2.235920354025884096e-07
2.234993985687795763e-07
2.234076603913947826e-07
2.233169418401279197e-07
2.232271394598925342e-07
2.231381805453128636e-07
2.230501626718025902e-07
2.229631467686491367e-07
2.228769660523819471e-07
2.227916834949607801e-07
2.227074027538352747e-07
2.226240284767609295e-07
2.225414964095025848e-07
2.224598983021098868e-07
2.223792911638443151e-07
2.222995149349511383e-07
2.222206250217132178e-07
2.221427313418273023e-07
2.220657309756007412e-07
2.219895827842977535e-07
2.219143706559646581e-07
2.218400775919119122e-07
2.217220120714452395e-07
2.216062864920515351e-07
2.214929114901791361e-07
2.212346979972957928e-07
2.209895022652215426e-07
2.207572720942869730e-07
2.203918075348765508e-07
2.198739283252836847e-07
2.194547096793250611e-07
2.191333393419494439e-07
2.189091453022911976e-07
2.187814951788084445e-07
2.187498963782670107e-07
2.188139102502163195e-07
2.189732156136132694e-07
2.191213243630086266e-07
2.193066291145969640e-07
2.195291206331960570e-07
2.197887831223067837e-07
2.200856246342469307e-07
2.204196628473481784e-07
2.207909346989176761e-07
2.211994811164793309e-07
2.216453695314654616e-07
2.221286969303508657e-07
2.226495473878473038e-07
2.232080370071113953e-07
2.238043035924523220e-07
2.244384975910684487e-07
2.251107826967920001e-07
2.258213441903867202e-07
2.265703893514634619e-07
2.273581411220082126e-07
2.281848391432244302e-07
2.290507534179682570e-07
2.299561560000609149e-07
2.309013596448060176e-07
2.318866867971160148e-07
2.329124863899017105e-07
2.347919174300926975e-07
2.367967433257855676e-07
2.389293040843543693e-07
2.411921729041769616e-07
2.435881844218907027e-07
2.461204334485223871e-07
2.487923025985899573e-07
2.516074749906017065e-07
2.545699352053188921e-07
2.576840587474580487e-07
2.609545131447942241e-07
2.643864459340955683e-07
2.679853246744101584e-07
2.717571653037616643e-07
2.757083975984507277e-07
2.798460084454587356e-07
2.841775316966643081e-07
2.887111348582888306e-07
2.934556250512188055e-07
2.984205404680176208e-07
3.036161919578418653e-07
3.090537546438646206e-07
3.147453220341799570e-07
3.207040085095301682e-07
3.269440389765191632e-07
3.334808629266364642e-07
3.403312703023743297e-07
3.475135362137861215e-07
3.522579057653283903e-07
3.571496444760341286e-07
3.621945855621256318e-07
3.673988675301288451e-07
3.727689760384467328e-07
3.783117905569199663e-07
3.840345667654790514e-07
3.899450245949532652e-07
3.960514207408563272e-07
4.023624104949665797e-07
4.088872701322942120e-07
4.156358556313168236e-07
4.226186545370315903e-07
4.298468413101026033e-07
4.373323497295382644e-07
4.450879064914943068e-07
4.531271156374432192e-07
4.614645294429288495e-07
4.701157294623324950e-07
4.790974188570429174e-07
4.884275193989097828e-07
4.981252880673755230e-07
5.044730998787218614e-07
5.109825210054005496e-07
5.176594673067462751e-07
5.245101196022905968e-07
5.315409441159870705e-07
5.387587319044349315e-07
5.461706422354117105e-07
5.537841494509786471e-07
5.616071674755678174e-07
5.696480146314611740e-07
5.779154246897284998e-07
5.864187046744787734e-07
5.951675213347213304e-07
6.041721721429948651e-07
6.134435179495771037e-07
6.229930280940608063e-07
6.328328344711117773e-07
6.429757850307556215e-07
6.534354822904174510e-07
6.642263470005292860e-07
6.753636789802629531e-07
6.868637229775155665e-07
6.987437428557809352e-07
7.110221000779701947e-07
7.237183431256717333e-07
7.368533005767921580e-07
7.504491907428495621e-07
7.645297300634750650e-07
7.728501334705612076e-07
7.813439200802150915e-07
7.900164155301505051e-07
7.988731213738618124e-07
8.079197426257699037e-07
8.171622196219317666e-07
8.266067496083902826e-07
8.362597606445741544e-07
8.461279787757383869e-07
8.562184152359243459e-07
8.665383595854208977e-07
8.770954738030164850e-07
8.878977248737859590e-07
8.989533899865657413e-07
9.102711800320995344e-07
9.218601812188787058e-07
9.337298962277357967e-07
9.458902679158014056e-07
9.583517063376291822e-07
9.711251142031713863e-07
9.842219177242121379e-07
9.976540959682251723e-07
1.011434216576598401e-06
1.025575468683707128e-06
1.040091726302366892e-06
1.054997480747059794e-06
1.070308097439915864e-06
1.086039651632131378e-06
1.102209128020226175e-06
1.118834305307866850e-06
1.135933977733061179e-06
1.153528116917084030e-06
1.171637471338000675e-06
1.190284296609328034e-06
1.209491896478737366e-06
1.229285067116381232e-06
1.249689707895949005e-06
1.270733843679298416e-06
1.292446451131230126e-06
1.314859077759904170e-06
1.338004300634185080e-06
1.361917618129213179e-06
1.386636368803310153e-06
1.412200015445718856e-06
1.438650981697679062e-06
1.466034464245495876e-06
1.494398616339614363e-06
1.523794900268130028e-06
1.554278351712051913e-06
1.585907889428463421e-06
1.618746653331609582e-06
1.652862386676472929e-06
1.688327848090972828e-06
1.710585536202035384e-06
1.733389515236348212e-06
1.756759435864919296e-06
1.780715830590661049e-06
1.805280079300465190e-06
1.830474656814530448e-06
1.856322980497023315e-06
1.882849687977640906e-06
1.910080866706239534e-06
1.938043441023304256e-06
1.966766168914136219e-06
1.996279110436079329e-06
2.026613562745201446e-06
2.057803028971983002e-06
2.089882561829608470e-06
2.122888798810672635e-06
2.156860714081564668e-06
2.191839326244369914e-06
2.227867965621529093e-06
2.264992366494006940e-06
2.303260883147468561e-06
2.342724666598971661e-06
2.383437863815387945e-06
2.425457832307746802e-06
2.468845378724674430e-06
2.513665010448110167e-06
2.559985221010434299e-06
2.607878962499354056e-06
2.657423318590711726e-06
2.708700535294577661e-06
2.761799080187421729e-06
2.816811520798056381e-06
2.873838420468591699e-06
2.932986201799393211e-06
2.994369304940915652e-06
3.058108307211338272e-06
3.124335798088157006e-06
3.193189762823479189e-06
3.264823009399886787e-06
3.339394388563252905e-06
3.417080883408438516e-06
3.498067355972696502e-06
3.582556003896421294e-06
3.670765217667794424e-06
3.762930387068152920e-06
3.859306319921062139e-06
3.960169156012059347e-06
4.065818478654426554e-06
4.176579757490909068e-06
4.292808482161918676e-06
4.414888031223287374e-06
4.543240103538887728e-06
4.627650853981192895e-06
4.714864193568536539e-06
4.805012473459944378e-06
4.898235218647004870e-06
4.994678742755001948e-06
5.094501808724401938e-06
5.197868773674488887e-06
5.304958038001842787e-06
5.415958370019407936e-06
5.531067953850522275e-06
5.650500119877961987e-06
5.774482162376739745e-06
5.903255757982642289e-06
6.037078722032025338e-06
6.176226273053395432e-06
6.320992316120053151e-06
6.471690921464812516e-06
6.568190031732399751e-06
6.667179089993496107e-06
6.768746189582869455e-06
6.872983611798831732e-06
6.979987277160150628e-06
7.089856499224683475e-06
7.202696299602726521e-06
7.318614887146580758e-06
7.437726802080663355e-06
7.560149969919844896e-06
7.686009453388774638e-06
7.815434260181883318e-06
7.948559877559953626e-06
8.085528036373447063e-06
8.226486698686929063e-06
8.371590495065157545e-06
8.521001067446893717e-06
8.674887375769854898e-06
8.833426019096701979e-06
8.996801579607658787e-06
9.165207283985787309e-06
9.338843843216261239e-06
9.517922548642072166e-06
9.702663889536865637e-06
9.893296688180093238e-06
1.009006032313149967e-05
1.029320692507627913e-05
1.050299610380123643e-05
1.071969998959111370e-05
1.094360215127307283e-05
1.117499751249927258e-05
1.141419263957270947e-05
1.166150597935421208e-05
1.191726766423448904e-05
1.218181993429088094e-05
1.245551641058786588e-05
1.273872192265225540e-05
1.303181202351855314e-05
1.333517222346774977e-05
1.364919697467379771e-05
1.385128027669962875e-05
1.405779507830895573e-05
1.426884193976156421e-05
1.448452232395343782e-05
1.470493768868780170e-05
1.493018876943479729e-05
1.516037702589718548e-05
1.539560216610546582e-05
1.563596390546116764e-05
1.588155921640826309e-05
1.613248430705340548e-05
1.638883166874646028e-05
1.665069107340299266e-05
1.691814841575824593e-05
1.719128485978043951e-05
1.747017608806747773e-05
1.775489140092052849e-05
1.804549288161655716e-05
1.834203358578977697e-05
1.864455764376524678e-05
1.895309795274894573e-05
1.926767538479906531e-05
1.958829640835734777e-05
1.991495263405963179e-05
2.024761866002697656e-05
2.058624975449497408e-05
2.093078195112009726e-05
2.128112652312139848e-05
2.163717086826931826e-05
2.199877517628938788e-05
2.236577052050440898e-05
2.273795626292562805e-05
2.311509787543314894e-05
2.349692463843209108e-05
2.388312733689839886e-05
2.427335607726615574e-05
2.451899718702631336e-05
2.476595121030867106e-05
2.501410712119321058e-05
2.526334735413816426e-05
2.551354609814924626e-05
2.576457032151692727e-05
2.601627918786465657e-05
2.626852482969417601e-05
2.652115194588573296e-05
2.677399771187964845e-05
2.702689194993095599e-05
2.727965723186568574e-05
2.753210898390349222e-05
2.778405589799777864e-05
2.803530000300518725e-05
2.828563702627469800e-05
2.853485682338368552e-05
2.878274382830239150e-05
2.902907758097355258e-05
2.927363332008235038e-05
2.951618267231310088e-05
2.975649438395544988e-05
2.990163747288775037e-05
3.004581120022143764e-05
3.018896247269676290e-05
3.033103855409475302e-05
3.047198664998259461e-05
3.061175404368334381e-05
3.075028836474787407e-05
3.088753752683770824e-05
3.102344994705867414e-05
3.115797485757713632e-05
3.129106199604161719e-05
3.142266193624829147e-05
3.155272624525429508e-05
3.168120753627292696e-05
3.180805960683069265e-05
3.193323753701855214e-05
3.205669784911220242e-05
3.217839860149330648e-05
3.229829953808804676e-05
3.241636220754075091e-05
3.253255009026304018e-05
3.264682872320065092e-05
3.275916582933460780e-05
3.286953144122152807e-05
3.297789802649785638e-05
3.308424060713382992e-05
3.318853688101437184e-05
3.329076733465390108e-05
3.339091536014012016e-05
3.348896735705393223e-05
3.358491284609665440e-05
3.367874455265265052e-05
3.377045852539526185e-05
3.382435655921631586e-05
3.387749575065519575e-05
3.392987705255187452e-05
3.398150175053877355e-05
3.410037291695786814e-05
3.421507415250019059e-05
3.432565398651090869e-05
3.443217717045775990e-05
3.453472264508063475e-05
3.463338751878424507e-05
3.472828236540010820e-05
3.481953255112212449e-05
3.490727893884461379e-05
3.499167753568208371e-05
3.507289903306350234e-05
3.515112835254142088e-05
3.522656477035548012e-05
3.529942034753605725e-05
3.536992012056947135e-05
3.543830148444022493e-05
3.550481337095341195e-05
3.556971550089724340e-05
3.563327763438639675e-05
3.569577877493419852e-05
3.575750632719882662e-05
3.581875354031806302e-05
3.587982611003632838e-05
3.594102952080601348e-05
3.600267276406563991e-05
3.606507567495323663e-05
3.612856067493694237e-05
3.619344588214553379e-05
3.626005147566707377e-05
3.632870615879314438e-05
3.639973493713559877e-05
3.647346054100199621e-05
3.655020705532764354e-05
3.663028971212911041e-05
3.671403113661457555e-05
3.680174588144328817e-05
3.689374200156434489e-05
3.699033239662966727e-05
3.709182078378816589e-05
3.719850332606384352e-05
3.731067908728227724e-05
3.742863782307168346e-05
3.755266630963367055e-05
3.768304627579677099e-05
3.782005462181640195e-05
3.796396371418068452e-05
3.811504164266495327e-05
3.827355230025304174e-05
3.843975553131329602e-05
3.861390738349609696e-05
3.879626039803948148e-05
3.898706392261857970e-05
3.918656444648461567e-05
3.939500596734955769e-05
3.961263037308818032e-05
3.983967785296196900e-05
4.007638730750196816e-05
4.032299785530340250e-05
4.057974587475595297e-05
4.084686745526965165e-05
4.112460420524966296e-05
4.141319273719121555e-05
4.171287640657083350e-05
4.202389466004550410e-05
4.234649385486057461e-05
4.268092504934572204e-05
4.302743686469119138e-05
4.338628126141230056e-05
4.375772362727470695e-05
4.414202638493706682e-05
4.453945795027588746e-05
4.495029393122363433e-05
4.537481614771312878e-05
4.581331328090633339e-05
4.626608089631489558e-05
4.673342200019481318e-05
4.721564761833987666e-05
4.771307727433736913e-05
4.822603941215850254e-05
4.875487181630208748e-05
4.929992202917507976e-05
4.986154777584507844e-05
5.044011737355222092e-05
5.103601015251516476e-05
5.164961836531069056e-05
5.228134262830454941e-05
5.293159552391459043e-05
5.360080704025873329e-05
5.428941854507158155e-05
5.499788511158203847e-05
5.572667108060247308e-05
5.647625509448104012e-05
5.724713981813862342e-05
5.803983363655863261e-05
5.885486166454713695e-05
5.969276638548857620e-05
6.055410643705929030e-05
6.143945673589917508e-05
6.234940917902465638e-05
6.328457336514240524e-05
6.424557697399549633e-05
6.523306635075399641e-05
6.624770797172019354e-05
6.729018860264760653e-05
6.836121625611505759e-05
6.946152147080126432e-05
7.059185865535030197e-05
7.175300759314975766e-05
7.294577522296073584e-05
7.417099775947024918e-05
7.542954316400080929e-05
7.672231400991696071e-05
7.755764164606237610e-05
7.840726840536494692e-05
7.927144612405618847e-05
8.015043504530980486e-05
8.104450465684752555e-05
8.195393356040224790e-05
8.287900980005162967e-05
8.382003051845735670e-05
8.477730303681984506e-05
8.575114784325109580e-05
8.674189701909950419e-05
8.774989697537665398e-05
8.877550940985475577e-05
8.981911081151926408e-05
9.088109418576817932e-05
9.196187087412789390e-05
9.306187093217389589e-05
9.418154871185180561e-05
9.532137986415283265e-05
9.648186190072612382e-05
9.766352242565242423e-05
9.886691524146689562e-05
1.000926234354203976e-04
1.013412624225996461e-04
1.026134823302265824e-04
1.039099701554091303e-04
1.052314520437752784e-04
1.065786958139963546e-04
1.079525136912969232e-04
1.093537651965856007e-04
1.107833601586361770e-04
1.122422618699545001e-04
1.137314903882794757e-04
1.152521277867738658e-04
1.168053150545960903e-04
1.183922645264398973e-04
1.200142637074795929e-04
1.216726706299096607e-04
1.233689212148359967e-04
1.251045470666424346e-04
1.268811597522086340e-04
1.287004723320232498e-04
1.305643053159711328e-04
1.324745757558444688e-04
1.344333105593061007e-04
1.364426702552366940e-04
1.385049505268296508e-04
1.406225665712248823e-04
1.427980806738238738e-04
1.450342051417639216e-04
1.473338435203203317e-04
1.497000535779294803e-04
1.521360782915617729e-04
1.546453638783501614e-04
1.572315745352910867e-04
1.598986033039612111e-04
1.615650697363709635e-04
1.632640541491564730e-04
1.649965825400433476e-04
1.667637162861849900e-04
1.685665578661348909e-04
1.704062533959264285e-04
1.722839947072188457e-04
1.742010215190672030e-04
1.761586237264228761e-04
1.781581438333672653e-04
1.802009795434562922e-04
1.822885865026501709e-04
1.835340735007830236e-04
1.847957883196642346e-04
1.860740553704281260e-04
1.873692064683267033e-04
1.886815814874338653e-04
1.900115287953042234e-04
1.913594056835398165e-04
1.927255783328825963e-04
1.941104221536309508e-04
1.955143224366560548e-04
1.969376744266140042e-04
1.983808837234721212e-04
1.998443662435703217e-04
2.013285486670749022e-04
2.028338694407073645e-04
2.043607782337744628e-04
2.059097369724121566e-04
2.074812202284985246e-04
2.090757150528663644e-04
2.106937215358245475e-04
2.123357541149869740e-04
2.140023410930451137e-04
2.156940253667129605e-04
2.174113650506850567e-04
2.191549339789733669e-04
2.209253222496911410e-04
2.227231367573166275e-04
2.245490018063694200e-04
2.264035597055923869e-04
2.282874714413363323e-04
2.302014173238054774e-04
2.321460976830334519e-04
2.341222336385154006e-04
2.361305678385038423e-04
2.381718652454054821e-04
2.402469139673479067e-04
2.423565261245310895e-04
2.445015387546836563e-04
2.466828147556392788e-04
2.489012438715916976e-04
2.511577437216881378e-04
2.534532608773463103e-04
2.557887719861426119e-04
2.581652849499915868e-04
2.605838401538969145e-04
2.630455117561998082e-04
2.655514090326131652e-04
2.681026777919288538e-04
2.707005021101201582e-04
2.733461049238663566e-04
2.760407508033646496e-04
2.787857476220147873e-04
2.815824469405755885e-04
2.844322473989817162e-04
2.873365966360315565e-04
2.902969920777866749e-04
2.933149832986202388e-04
2.963921757726626781e-04
2.995302323637273265e-04
3.027308755795750676e-04
3.059958909830424859e-04
3.093271282225655149e-04
3.127265043131266737e-04
3.161960098374952182e-04
3.197377075346291434e-04
3.233537391232455373e-04
3.270463287770623774e-04
3.308177837803342688e-04
3.346705003398785434e-04
3.386069681640362225e-04
3.426297732747310876e-04
3.467416076256246401e-04
3.509452659690840727e-04
3.552436572977940338e-04
3.596398083489686843e-04
3.641368706811139969e-04
3.687381196289305331e-04
3.734469720422525047e-04
3.782669816784873466e-04
3.832018581592851756e-04
3.882554614797332267e-04
3.934318237703662868e-04
3.987351461991145516e-04
4.041698118911358768e-04
4.097403962865267231e-04
4.154516773290219209e-04
4.213086455032338308e-04
4.273165148174597801e-04
4.334807346821148715e-04
4.398070025592932305e-04
4.463012773580877449e-04
4.529697936128305145e-04
4.598190765144659158e-04
4.668559578550120106e-04
4.740875929552073849e-04
4.815214786287133229e-04
4.891654722637361029e-04
4.970278120722295941e-04
5.051171386163479148e-04
5.134425176375048217e-04
5.220134682993015631e-04
5.308399787866127043e-04
5.399325355031894466e-04
5.493021712187225701e-04
5.589604669317138359e-04
5.689196076465695417e-04
5.791924089455731178e-04
5.897923523864802460e-04
6.007336342924991628e-04
6.120311758458066341e-04
6.237007081710838757e-04
6.357588152507563824e-04
6.482229505430128465e-04
6.611115101521485319e-04
6.744438926265321991e-04
6.882405548469849909e-04
7.025230754603619537e-04
7.173142187959996932e-04
7.326380040752006545e-04
7.485197788410297625e-04
7.649862960633955307e-04
7.820657947968529802e-04
7.997880844576211882e-04
8.181846327412733424e-04
8.372886570649242226e-04
8.571352190946941816e-04
8.701640168956435066e-04
8.835181806524311857e-04
8.972080439535904750e-04
9.112442668826048475e-04
9.256378657992657107e-04
9.480871504662751999e-04
9.714193341986581721e-04
9.956774189466622346e-04
1.020906686017344737e-03
1.047154682039561557e-03
1.074471295458783761e-03
1.102908818680330008e-03
1.132522000693440703e-03
1.163368088592678894e-03
1.195506857510533110e-03
1.229000616100939204e-03
1.263914193309173669e-03
1.300314889221591656e-03
1.338272392063090269e-03
1.377858657220518059e-03
1.419147735148755182e-03
1.462215542396908419e-03
1.507139565923487114e-03
1.553998491851904052e-03
1.602871747915122699e-03
1.632664733740873432e-03
1.663202046904777931e-03
1.694499886143674416e-03
1.726574248964478841e-03
1.759440851601384598e-03
1.793115153802834691e-03
1.827612220109071537e-03
1.862946631972353878e-03
1.899132461134821290e-03
1.936183133601027334e-03
1.974111318902326169e-03
2.012928824133822583e-03
2.052646482626395864e-03
2.093274034624891065e-03
2.134819999783228901e-03
2.177291543788374608e-03
2.220694345705737528e-03
2.265032442111446567e-03
2.310308087593152850e-03
2.356521606744712942e-03
2.403671242235505112e-03
2.451753002005848271e-03
2.500760507447501429e-03
2.550684844143304847e-03
2.601514416648021723e-03
2.653234809178080418e-03
2.705828654091477128e-03
2.737772748392192264e-03
2.770018654951098957e-03
2.802560951503699996e-03
2.835393826167032210e-03
2.868511049790752054e-03
2.901905956001237137e-03
2.935571443960532066e-03
2.969499962036344261e-03
3.003683509056285020e-03
3.038113641832295483e-03
3.072781472548449713e-03
3.107677660075016876e-03
3.142792427552853086e-03
3.178115555710718781e-03
3.213636391850871379e-03
3.249343862241570267e-03
3.285226476271725215e-03
3.321272335916954522e-03
3.357469148459494342e-03
3.393804237767416264e-03
3.430264563183212882e-03
3.466836734254891746e-03
3.503507028133480243e-03
3.540261409172715951e-03
3.577085549983339500e-03
3.613964854004387932e-03
3.650884479111808460e-03
3.687829363029866692e-03
3.724784249607198273e-03
3.761733716330961739e-03
3.798662202937463667e-03
3.835554041010256088e-03
3.872393484440117811e-03
3.909164740633252338e-03
3.945852002334602690e-03
3.982439479940965386e-03
4.018911434158914560e-03
4.055252208872502269e-03
4.091446264064805063e-03
4.127478208655043293e-03
4.163332833086205546e-03
4.198995141530708665e-03
4.234450383537938234e-03
4.269684085012107749e-03
4.304682082782446476e-03
4.339430541933714941e-03
4.373915986717280720e-03
4.408125342000458052e-03
4.442045948614666354e-03
4.463190955545313574e-03
4.484214354012376093e-03
4.505113292930265807e-03
4.525884991749091688e-03
4.546526745605058116e-03
4.567035929326621405e-03
4.587409997170228959e-03
4.607646487141337649e-03
4.627743021974601093e-03
4.647697308376516276e-03
4.667507138669553697e-03
4.687170393865909557e-03
4.706685043900423610e-03
4.726049146463602059e-03
4.745260848201506704e-03
4.764318387338883215e-03
4.783220093446910286e-03
4.801964385755249504e-03
4.820549773905048047e-03
4.838974860092844395e-03
4.857238338281494663e-03
4.875338992172397086e-03
4.893275695483056444e-03
4.911047414120452322e-03
4.928653202826938258e-03
4.946092204845225007e-03
4.963363653647034218e-03
4.980466869455777573e-03
4.997401259203545186e-03
5.014166315784706132e-03
5.030761616978558434e-03
5.047186823748748413e-03
5.063441680363414167e-03
5.073285266011915914e-03
5.083065217300622267e-03
5.092781521652444549e-03
5.102434176111474672e-03
5.112023187990171434e-03
5.121548575122535606e-03
5.131010365837278091e-03
5.140408598816819871e-03
5.149743322936274972e-03
5.166641695140351126e-03
5.183328536878358678e-03
5.199804391667894876e-03
5.216069915131889799e-03
5.232125868629553499e-03
5.247973110264997181e-03
5.263612590208341380e-03
5.279045348730338448e-03
5.294272514114441164e-03
5.322311777889271803e-03
5.349639374025084125e-03
5.376265026239367313e-03
5.402199306420101856e-03
5.427453546593519196e-03
5.452039765573441117e-03
5.475970600028265065e-03
5.499259230408556215e-03
5.521919305208374332e-03
5.537850208753437690e-03
5.548668920618666893e-03
5.556267230445943728e-03
5.563791676920122609e-03
5.571242908491189950e-03
5.578621576893935154e-03
5.585928336848855653e-03
5.593163845703162836e-03
5.598285026532432221e-03
5.601774237501481492e-03
5.604262677692949113e-03
5.606742581133072716e-03
5.609213976349839564e-03
5.611676891908165717e-03
5.614131356399675900e-03
5.616577398412070030e-03
5.619015046578648698e-03
5.620792858513005801e-03
5.622566205634514473e-03
5.624335099175665348e-03
5.626099550347991862e-03
5.627859570371600458e-03
5.629615170486190409e-03
5.631366361920834944e-03
5.633113155904275957e-03
5.634855563657035354e-03
5.636593596439830323e-03
5.637813734108839021e-03
5.638691740572179464e-03
5.639568628721322585e-03
5.640444400021238890e-03
5.641319055937102714e-03
5.642192597934325184e-03
5.645216027093617056e-03
5.648226114978123491e-03
5.651222922863742906e-03
5.654206512021713385e-03
5.657176943712118738e-03
5.662194651604932072e-03
5.667174842077977309e-03
5.672117815311948121e-03
5.677023871213610594e-03
5.685287997268839363e-03
5.693447571829470845e-03
5.701504064203425162e-03
5.709458938691872217e-03
5.721247543650156628e-03
5.732814044401022928e-03
5.744163353787508884e-03
5.755300342057554676e-03
5.766229832316950056e-03
5.776956596565509423e-03
5.787485351984299545e-03
5.806364904398716997e-03
5.819475562041754452e-03
5.832276125618066250e-03
5.844776560834491139e-03
5.856986616296658461e-03
5.868915818639692215e-03
5.887528601916246392e-03
5.905476808465830521e-03
5.922796201829761374e-03
5.939520930821987413e-03
5.955683527226463686e-03
5.971314914114669511e-03
5.986444423131019425e-03
5.997238521165903190e-03
6.004724145368008775e-03
6.010183294307930996e-03
6.015578890420008283e-03
6.020912302925355598e-03
6.024571821080064449e-03
6.027042058306358689e-03
6.028860600484178475e-03
6.030672003539436048e-03
6.032476321128270834e-03
6.033794781559787684e-03
6.035109482358339342e-03
6.036420444233441505e-03
6.037378326134289208e-03
6.038334221118935898e-03
6.039288137192629947e-03
6.040240082322672656e-03
6.041732054525805924e-03
6.043219209736288948e-03
6.044701578333755432e-03
6.046179190480417513e-03
6.047652076123243708e-03
6.049120264993123643e-03
6.050583786606403280e-03
6.053133420328544144e-03
6.055669009936997041e-03
6.058190708867990971e-03
6.060698668598767276e-03
6.067262531821213285e-03
6.073734145123754063e-03
6.080116113400486910e-03
6.086410951733781625e-03
6.092621087735302851e-03
6.098748863649131567e-03
6.104796538430087849e-03
6.110766289868408037e-03
6.116660216744430022e-03
6.122480340972458190e-03
6.128228609722167174e-03
6.133906897512252619e-03
6.139517008285964514e-03
6.145060677458569209e-03
6.150539573947809424e-03
6.155955302163612988e-03
6.161309403987330797e-03
6.166603360697910444e-03
6.171838594867236003e-03
6.177016472231271031e-03
6.182138303560100884e-03
6.187205346394469840e-03
6.192218806836934271e-03
6.197179841271329218e-03
6.202089558086388774e-03
6.206949019248428172e-03
6.211759241950410952e-03
6.216521200179829336e-03
6.221235826294621574e-03
6.224428177380324570e-03
6.227599152567818951e-03
6.230749017264880334e-03
6.234693052111080561e-03
6.238604396879667176e-03
6.242483531520808329e-03
6.246330917523036305e-03
6.250146998543144698e-03
6.253932200952268955e-03
6.257686934426340275e-03
6.261411592497226342e-03
6.265106553117697798e-03
6.268772179185591424e-03
6.272408819091980156e-03
6.276016807196820382e-03
6.279596464330037230e-03
6.283148098297190384e-03
6.286672004323053294e-03
6.290168465517792344e-03
6.293637753315699246e-03
6.297080127910981324e-03
6.300495838689263578e-03
6.303885124605696812e-03
6.307248214633747949e-03
6.309457469644046829e-03
6.311655430848275676e-03
6.313842157685769022e-03
6.316017707909476857e-03
6.318182137632564511e-03
6.320335501379922664e-03
6.322477852130445157e-03
6.324609241359200121e-03
6.326729719076497685e-03
6.330007586300511954e-03
6.333259329155703499e-03
6.338194230870733241e-03
6.343068698860442056e-03
6.347883268751940318e-03
6.352638440618381052e-03
6.357334681509171220e-03
6.361972427688216032e-03
6.366552086811727226e-03
6.371074040060796702e-03
6.375538644201445698e-03
6.379946233506713152e-03
6.384297121596362902e-03
6.388591603123007154e-03
6.392829955445746871e-03
6.397012440128938167e-03
6.401139304457372642e-03
6.403950218079325699e-03
6.406734917143786998e-03
6.409493472633618488e-03
6.412225953249829462e-03
6.414932425604096163e-03
6.417612954417817837e-03
6.420267602676315438e-03
6.422896431808149120e-03
6.425499501788928432e-03
6.428076871326295419e-03
6.430628597966455730e-03
6.433154738255727340e-03
6.435655347826912433e-03
6.437351661113677702e-03
6.439036064719851418e-03
6.440708575912227479e-03
6.442369211855716003e-03
6.444017989604149295e-03
6.445654926141769492e-03
6.447280038379259517e-03
6.448893343185006267e-03
6.450494857370164641e-03
6.452084597737420615e-03
6.453662581070184791e-03
6.455228824156165543e-03
6.456783343777835853e-03
6.458326156755146534e-03
6.459857279938556983e-03
6.462487880817737590e-03
6.465083384440763019e-03
6.467643880260765671e-03
6.470169458512533070e-03
6.472660210351177321e-03
6.475116227974946591e-03
6.477537604741738682e-03
6.481148778033351231e-03
6.484680616617801568e-03
6.488133465674991718e-03
6.494054239559956046e-03
6.499730551572666451e-03
6.505164530427903768e-03
6.510358414713507402e-03
6.518037884097081097e-03
6.525140424367899782e-03
6.531676364715686620e-03
6.537656700102579405e-03
6.543093072572411448e-03
6.547997735590700176e-03
6.552383510572894025e-03
6.556263738770922583e-03
6.559652231168198316e-03
6.562563213712330375e-03
6.564297407083660371e-03
6.565817015257899812e-03
6.567126942834001363e-03
6.568232146425673039e-03
6.569137626183446307e-03
6.569848416402622980e-03
6.570231836834465600e-03
6.570524616089869555e-03
6.570728482749776424e-03
6.570816753878361803e-03
6.570865778309290667e-03
6.570876089838851436e-03
6.570848222274463385e-03
6.570782709596379757e-03
6.570680084802213612e-03
6.570540880156199373e-03
6.570365628203181201e-03
6.570154858923631797e-03
6.569909102840620213e-03
6.569628888596655558e-03
6.569314743455414128e-03
6.568967193412632473e-03
6.568586762889292927e-03
6.568173974603014678e-03
6.567729349457366271e-03
6.567253406445718554e-03
6.566466729874828080e-03
6.565609951915726827e-03
6.564181369559420921e-03
6.562602134054909379e-03
6.559772513230522489e-03
6.556596988582634629e-03
6.551022997803346987e-03
6.544759600712464834e-03
6.537892183665005089e-03
6.530501516073049066e-03
6.522663709480651904e-03
6.514450203697774548e-03
6.505927856925342208e-03
6.497158736440075862e-03
6.488200401473590007e-03
6.479105823898202027e-03
6.469923462665271366e-03
6.463744377362521006e-03
6.457558122750495060e-03
6.451376189212421758e-03
6.445209280577870320e-03
6.439067358825328533e-03
6.432959656798377217e-03
6.426894726776983917e-03
6.420880443606727210e-03
6.414924063496652180e-03
6.409032209068114654e-03
6.403210949951877902e-03
6.397465784042225857e-03
6.391801689422489489e-03
6.386223128381972487e-03
6.380734119268092683e-03
6.375338182132985268e-03
6.370038473936454060e-03
6.364837713190198663e-03
6.359738252140176989e-03
6.354742046814213993e-03
6.349850784199769990e-03
6.345065808423555956e-03
6.340388174587421530e-03
6.335818637821533442e-03
6.331357730482102888e-03
6.327005745733520203e-03
6.322762741923014344e-03
6.318628583618660956e-03
6.314602947549163153e-03
6.310685325376217195e-03
6.306875063637223076e-03
6.304347441690945179e-03
6.301868704381525729e-03
6.299438539990670320e-03
6.297056606278191374e-03
6.294722543115406806e-03
6.292435952122566421e-03
6.290196443022068318e-03
6.288003580717745934e-03
6.285856927855859241e-03
6.283756021148665001e-03
6.282324949652366881e-03
6.280915511974569272e-03
6.279527542941787908e-03
6.278160874565133498e-03
6.276815336097149936e-03
6.274748868089364412e-03
6.269946409060721260e-03
6.265432746419673064e-03
6.261197645572433648e-03
6.257230640677332277e-03
6.253521150983965514e-03
6.250058564395627632e-03
6.246832302419506010e-03
6.243831877131142925e-03
6.241046941196888749e-03
6.238467330491232615e-03
6.236083099298397533e-03
6.233884549179067973e-03
6.231862252097078794e-03
6.230007068709153897e-03
6.228310162130923193e-03
6.226763007982395737e-03
6.225357413585120951e-03
6.224085455923802045e-03
6.222939613675431032e-03
6.221912658044223728e-03
6.220997643926943696e-03
6.220187961425907054e-03
6.219477353753769498e-03
6.218859825217049400e-03
6.218329678058775664e-03
6.217881508930931007e-03
6.217510153299589913e-03
6.217210782535091337e-03
6.216978796236489677e-03
6.216809815349212849e-03
6.216699716401775586e-03
6.216644637293783186e-03
6.216640909700507471e-03
6.216685047229395314e-03
6.216773781106372382e-03
6.216904061766898547e-03
6.217072997730411013e-03
6.217277846175500548e-03
6.217516043290124278e-03
6.217785209397563503e-03
6.218083070253049155e-03
6.218407496184077780e-03
6.218756518702171256e-03
6.219128251288089278e-03
6.219520961126686134e-03
6.219933003370895115e-03
6.220362831785764511e-03
6.220809008811347372e-03
6.221270206654314419e-03
6.221745151045607325e-03
6.222232678975802081e-03
6.222731685406477677e-03
6.223241135137734352e-03
6.223760069442437100e-03
6.224287606177106996e-03
6.224822901247227536e-03
6.225365173675364953e-03
6.225913699351197199e-03
6.226467799901197649e-03
6.227363764431245383e-03
6.228270031562070826e-03
6.229184489655910026e-03
6.230105287372853483e-03
6.231030782106504809e-03
6.231959506809485461e-03
6.232890155809446553e-03
6.234352158493460840e-03
6.235812323338438788e-03
6.237267453925773170e-03
6.238714992323959353e-03
6.240884558575629688e-03
6.243026805585838966e-03
6.245137946940711171e-03
6.247215472699107694e-03
6.249257821310032386e-03
6.251264069974909847e-03
6.253233769011859802e-03
6.255166832470252826e-03
6.257063465598738591e-03
6.258924081836738686e-03
6.260749235424976737e-03
6.262539565289143746e-03
6.264295765930081097e-03
6.266018562027558109e-03
6.267708696871006520e-03
6.269366916523726012e-03
6.270993957047857510e-03
6.272590538717258066e-03
6.274157373186328886e-03
6.275695146805427595e-03
6.277204528518614927e-03
6.278686161431898567e-03
6.280140665091346608e-03
6.281568638824406962e-03
6.282970665663261192e-03
6.284347304798688048e-03
6.285699098956305450e-03
6.287026566735303031e-03
6.287934045084709635e-03
6.288830210377318458e-03
6.289715223145943106e-03
6.290589238117874453e-03
6.291452410682499621e-03
6.292304889731018328e-03
6.292889587830855468e-03
6.293469268850064059e-03
6.294043980418763569e-03
6.294613767845685590e-03
6.295178678458569071e-03
6.295738756701313096e-03
6.296294050193508227e-03
6.296667331484401275e-03
6.296925599379128019e-03
6.297182827641069520e-03
6.297439020766909187e-03
6.297694183251057072e-03
6.297948319593255767e-03
6.298478256859706831e-03
6.299003736318509704e-03
6.299524798250969587e-03
6.300355560984468618e-03
6.302599263412630992e-03
6.304760241157529241e-03
6.306841721064057084e-03
6.308846766999858489e-03
6.311773287754973184e-03
6.314537576623847903e-03
6.317148919170320447e-03
6.319615989834310651e-03
6.323073413516871154e-03
6.326248382099154861e-03
6.329164352307075844e-03
6.331842796895430572e-03
6.334303357110169889e-03
6.336564000808602576e-03
6.338641171034766104e-03
6.340549927210689315e-03
6.342304067457755525e-03
6.343916238490544812e-03
6.345398033816242699e-03
6.346760084971699717e-03
6.348012143225255539e-03
6.349163154630725441e-03
6.350221327877048939e-03
6.351194196783470705e-03
6.352088676943892960e-03
6.352911117485980294e-03
6.353667348338467788e-03
6.354362723339591901e-03
6.355002159070918984e-03
6.355590173697776152e-03
6.356130917938919087e-03
6.356628202644052164e-03
6.357085530774285800e-03
6.357506122298811450e-03
6.357892935893340661e-03
6.358248690562067103e-03
6.358575885545151088e-03
6.358876818248770241e-03
6.359153600601307604e-03
6.359408173973740350e-03
6.359642323308367477e-03
6.359857689521016683e-03
6.360055781527361798e-03
6.360237986476928278e-03
6.360405580150126255e-03
6.360559735326508889e-03
6.360701530854499103e-03
6.360831958355565863e-03
6.360951930021288385e-03
6.361062284910308680e-03
6.361163794475931631e-03
6.361257168058822437e-03
6.361343058158037619e-03
6.361422064926381369e-03
6.361494740297793209e-03
6.361561591894251445e-03
6.361623086615772991e-03
6.361679653902657140e-03
6.361731688736543301e-03
6.361779554413380354e-03
6.361823585091424919e-03
6.361864088129986876e-03
6.361901346239976461e-03
6.361935619463062429e-03
6.361967146991606877e-03
6.361996148841560575e-03
6.362022827391231213e-03
6.362047368796087433e-03
6.362069944289776291e-03
6.362090711383520600e-03
6.362109814962617696e-03
6.362127388300872766e-03
6.362143553992670106e-03
6.362158424808266391e-03
6.362172104481054156e-03
6.362184688432532230e-03
6.362196264438436076e-03
6.362206913241650295e-03
6.362216709115831557e-03
6.362225720383894896e-03
6.362234009894961184e-03
6.362241635463041813e-03
6.362248650270459910e-03
6.362255103239018716e-03
6.362261039371446339e-03
6.362269140675988477e-03
6.362276279476136720e-03
6.362282569978657508e-03
6.362288112894960539e-03
6.362292997138156193e-03
6.362297301082986065e-03
6.362301093699510718e-03
6.362304435701946793e-03
6.362309718086516484e-03
6.362312452776564681e-03
6.362314804143120138e-03
6.362316825845559277e-03
6.362318564024289566e-03
6.362320058444326937e-03
6.362321343333602643e-03
6.362322448086337248e-03
6.362323397941216027e-03
6.362324214602180575e-03
6.362324916749267575e-03
6.362325520448922946e-03
6.362326039506603463e-03
6.362326485786185329e-03
6.362326869489502712e-03
6.362327199391745389e-03
6.362327483038400164e-03
6.362327726915367396e-03
6.362327936598010172e-03
6.362328116880242024e-03
6.362328271884642832e-03
6.362328405155991649e-03
6.362328519741361488e-03
6.362328618260641895e-03
6.362328702966367835e-03
6.362328775795492511e-03
6.362328838413255049e-03
6.362328892251366969e-03
6.362328938540846163e-03
6.362328978340097731e-03
6.362329012559056994e-03
6.362329041980223018e-03
6.362329067276295547e-03
6.362329089025573273e-03
6.362329107725417029e-03
6.362329123803410133e-03
6.362329137627036404e-03
6.362329149512486494e-03
6.362329159731529120e-03
6.362329168517765615e-03
6.362329176072050937e-03
6.362329182567196505e-03
6.362329188151680769e-03
6.362329192953168969e-03
6.362329197081400579e-03
6.362329200630831294e-03
6.362329203682622752e-03
6.362329206306522114e-03
6.362329208562515249e-03
6.362329210502227529e-03
6.362329212169935168e-03
6.362329213603849787e-03
6.362329214836722098e-03
6.362329215896697122e-03
6.362329216808092214e-03
6.362329217591724921e-03
6.362329218265442947e-03
6.362329218844688800e-03
6.362329219578509790e-03
6.362329220160683856e-03
6.362329220622534899e-03
6.362329220988993499e-03
6.362329221279845910e-03
6.362329221510619644e-03
6.362329221693663328e-03
6.362329221838906521e-03
6.362329221954180630e-03
6.362329222045605762e-03
6.362329222118216082e-03
6.362329222201538320e-03
6.362329222259881407e-03
6.362329222300767105e-03
6.362329222329470707e-03
6.362329222349629061e-03
6.362329222363787874e-03
6.362329222377624896e-03
6.362329222385490132e-03
6.362329222390090619e-03
6.362329222392873983e-03
6.362329222394554930e-03
6.362329222395599233e-03
6.362329222396132661e-03
6.362329222396388533e-03
6.362329222396588893e-03
6.362329222396869051e-03
6.362329222396978338e-03
6.362329222396937572e-03
6.362329222396951450e-03
6.362329222396919358e-03
6.362329222396912419e-03
6.362329222396902011e-03
6.362329222396969665e-03
6.362329222396943644e-03
6.362329222396925429e-03
6.362329222396906347e-03
6.362329222396883796e-03
6.362329222396887266e-03
6.362329222396895939e-03
6.362329222396902878e-03
6.362329222396876857e-03
6.362329222396908950e-03
6.362329222396931501e-03
6.362329222396928899e-03
6.362329222396930634e-03
