5.942370097723756832e-28
1.795145427655871677e-22
3.613190721196719342e-21
1.553107470439197073e-20
4.455929833231022452e-20
2.343123944696032936e-19
1.287323988893505126e-18
3.843388205375140706e-18
8.721435117818901783e-18
2.631552680154317656e-17
5.896996701398287586e-17
1.109907275173231485e-16
2.066638930668852124e-16
3.407917110012813265e-16
5.147951171313420224e-16
7.279714713921456407e-16
9.781478057083378588e-16
1.262271738832355285e-15
1.576865176260383582e-15
1.918339699074702034e-15
2.283201461316900964e-15
2.904963894410899051e-15
3.566230167526541953e-15
4.257272448253817935e-15
5.426636495275370832e-15
6.632104398757924922e-15
7.859735757054596284e-15
9.101489234400077245e-15
1.035252465701139059e-14
1.245061339370443714e-14
1.564809175845090547e-14
1.886563860866001609e-14
2.210742061215257629e-14
2.536960475898891563e-14
2.864766437122751072e-14
3.194181320581712586e-14
3.704551209026132986e-14
4.219570130479164239e-14
4.739213431349382988e-14
5.263333939150580803e-14
6.561656585157875084e-14
7.887186232259402872e-14
9.240119358256615103e-14
1.062045143791136763e-13
1.303019667270261728e-13
1.551730742718498726e-13
1.939574314232234746e-13
2.343773202160246842e-13
2.763497966707860126e-13
3.197853041888318243e-13
3.645940372062774972e-13
4.106895926837120955e-13
4.579901610289446474e-13
5.317210452871353101e-13
6.077970582218996379e-13
6.860073671027456597e-13
7.661728166290181006e-13
8.481435855453708089e-13
9.317956081754355577e-13
1.017027102777296571e-12
1.103755553766375058e-12
1.255163610896215478e-12
1.410510803505820922e-12
1.569648862604724005e-12
1.732491348490852587e-12
1.898992749560198147e-12
2.069138740619724488e-12
2.242940055336667361e-12
2.420425191569716967e-12
2.710464127010002544e-12
3.010121758565589238e-12
3.319618586320908096e-12
3.639196318014251702e-12
3.969114396721673563e-12
4.493957548554817492e-12
5.044585382591618266e-12
5.940911706585984318e-12
6.904175924012486341e-12
7.938553824928222818e-12
9.048509929037911786e-12
1.023881365860531032e-11
1.151454710994712029e-11
1.288113064129358320e-11
1.434435942160995147e-11
1.591043198945848180e-11
1.758597153527768772e-11
1.937805236800319542e-11
2.264570485917892064e-11
2.629683723494888379e-11
3.037422915018686631e-11
3.492563673761868218e-11
4.000436435282885256e-11
4.566989454073831838e-11
5.198859002390412375e-11
5.903447878636385249e-11
6.689012894596326778e-11
7.564762306246262751e-11
8.540964454658663493e-11
9.629068870940115120e-11
1.084184118687227272e-10
1.219351348218097966e-10
1.369995190636778682e-10
1.537884350932008704e-10
1.724990441323612955e-10
1.933511178255555145e-10
2.165896235237310276e-10
2.424876053768853958e-10
2.713493948164473733e-10
3.035141870698121186e-10
3.393600279283392190e-10
3.793082541956907641e-10
4.238284418744654068e-10
4.734439188110302944e-10
5.287379059684007644e-10
5.903603587643722496e-10
6.590355877882618665e-10
7.355707477335030003e-10
8.208652879134778373e-10
9.159214880628477434e-10
1.021856175058703815e-09
1.139913781576360297e-09
1.271480879892695266e-09
1.418102361317082116e-09
1.581499445431947592e-09
1.763589722767980526e-09
1.966509462767859797e-09
2.192638393874626540e-09
2.444627378784700430e-09
2.725428998565142171e-09
3.038331758380721753e-09
3.386998035832696690e-09
3.775506153090904223e-09
4.208397276441162065e-09
4.690727418674147018e-09
5.228125189941099049e-09
5.826855901251129923e-09
6.493892692706583756e-09
7.236995418624873027e-09
8.064798107054134969e-09
8.986905889473080606e-09
1.001400238205331934e-08
1.115796859620354503e-08
1.243201456512150904e-08
1.385082499110672635e-08
1.543072034669747515e-08
1.718983500512686949e-08
1.914831413273344565e-08
2.132853174470949581e-08
2.375532905799661286e-08
2.645628204634259135e-08
2.946199497622977837e-08
3.280641995336826633e-08
3.652721533202699494e-08
4.066613647299739745e-08
4.402082735518620205e-08
4.764951090290569800e-08
5.157420683210085682e-08
5.581865402165527804e-08
6.040844102904458007e-08
6.537113182584040353e-08
7.073640942169338767e-08
7.653621181296487415e-08
8.280488482563400524e-08
8.957931574370898525e-08
9.689908476182880457e-08
1.048065760643053820e-07
1.133471108545142113e-07
1.225689913458820504e-07
1.325235871829082285e-07
1.403314656792020579e-07
1.485862268642761595e-07
1.573111628533045945e-07
1.665303007134333515e-07
1.762682769044245869e-07
1.865502048953243454e-07
1.974014611185686645e-07
2.088474551226469827e-07
2.209132930173895517e-07
2.336233771721708464e-07
2.470008813619775128e-07
2.610670965505072482e-07
2.758406602223399802e-07
2.913364720125473378e-07
3.075647036134948426e-07
3.190118234164319873e-07
3.267699629803204917e-07
3.321401017950107287e-07
3.360314184459921561e-07
3.399576441815556474e-07
3.439185729795923660e-07
3.479139437469548989e-07
3.519435826936821160e-07
3.549476917670538999e-07
3.571337931482052659e-07
3.593295397821438153e-07
3.615348638804861367e-07
3.637497029024436083e-07
3.659739870840770176e-07
3.674815044262403285e-07
3.684832618530258099e-07
3.691760880467720193e-07
3.696879312536118644e-07
3.702002515810185214e-07
3.707130579418075040e-07
3.712263360218517225e-07
3.716070712653152232e-07
3.718770562267183540e-07
3.720724374024389274e-07
3.722678887195468648e-07
3.724634119379673076e-07
3.726590060887331571e-07
3.728546644451419507e-07
3.729968725423799722e-07
3.730928447999092298e-07
3.731580732101224429e-07
3.732038994829619230e-07
3.732372843206714472e-07
3.732706711904101532e-07
3.733040600439091802e-07
3.733374508789630662e-07
3.733708437113509762e-07
3.734042385525597886e-07
3.734376354006734092e-07
3.735399032258556317e-07
3.736082332990807866e-07
3.736765716005327513e-07
3.737824596506749628e-07
3.738883679274497528e-07
3.739942965294370921e-07
3.741002452386158882e-07
3.742062138764049141e-07
3.745675146331534554e-07
3.752469488406134649e-07
3.759272089916251129e-07
3.766082998756427084e-07
3.772902007862268837e-07
3.786811171652063934e-07
3.800753779875469895e-07
3.814729702294004651e-07
3.839993632714666641e-07
3.896926053421155658e-07
3.954376173416291241e-07
4.012328056472677020e-07
4.070764119479497434e-07
4.171238301506173230e-07
4.272950480982206744e-07
4.375777656153759713e-07
4.479579284467045270e-07
4.584195207628410526e-07
4.689444516793179505e-07
4.795123820377374837e-07
4.901005694591578472e-07
5.006837186937928763e-07
5.112337438736993224e-07
5.217197485598721302e-07
5.321075788253883111e-07
5.423602648728765036e-07
5.524367520746838603e-07
5.622941450339891448e-07
5.718835933836101775e-07
5.811556931699150648e-07
5.900543007125055868e-07
5.985229283517395591e-07
6.065014121640209138e-07
6.139262482800699492e-07
6.207301190222821895e-07
6.268460446302590324e-07
6.322047875916427302e-07
6.367375743290830040e-07
6.403746092116870327e-07
6.430498275893713865e-07
6.446972643079098938e-07
6.452597847011873266e-07
6.446785403590226679e-07
6.436377392147300144e-07
6.426281691113326406e-07
6.413681323016269819e-07
6.398559861123020744e-07
6.380901799246724429e-07
6.360676096498653422e-07
6.337886751624763485e-07
6.312496478153243561e-07
6.284549024295080540e-07
6.254026392121199390e-07
6.220938293622611687e-07
6.185303048474548869e-07
6.147148593692679578e-07
6.106508811912664435e-07
6.063426044471280313e-07
6.017929690976304081e-07
5.970081310163874605e-07
5.919929217466983515e-07
5.867547363978718736e-07
5.812994177451763354e-07
5.756361178967323750e-07
5.697716971074281970e-07
5.637147997790332492e-07
5.574746689115087452e-07
5.510619303529630485e-07
5.444852484640611825e-07
5.377564373807071224e-07
5.308855513544152801e-07
5.238842565289162079e-07
5.167629228524370586e-07
5.095346809500917306e-07
5.022104486463692860e-07
4.948027939776252881e-07
4.873216149449996435e-07
4.797812629877298288e-07
4.721925526141626669e-07
4.645671486756178452e-07
4.569167683414418596e-07
4.492528181075720008e-07
4.415864009939341256e-07
4.339283118290702201e-07
4.262890744135408245e-07
4.186787996283802050e-07
4.111072454376236405e-07
4.035836802349471136e-07
3.961169898155129049e-07
3.887155034345208562e-07
3.813871657048183277e-07
3.741392836278375827e-07
3.669788299635131149e-07
3.599120172449102155e-07
3.529448763497462452e-07
3.460824346784411780e-07
3.393298320154138634e-07
3.326911355051736636e-07
3.261702092953206631e-07
3.197702008564484546e-07
3.134943227122955136e-07
3.073443831716252488e-07
3.013232551356066955e-07
2.974309579908244277e-07
2.948785658392831119e-07
2.923512538200762161e-07
2.898490070258074685e-07
2.873717206131158561e-07
2.849197115224996289e-07
2.824927689419859421e-07
2.800911805092103281e-07
2.784473156193061373e-07
2.768154377231631976e-07
2.751955846044954367e-07
2.735877443551793631e-07
2.719919211566777183e-07
2.704080378853022899e-07
2.688361979045640463e-07
2.672761798316523159e-07
2.657282334738515459e-07
2.641921782376448852e-07
2.626680236304272309e-07
2.611556192465341608e-07
2.596551553426508051e-07
2.586185909613536386e-07
2.575876988983691060e-07
2.565625167005330772e-07
2.555429932050730046e-07
2.545291926248082128e-07
2.529873583049999305e-07
2.514587659915370557e-07
2.499433450949879532e-07
2.484410452411481084e-07
2.454458143629300862e-07
2.393762658544691759e-07
2.335315976602078368e-07
2.279068056745631273e-07
2.224964901138212831e-07
2.172948708696902509e-07
2.122959011752858142e-07
2.074933234481374691e-07
2.003732683783793945e-07
1.936913839845832596e-07
1.874226255756422275e-07
1.815423701658204810e-07
1.760260887686921329e-07
1.708502201259232285e-07
1.659918760197619886e-07
1.614293412944161872e-07
1.571416923968187227e-07
1.543183297769867585e-07
1.516115174192699959e-07
1.490153618977309402e-07
1.465240930138962262e-07
1.441323105474820444e-07
1.418347859526066972e-07
1.396265776601987982e-07
1.375030332680981281e-07
1.354595972343037564e-07
1.334922396566628832e-07
1.315966130150519172e-07
1.297693936036038823e-07
1.280066760831359979e-07
1.263051652663449390e-07
1.246614837212220439e-07
1.230731279343356443e-07
1.220483388025752226e-07
1.213676967788443475e-07
1.206970042771208577e-07
1.200359768809692653e-07
1.193842844040788708e-07
1.187419371444778161e-07
1.181084326744320178e-07
1.174840614000828750e-07
1.168679506797367291e-07
1.162603402489645289e-07
1.156609563643622652e-07
1.150697476649769724e-07
1.144862559588681057e-07
1.139104256551625266e-07
1.133420737569668853e-07
1.127812261512359544e-07
1.122273722892809445e-07
1.116805690439297533e-07
1.111406247085913032e-07
1.106075021164060309e-07
1.100807818571866401e-07
1.095606131226294165e-07
1.090466775811964510e-07
1.085388965611156623e-07
1.080371262080525309e-07
1.075412559938063880e-07
1.067150954841511818e-07
1.059048895998827643e-07
1.051100807552438433e-07
1.038131846209332618e-07
1.025556194716340360e-07
1.013352130420750040e-07
9.928777117055058541e-08
9.733799411021777922e-08
9.547738175016851688e-08
9.369859048829123291e-08
9.199513169979284902e-08
9.036132795401461731e-08
8.879208182907389790e-08
8.728288555157396642e-08
8.582972024036280251e-08
8.442902725237989864e-08
8.307759304505847728e-08
8.218005538155734631e-08
8.130337502083525748e-08
8.044679622035313982e-08
7.960956419706467966e-08
7.879103613150602625e-08
7.799052470586443167e-08
7.720747338347764277e-08
7.644130013932943456e-08
7.569148660557896816e-08
7.495752956710377898e-08
7.423894684079408298e-08
7.353532783614767197e-08
7.284621660009824475e-08
7.217123212514416748e-08
7.150998957448794311e-08
7.086213148274520110e-08
7.022732219905789183e-08
6.960521797792097806e-08
6.899552352407733160e-08
6.839793140915005627e-08
6.781215994549394275e-08
6.723793252547049541e-08
6.667499030106087737e-08
6.612307691086672689e-08
6.558195536653073740e-08
6.505138408139153614e-08
6.453114539461673567e-08
6.402101994883720599e-08
6.352079296529423485e-08
6.303027925889457034e-08
6.254926598257090601e-08
6.207756523037254556e-08
6.161500147001566065e-08
6.116139644666079663e-08
6.071656945869551076e-08
6.028036015771229714e-08
5.985261220197456496e-08
5.956059445810878573e-08
5.927253590524354429e-08
5.898836641982690009e-08
5.870804148390920991e-08
5.843151409348197792e-08
5.799995832939808648e-08
5.707351774817270148e-08
5.619095878161515994e-08
5.535042403175595885e-08
5.455017814668011903e-08
5.378857650407731727e-08
5.306407090780684029e-08
5.237519082990564840e-08
5.172054187679355538e-08
5.109879883265377712e-08
5.050870170387925047e-08
4.994905085942238123e-08
4.941870408765702331e-08
4.891657151913827396e-08
4.844161456836144420e-08
4.799283991077216659e-08
4.756930099887236157e-08
4.717008964692973501e-08
4.679434228386759272e-08
4.644122513217672632e-08
4.623000663321730676e-08
4.602725911113644577e-08
4.583280618243412350e-08
4.564646152880157903e-08
4.535313618110353166e-08
4.508110360916029579e-08
4.482960342646696823e-08
4.459792078797480026e-08
4.438534556001913935e-08
4.419121962991993568e-08
4.401491971047149438e-08
4.385581148115932396e-08
4.371333803075015236e-08
4.358692337699667349e-08
4.347604415003295985e-08
4.338017994023854313e-08
4.329883804478141178e-08
4.323157012259709521e-08
4.317788910464695572e-08
4.313740365537451491e-08
4.310968028130661406e-08
4.309432037742463124e-08
4.309096121964589629e-08
4.309924330980461230e-08
4.311881815927547857e-08
4.314935793680126352e-08
4.319055072435044375e-08
4.324209885759511309e-08
4.330371887564426896e-08
4.337513825505950797e-08
4.345610182007706794e-08
4.354636752355604051e-08
4.364570198454208894e-08
4.375388838940653619e-08
4.387071808708029318e-08
4.399599814310753832e-08
4.412954284031991172e-08
4.427118076065282274e-08
4.442074962267905978e-08
4.457809825619401736e-08
4.474308559224196553e-08
4.491558073386703778e-08
4.509546253072446382e-08
4.528261949688688794e-08
4.547694950367234407e-08
4.580983152682515176e-08
4.616128234101767094e-08
4.653100855602864795e-08
4.691877615657009583e-08
4.732441748160906169e-08
4.774781418977220501e-08
4.818891072088413191e-08
4.864769771107599920e-08
4.912422459006462694e-08
4.961859053383060772e-08
5.013094958803265317e-08
5.066150617194661823e-08
5.121051550332473387e-08
5.177828528162123341e-08
5.236517374054098557e-08
5.297159099344072719e-08
5.359800083609682670e-08
5.424489195845568654e-08
5.491287580875236519e-08
5.560257845384726380e-08
5.631467767382964971e-08
5.704991222893779517e-08
5.780909215170910119e-08
5.859309192886895591e-08
5.940285122666268291e-08
6.023938270344333669e-08
6.110377362458050873e-08
6.199719361436037628e-08
6.292089561773091212e-08
6.356030421574066711e-08
6.400108697499163324e-08
6.444875903864975227e-08
6.490346550744372890e-08
6.536535495488806483e-08
6.583458137880883954e-08
6.676165755938586461e-08
6.771786123859165492e-08
6.870446434274250518e-08
6.972282034354228684e-08
7.077436899074935217e-08
7.186064496088215905e-08
7.298328476169152933e-08
7.495337335500843497e-08
7.703978089524860669e-08
7.925256446379862924e-08
8.160300043221148476e-08
8.410375113324772564e-08
8.676910594195823361e-08
8.961520859914457191e-08
9.266039533254563876e-08
9.485990877280162759e-08
9.638876171501736695e-08
9.796875242076742390e-08
9.960240803564100747e-08
1.012924220472043126e-07
1.030416716679195470e-07
1.048532303776866243e-07
1.067303898459293147e-07
1.080801909536177500e-07
1.094648700753436198e-07
1.108857572115235919e-07
1.123442507672629944e-07
1.138418201997700903e-07
1.153800125990563976e-07
1.169604557171106457e-07
1.185848659133660820e-07
1.197211048499055508e-07
1.205172470858117324e-07
1.213240385873068514e-07
1.221416893320148854e-07
1.229704135982294975e-07
1.238104322320782134e-07
1.246619706940705018e-07
1.255252621699378692e-07
1.264005435295770205e-07
1.272880610566243156e-07
1.281880650409063249e-07
1.291008147519243815e-07
1.300265740695171257e-07
1.309656169894723300e-07
1.319182228668420982e-07
1.328846803974564121e-07
1.343759906001823755e-07
1.359008449203924958e-07
1.374603578316971107e-07
1.390556931378712577e-07
1.406880585836959568e-07
1.423587334070353784e-07
1.440690368701483865e-07
1.458203576628685982e-07
1.486023132707957913e-07
1.514907353661933680e-07
1.544917374537520328e-07
1.576117805731843282e-07
1.608579160019611558e-07
1.642377311051112251e-07
1.677594205448320546e-07
1.714318593496952899e-07
1.752646599107108016e-07
1.792682519576581483e-07
1.834540015167844095e-07
1.878342648821249576e-07
1.924225338511576026e-07
1.972335560851874619e-07
2.022834862579240751e-07
2.075900545453352222e-07
2.110942484793637088e-07
2.147145736406343248e-07
2.184568048223936446e-07
2.223270454517365218e-07
2.263317864742384833e-07
2.304779572931466520e-07
2.347729690779428078e-07
2.392247500877980018e-07
2.438418275531013461e-07
2.486332522006508965e-07
2.536088339764888119e-07
2.587790891783496387e-07
2.641553352230037336e-07
2.697497634804904283e-07
2.755755489631180520e-07
2.816469168067192814e-07
2.879792679923867688e-07
2.945892964940821864e-07
3.014951277977401808e-07
3.087164729095654074e-07
3.162748045131678918e-07
3.241935550451063291e-07
3.293500473656355156e-07
3.346647216370322308e-07
3.401448382573984374e-07
3.457980374186338175e-07
3.516323983733336852e-07
3.576565038259220885e-07
3.638795107079994464e-07
3.703110781396003254e-07
3.769615794160353916e-07
3.838420471545025041e-07
3.909642524328003985e-07
3.983407709635713328e-07
4.059850502727201921e-07
4.139114872828650905e-07
4.221355106778266396e-07
4.306736672120265796e-07
4.395437528001599261e-07
4.487648914921224468e-07
4.583576834611901653e-07
4.683443432049299882e-07
4.787488594139105500e-07
4.895971732408327011e-07
5.009173784119491596e-07
5.127399469101886107e-07
5.250979820036724658e-07
5.325291433701313017e-07
5.401601029505115084e-07
5.479988851675499615e-07
5.560538514558656673e-07
5.643337785767280758e-07
5.728479372570253503e-07
5.816060356303076511e-07
5.906183596097769081e-07
5.998958765507087813e-07
6.094499848459779572e-07
6.192928632461946704e-07
6.294373741183667202e-07
6.398971373090502376e-07
6.506865890844414820e-07
6.618210444944024987e-07
6.733167566193703781e-07
6.851910116874328002e-07
6.974621819775989702e-07
7.101498276205584633e-07
7.232747895234681070e-07
7.368592947978566779e-07
7.509270719041656679e-07
7.655034781601333084e-07
7.806156395550757988e-07
7.962926060247902942e-07
8.125655217533196915e-07
8.294679151025442793e-07
8.470355299016809991e-07
8.653069615233361811e-07
8.843242596380131262e-07
9.041317455546492579e-07
9.247784466750639516e-07
9.463166252035901978e-07
9.688034960746230954e-07
9.922998176813220514e-07
1.016873940675298365e-06
1.042597290138006544e-06
1.069551217445473962e-06
1.097821178184643923e-06
1.127502555819087062e-06
1.158699792637000017e-06
1.191527313870010433e-06
1.226111138547360484e-06
1.262590305187380073e-06
1.301118539437519345e-06
1.341866232526613857e-06
1.368558140048291992e-06
1.396240907864753216e-06
1.424969955077973700e-06
1.454802488561019729e-06
1.485801249455544491e-06
1.518033141121544947e-06
1.551569532830314118e-06
1.586488051059422046e-06
1.622872234429591847e-06
1.660812251198223199e-06
1.700405554771642869e-06
1.741757843883632881e-06
1.784983626986630711e-06
1.830207303603940618e-06
1.877564206914206256e-06
1.927201799720616046e-06
1.979281032663429726e-06
2.033977883647705610e-06
2.068698522480621450e-06
2.104510264791489074e-06
2.141463347151871609e-06
2.179610903650108494e-06
2.219009047975614825e-06
2.259716711460710426e-06
2.301797762546350081e-06
2.345318567028833349e-06
2.390351492794358323e-06
2.436971963698427545e-06
2.485261228201187387e-06
2.535305932046652903e-06
2.587198475713702821e-06
2.641037638760715789e-06
2.696929114240687283e-06
2.754986097397345437e-06
2.815329942641152642e-06
2.878091204799457104e-06
2.943408894768152503e-06
3.011434370462781993e-06
3.082329476646801027e-06
3.156269538586086657e-06
3.233442014600150770e-06
3.314051134975415763e-06
3.398317526407887423e-06
3.486480120002367756e-06
3.578798170627975269e-06
3.675553356667459638e-06
3.777051737941361882e-06
3.883627818517291784e-06
3.995645814897250861e-06
4.113503931954069590e-06
4.191805507613386538e-06
4.272771773689359435e-06
4.356532666619869131e-06
4.443224893268454030e-06
4.532994025653991892e-06
4.625993284045959202e-06
4.722388502337064792e-06
4.822352827023172986e-06
4.926074625656634241e-06
5.033751148731489410e-06
5.145594557155045961e-06
5.261831709604279975e-06
5.382704538454347932e-06
5.508471828742939955e-06
5.639410603825878493e-06
5.775817578669930067e-06
5.918010793969017129e-06
6.003786450089957218e-06
6.091718814406859050e-06
6.181882746127113321e-06
6.274356597137235868e-06
6.369221562605453236e-06
6.466562506917472414e-06
6.566467548614566616e-06
6.669029060921608243e-06
6.774343444950782760e-06
6.882511264709939770e-06
6.993637644164468406e-06
7.107832335109814467e-06
7.225210005997960304e-06
7.345890491179918021e-06
7.469999036520955701e-06
7.597666560253243310e-06
7.729029931077986614e-06
7.864232251996224477e-06
7.949535953705645522e-06
8.036390758362178135e-06
8.124833985430735363e-06
8.214904132174206792e-06
8.306640654581275192e-06
8.452952591002474051e-06
8.603565324427865231e-06
8.758644477984071621e-06
8.918363152720504205e-06
9.082901919440164665e-06
9.252449202776576000e-06
9.427201602052178730e-06
9.607364175193666329e-06
9.793150730910084699e-06
9.984784118133382152e-06
1.018249692060518404e-05
1.038652974800284467e-05
1.059713502856130179e-05
1.081457430780555443e-05
1.103911988633861268e-05
1.127105262561664079e-05
1.151066497575539528e-05
1.175826006458177581e-05
1.201415070618112848e-05
1.227865966068210510e-05
1.255211935348957474e-05
1.272772151510139189e-05
1.290703770965153323e-05
1.309015420715751600e-05
1.327715865415948006e-05
1.346813937228100313e-05
1.366318546980599973e-05
1.386238694396194928e-05
1.406583390388820121e-05
1.427361705928340892e-05
1.448582719007601446e-05
1.470255491468359475e-05
1.492389037036078433e-05
1.514992292857135310e-05
1.538074084290501966e-05
1.561643085314275565e-05
1.585707786474593907e-05
1.610276392103531884e-05
1.635356863856210076e-05
1.660956786016454722e-05
1.687083341035278009e-05
1.713743173797739201e-05
1.740942374759875275e-05
1.768686483430996677e-05
1.796980173077514570e-05
1.825827332583638391e-05
1.855230930346472864e-05
1.885192867050450289e-05
1.915713869298324527e-05
1.946793390903948324e-05
1.978429360002751853e-05
2.010618241046262675e-05
2.043354718431930787e-05
2.076631641091554917e-05
2.110439679680907712e-05
2.144767308525393471e-05
2.179600899372512976e-05
2.214923777390086375e-05
2.250716963640989599e-05
2.286958414822685750e-05
2.323623166189751606e-05
2.360682640870847779e-05
2.398105208062358275e-05
2.435855679520012519e-05
2.473895386047241879e-05
2.512181919165195747e-05
2.550669175250740389e-05
2.589307380702483402e-05
2.628043133158489936e-05
2.666819791776285637e-05
2.705576655092052852e-05
2.744250030500044045e-05
2.782774888581359099e-05
2.821081949415488754e-05
2.859100824917355885e-05
2.896759846197662273e-05
2.933987060226499083e-05
2.970710497352709576e-05
3.006859281167364176e-05
3.042364714335434267e-05
3.077161314030076625e-05
3.097274851800493732e-05
3.117110205371955041e-05
3.136656490796837588e-05
3.155903785068636479e-05
3.174843094725134232e-05
3.193466387087611478e-05
3.211766707395971403e-05
3.229738362626036928e-05
3.247376921085833805e-05
3.264679317255255933e-05
3.281643936610692482e-05
3.298270686239263098e-05
3.314561062671902438e-05
3.330518164594840528e-05
3.346146985093305279e-05
3.361454063662706041e-05
3.376447794654611378e-05
3.391138332591257787e-05
3.405537958069934271e-05
3.419660816337032679e-05
3.433522291113697298e-05
3.447140555051978432e-05
3.460534760706663704e-05
3.473726532760154710e-05
3.486739192333863501e-05
3.499597556924965769e-05
3.512328212689635082e-05
3.524959433017254738e-05
3.537521043700613102e-05
3.550044340731639330e-05
3.562562017800458502e-05
3.575108078466152295e-05
3.587717497084299238e-05
3.600427209431472691e-05
3.613273942626878913e-05
3.626296265789517691e-05
3.639533649789901626e-05
3.653025372208286474e-05
3.666811737426520961e-05
3.680933524309426390e-05
3.695432661388469315e-05
3.710350907007907374e-05
3.725729992628374568e-05
3.741612006112739690e-05
3.758039241585215529e-05
3.775054032669438706e-05
3.792698697025556631e-05
3.811015509151170153e-05
3.830046664101250211e-05
3.842220174726064731e-05
3.854694377302441197e-05
3.867479273967045313e-05
3.880584754666858158e-05
3.894020723413654518e-05
3.907797095412219674e-05
3.921923788368980921e-05
3.936410661362502384e-05
3.951267577525734409e-05
3.966504383808741011e-05
3.991647820382580332e-05
4.017825031762424086e-05
4.045075938692000540e-05
4.073440496057959605e-05
4.102958736143758013e-05
4.150158912218936710e-05
4.200262887386859757e-05
4.253414155395828243e-05
4.309758482299975795e-05
4.369444128767312945e-05
4.432622336489135025e-05
4.499448471433404895e-05
4.570082898449767813e-05
4.644691230167625627e-05
4.723445250409025761e-05
4.806523905098149198e-05
4.894114001109967641e-05
4.986410878306555210e-05
5.083619381445513219e-05
5.185954675419684833e-05
5.257845228683364025e-05
5.306663639931376373e-05
5.356591659030913836e-05
5.407651091905087029e-05
5.442225664924134386e-05
5.477316643765715978e-05
5.512930828004733008e-05
5.549075120449576955e-05
5.585756536790868905e-05
5.611361023054262722e-05
5.637226537969640985e-05
5.663355473535199215e-05
5.689750247822287658e-05
5.716413305435701873e-05
5.743347117831348539e-05
5.770554183245389462e-05
5.798037027156811006e-05
5.825798202445188386e-05
5.853840289966310965e-05
5.882165898456170726e-05
5.910777665250612986e-05
5.939678255932640688e-05
5.968870365562276421e-05
5.989010595068370300e-05
6.003013572192222581e-05
6.017083064899804554e-05
6.031219367139210299e-05
6.045422774319592551e-05
6.059693583644943819e-05
6.074032093385921136e-05
6.088438603979743415e-05
6.098128638041392150e-05
6.104670421502837057e-05
6.111226172952521267e-05
6.117795920266430533e-05
6.134639110049109581e-05
6.151574249054624240e-05
6.168601808184325192e-05
6.185722261342828886e-05
6.202936085225153418e-05
6.220243759423851253e-05
6.237645766151442631e-05
6.255142590635256246e-05
6.272734720599298518e-05
6.290422647078981375e-05
6.308206863251773625e-05
6.319526910300396645e-05
6.330885952026592614e-05
6.342284115921789861e-05
6.353721529805783608e-05
6.365198322237716354e-05
6.376714621731168354e-05
6.388270557924326189e-05
6.399866260347683990e-05
6.411501859215780724e-05
6.436554497646172898e-05
6.461792050469673961e-05
6.487215730294635589e-05
6.512826827732735911e-05
6.538626668101926828e-05
6.598100931425843435e-05
6.658576632891891490e-05
6.720069980158218162e-05
6.782598221036837251e-05
6.846178544558984187e-05
6.946453429210971183e-05
7.049341420049188883e-05
7.154908365822776773e-05
7.263222356897564784e-05
7.374353452845558465e-05
7.488373677898326332e-05
7.605357175169946400e-05
7.725380345212422241e-05
7.848522129666732946e-05
7.974863382807453492e-05
8.104488136764543020e-05
8.237483405786450265e-05
8.373939176291729210e-05
8.513949068293376419e-05
8.657610029301754915e-05
8.805022949239511127e-05
8.956294072604458259e-05
9.054018108167920307e-05
9.153359675392767826e-05
9.254348854958485920e-05
9.357016800062115960e-05
9.461396097354174591e-05
9.567520548681271355e-05
9.675425474578723843e-05
9.785147467917637261e-05
9.896724648295763670e-05
1.001019683725638137e-04
1.012560571016428391e-04
1.024299493672337167e-04
1.036241031660665329e-04
1.048389993337278312e-04
1.060751432989433122e-04
1.073330669847381201e-04
1.086133308063632171e-04
1.099165257663850824e-04
1.112432756645800218e-04
1.125942394354691861e-04
1.139701136159289020e-04
1.153716349451873739e-04
1.167995830984977810e-04
1.182547835611362595e-04
1.197381106444663786e-04
1.212504906548877650e-04
1.221867595692129049e-04
1.231344126576839335e-04
1.240936913576449671e-04
1.250648455482606747e-04
1.260481341358409132e-04
1.270438253925453508e-04
1.280521975872021335e-04
1.290735386334816508e-04
1.301081465650454007e-04
1.311563307956650326e-04
1.322184120675276152e-04
1.332947225647026796e-04
1.343856068083435309e-04
1.354914211136345038e-04
1.366125347058102677e-04
1.377493303351373893e-04
1.389022041807485273e-04
1.400715680690760669e-04
1.412578477375518618e-04
1.424614840825284877e-04
1.436829340196331590e-04
1.449226710278847530e-04
1.461811857553241560e-04
1.474589865400952450e-04
1.487566000400930761e-04
1.500745719282239779e-04
1.514134676129448207e-04
1.527738729822407859e-04
1.541563951758904841e-04
1.555616633955588337e-04
1.569903297532159977e-04
1.584430701632723283e-04
1.599205852765845216e-04
1.614236014641469365e-04
1.629528718469059570e-04
1.645091773843093826e-04
1.660933280118352196e-04
1.677061638511813174e-04
1.693485569553127262e-04
1.710214113482647644e-04
1.727256647446973406e-04
1.744622917312247464e-04
1.762323041985858251e-04
1.780367526315035213e-04
1.798767280637213824e-04
1.817533640536394136e-04
1.836678387041447240e-04
1.856213777245899860e-04
1.876152529038808059e-04
1.896507901991859534e-04
1.917293676503542728e-04
1.938524180835727803e-04
1.960214373295175152e-04
1.982379793424924978e-04
2.005036653205040267e-04
2.028201854904935293e-04
2.042174204710746517e-04
2.056334962838002572e-04
2.070688020904584269e-04
2.085237365091283524e-04
2.099987084641192158e-04
2.114941371699628390e-04
2.130104527876968985e-04
2.145480968403670849e-04
2.161075225569422935e-04
2.176891952252701088e-04
2.192935925758634488e-04
2.209212051938450505e-04
2.225725369519487341e-04
2.255131449749613374e-04
2.285304536569266766e-04
2.316274517447027719e-04
2.348072855073926471e-04
2.380732629214340503e-04
2.414288573408276105e-04
2.448777176185577375e-04
2.484236817735714664e-04
2.520707901905553132e-04
2.558232992328928791e-04
2.584840475195173065e-04
2.611989643837286110e-04
2.639696636243288493e-04
2.667978203497198904e-04
2.696851741447744239e-04
2.717072221395835214e-04
2.737587594739220964e-04
2.758404108299798599e-04
2.779528177798192695e-04
2.800966394129427556e-04
2.822725529587584502e-04
2.844812544220941264e-04
2.867234592349386093e-04
2.882986645114537670e-04
2.898905911337016717e-04
2.914994952826746501e-04
2.931256381637081668e-04
2.947692861364757427e-04
2.964307108517582950e-04
2.981101893828112218e-04
2.998080043578796577e-04
3.015244440943118972e-04
3.032598027406968903e-04
3.050143804205408707e-04
3.067884833844735661e-04
3.085824241607019037e-04
3.103965217180743963e-04
3.122311016220368483e-04
3.140864962130590740e-04
3.153405213233431096e-04
3.161951795085234064e-04
3.170542662385072508e-04
3.179178143749907546e-04
3.187858570908043941e-04
3.196584278790031244e-04
3.205355605478698872e-04
3.214172892373211082e-04
3.223036484084044638e-04
3.231946728576551818e-04
3.240903977140060653e-04
3.249908584541590941e-04
3.256112346245291253e-04
3.262338672772669215e-04
3.268587681421997160e-04
3.274859490266044532e-04
3.281154218161300108e-04
3.291893458661778967e-04
3.302699690395549301e-04
3.322229573037850897e-04
3.341979906964355311e-04
3.373783330910531063e-04
3.406165559065522561e-04
3.439141678140878356e-04
3.472727309649432286e-04
3.524993031642375163e-04
3.578764341398627587e-04
3.634103517954789700e-04
3.691076352729577483e-04
3.749752262914943799e-04
3.810204423609770395e-04
3.872510025497005455e-04
3.936750595675303933e-04
4.003012317242281184e-04
4.071386338218523472e-04
4.141969111114937358e-04
4.192610264615229511e-04
4.228590074842715962e-04
4.265147441606386715e-04
4.302295528657726570e-04
4.340047881171004308e-04
4.378418441660777093e-04
4.417421564990192694e-04
4.457072032758321411e-04
4.497385068174513788e-04
4.538376351790344900e-04
4.580062038135943709e-04
4.622458772972153052e-04
4.665583711318451463e-04
4.709454536044372264e-04
4.740372794248739878e-04
4.771665899339754273e-04
4.803340255320367840e-04
4.835402404623802275e-04
4.867859032096456882e-04
4.890138903553544955e-04
4.912606196834972067e-04
4.935263126374572545e-04
4.958111939622774191e-04
4.981154917686904772e-04
5.018278299900891812e-04
5.055910087918895303e-04
5.094060064279822865e-04
5.132738250177146981e-04
5.171954912387060959e-04
5.211720570228867144e-04
5.252046002818274275e-04
5.292942256740174826e-04
5.334420653835393687e-04
5.376492799464274372e-04
5.419170590855123572e-04
5.462466225845514188e-04
5.506392211871154012e-04
5.550961375224936498e-04
5.596186870710199860e-04
5.642082191511589876e-04
5.688661179498200613e-04
5.735938035817009185e-04
5.783927331961315763e-04
5.832644021066099495e-04
5.882103449700281641e-04
5.932321369980432958e-04
5.983313952099927847e-04
6.035097797625903378e-04
6.071166514681395178e-04
6.107622927607472222e-04
6.144472805567802350e-04
6.181722024207248790e-04
6.219376568211888332e-04
6.257442533825277597e-04
6.295926131355880900e-04
6.334833687604245461e-04
6.374171648381259363e-04
6.413946581088913763e-04
6.454165177401017693e-04
6.494834255985923541e-04
6.535960765311234471e-04
6.577551786490753441e-04
6.619614536226052720e-04
6.662156369790274164e-04
6.705184784120874451e-04
6.748707420941207945e-04
6.792732070018200766e-04
6.837266672415550370e-04
6.882319323940180910e-04
6.927898278524286142e-04
6.974011951858982055e-04
7.020668924927967857e-04
7.067877947838811315e-04
7.115647943540288770e-04
7.163988011800768519e-04
7.212907433089605800e-04
7.245203642530374365e-04
7.266763620896825576e-04
7.288436251146086916e-04
7.310222332700229897e-04
7.345262128203003307e-04
7.380596826373583179e-04
7.416229794373764127e-04
7.452164447707002384e-04
7.488404250653519145e-04
7.524952716301404158e-04
7.561813406991927918e-04
7.598989934987218295e-04
7.636485963061319859e-04
7.674305205555502062e-04
7.712451429305171866e-04
7.750928454103319211e-04
7.789740153648137908e-04
7.828890456651133381e-04
7.892981018605072429e-04
7.957986203957705769e-04
8.023923595300559795e-04
8.090811199652629985e-04
8.158667451826316901e-04
8.227511214671346740e-04
8.297361794125003446e-04
8.368238950141413529e-04
8.440162904281286538e-04
8.513154352500956800e-04
8.666672822678895107e-04
8.824985727983558452e-04
8.988292779789482058e-04
9.156804072852616026e-04
9.330740395894974700e-04
9.510333628159552306e-04
9.695827268312906576e-04
9.887477046005910871e-04
1.008555157508224951e-03
1.029033303247501273e-03
1.050211786085700118e-03
1.072121749672125040e-03
1.094795912469636494e-03
1.118268645739134426e-03
1.142576053882458573e-03
1.167756056879094145e-03
1.193848483434919875e-03
1.220895131947860894e-03
1.248939864209894961e-03
1.278028721193151702e-03
1.308209994941850543e-03
1.339534281945183860e-03
1.372054586529516300e-03
1.405826400420894570e-03
1.440907770098651033e-03
1.477359356003588942e-03
1.515244482345508813e-03
1.554629173605595908e-03
1.595582177213945895e-03
1.638174961582319032e-03
1.682481690068085567e-03
1.728579158507259454e-03
1.776546731670932333e-03
1.826466184304914326e-03
1.878421526710941482e-03
1.932498775792357596e-03
1.988785655536009448e-03
2.047371226196921089e-03
2.108345430371334241e-03
2.171798448806509275e-03
2.237820295227073864e-03
2.306499916374554846e-03
2.377924284507644450e-03
2.452177398082231070e-03
2.529339146716338103e-03
2.609484024072767239e-03
2.661525729293452106e-03
2.714793524641109703e-03
2.769301001077707422e-03
2.825060125444678414e-03
2.882081133294976498e-03
2.940372226439570778e-03
2.999939347734098104e-03
3.060785966580652651e-03
3.122912880000845454e-03
3.186317992429621698e-03
3.250996147970638701e-03
3.316938857288644332e-03
3.384134109047871007e-03
3.452566169510106267e-03
3.522215384875159935e-03
3.593057994190678329e-03
3.665065956622888445e-03
3.738206796938627063e-03
3.812443471953353129e-03
3.887734261382427749e-03
3.936291806381437067e-03
3.985246478419104260e-03
4.034584296837597818e-03
4.084290548552495063e-03
4.134349751306496019e-03
4.184745636024209126e-03
4.235461146630569058e-03
4.286478457199540196e-03
4.337778982954085781e-03
4.389343393612398295e-03
4.441151640989081210e-03
4.493182979274379547e-03
4.545415993280870447e-03
4.597828627321350232e-03
4.650398218202048475e-03
4.703101531417186627e-03
4.755914800526755103e-03
4.808813769464436935e-03
4.861773737671278017e-03
4.914769607882886644e-03
4.967775936493290696e-03
5.020766986260103391e-03
5.073716781258574143e-03
5.126599162927033757e-03
5.179387850358491661e-03
5.232056499450674081e-03
5.284578763870194373e-03
5.336928357076484164e-03
5.389079114911076059e-03
5.441005058391676537e-03
5.492680456390165895e-03
5.544079887868269725e-03
5.576606272905236181e-03
5.609004585693156200e-03
5.641268558641450437e-03
5.673392003613514194e-03
5.705368819724854559e-03
5.737193000202288513e-03
5.768858638375604954e-03
5.800359933227207040e-03
5.831691194723316422e-03
5.862846848961863165e-03
5.893821443849426439e-03
5.924609651271064807e-03
5.955206274797624974e-03
5.985606252867503065e-03
6.015804662646240426e-03
6.045796724671371504e-03
6.075577804474807490e-03
6.105143416539142096e-03
6.134489229778032453e-03
6.163611068789178610e-03
6.192504917009953799e-03
6.221166916953166370e-03
6.249593373010696451e-03
6.277780755728260519e-03
6.305725701655396850e-03
6.333425014367169946e-03
6.360875665522792467e-03
6.388074795712062742e-03
6.415019714965775922e-03
6.441707903748564341e-03
6.468137010871087555e-03
6.494304854594583690e-03
6.520209421601762950e-03
6.545848868022202671e-03
6.560559353271672861e-03
6.575180248022293589e-03
6.589711274592142259e-03
6.604152171365525355e-03
6.618502694132478992e-03
6.632762616596805244e-03
6.646931730669406076e-03
6.661009846140607954e-03
6.674996790696857696e-03
6.688892409561797772e-03
6.702696565520862952e-03
6.716409138585748353e-03
6.730030026004657322e-03
6.743559141958936458e-03
6.756996417402398591e-03
6.770341799974897989e-03
6.783595253788798907e-03
6.796756759146442908e-03
6.809826312370590058e-03
6.822803925718887511e-03
6.835689627050517241e-03
6.848483459651740976e-03
6.861185482033830066e-03
6.873795767710971436e-03
6.886314404976104885e-03
6.898741496673137415e-03
6.911077159967044664e-03
6.932247747130288948e-03
6.953144698722141422e-03
6.973768909755912078e-03
6.994121401299584553e-03
7.014203312625353660e-03
7.034015891417110498e-03
7.053560488620450042e-03
7.072838555970914834e-03
7.091851643294049684e-03
7.131669137196703853e-03
7.159421126722157955e-03
7.186571565756194602e-03
7.213127808052213416e-03
7.239097585950128588e-03
7.264488984069604818e-03
7.289310407071090611e-03
7.313570545220219807e-03
7.337278342994591959e-03
7.360442970944135015e-03
7.383073798416335196e-03
7.405180365995012864e-03
7.426772358590918999e-03
7.447859580059772167e-03
7.468451929369613468e-03
7.482351603172758200e-03
7.491333176548081903e-03
7.497370169649933587e-03
7.501722491613263717e-03
7.506051741309774546e-03
7.510358028780047754e-03
7.514641464097001136e-03
7.518902157351689021e-03
7.523140218650165023e-03
7.526175891150743875e-03
7.528228691170659424e-03
7.529670189050602022e-03
7.531109048815885602e-03
7.532545274932471620e-03
7.533978871863490460e-03
7.535409844069866810e-03
7.536838196011509672e-03
7.538263932153588601e-03
7.539687056954210223e-03
7.541107574873124816e-03
7.542525490371364619e-03
7.543940807908844706e-03
7.545353531940936914e-03
7.546763666925304648e-03
7.548171217317423826e-03
7.549576187576614514e-03
7.550978582154285572e-03
7.552378405502233570e-03
7.553775662076299587e-03
7.555170356327987891e-03
7.556562492706618735e-03
7.557952075658530382e-03
7.559339109636161250e-03
7.560357426305653293e-03
7.561374368855718585e-03
7.562389939053748913e-03
7.563404138666697182e-03
7.564416969461037511e-03
7.566556692755204219e-03
7.568690305703043054e-03
7.570817825048176131e-03
7.572939267525164234e-03
7.576594090774165825e-03
7.582484232528215011e-03
7.591749788755683230e-03
7.600897818275190350e-03
7.609929792306963613e-03
7.618847176384836196e-03
7.627651429844415319e-03
7.636344005331689722e-03
7.644926348319460753e-03
7.658226543590330483e-03
7.671262311446568928e-03
7.684039181112310192e-03
7.696562621458829384e-03
7.708838038553830242e-03
7.720870774147281339e-03
7.732666103230593363e-03
7.744229231099946514e-03
7.755565290643385949e-03
7.776019305728762952e-03
7.790470764598185840e-03
7.804544357513867534e-03
7.818251761513739240e-03
7.831604376857351571e-03
7.844613324924745376e-03
7.857289445193857413e-03
7.869643292765848841e-03
7.881685137690448706e-03
7.893424965672489468e-03
7.904872479266782798e-03
7.916037099304149005e-03
7.926927966872596154e-03
7.937553946067606170e-03
7.947923627318342205e-03
7.958045331063834729e-03
7.967927111724780118e-03
7.977576762019577758e-03
7.987001817609548290e-03
7.996209562021353717e-03
8.005207031754712002e-03
8.014001021555524490e-03
8.022598089835266538e-03
8.031004564228425707e-03
8.039226547230061623e-03
8.047269921911997387e-03
8.052963382090334854e-03
8.056922397997660218e-03
8.059734830368679021e-03
8.061803093058195896e-03
8.063859495098539901e-03
8.065904137858553175e-03
8.067937121667350525e-03
8.069958545832586067e-03
8.071394434597785675e-03
8.072394904438808666e-03
8.073108412768514527e-03
8.073635967803855298e-03
8.074162734835715893e-03
8.074688715632343319e-03
8.075213911954403842e-03
8.075738325564595088e-03
8.076115071882569371e-03
8.076380123347610962e-03
8.076571002543813521e-03
8.076761778053751645e-03
8.076952449961857794e-03
8.077143018356181328e-03
8.077333483315305221e-03
8.077463508795443281e-03
8.077551082261111640e-03
8.077611818049956066e-03
8.077655738484229922e-03
8.077699653417674819e-03
8.077743562851456491e-03
8.077787466788948975e-03
8.077831365227394061e-03
8.077863398628596509e-03
8.077886832610573636e-03
8.077910265025379025e-03
8.077933695873586867e-03
8.077957125157386384e-03
8.077980552873715789e-03
8.078003979026365453e-03
8.078020639288615093e-03
8.078032389098139740e-03
8.078041026408400854e-03
8.078049663504950975e-03
8.078058300388832672e-03
8.078066937060110128e-03
8.078075573518368746e-03
8.078084209763783732e-03
8.078092845796462640e-03
8.078101481616308324e-03
8.078110117223334663e-03
8.078123369155544228e-03
8.078136620586665040e-03
8.078149871516705771e-03
8.078163121945690708e-03
8.078216045138758225e-03
8.078303148835477149e-03
8.078312665709446588e-03
8.078322182324397527e-03
8.078331698681344777e-03
8.078341214779479959e-03
8.078350730619143077e-03
8.078360246200485054e-03
8.078369761523304660e-03
8.078386395683125054e-03
8.078403029053106768e-03
8.078419661633310517e-03
8.078436293423814363e-03
8.078463369116647974e-03
8.078520606094780759e-03
8.078620416711304250e-03
8.078720198888320048e-03
8.078819952638037136e-03
8.079565243070104333e-03
8.080965344090055777e-03
8.082359853668653893e-03
8.083748803816018930e-03
8.085132227373913183e-03
8.086954241131524834e-03
8.088766707075352100e-03
8.090569703220595182e-03
8.092363306650409913e-03
8.095631320124993188e-03
8.098868390207502113e-03
8.103860859408560866e-03
8.108780640186108446e-03
8.113629330901296621e-03
8.118408479857210092e-03
8.123119589017844741e-03
8.127764117566736723e-03
8.132343483201713227e-03
8.136859062430843240e-03
8.141312191103526608e-03
8.149638606709322386e-03
8.157751062177231657e-03
8.165657685144463510e-03
8.173366142953325877e-03
8.180883669299693697e-03
8.188217085512004834e-03
8.195372819706191192e-03
8.202356927190955146e-03
8.209175111644108000e-03
8.221480507402772336e-03
8.228449268256419341e-03
8.235242470218047048e-03
8.241865648493879384e-03
8.248323982724582379e-03
8.254622320369973260e-03
8.260765197597831969e-03
8.266756859071328067e-03
8.272601277223529809e-03
8.278302170837640445e-03
8.283863022216125457e-03
8.289287093501317150e-03
8.294577441386683306e-03
8.299736932445520368e-03
8.304768254762373222e-03
8.309673934908865661e-03
8.314456343031116983e-03
8.319117709260880067e-03
8.323660136370878218e-03
8.328085603089197334e-03
8.331234413399458624e-03
8.334322931780784385e-03
8.337351815301305424e-03
8.339466615765745924e-03
8.340956191755261040e-03
8.342430838694136347e-03
8.343890633681806321e-03
8.344850161968236577e-03
8.345486140577954709e-03
8.346119250161394137e-03
8.346749496997825368e-03
8.347158660021402471e-03
8.347431446823427859e-03
8.347703693004738384e-03
8.347975399052399298e-03
8.348156304179281395e-03
8.348286745610127360e-03
8.348417062110969483e-03
8.348547253732407913e-03
8.348639042371548691e-03
8.348730768887547768e-03
8.348822433295008047e-03
8.348886529059422815e-03
8.348950594439075168e-03
8.349014629439755614e-03
8.349078634068111612e-03
8.349142608330769808e-03
8.349206552234349904e-03
8.349270465785475076e-03
8.349450083454621266e-03
8.349788347713200595e-03
8.350125758632470988e-03
8.350462317194395218e-03
8.350798024375048409e-03
8.351556386313623015e-03
8.352310383659857299e-03
8.353060027586872716e-03
8.354356041064686655e-03
8.357274741398544593e-03
8.360125252127641182e-03
8.362908229022830708e-03
8.365624304914432569e-03
8.368274092026284361e-03
8.370858184036111121e-03
8.373377157722801389e-03
8.375831574353523323e-03
8.379436808828539390e-03
8.382896267945957880e-03
8.386211753144068998e-03
8.389385008967771909e-03
8.392417733653505241e-03
8.395311588180040183e-03
8.398068202149923389e-03
8.400689178144481184e-03
8.404380701027962600e-03
8.407774028915982259e-03
8.410874401166033160e-03
8.415553975285079355e-03
8.419402060575986377e-03
8.422445331361803206e-03
8.424710659752551387e-03
8.426225230359079763e-03
8.427016538747901173e-03
8.427112343155502769e-03
8.426786097070544657e-03
8.426393503719369071e-03
8.426016905434135368e-03
8.425567437109498029e-03
8.425199846772807658e-03
8.424903909839734015e-03
8.424588028063839662e-03
8.424252377119701915e-03
8.423897120992599255e-03
8.423522431935823174e-03
8.423256781461383944e-03
8.423063474985314700e-03
8.422918008756195146e-03
8.422770150577506623e-03
8.422619907961805680e-03
8.422467288555243389e-03
8.422312300118176345e-03
8.422154950343069268e-03
8.421995246854349290e-03
8.421833197311611591e-03
8.421668809412486897e-03
8.421502090838377599e-03
8.421333049246401692e-03
8.421161692300834639e-03
8.420988027676998625e-03
8.420812063047095064e-03
8.420633806073905825e-03
8.420453264420993400e-03
8.420270445753491942e-03
8.420085357736245904e-03
8.419898008028824446e-03
8.419708404290706522e-03
8.419516554179131557e-03
8.419322465351175913e-03
8.419126145460415281e-03
8.418927602159115633e-03
8.418726843096534934e-03
8.418523875921641447e-03
8.418318708278969484e-03
8.418111347813003048e-03
8.417901802162706254e-03
8.417690078968658243e-03
8.417476185863598942e-03
8.417316904507353773e-03
8.417199439547119397e-03
8.417081344742158300e-03
8.416962621299246480e-03
8.416843270427316198e-03
8.416723293329991459e-03
8.416602691217158622e-03
8.416515723993161710e-03
8.416453503516550458e-03
8.416408175221067045e-03
8.416362760791124692e-03
8.416317260288448329e-03
8.416271673777153337e-03
8.416226001316348682e-03
8.416180242971471603e-03
8.416147255933916979e-03
8.416123690787232284e-03
8.416106569323820313e-03
8.416089435944592786e-03
8.416072290652840474e-03
8.416055133451746592e-03
8.416037964344518646e-03
8.416003302024636229e-03
8.415968591317745870e-03
8.415933832250315980e-03
8.415899024848827112e-03
8.415841918958680279e-03
8.415784683631549745e-03
8.415727318983282079e-03
8.415669825129755074e-03
8.415543092097025474e-03
8.415224262563209684e-03
8.414901584887762159e-03
8.414575078108617323e-03
8.414244761246823801e-03
8.413490536331684824e-03
8.412717473782894972e-03
8.411925787076590319e-03
8.410481426728136367e-03
8.406306649460909206e-03
8.401744465816554652e-03
8.396817486548715376e-03
8.391547979122032652e-03
8.381909452068425984e-03
8.371455379217839290e-03
8.360285266634249687e-03
8.348494074801400891e-03
8.336172024317729454e-03
8.323404447188128066e-03
8.310271735240572569e-03
8.296849097772318257e-03
8.283206601754682097e-03
8.269409219380985734e-03
8.255516900500192712e-03
8.241584605860387616e-03
8.227662500861340419e-03
8.213796147843285128e-03
8.200026682609386566e-03
8.186391004522605708e-03
8.172921999189352443e-03
8.159648759266332346e-03
8.146596810193791269e-03
8.133788333802332432e-03
8.121242395066086486e-03
8.108975159363859819e-03
8.101105174215953234e-03
8.095918009118832984e-03
8.090789007268412575e-03
8.085718934127060845e-03
8.080708474791219176e-03
8.075758237218679317e-03
8.070868756113524362e-03
8.066040496212250124e-03
8.056540702230951395e-03
8.047291198155585509e-03
8.038293534439459875e-03
8.029548351148396018e-03
8.016340104426989896e-03
8.003747957562683951e-03
7.991764207970252290e-03
7.980377861538658427e-03
7.969575319524951212e-03
7.959340899330537636e-03
7.949657266841778439e-03
7.940505817278814549e-03
7.931867009100996430e-03
7.923720644139028990e-03
7.916046148902967580e-03
7.908822779512962239e-03
7.902029751893937387e-03
7.895646495491280906e-03
7.889652716905873678e-03
7.884028522294835375e-03
7.878754510537802971e-03
7.873811844949235236e-03
7.869182304720348520e-03
7.864848325832524828e-03
7.860793028901755589e-03
7.857000238823699800e-03
7.853454493613869561e-03
7.850141047869192701e-03
7.847045867741436406e-03
7.844155623341404759e-03
7.841457673874395115e-03
7.838940053024828422e-03
7.836591469558224290e-03
7.834401173580031810e-03
7.832359156909999426e-03
7.830455926615782422e-03
7.828682557877905332e-03
7.827030650202767073e-03
7.825492328988213273e-03
7.824060195131384010e-03
7.822727322305942158e-03
7.821487222315251508e-03
7.820333761609421855e-03
7.819261286288509485e-03
7.818264478269146625e-03
7.817338318102299774e-03
7.816478139418490609e-03
7.815297645172835858e-03
7.814243447909775472e-03
7.813303296965464981e-03
7.812465855761566852e-03
7.811721088236701568e-03
7.811060169310478710e-03
7.810474946979397218e-03
7.809957940390506968e-03
7.809502737776783526e-03
7.809103363015048975e-03
7.808754393495512432e-03
7.808451037066020499e-03
7.808189069446413999e-03
7.807964462189362007e-03
7.807773786866176874e-03
7.807613807295660582e-03
7.807481611866744567e-03
7.807374635806064653e-03
7.807290611359951095e-03
7.807227347770134655e-03
7.807182996715908777e-03
7.807155768673531594e-03
7.807144106649170634e-03
7.807146610393930763e-03
7.807176282243546983e-03
7.807233519323390075e-03
7.807314448932498041e-03
7.807529826952330082e-03
7.807803947785861391e-03
7.808121335557171791e-03
7.808470734770435115e-03
7.808843652485789565e-03
7.809233462083254099e-03
7.809634894802948077e-03
7.810043791321755538e-03
7.810456920151876044e-03
7.811095928202192729e-03
7.811732363050038000e-03
7.812361696480321638e-03
7.812980826440097532e-03
7.813587526020593713e-03
7.814180267727632162e-03
7.814758111971058935e-03
7.815320559921125690e-03
7.815867392939655420e-03
7.816398569614031733e-03
7.816914177390166252e-03
7.817742848798610311e-03
7.818529778901748065e-03
7.819276573113978154e-03
7.819985032723200669e-03
7.820656991887229084e-03
7.821294164288231793e-03
7.821898247344900509e-03
7.822470929636549802e-03
7.823013848230270934e-03
7.823528543919358938e-03
7.824016472418288126e-03
7.824479019331876881e-03
7.824917506780569576e-03
7.825333189366503669e-03
7.825727255467790355e-03
7.826100830311103623e-03
7.826454981127625374e-03
7.826790719598280405e-03
7.827109005001241238e-03
7.827410746115169571e-03
7.827696804470160932e-03
7.827967996334018672e-03
7.828225095662232763e-03
7.828468835744331264e-03
7.828699911868155364e-03
7.828918982767310922e-03
7.829126673090193445e-03
7.829323574637503391e-03
7.829510248635119032e-03
7.829687226775190745e-03
7.829855013327878879e-03
7.830014086003356938e-03
7.830164897922133049e-03
7.830307878309617636e-03
7.830443434345775791e-03
7.830571951704817096e-03
7.830693796302166249e-03
7.830809314689294795e-03
7.830918835714448245e-03
7.831022670781622938e-03
7.831121115378023023e-03
7.831214449519743881e-03
7.831302938616628920e-03
7.831386834296403740e-03
7.831466375134144703e-03
7.831580187855310612e-03
7.831685085351565781e-03
7.831781765878391421e-03
7.831870873105746880e-03
7.831953000630881637e-03
7.832028695585685832e-03
7.832098462006390621e-03
7.832195496724628572e-03
7.832338539268183381e-03
7.832408288839560681e-03
7.832469665984937227e-03
7.832523675137295985e-03
7.832571200268896930e-03
7.832613019980824709e-03
7.832649819649411399e-03
7.832682202049511336e-03
7.832710697306139586e-03
7.832735771945015246e-03
7.832757836642471536e-03
7.832777252805369489e-03
7.832794338381162194e-03
7.832809373099209119e-03
7.832822603123843971e-03
7.832834245098584114e-03
7.832844489663886092e-03
7.832853504560357769e-03
7.832861437384311051e-03
7.832868418018595208e-03
7.832874560760856239e-03
7.832879966189001258e-03
7.832884722804600922e-03
7.832888908484578888e-03
7.832892591758722906e-03
7.832895832932040489e-03
7.832898685070806971e-03
7.832901194871009706e-03
7.832903403423335104e-03
7.832905346886383582e-03
7.832907057078879881e-03
7.832908562000249694e-03
7.832909886288982187e-03
7.832911051626116269e-03
7.832912077090465122e-03
7.832912979470777956e-03
7.832913773540645108e-03
7.832914472300346251e-03
7.832915087189746065e-03
7.832915628275689476e-03
7.832916104416628653e-03
7.832916523407812415e-03
7.832916892108710352e-03
7.832917216555528722e-03
7.832917502060027237e-03
7.832917753296347180e-03
7.832917974377625464e-03
7.832918168923222110e-03
7.832918340118118911e-03
7.832918490765082564e-03
7.832918623330418009e-03
7.832918739984436052e-03
7.832918842636940604e-03
7.832918932968316664e-03
7.832919012457636304e-03
7.832919082406124278e-03
7.832919143958906247e-03
7.832919198123742058e-03
7.832919245787434495e-03
7.832919287730218810e-03
7.832919324638729780e-03
7.832919357117253123e-03
7.832919385697550974e-03
7.832919410847448763e-03
7.832919432978684843e-03
7.832919452453642947e-03
7.832919469591049025e-03
7.832919484671563987e-03
7.832919497942002554e-03
7.832919509619638843e-03
7.832919519895686217e-03
7.832919528938308770e-03
7.832919536895601581e-03
7.832919543897785136e-03
7.832919550059547209e-03
7.832919555481746357e-03
7.832919560253131033e-03
7.832919564451786346e-03
7.832919568146566938e-03
7.832919571397877617e-03
7.832919574258905004e-03
7.832919576776542145e-03
7.832919578992011272e-03
7.832919581845327814e-03
7.832919584197288454e-03
7.832919586136039697e-03
7.832919587734318498e-03
7.832919589051865264e-03
7.832919590137954816e-03
7.832919591033283765e-03
7.832919591771311460e-03
7.832919592379675514e-03
7.832919592881260398e-03
7.832919593294650207e-03
7.832919593635485206e-03
7.832919593916423673e-03
7.832919594147976297e-03
7.832919594338905167e-03
7.832919594565583218e-03
7.832919594734769064e-03
7.832919594861199181e-03
7.832919594955743345e-03
7.832919595026287610e-03
7.832919595079070041e-03
7.832919595118432651e-03
7.832919595147869174e-03
7.832919595169806487e-03
7.832919595186236053e-03
7.832919595204310137e-03
7.832919595215542471e-03
7.832919595222531672e-03
7.832919595227029810e-03
7.832919595229951085e-03
7.832919595231727442e-03
7.832919595233401450e-03
7.832919595233906254e-03
7.832919595234360752e-03
7.832919595234676471e-03
7.832919595235111887e-03
7.832919595235273216e-03
7.832919595235098009e-03
7.832919595234875965e-03
7.832919595234808310e-03
7.832919595234874230e-03
7.832919595234811780e-03
7.832919595234858617e-03
7.832919595234794433e-03
7.832919595234848209e-03
7.832919595234882904e-03
7.832919595234792698e-03
7.832919595234830862e-03
7.832919595234844740e-03
7.832919595234827392e-03
7.832919595234839535e-03
7.832919595234813515e-03
